"Device=WindowsLog	AgentLogFile=Security	PluginVersion=7.2.9.105	Source=Microsoft-Windows-Security-Auditing	Computer=DESKTOP-64-EDR	OriginatingComputer=192.168.153.166	User=	Domain=	EventID=4624	EventIDCode=4624	EventType=8	EventCategory=12544	RecordNumber=8483160	TimeGenerated=1754615988	TimeWritten=1754615988	Level=0	Keywords=0	Task=0	Opcode=0	Message=An account was successfully logged on.  Subject:  Security ID:  NT AUTHORITY\SYSTEM  Account Name:  DESKTOP-64-EDR$  Account Domain:  BOCHK.COM  Logon ID:  0x3e7  Logon Information:  Logon Type:  2  Restricted Admin Mode: -  Virtual Account:  No   Elevated Token:  No   Impersonation Level:  Impersonation   New Logon:  Security ID:  DESKTOP-64-EDR\siesvc  Account Name:  siesvc  Account Domain:  DESKTOP-64-EDR  Logon ID:  0xe95efdd  Linked Logon ID:  0xe95ef9e  Network Account Name: -  Network Account Domain: -  Logon GUID:  {00000000-0000-0000-0000-000000000000}  Process Information:  Process ID:  0x1c6c  Process Name:  C:\Program Files\Picus Security\Picus Simulation Agent\Picus.Simulation.AgentService.exe  Network Information:  Workstation Name: DESKTOP-64-EDR  Source Network Address: -  Source Port:  -  Detailed Authentication Information:  Logon Process:  Advapi    Authentication Package: Negotiate  Transited Services: -  Package Name (NTLM only): -  Key Length:  0  This event is generated when a logon session is created. It is generated on the computer that was accessed.  The subject fields indicate the account on the local system which requested the logon. This is most commonly a service such as the Server service, or a local process such as Winlogon.exe or Services.exe.  The logon type field indicates the kind of logon that occurred. The most common types are 2 (interactive) and 3 (network).  The New Logon fields indicate the account for whom the new logon was created, i.e. the account that was logged on.  The network fields indicate where a remote logon request originated. Workstation name is not always available and may be left blank in some cases.  The impersonation level field indicates the extent to which a process in the logon session can impersonate.  The authentication information fields provide detailed information about this specific logon request.  - Logon GUID is a unique identifier that can be used to correlate this event with a KDC event.  - Transited services indicate which intermediate services have participated in this logon request.  - Package name indicates which sub-protocol was used among the NTLM protocols.  - Key length indicates the length of the generated session key. This will be 0 if no session key was requested."
"Device=WindowsLog	AgentLogFile=Security	PluginVersion=7.2.9.105	Source=Microsoft-Windows-Security-Auditing	Computer=DESKTOP-64-EDR	OriginatingComputer=192.168.153.166	User=	Domain=	EventID=4648	EventIDCode=4648	EventType=8	EventCategory=12544	RecordNumber=8483158	TimeGenerated=1754615988	TimeWritten=1754615988	Level=0	Keywords=0	Task=0	Opcode=0	Message=A logon was attempted using explicit credentials.  Subject:  Security ID:  NT AUTHORITY\SYSTEM  Account Name:  DESKTOP-64-EDR$  Account Domain:  BOCHK.COM  Logon ID:  0x3e7  Logon GUID:  {00000000-0000-0000-0000-000000000000}  Account Whose Credentials Were Used:  Account Name:  siesvc  Account Domain:  DESKTOP-64-EDR  Logon GUID:  {00000000-0000-0000-0000-000000000000}  Target Server:  Target Server Name: localhost  Additional Information: localhost  Process Information:  Process ID:  0x1c6c  Process Name:  C:\Program Files\Picus Security\Picus Simulation Agent\Picus.Simulation.AgentService.exe  Network Information:  Network Address: -  Port:   -  This event is generated when a process attempts to log on an account by explicitly specifying that account’s credentials.  This most commonly occurs in batch-type configurations such as scheduled tasks, or when using the RUNAS command."
"Device=WindowsLog	AgentLogFile=Microsoft-Windows-Sysmon/Operational	PluginVersion=7.2.9.105	Source=Microsoft-Windows-Sysmon	Computer=DESKTOP-64-EDR	OriginatingComputer=DESKTOP-64-EDR	User=SYSTEM	Domain=NT AUTHORITY	EventID=1	EventIDCode=1	EventType=4	EventCategory=1	RecordNumber=5967619	TimeGenerated=1754615986	TimeWritten=1754615986	Level=Informational	Keywords=0x8000000000000000	Task=SysmonTask-SYSMONEVENT_CREATE_PROCESS	Opcode=Info	Message=Process Create: RuleName: - UtcTime: 2025-08-08 01:19:46.876 ProcessGuid: {ca0127e9-50b2-6895-a452-000000008b00} ProcessId: 2076 Image: C:\Windows\System32\WindowsPowerShell1.0\powershell.exe FileVersion: 10.0.19041.2913 (WinBuild.160101.0800) Description: Windows PowerShell Product: Microsoft® Windows® Operating System Company: Microsoft Corporation OriginalFileName: PowerShell.EXE CommandLine: powershell.exe -c ""Get-WmiObject Win32_Shadowcopy | ForEach-Object {$_.Delete();}"""" CurrentDirectory: C:\ProgramData\Picus Security\Picus Simulation Agent\Simulations\Simulation_524692_49621_1fe5294a85fa\ User: DESKTOP-64-EDR\siesvc LogonGuid: {ca0127e9-50b2-6895-5ab9-950e00000000} LogonId: 0xE95B95A TerminalSessionId: 0 IntegrityLevel: High Hashes: MD5=BCF01E61144D6D6325650134823198B8"
Device=WindowsLog	AgentLogFile=Microsoft-Windows-Sysmon/Operational	PluginVersion=7.2.9.105	Source=Microsoft-Windows-Sysmon	Computer=DESKTOP-64-EDR	OriginatingComputer=DESKTOP-64-EDR	User=SYSTEM	Domain=NT AUTHORITY	EventID=18	EventIDCode=18	EventType=4	EventCategory=18	RecordNumber=5967618	TimeGenerated=1754615986	TimeWritten=1754615986	Level=Informational	Keywords=0x8000000000000000	Task=SysmonTask-SYSMONEVENT_CONNECT_NAMEDPIPE	Opcode=Info	Message=Pipe Connected: RuleName: - EventType: ConnectPipe UtcTime: 2025-08-08 01:19:46.420 ProcessGuid: {ca0127e9-5098-6895-9a52-000000008b00} ProcessId: 3844 PipeName: <Anonymous Pipe> Image: C:\Program Files\Picus Security\Picus Simulation Agent\Picus.Simulator.exe User: NT AUTHORITY\SYSTEM
Device=WindowsLog	AgentLogFile=Microsoft-Windows-Sysmon/Operational	PluginVersion=7.2.9.105	Source=Microsoft-Windows-Sysmon	Computer=DESKTOP-64-EDR	OriginatingComputer=DESKTOP-64-EDR	User=SYSTEM	Domain=NT AUTHORITY	EventID=17	EventIDCode=17	EventType=4	EventCategory=17	RecordNumber=5967617	TimeGenerated=1754615986	TimeWritten=1754615986	Level=Informational	Keywords=0x8000000000000000	Task=SysmonTask-SYSMONEVENT_CREATE_NAMEDPIPE	Opcode=Info	Message=Pipe Created: RuleName: - EventType: CreatePipe UtcTime: 2025-08-08 01:19:46.420 ProcessGuid: {ca0127e9-5098-6895-9a52-000000008b00} ProcessId: 3844 PipeName: <Anonymous Pipe> Image: C:\Program Files\Picus Security\Picus Simulation Agent\Picus.Simulator.exe User: NT AUTHORITY\SYSTEM
"Device=WindowsLog	AgentLogFile=Security	PluginVersion=7.2.9.105	Source=Microsoft-Windows-Security-Auditing	Computer=DESKTOP-64-EDR	OriginatingComputer=192.168.153.166	User=	Domain=	EventID=4624	EventIDCode=4624	EventType=8	EventCategory=12544	RecordNumber=8483141	TimeGenerated=1754615986	TimeWritten=1754615986	Level=0	Keywords=0	Task=0	Opcode=0	Message=An account was successfully logged on.  Subject:  Security ID:  NT AUTHORITY\SYSTEM  Account Name:  DESKTOP-64-EDR$  Account Domain:  BOCHK.COM  Logon ID:  0x3e7  Logon Information:  Logon Type:  2  Restricted Admin Mode: -  Virtual Account:  No   Elevated Token:  No   Impersonation Level:  Impersonation   New Logon:  Security ID:  DESKTOP-64-EDR\siesvc  Account Name:  siesvc  Account Domain:  DESKTOP-64-EDR  Logon ID:  0xe95b999  Linked Logon ID:  0xe95b95a  Network Account Name: -  Network Account Domain: -  Logon GUID:  {00000000-0000-0000-0000-000000000000}  Process Information:  Process ID:  0xf04  Process Name:  C:\Program Files\Picus Security\Picus Simulation Agent\Picus.Simulator.exe  Network Information:  Workstation Name: DESKTOP-64-EDR  Source Network Address: -  Source Port:  -  Detailed Authentication Information:  Logon Process:  Advapi    Authentication Package: Negotiate  Transited Services: -  Package Name (NTLM only): -  Key Length:  0  This event is generated when a logon session is created. It is generated on the computer that was accessed.  The subject fields indicate the account on the local system which requested the logon. This is most commonly a service such as the Server service, or a local process such as Winlogon.exe or Services.exe.  The logon type field indicates the kind of logon that occurred. The most common types are 2 (interactive) and 3 (network).  The New Logon fields indicate the account for whom the new logon was created, i.e. the account that was logged on.  The network fields indicate where a remote logon request originated. Workstation name is not always available and may be left blank in some cases.  The impersonation level field indicates the extent to which a process in the logon session can impersonate.  The authentication information fields provide detailed information about this specific logon request.  - Logon GUID is a unique identifier that can be used to correlate this event with a KDC event.  - Transited services indicate which intermediate services have participated in this logon request.  - Package name indicates which sub-protocol was used among the NTLM protocols.  - Key length indicates the length of the generated session key. This will be 0 if no session key was requested."
"Device=WindowsLog	AgentLogFile=Security	PluginVersion=7.2.9.105	Source=Microsoft-Windows-Security-Auditing	Computer=DESKTOP-64-EDR	OriginatingComputer=192.168.153.166	User=	Domain=	EventID=4624	EventIDCode=4624	EventType=8	EventCategory=12544	RecordNumber=8483140	TimeGenerated=1754615986	TimeWritten=1754615986	Level=0	Keywords=0	Task=0	Opcode=0	Message=An account was successfully logged on.  Subject:  Security ID:  NT AUTHORITY\SYSTEM  Account Name:  DESKTOP-64-EDR$  Account Domain:  BOCHK.COM  Logon ID:  0x3e7  Logon Information:  Logon Type:  2  Restricted Admin Mode: -  Virtual Account:  No   Elevated Token:  Yes   Impersonation Level:  Impersonation   New Logon:  Security ID:  DESKTOP-64-EDR\siesvc  Account Name:  siesvc  Account Domain:  DESKTOP-64-EDR  Logon ID:  0xe95b95a  Linked Logon ID:  0xe95b999  Network Account Name: -  Network Account Domain: -  Logon GUID:  {00000000-0000-0000-0000-000000000000}  Process Information:  Process ID:  0xf04  Process Name:  C:\Program Files\Picus Security\Picus Simulation Agent\Picus.Simulator.exe  Network Information:  Workstation Name: DESKTOP-64-EDR  Source Network Address: -  Source Port:  -  Detailed Authentication Information:  Logon Process:  Advapi    Authentication Package: Negotiate  Transited Services: -  Package Name (NTLM only): -  Key Length:  0  This event is generated when a logon session is created. It is generated on the computer that was accessed.  The subject fields indicate the account on the local system which requested the logon. This is most commonly a service such as the Server service, or a local process such as Winlogon.exe or Services.exe.  The logon type field indicates the kind of logon that occurred. The most common types are 2 (interactive) and 3 (network).  The New Logon fields indicate the account for whom the new logon was created, i.e. the account that was logged on.  The network fields indicate where a remote logon request originated. Workstation name is not always available and may be left blank in some cases.  The impersonation level field indicates the extent to which a process in the logon session can impersonate.  The authentication information fields provide detailed information about this specific logon request.  - Logon GUID is a unique identifier that can be used to correlate this event with a KDC event.  - Transited services indicate which intermediate services have participated in this logon request.  - Package name indicates which sub-protocol was used among the NTLM protocols.  - Key length indicates the length of the generated session key. This will be 0 if no session key was requested."
"Device=WindowsLog	AgentLogFile=Security	PluginVersion=7.2.9.105	Source=Microsoft-Windows-Security-Auditing	Computer=DESKTOP-64-EDR	OriginatingComputer=192.168.153.166	User=	Domain=	EventID=4648	EventIDCode=4648	EventType=8	EventCategory=12544	RecordNumber=8483139	TimeGenerated=1754615986	TimeWritten=1754615986	Level=0	Keywords=0	Task=0	Opcode=0	Message=A logon was attempted using explicit credentials.  Subject:  Security ID:  NT AUTHORITY\SYSTEM  Account Name:  DESKTOP-64-EDR$  Account Domain:  BOCHK.COM  Logon ID:  0x3e7  Logon GUID:  {00000000-0000-0000-0000-000000000000}  Account Whose Credentials Were Used:  Account Name:  siesvc  Account Domain:  DESKTOP-64-EDR  Logon GUID:  {00000000-0000-0000-0000-000000000000}  Target Server:  Target Server Name: localhost  Additional Information: localhost  Process Information:  Process ID:  0xf04  Process Name:  C:\Program Files\Picus Security\Picus Simulation Agent\Picus.Simulator.exe  Network Information:  Network Address: -  Port:   -  This event is generated when a process attempts to log on an account by explicitly specifying that account’s credentials.  This most commonly occurs in batch-type configurations such as scheduled tasks, or when using the RUNAS command."
"Device=WindowsLog	AgentLogFile=Security	PluginVersion=7.2.9.105	Source=Microsoft-Windows-Security-Auditing	Computer=DESKTOP-64-EDR	OriginatingComputer=192.168.153.166	User=	Domain=	EventID=4624	EventIDCode=4624	EventType=8	EventCategory=12544	RecordNumber=8483136	TimeGenerated=1754615986	TimeWritten=1754615986	Level=0	Keywords=0	Task=0	Opcode=0	Message=An account was successfully logged on.  Subject:  Security ID:  NT AUTHORITY\SYSTEM  Account Name:  DESKTOP-64-EDR$  Account Domain:  BOCHK.COM  Logon ID:  0x3e7  Logon Information:  Logon Type:  2  Restricted Admin Mode: -  Virtual Account:  No   Elevated Token:  No   Impersonation Level:  Impersonation   New Logon:  Security ID:  DESKTOP-64-EDR\siesvc  Account Name:  siesvc  Account Domain:  DESKTOP-64-EDR  Logon ID:  0xe95b84d  Linked Logon ID:  0xe95b80e  Network Account Name: -  Network Account Domain: -  Logon GUID:  {00000000-0000-0000-0000-000000000000}  Process Information:  Process ID:  0xf04  Process Name:  C:\Program Files\Picus Security\Picus Simulation Agent\Picus.Simulator.exe  Network Information:  Workstation Name: DESKTOP-64-EDR  Source Network Address: -  Source Port:  -  Detailed Authentication Information:  Logon Process:  Advapi    Authentication Package: Negotiate  Transited Services: -  Package Name (NTLM only): -  Key Length:  0  This event is generated when a logon session is created. It is generated on the computer that was accessed.  The subject fields indicate the account on the local system which requested the logon. This is most commonly a service such as the Server service, or a local process such as Winlogon.exe or Services.exe.  The logon type field indicates the kind of logon that occurred. The most common types are 2 (interactive) and 3 (network).  The New Logon fields indicate the account for whom the new logon was created, i.e. the account that was logged on.  The network fields indicate where a remote logon request originated. Workstation name is not always available and may be left blank in some cases.  The impersonation level field indicates the extent to which a process in the logon session can impersonate.  The authentication information fields provide detailed information about this specific logon request.  - Logon GUID is a unique identifier that can be used to correlate this event with a KDC event.  - Transited services indicate which intermediate services have participated in this logon request.  - Package name indicates which sub-protocol was used among the NTLM protocols.  - Key length indicates the length of the generated session key. This will be 0 if no session key was requested."
"Device=WindowsLog	AgentLogFile=Security	PluginVersion=7.2.9.105	Source=Microsoft-Windows-Security-Auditing	Computer=DESKTOP-64-EDR	OriginatingComputer=192.168.153.166	User=	Domain=	EventID=4624	EventIDCode=4624	EventType=8	EventCategory=12544	RecordNumber=8483135	TimeGenerated=1754615986	TimeWritten=1754615986	Level=0	Keywords=0	Task=0	Opcode=0	Message=An account was successfully logged on.  Subject:  Security ID:  NT AUTHORITY\SYSTEM  Account Name:  DESKTOP-64-EDR$  Account Domain:  BOCHK.COM  Logon ID:  0x3e7  Logon Information:  Logon Type:  2  Restricted Admin Mode: -  Virtual Account:  No   Elevated Token:  Yes   Impersonation Level:  Impersonation   New Logon:  Security ID:  DESKTOP-64-EDR\siesvc  Account Name:  siesvc  Account Domain:  DESKTOP-64-EDR  Logon ID:  0xe95b80e  Linked Logon ID:  0xe95b84d  Network Account Name: -  Network Account Domain: -  Logon GUID:  {00000000-0000-0000-0000-000000000000}  Process Information:  Process ID:  0xf04  Process Name:  C:\Program Files\Picus Security\Picus Simulation Agent\Picus.Simulator.exe  Network Information:  Workstation Name: DESKTOP-64-EDR  Source Network Address: -  Source Port:  -  Detailed Authentication Information:  Logon Process:  Advapi    Authentication Package: Negotiate  Transited Services: -  Package Name (NTLM only): -  Key Length:  0  This event is generated when a logon session is created. It is generated on the computer that was accessed.  The subject fields indicate the account on the local system which requested the logon. This is most commonly a service such as the Server service, or a local process such as Winlogon.exe or Services.exe.  The logon type field indicates the kind of logon that occurred. The most common types are 2 (interactive) and 3 (network).  The New Logon fields indicate the account for whom the new logon was created, i.e. the account that was logged on.  The network fields indicate where a remote logon request originated. Workstation name is not always available and may be left blank in some cases.  The impersonation level field indicates the extent to which a process in the logon session can impersonate.  The authentication information fields provide detailed information about this specific logon request.  - Logon GUID is a unique identifier that can be used to correlate this event with a KDC event.  - Transited services indicate which intermediate services have participated in this logon request.  - Package name indicates which sub-protocol was used among the NTLM protocols.  - Key length indicates the length of the generated session key. This will be 0 if no session key was requested."
"Device=WindowsLog	AgentLogFile=Security	PluginVersion=7.2.9.105	Source=Microsoft-Windows-Security-Auditing	Computer=DESKTOP-64-EDR	OriginatingComputer=192.168.153.166	User=	Domain=	EventID=4648	EventIDCode=4648	EventType=8	EventCategory=12544	RecordNumber=8483134	TimeGenerated=1754615986	TimeWritten=1754615986	Level=0	Keywords=0	Task=0	Opcode=0	Message=A logon was attempted using explicit credentials.  Subject:  Security ID:  NT AUTHORITY\SYSTEM  Account Name:  DESKTOP-64-EDR$  Account Domain:  BOCHK.COM  Logon ID:  0x3e7  Logon GUID:  {00000000-0000-0000-0000-000000000000}  Account Whose Credentials Were Used:  Account Name:  siesvc  Account Domain:  DESKTOP-64-EDR  Logon GUID:  {00000000-0000-0000-0000-000000000000}  Target Server:  Target Server Name: localhost  Additional Information: localhost  Process Information:  Process ID:  0xf04  Process Name:  C:\Program Files\Picus Security\Picus Simulation Agent\Picus.Simulator.exe  Network Information:  Network Address: -  Port:   -  This event is generated when a process attempts to log on an account by explicitly specifying that account’s credentials.  This most commonly occurs in batch-type configurations such as scheduled tasks, or when using the RUNAS command."
"Device=WindowsLog	AgentLogFile=Security	PluginVersion=7.2.9.105	Source=Microsoft-Windows-Security-Auditing	Computer=DESKTOP-64-EDR	OriginatingComputer=192.168.153.166	User=	Domain=	EventID=4624	EventIDCode=4624	EventType=8	EventCategory=12544	RecordNumber=8483131	TimeGenerated=1754615985	TimeWritten=1754615985	Level=0	Keywords=0	Task=0	Opcode=0	Message=An account was successfully logged on.  Subject:  Security ID:  NT AUTHORITY\SYSTEM  Account Name:  DESKTOP-64-EDR$  Account Domain:  BOCHK.COM  Logon ID:  0x3e7  Logon Information:  Logon Type:  2  Restricted Admin Mode: -  Virtual Account:  No   Elevated Token:  No   Impersonation Level:  Impersonation   New Logon:  Security ID:  DESKTOP-64-EDR\siesvc  Account Name:  siesvc  Account Domain:  DESKTOP-64-EDR  Logon ID:  0xe95b571  Linked Logon ID:  0xe95b532  Network Account Name: -  Network Account Domain: -  Logon GUID:  {00000000-0000-0000-0000-000000000000}  Process Information:  Process ID:  0x1c6c  Process Name:  C:\Program Files\Picus Security\Picus Simulation Agent\Picus.Simulation.AgentService.exe  Network Information:  Workstation Name: DESKTOP-64-EDR  Source Network Address: -  Source Port:  -  Detailed Authentication Information:  Logon Process:  Advapi    Authentication Package: Negotiate  Transited Services: -  Package Name (NTLM only): -  Key Length:  0  This event is generated when a logon session is created. It is generated on the computer that was accessed.  The subject fields indicate the account on the local system which requested the logon. This is most commonly a service such as the Server service, or a local process such as Winlogon.exe or Services.exe.  The logon type field indicates the kind of logon that occurred. The most common types are 2 (interactive) and 3 (network).  The New Logon fields indicate the account for whom the new logon was created, i.e. the account that was logged on.  The network fields indicate where a remote logon request originated. Workstation name is not always available and may be left blank in some cases.  The impersonation level field indicates the extent to which a process in the logon session can impersonate.  The authentication information fields provide detailed information about this specific logon request.  - Logon GUID is a unique identifier that can be used to correlate this event with a KDC event.  - Transited services indicate which intermediate services have participated in this logon request.  - Package name indicates which sub-protocol was used among the NTLM protocols.  - Key length indicates the length of the generated session key. This will be 0 if no session key was requested."
"Device=WindowsLog	AgentLogFile=Security	PluginVersion=7.2.9.105	Source=Microsoft-Windows-Security-Auditing	Computer=DESKTOP-64-EDR	OriginatingComputer=192.168.153.166	User=	Domain=	EventID=4624	EventIDCode=4624	EventType=8	EventCategory=12544	RecordNumber=8483130	TimeGenerated=1754615985	TimeWritten=1754615985	Level=0	Keywords=0	Task=0	Opcode=0	Message=An account was successfully logged on.  Subject:  Security ID:  NT AUTHORITY\SYSTEM  Account Name:  DESKTOP-64-EDR$  Account Domain:  BOCHK.COM  Logon ID:  0x3e7  Logon Information:  Logon Type:  2  Restricted Admin Mode: -  Virtual Account:  No   Elevated Token:  Yes   Impersonation Level:  Impersonation   New Logon:  Security ID:  DESKTOP-64-EDR\siesvc  Account Name:  siesvc  Account Domain:  DESKTOP-64-EDR  Logon ID:  0xe95b532  Linked Logon ID:  0xe95b571  Network Account Name: -  Network Account Domain: -  Logon GUID:  {00000000-0000-0000-0000-000000000000}  Process Information:  Process ID:  0x1c6c  Process Name:  C:\Program Files\Picus Security\Picus Simulation Agent\Picus.Simulation.AgentService.exe  Network Information:  Workstation Name: DESKTOP-64-EDR  Source Network Address: -  Source Port:  -  Detailed Authentication Information:  Logon Process:  Advapi    Authentication Package: Negotiate  Transited Services: -  Package Name (NTLM only): -  Key Length:  0  This event is generated when a logon session is created. It is generated on the computer that was accessed.  The subject fields indicate the account on the local system which requested the logon. This is most commonly a service such as the Server service, or a local process such as Winlogon.exe or Services.exe.  The logon type field indicates the kind of logon that occurred. The most common types are 2 (interactive) and 3 (network).  The New Logon fields indicate the account for whom the new logon was created, i.e. the account that was logged on.  The network fields indicate where a remote logon request originated. Workstation name is not always available and may be left blank in some cases.  The impersonation level field indicates the extent to which a process in the logon session can impersonate.  The authentication information fields provide detailed information about this specific logon request.  - Logon GUID is a unique identifier that can be used to correlate this event with a KDC event.  - Transited services indicate which intermediate services have participated in this logon request.  - Package name indicates which sub-protocol was used among the NTLM protocols.  - Key length indicates the length of the generated session key. This will be 0 if no session key was requested."
"Device=WindowsLog	AgentLogFile=Security	PluginVersion=7.2.9.105	Source=Microsoft-Windows-Security-Auditing	Computer=DESKTOP-64-EDR	OriginatingComputer=192.168.153.166	User=	Domain=	EventID=4648	EventIDCode=4648	EventType=8	EventCategory=12544	RecordNumber=8483129	TimeGenerated=1754615985	TimeWritten=1754615985	Level=0	Keywords=0	Task=0	Opcode=0	Message=A logon was attempted using explicit credentials.  Subject:  Security ID:  NT AUTHORITY\SYSTEM  Account Name:  DESKTOP-64-EDR$  Account Domain:  BOCHK.COM  Logon ID:  0x3e7  Logon GUID:  {00000000-0000-0000-0000-000000000000}  Account Whose Credentials Were Used:  Account Name:  siesvc  Account Domain:  DESKTOP-64-EDR  Logon GUID:  {00000000-0000-0000-0000-000000000000}  Target Server:  Target Server Name: localhost  Additional Information: localhost  Process Information:  Process ID:  0x1c6c  Process Name:  C:\Program Files\Picus Security\Picus Simulation Agent\Picus.Simulation.AgentService.exe  Network Information:  Network Address: -  Port:   -  This event is generated when a process attempts to log on an account by explicitly specifying that account’s credentials.  This most commonly occurs in batch-type configurations such as scheduled tasks, or when using the RUNAS command."
"Device=WindowsLog	AgentLogFile=Security	PluginVersion=7.2.9.105	Source=Microsoft-Windows-Security-Auditing	Computer=DESKTOP-64-EDR	OriginatingComputer=192.168.153.166	User=	Domain=	EventID=4648	EventIDCode=4648	EventType=8	EventCategory=12544	RecordNumber=8483124	TimeGenerated=1754615985	TimeWritten=1754615985	Level=0	Keywords=0	Task=0	Opcode=0	Message=A logon was attempted using explicit credentials.  Subject:  Security ID:  NT AUTHORITY\SYSTEM  Account Name:  DESKTOP-64-EDR$  Account Domain:  BOCHK.COM  Logon ID:  0x3e7  Logon GUID:  {00000000-0000-0000-0000-000000000000}  Account Whose Credentials Were Used:  Account Name:  siesvc  Account Domain:  DESKTOP-64-EDR  Logon GUID:  {00000000-0000-0000-0000-000000000000}  Target Server:  Target Server Name: localhost  Additional Information: localhost  Process Information:  Process ID:  0x1c6c  Process Name:  C:\Program Files\Picus Security\Picus Simulation Agent\Picus.Simulation.AgentService.exe  Network Information:  Network Address: -  Port:   -  This event is generated when a process attempts to log on an account by explicitly specifying that account’s credentials.  This most commonly occurs in batch-type configurations such as scheduled tasks, or when using the RUNAS command."
"Device=WindowsLog	AgentLogFile=Security	PluginVersion=7.2.9.105	Source=Microsoft-Windows-Security-Auditing	Computer=DESKTOP-64-EDR	OriginatingComputer=192.168.153.166	User=	Domain=	EventID=4624	EventIDCode=4624	EventType=8	EventCategory=12544	RecordNumber=8483126	TimeGenerated=1754615985	TimeWritten=1754615985	Level=0	Keywords=0	Task=0	Opcode=0	Message=An account was successfully logged on.  Subject:  Security ID:  NT AUTHORITY\SYSTEM  Account Name:  DESKTOP-64-EDR$  Account Domain:  BOCHK.COM  Logon ID:  0x3e7  Logon Information:  Logon Type:  2  Restricted Admin Mode: -  Virtual Account:  No   Elevated Token:  No   Impersonation Level:  Impersonation   New Logon:  Security ID:  DESKTOP-64-EDR\siesvc  Account Name:  siesvc  Account Domain:  DESKTOP-64-EDR  Logon ID:  0xe95b2b4  Linked Logon ID:  0xe95b275  Network Account Name: -  Network Account Domain: -  Logon GUID:  {00000000-0000-0000-0000-000000000000}  Process Information:  Process ID:  0x1c6c  Process Name:  C:\Program Files\Picus Security\Picus Simulation Agent\Picus.Simulation.AgentService.exe  Network Information:  Workstation Name: DESKTOP-64-EDR  Source Network Address: -  Source Port:  -  Detailed Authentication Information:  Logon Process:  Advapi    Authentication Package: Negotiate  Transited Services: -  Package Name (NTLM only): -  Key Length:  0  This event is generated when a logon session is created. It is generated on the computer that was accessed.  The subject fields indicate the account on the local system which requested the logon. This is most commonly a service such as the Server service, or a local process such as Winlogon.exe or Services.exe.  The logon type field indicates the kind of logon that occurred. The most common types are 2 (interactive) and 3 (network).  The New Logon fields indicate the account for whom the new logon was created, i.e. the account that was logged on.  The network fields indicate where a remote logon request originated. Workstation name is not always available and may be left blank in some cases.  The impersonation level field indicates the extent to which a process in the logon session can impersonate.  The authentication information fields provide detailed information about this specific logon request.  - Logon GUID is a unique identifier that can be used to correlate this event with a KDC event.  - Transited services indicate which intermediate services have participated in this logon request.  - Package name indicates which sub-protocol was used among the NTLM protocols.  - Key length indicates the length of the generated session key. This will be 0 if no session key was requested."
"Device=WindowsLog	AgentLogFile=Security	PluginVersion=7.2.9.105	Source=Microsoft-Windows-Security-Auditing	Computer=DESKTOP-64-EDR	OriginatingComputer=192.168.153.166	User=	Domain=	EventID=4624	EventIDCode=4624	EventType=8	EventCategory=12544	RecordNumber=8483125	TimeGenerated=1754615985	TimeWritten=1754615985	Level=0	Keywords=0	Task=0	Opcode=0	Message=An account was successfully logged on.  Subject:  Security ID:  NT AUTHORITY\SYSTEM  Account Name:  DESKTOP-64-EDR$  Account Domain:  BOCHK.COM  Logon ID:  0x3e7  Logon Information:  Logon Type:  2  Restricted Admin Mode: -  Virtual Account:  No   Elevated Token:  Yes   Impersonation Level:  Impersonation   New Logon:  Security ID:  DESKTOP-64-EDR\siesvc  Account Name:  siesvc  Account Domain:  DESKTOP-64-EDR  Logon ID:  0xe95b275  Linked Logon ID:  0xe95b2b4  Network Account Name: -  Network Account Domain: -  Logon GUID:  {00000000-0000-0000-0000-000000000000}  Process Information:  Process ID:  0x1c6c  Process Name:  C:\Program Files\Picus Security\Picus Simulation Agent\Picus.Simulation.AgentService.exe  Network Information:  Workstation Name: DESKTOP-64-EDR  Source Network Address: -  Source Port:  -  Detailed Authentication Information:  Logon Process:  Advapi    Authentication Package: Negotiate  Transited Services: -  Package Name (NTLM only): -  Key Length:  0  This event is generated when a logon session is created. It is generated on the computer that was accessed.  The subject fields indicate the account on the local system which requested the logon. This is most commonly a service such as the Server service, or a local process such as Winlogon.exe or Services.exe.  The logon type field indicates the kind of logon that occurred. The most common types are 2 (interactive) and 3 (network).  The New Logon fields indicate the account for whom the new logon was created, i.e. the account that was logged on.  The network fields indicate where a remote logon request originated. Workstation name is not always available and may be left blank in some cases.  The impersonation level field indicates the extent to which a process in the logon session can impersonate.  The authentication information fields provide detailed information about this specific logon request.  - Logon GUID is a unique identifier that can be used to correlate this event with a KDC event.  - Transited services indicate which intermediate services have participated in this logon request.  - Package name indicates which sub-protocol was used among the NTLM protocols.  - Key length indicates the length of the generated session key. This will be 0 if no session key was requested."
"Device=WindowsLog	AgentLogFile=Security	PluginVersion=7.2.9.105	Source=Microsoft-Windows-Security-Auditing	Computer=DESKTOP-64-EDR	OriginatingComputer=192.168.153.166	User=	Domain=	EventID=4624	EventIDCode=4624	EventType=8	EventCategory=12544	RecordNumber=8483121	TimeGenerated=1754615984	TimeWritten=1754615984	Level=0	Keywords=0	Task=0	Opcode=0	Message=An account was successfully logged on.  Subject:  Security ID:  NT AUTHORITY\SYSTEM  Account Name:  DESKTOP-64-EDR$  Account Domain:  BOCHK.COM  Logon ID:  0x3e7  Logon Information:  Logon Type:  2  Restricted Admin Mode: -  Virtual Account:  No   Elevated Token:  No   Impersonation Level:  Impersonation   New Logon:  Security ID:  DESKTOP-64-EDR\siesvc  Account Name:  siesvc  Account Domain:  DESKTOP-64-EDR  Logon ID:  0xe95afeb  Linked Logon ID:  0xe95afac  Network Account Name: -  Network Account Domain: -  Logon GUID:  {00000000-0000-0000-0000-000000000000}  Process Information:  Process ID:  0x1c6c  Process Name:  C:\Program Files\Picus Security\Picus Simulation Agent\Picus.Simulation.AgentService.exe  Network Information:  Workstation Name: DESKTOP-64-EDR  Source Network Address: -  Source Port:  -  Detailed Authentication Information:  Logon Process:  Advapi    Authentication Package: Negotiate  Transited Services: -  Package Name (NTLM only): -  Key Length:  0  This event is generated when a logon session is created. It is generated on the computer that was accessed.  The subject fields indicate the account on the local system which requested the logon. This is most commonly a service such as the Server service, or a local process such as Winlogon.exe or Services.exe.  The logon type field indicates the kind of logon that occurred. The most common types are 2 (interactive) and 3 (network).  The New Logon fields indicate the account for whom the new logon was created, i.e. the account that was logged on.  The network fields indicate where a remote logon request originated. Workstation name is not always available and may be left blank in some cases.  The impersonation level field indicates the extent to which a process in the logon session can impersonate.  The authentication information fields provide detailed information about this specific logon request.  - Logon GUID is a unique identifier that can be used to correlate this event with a KDC event.  - Transited services indicate which intermediate services have participated in this logon request.  - Package name indicates which sub-protocol was used among the NTLM protocols.  - Key length indicates the length of the generated session key. This will be 0 if no session key was requested."
"Device=WindowsLog	AgentLogFile=Security	PluginVersion=7.2.9.105	Source=Microsoft-Windows-Security-Auditing	Computer=DESKTOP-64-EDR	OriginatingComputer=192.168.153.166	User=	Domain=	EventID=4624	EventIDCode=4624	EventType=8	EventCategory=12544	RecordNumber=8483120	TimeGenerated=1754615984	TimeWritten=1754615984	Level=0	Keywords=0	Task=0	Opcode=0	Message=An account was successfully logged on.  Subject:  Security ID:  NT AUTHORITY\SYSTEM  Account Name:  DESKTOP-64-EDR$  Account Domain:  BOCHK.COM  Logon ID:  0x3e7  Logon Information:  Logon Type:  2  Restricted Admin Mode: -  Virtual Account:  No   Elevated Token:  Yes   Impersonation Level:  Impersonation   New Logon:  Security ID:  DESKTOP-64-EDR\siesvc  Account Name:  siesvc  Account Domain:  DESKTOP-64-EDR  Logon ID:  0xe95afac  Linked Logon ID:  0xe95afeb  Network Account Name: -  Network Account Domain: -  Logon GUID:  {00000000-0000-0000-0000-000000000000}  Process Information:  Process ID:  0x1c6c  Process Name:  C:\Program Files\Picus Security\Picus Simulation Agent\Picus.Simulation.AgentService.exe  Network Information:  Workstation Name: DESKTOP-64-EDR  Source Network Address: -  Source Port:  -  Detailed Authentication Information:  Logon Process:  Advapi    Authentication Package: Negotiate  Transited Services: -  Package Name (NTLM only): -  Key Length:  0  This event is generated when a logon session is created. It is generated on the computer that was accessed.  The subject fields indicate the account on the local system which requested the logon. This is most commonly a service such as the Server service, or a local process such as Winlogon.exe or Services.exe.  The logon type field indicates the kind of logon that occurred. The most common types are 2 (interactive) and 3 (network).  The New Logon fields indicate the account for whom the new logon was created, i.e. the account that was logged on.  The network fields indicate where a remote logon request originated. Workstation name is not always available and may be left blank in some cases.  The impersonation level field indicates the extent to which a process in the logon session can impersonate.  The authentication information fields provide detailed information about this specific logon request.  - Logon GUID is a unique identifier that can be used to correlate this event with a KDC event.  - Transited services indicate which intermediate services have participated in this logon request.  - Package name indicates which sub-protocol was used among the NTLM protocols.  - Key length indicates the length of the generated session key. This will be 0 if no session key was requested."
"Device=WindowsLog	AgentLogFile=Security	PluginVersion=7.2.9.105	Source=Microsoft-Windows-Security-Auditing	Computer=DESKTOP-64-EDR	OriginatingComputer=192.168.153.166	User=	Domain=	EventID=4648	EventIDCode=4648	EventType=8	EventCategory=12544	RecordNumber=8483119	TimeGenerated=1754615984	TimeWritten=1754615984	Level=0	Keywords=0	Task=0	Opcode=0	Message=A logon was attempted using explicit credentials.  Subject:  Security ID:  NT AUTHORITY\SYSTEM  Account Name:  DESKTOP-64-EDR$  Account Domain:  BOCHK.COM  Logon ID:  0x3e7  Logon GUID:  {00000000-0000-0000-0000-000000000000}  Account Whose Credentials Were Used:  Account Name:  siesvc  Account Domain:  DESKTOP-64-EDR  Logon GUID:  {00000000-0000-0000-0000-000000000000}  Target Server:  Target Server Name: localhost  Additional Information: localhost  Process Information:  Process ID:  0x1c6c  Process Name:  C:\Program Files\Picus Security\Picus Simulation Agent\Picus.Simulation.AgentService.exe  Network Information:  Network Address: -  Port:   -  This event is generated when a process attempts to log on an account by explicitly specifying that account’s credentials.  This most commonly occurs in batch-type configurations such as scheduled tasks, or when using the RUNAS command."
"Device=WindowsLog	AgentLogFile=Security	PluginVersion=7.2.9.105	Source=Microsoft-Windows-Security-Auditing	Computer=DESKTOP-64-EDR	OriginatingComputer=192.168.153.166	User=	Domain=	EventID=4624	EventIDCode=4624	EventType=8	EventCategory=12544	RecordNumber=8483116	TimeGenerated=1754615984	TimeWritten=1754615984	Level=0	Keywords=0	Task=0	Opcode=0	Message=An account was successfully logged on.  Subject:  Security ID:  NT AUTHORITY\SYSTEM  Account Name:  DESKTOP-64-EDR$  Account Domain:  BOCHK.COM  Logon ID:  0x3e7  Logon Information:  Logon Type:  2  Restricted Admin Mode: -  Virtual Account:  No   Elevated Token:  No   Impersonation Level:  Impersonation   New Logon:  Security ID:  DESKTOP-64-EDR\siesvc  Account Name:  siesvc  Account Domain:  DESKTOP-64-EDR  Logon ID:  0xe95ad63  Linked Logon ID:  0xe95ad24  Network Account Name: -  Network Account Domain: -  Logon GUID:  {00000000-0000-0000-0000-000000000000}  Process Information:  Process ID:  0x1c6c  Process Name:  C:\Program Files\Picus Security\Picus Simulation Agent\Picus.Simulation.AgentService.exe  Network Information:  Workstation Name: DESKTOP-64-EDR  Source Network Address: -  Source Port:  -  Detailed Authentication Information:  Logon Process:  Advapi    Authentication Package: Negotiate  Transited Services: -  Package Name (NTLM only): -  Key Length:  0  This event is generated when a logon session is created. It is generated on the computer that was accessed.  The subject fields indicate the account on the local system which requested the logon. This is most commonly a service such as the Server service, or a local process such as Winlogon.exe or Services.exe.  The logon type field indicates the kind of logon that occurred. The most common types are 2 (interactive) and 3 (network).  The New Logon fields indicate the account for whom the new logon was created, i.e. the account that was logged on.  The network fields indicate where a remote logon request originated. Workstation name is not always available and may be left blank in some cases.  The impersonation level field indicates the extent to which a process in the logon session can impersonate.  The authentication information fields provide detailed information about this specific logon request.  - Logon GUID is a unique identifier that can be used to correlate this event with a KDC event.  - Transited services indicate which intermediate services have participated in this logon request.  - Package name indicates which sub-protocol was used among the NTLM protocols.  - Key length indicates the length of the generated session key. This will be 0 if no session key was requested."
"Device=WindowsLog	AgentLogFile=Security	PluginVersion=7.2.9.105	Source=Microsoft-Windows-Security-Auditing	Computer=DESKTOP-64-EDR	OriginatingComputer=192.168.153.166	User=	Domain=	EventID=4624	EventIDCode=4624	EventType=8	EventCategory=12544	RecordNumber=8483115	TimeGenerated=1754615984	TimeWritten=1754615984	Level=0	Keywords=0	Task=0	Opcode=0	Message=An account was successfully logged on.  Subject:  Security ID:  NT AUTHORITY\SYSTEM  Account Name:  DESKTOP-64-EDR$  Account Domain:  BOCHK.COM  Logon ID:  0x3e7  Logon Information:  Logon Type:  2  Restricted Admin Mode: -  Virtual Account:  No   Elevated Token:  Yes   Impersonation Level:  Impersonation   New Logon:  Security ID:  DESKTOP-64-EDR\siesvc  Account Name:  siesvc  Account Domain:  DESKTOP-64-EDR  Logon ID:  0xe95ad24  Linked Logon ID:  0xe95ad63  Network Account Name: -  Network Account Domain: -  Logon GUID:  {00000000-0000-0000-0000-000000000000}  Process Information:  Process ID:  0x1c6c  Process Name:  C:\Program Files\Picus Security\Picus Simulation Agent\Picus.Simulation.AgentService.exe  Network Information:  Workstation Name: DESKTOP-64-EDR  Source Network Address: -  Source Port:  -  Detailed Authentication Information:  Logon Process:  Advapi    Authentication Package: Negotiate  Transited Services: -  Package Name (NTLM only): -  Key Length:  0  This event is generated when a logon session is created. It is generated on the computer that was accessed.  The subject fields indicate the account on the local system which requested the logon. This is most commonly a service such as the Server service, or a local process such as Winlogon.exe or Services.exe.  The logon type field indicates the kind of logon that occurred. The most common types are 2 (interactive) and 3 (network).  The New Logon fields indicate the account for whom the new logon was created, i.e. the account that was logged on.  The network fields indicate where a remote logon request originated. Workstation name is not always available and may be left blank in some cases.  The impersonation level field indicates the extent to which a process in the logon session can impersonate.  The authentication information fields provide detailed information about this specific logon request.  - Logon GUID is a unique identifier that can be used to correlate this event with a KDC event.  - Transited services indicate which intermediate services have participated in this logon request.  - Package name indicates which sub-protocol was used among the NTLM protocols.  - Key length indicates the length of the generated session key. This will be 0 if no session key was requested."
"Device=WindowsLog	AgentLogFile=Security	PluginVersion=7.2.9.105	Source=Microsoft-Windows-Security-Auditing	Computer=DESKTOP-64-EDR	OriginatingComputer=192.168.153.166	User=	Domain=	EventID=4648	EventIDCode=4648	EventType=8	EventCategory=12544	RecordNumber=8483114	TimeGenerated=1754615984	TimeWritten=1754615984	Level=0	Keywords=0	Task=0	Opcode=0	Message=A logon was attempted using explicit credentials.  Subject:  Security ID:  NT AUTHORITY\SYSTEM  Account Name:  DESKTOP-64-EDR$  Account Domain:  BOCHK.COM  Logon ID:  0x3e7  Logon GUID:  {00000000-0000-0000-0000-000000000000}  Account Whose Credentials Were Used:  Account Name:  siesvc  Account Domain:  DESKTOP-64-EDR  Logon GUID:  {00000000-0000-0000-0000-000000000000}  Target Server:  Target Server Name: localhost  Additional Information: localhost  Process Information:  Process ID:  0x1c6c  Process Name:  C:\Program Files\Picus Security\Picus Simulation Agent\Picus.Simulation.AgentService.exe  Network Information:  Network Address: -  Port:   -  This event is generated when a process attempts to log on an account by explicitly specifying that account’s credentials.  This most commonly occurs in batch-type configurations such as scheduled tasks, or when using the RUNAS command."
"Device=WindowsLog	AgentLogFile=Microsoft-Windows-Sysmon/Operational	PluginVersion=7.2.9.105	Source=Microsoft-Windows-Sysmon	Computer=DESKTOP-64-EDR	OriginatingComputer=DESKTOP-64-EDR	User=SYSTEM	Domain=NT AUTHORITY	EventID=26	EventIDCode=26	EventType=4	EventCategory=26	RecordNumber=5967611	TimeGenerated=1754615983	TimeWritten=1754615983	Level=Informational	Keywords=0x8000000000000000	Task=SysmonTask-SYSMONEVENT_FILE_DELETE_DETECTED	Opcode=Info	Message=File Delete logged: RuleName: - UtcTime: 2025-08-08 01:19:43.329 ProcessGuid: {ca0127e9-5098-6895-9a52-000000008b00} ProcessId: 3844 User: NT AUTHORITY\SYSTEM Image: C:\Program Files\Picus Security\Picus Simulation Agent\Picus.Simulator.exe TargetFilename: C:\Users\siesvc\AppData\Local\Temp\Demo.dll Hashes: MD5=42C32B04D8F1B9FFB316C10714D23AEC,SHA256=20624D6E924DF9AE5D934CBF7DF2DC4D747774A40B25C0017FFBF2B8254C85E5,IMPHASH=CA4D5E2D3D30A66637F21F56A0855FD1 IsExecutable: true"
"Device=WindowsLog	AgentLogFile=Security	PluginVersion=7.2.9.105	Source=Microsoft-Windows-Security-Auditing	Computer=DESKTOP-64-EDR	OriginatingComputer=192.168.153.166	User=	Domain=	EventID=4624	EventIDCode=4624	EventType=8	EventCategory=12544	RecordNumber=8483110	TimeGenerated=1754615983	TimeWritten=1754615983	Level=0	Keywords=0	Task=0	Opcode=0	Message=An account was successfully logged on.  Subject:  Security ID:  NT AUTHORITY\SYSTEM  Account Name:  DESKTOP-64-EDR$  Account Domain:  BOCHK.COM  Logon ID:  0x3e7  Logon Information:  Logon Type:  2  Restricted Admin Mode: -  Virtual Account:  No   Elevated Token:  Yes   Impersonation Level:  Impersonation   New Logon:  Security ID:  DESKTOP-64-EDR\siesvc  Account Name:  siesvc  Account Domain:  DESKTOP-64-EDR  Logon ID:  0xe95a438  Linked Logon ID:  0xe95a47f  Network Account Name: -  Network Account Domain: -  Logon GUID:  {00000000-0000-0000-0000-000000000000}  Process Information:  Process ID:  0xf04  Process Name:  C:\Program Files\Picus Security\Picus Simulation Agent\Picus.Simulator.exe  Network Information:  Workstation Name: DESKTOP-64-EDR  Source Network Address: -  Source Port:  -  Detailed Authentication Information:  Logon Process:  Advapi    Authentication Package: Negotiate  Transited Services: -  Package Name (NTLM only): -  Key Length:  0  This event is generated when a logon session is created. It is generated on the computer that was accessed.  The subject fields indicate the account on the local system which requested the logon. This is most commonly a service such as the Server service, or a local process such as Winlogon.exe or Services.exe.  The logon type field indicates the kind of logon that occurred. The most common types are 2 (interactive) and 3 (network).  The New Logon fields indicate the account for whom the new logon was created, i.e. the account that was logged on.  The network fields indicate where a remote logon request originated. Workstation name is not always available and may be left blank in some cases.  The impersonation level field indicates the extent to which a process in the logon session can impersonate.  The authentication information fields provide detailed information about this specific logon request.  - Logon GUID is a unique identifier that can be used to correlate this event with a KDC event.  - Transited services indicate which intermediate services have participated in this logon request.  - Package name indicates which sub-protocol was used among the NTLM protocols.  - Key length indicates the length of the generated session key. This will be 0 if no session key was requested."
