"Device=WindowsLog	AgentLogFile=Microsoft-Windows-PowerShell/Operational	PluginVersion=7.2.9.105	Source=Microsoft-Windows-PowerShell	Computer=DESKTOP-64-EDR	OriginatingComputer=DESKTOP-64-EDR	User=siesvc	Domain=DESKTOP-64-EDR	EventID=4103	EventIDCode=4103	EventType=4	EventCategory=106	RecordNumber=2022443	TimeGenerated=1754621358	TimeWritten=1754621358	Level=Informational	Keywords=0	Task=ExecutePipeline	Opcode=20	Message=CommandInvocation(Set-StrictMode): ""Set-StrictMode"""" ParameterBinding(Set-StrictMode): name=""""Version""""; value=""""1.0""""   Context:         Severity = Informational         Host Name = ConsoleHost         Host Version = 5.1.19041.2673         Host ID = c8bbe172-b4b1-4c4b-95b1-5681ec0b8e24         Host Application = powershell.exe -c Unblock-File 'C:\Users\siesvc\AppData\Local\Temp\RestoreWindowDefenderStatus.ps1'; & 'C:\Users\siesvc\AppData\Local\Temp\RestoreWindowDefenderStatus.ps1' <#PICUS_REWIND#>         Engine Version = 5.1.19041.2673         Runspace ID = f48b3c10-28be-4cbd-a1ad-4f9944533a59         Pipeline ID = 1         Command Name = Set-StrictMode         Command Type = Cmdlet         Script Name =          Command Path =          Sequence Number = 140         User = DESKTOP-64-EDR\siesvc         Connected User =          Shell ID = Microsoft.PowerShell   User Data:"""
"Device=WindowsLog	AgentLogFile=Microsoft-Windows-PowerShell/Operational	PluginVersion=7.2.9.105	Source=Microsoft-Windows-PowerShell	Computer=DESKTOP-64-EDR	OriginatingComputer=DESKTOP-64-EDR	User=siesvc	Domain=DESKTOP-64-EDR	EventID=4103	EventIDCode=4103	EventType=4	EventCategory=106	RecordNumber=2022442	TimeGenerated=1754621358	TimeWritten=1754621358	Level=Informational	Keywords=0	Task=ExecutePipeline	Opcode=20	Message=CommandInvocation(Set-StrictMode): ""Set-StrictMode"""" ParameterBinding(Set-StrictMode): name=""""Version""""; value=""""1.0""""   Context:         Severity = Informational         Host Name = ConsoleHost         Host Version = 5.1.19041.2673         Host ID = c8bbe172-b4b1-4c4b-95b1-5681ec0b8e24         Host Application = powershell.exe -c Unblock-File 'C:\Users\siesvc\AppData\Local\Temp\RestoreWindowDefenderStatus.ps1'; & 'C:\Users\siesvc\AppData\Local\Temp\RestoreWindowDefenderStatus.ps1' <#PICUS_REWIND#>         Engine Version = 5.1.19041.2673         Runspace ID = f48b3c10-28be-4cbd-a1ad-4f9944533a59         Pipeline ID = 1         Command Name = Set-StrictMode         Command Type = Cmdlet         Script Name =          Command Path =          Sequence Number = 138         User = DESKTOP-64-EDR\siesvc         Connected User =          Shell ID = Microsoft.PowerShell   User Data:"""
"Device=WindowsLog	AgentLogFile=Microsoft-Windows-PowerShell/Operational	PluginVersion=7.2.9.105	Source=Microsoft-Windows-PowerShell	Computer=DESKTOP-64-EDR	OriginatingComputer=DESKTOP-64-EDR	User=siesvc	Domain=DESKTOP-64-EDR	EventID=4103	EventIDCode=4103	EventType=4	EventCategory=106	RecordNumber=2022440	TimeGenerated=1754621358	TimeWritten=1754621358	Level=Informational	Keywords=0	Task=ExecutePipeline	Opcode=20	Message=CommandInvocation(Set-StrictMode): ""Set-StrictMode"""" ParameterBinding(Set-StrictMode): name=""""Version""""; value=""""1.0""""   Context:         Severity = Informational         Host Name = Default Host         Host Version = 5.1.19041.2673         Host ID = 5f61de2e-5245-4cfe-adcd-c84694c63706         Host Application = powershell.exe -c Unblock-File 'C:\Users\siesvc\AppData\Local\Temp\RestoreWindowDefenderStatus.ps1'; & 'C:\Users\siesvc\AppData\Local\Temp\RestoreWindowDefenderStatus.ps1' <#PICUS_REWIND#>         Engine Version = 5.1.19041.2673         Runspace ID = 2d2c4eaa-0d87-4b47-a9cf-d4539987f597         Pipeline ID = 1         Command Name = Set-StrictMode         Command Type = Cmdlet         Script Name =          Command Path =          Sequence Number = 134         User = DESKTOP-64-EDR\siesvc         Connected User =          Shell ID = Microsoft.PowerShell   User Data:"""
"Device=WindowsLog	AgentLogFile=Microsoft-Windows-PowerShell/Operational	PluginVersion=7.2.9.105	Source=Microsoft-Windows-PowerShell	Computer=DESKTOP-64-EDR	OriginatingComputer=DESKTOP-64-EDR	User=siesvc	Domain=DESKTOP-64-EDR	EventID=4103	EventIDCode=4103	EventType=4	EventCategory=106	RecordNumber=2022441	TimeGenerated=1754621358	TimeWritten=1754621358	Level=Informational	Keywords=0	Task=ExecutePipeline	Opcode=20	Message=CommandInvocation(Out-String): ""Out-String"""" CommandInvocation(Out-Default): """"Out-Default"""" ParameterBinding(Out-Default): name=""""Transcript""""; value=""""True"""" ParameterBinding(Out-String): name=""""InputObject""""; value=""""Exception calling """"ReadAllText"""" with """"1"""" argument(s): """"Could not find file 'C:\Users\siesvc\AppData\Local\Temp\mppreference_status.txt'."""""""" ParameterBinding(Out-Default): name=""""InputObject""""; value=""""Exception calling """"ReadAllText"""" with """"1"""" argument(s): """"Could not find file  'C:\Users\siesvc\AppData\Local\Temp\mppreference_status.txt'."""" At C:\Users\siesvc\AppData\Local\Temp\RestoreWindowDefenderStatus.ps1:10 char:5 +     $config = [io.file]::ReadAllText($env:TEMP + """"\"""" + $ConfigFile).s ... +     ~~~~~~~~~~~~~~~~~~~~~~~~~~~~~~~~~~~~~~~~~~~~~~~~~~~~~~~~~~~~~~~~~     + CategoryInfo          : NotSpecified: (:) []"
"Device=WindowsLog	AgentLogFile=Microsoft-Windows-PowerShell/Operational	PluginVersion=7.2.9.105	Source=Microsoft-Windows-PowerShell	Computer=DESKTOP-64-EDR	OriginatingComputer=DESKTOP-64-EDR	User=siesvc	Domain=DESKTOP-64-EDR	EventID=4103	EventIDCode=4103	EventType=4	EventCategory=106	RecordNumber=2022438	TimeGenerated=1754621358	TimeWritten=1754621358	Level=Informational	Keywords=0	Task=ExecutePipeline	Opcode=20	Message=CommandInvocation(Set-StrictMode): ""Set-StrictMode"""" ParameterBinding(Set-StrictMode): name=""""Version""""; value=""""1.0""""   Context:         Severity = Informational         Host Name = Default Host         Host Version = 5.1.19041.2673         Host ID = 5f61de2e-5245-4cfe-adcd-c84694c63706         Host Application = powershell.exe -c Unblock-File 'C:\Users\siesvc\AppData\Local\Temp\RestoreWindowDefenderStatus.ps1'; & 'C:\Users\siesvc\AppData\Local\Temp\RestoreWindowDefenderStatus.ps1' <#PICUS_REWIND#>         Engine Version = 5.1.19041.2673         Runspace ID = 2d2c4eaa-0d87-4b47-a9cf-d4539987f597         Pipeline ID = 1         Command Name = Set-StrictMode         Command Type = Cmdlet         Script Name =          Command Path =          Sequence Number = 132         User = DESKTOP-64-EDR\siesvc         Connected User =          Shell ID = Microsoft.PowerShell   User Data:"""
"Device=WindowsLog	AgentLogFile=Microsoft-Windows-PowerShell/Operational	PluginVersion=7.2.9.105	Source=Microsoft-Windows-PowerShell	Computer=DESKTOP-64-EDR	OriginatingComputer=DESKTOP-64-EDR	User=siesvc	Domain=DESKTOP-64-EDR	EventID=4103	EventIDCode=4103	EventType=4	EventCategory=106	RecordNumber=2022436	TimeGenerated=1754621358	TimeWritten=1754621358	Level=Informational	Keywords=0	Task=ExecutePipeline	Opcode=20	Message=CommandInvocation(Set-StrictMode): ""Set-StrictMode"""" ParameterBinding(Set-StrictMode): name=""""Version""""; value=""""1.0""""   Context:         Severity = Informational         Host Name = Default Host         Host Version = 5.1.19041.2673         Host ID = 5f61de2e-5245-4cfe-adcd-c84694c63706         Host Application = powershell.exe -c Unblock-File 'C:\Users\siesvc\AppData\Local\Temp\RestoreWindowDefenderStatus.ps1'; & 'C:\Users\siesvc\AppData\Local\Temp\RestoreWindowDefenderStatus.ps1' <#PICUS_REWIND#>         Engine Version = 5.1.19041.2673         Runspace ID = 2d2c4eaa-0d87-4b47-a9cf-d4539987f597         Pipeline ID = 1         Command Name = Set-StrictMode         Command Type = Cmdlet         Script Name =          Command Path =          Sequence Number = 130         User = DESKTOP-64-EDR\siesvc         Connected User =          Shell ID = Microsoft.PowerShell   User Data:"""
"Device=WindowsLog	AgentLogFile=Microsoft-Windows-PowerShell/Operational	PluginVersion=7.2.9.105	Source=Microsoft-Windows-PowerShell	Computer=DESKTOP-64-EDR	OriginatingComputer=DESKTOP-64-EDR	User=siesvc	Domain=DESKTOP-64-EDR	EventID=4103	EventIDCode=4103	EventType=4	EventCategory=106	RecordNumber=2022434	TimeGenerated=1754621358	TimeWritten=1754621358	Level=Informational	Keywords=0	Task=ExecutePipeline	Opcode=20	Message=CommandInvocation(Set-StrictMode): ""Set-StrictMode"""" ParameterBinding(Set-StrictMode): name=""""Version""""; value=""""1.0""""   Context:         Severity = Informational         Host Name = Default Host         Host Version = 5.1.19041.2673         Host ID = 5f61de2e-5245-4cfe-adcd-c84694c63706         Host Application = powershell.exe -c Unblock-File 'C:\Users\siesvc\AppData\Local\Temp\RestoreWindowDefenderStatus.ps1'; & 'C:\Users\siesvc\AppData\Local\Temp\RestoreWindowDefenderStatus.ps1' <#PICUS_REWIND#>         Engine Version = 5.1.19041.2673         Runspace ID = 2d2c4eaa-0d87-4b47-a9cf-d4539987f597         Pipeline ID = 1         Command Name = Set-StrictMode         Command Type = Cmdlet         Script Name =          Command Path =          Sequence Number = 128         User = DESKTOP-64-EDR\siesvc         Connected User =          Shell ID = Microsoft.PowerShell   User Data:"""
"Device=WindowsLog	AgentLogFile=Microsoft-Windows-PowerShell/Operational	PluginVersion=7.2.9.105	Source=Microsoft-Windows-PowerShell	Computer=DESKTOP-64-EDR	OriginatingComputer=DESKTOP-64-EDR	User=siesvc	Domain=DESKTOP-64-EDR	EventID=4103	EventIDCode=4103	EventType=4	EventCategory=106	RecordNumber=2022432	TimeGenerated=1754621358	TimeWritten=1754621358	Level=Informational	Keywords=0	Task=ExecutePipeline	Opcode=20	Message=CommandInvocation(Set-StrictMode): ""Set-StrictMode"""" ParameterBinding(Set-StrictMode): name=""""Version""""; value=""""1.0""""   Context:         Severity = Informational         Host Name = ConsoleHost         Host Version = 5.1.19041.2673         Host ID = c8bbe172-b4b1-4c4b-95b1-5681ec0b8e24         Host Application = powershell.exe -c Unblock-File 'C:\Users\siesvc\AppData\Local\Temp\RestoreWindowDefenderStatus.ps1'; & 'C:\Users\siesvc\AppData\Local\Temp\RestoreWindowDefenderStatus.ps1' <#PICUS_REWIND#>         Engine Version = 5.1.19041.2673         Runspace ID = f48b3c10-28be-4cbd-a1ad-4f9944533a59         Pipeline ID = 1         Command Name = Set-StrictMode         Command Type = Cmdlet         Script Name =          Command Path =          Sequence Number = 112         User = DESKTOP-64-EDR\siesvc         Connected User =          Shell ID = Microsoft.PowerShell   User Data:"""
"Device=WindowsLog	AgentLogFile=Microsoft-Windows-PowerShell/Operational	PluginVersion=7.2.9.105	Source=Microsoft-Windows-PowerShell	Computer=DESKTOP-64-EDR	OriginatingComputer=DESKTOP-64-EDR	User=siesvc	Domain=DESKTOP-64-EDR	EventID=4103	EventIDCode=4103	EventType=4	EventCategory=106	RecordNumber=2022431	TimeGenerated=1754621358	TimeWritten=1754621358	Level=Informational	Keywords=0	Task=ExecutePipeline	Opcode=20	Message=CommandInvocation(Set-StrictMode): ""Set-StrictMode"""" ParameterBinding(Set-StrictMode): name=""""Version""""; value=""""1.0""""   Context:         Severity = Informational         Host Name = ConsoleHost         Host Version = 5.1.19041.2673         Host ID = c8bbe172-b4b1-4c4b-95b1-5681ec0b8e24         Host Application = powershell.exe -c Unblock-File 'C:\Users\siesvc\AppData\Local\Temp\RestoreWindowDefenderStatus.ps1'; & 'C:\Users\siesvc\AppData\Local\Temp\RestoreWindowDefenderStatus.ps1' <#PICUS_REWIND#>         Engine Version = 5.1.19041.2673         Runspace ID = f48b3c10-28be-4cbd-a1ad-4f9944533a59         Pipeline ID = 1         Command Name = Set-StrictMode         Command Type = Cmdlet         Script Name =          Command Path =          Sequence Number = 110         User = DESKTOP-64-EDR\siesvc         Connected User =          Shell ID = Microsoft.PowerShell   User Data:"""
"Device=WindowsLog	AgentLogFile=Microsoft-Windows-PowerShell/Operational	PluginVersion=7.2.9.105	Source=Microsoft-Windows-PowerShell	Computer=DESKTOP-64-EDR	OriginatingComputer=DESKTOP-64-EDR	User=siesvc	Domain=DESKTOP-64-EDR	EventID=4103	EventIDCode=4103	EventType=4	EventCategory=106	RecordNumber=2022430	TimeGenerated=1754621358	TimeWritten=1754621358	Level=Informational	Keywords=0	Task=ExecutePipeline	Opcode=20	Message=CommandInvocation(Set-StrictMode): ""Set-StrictMode"""" ParameterBinding(Set-StrictMode): name=""""Version""""; value=""""1.0""""   Context:         Severity = Informational         Host Name = ConsoleHost         Host Version = 5.1.19041.2673         Host ID = c8bbe172-b4b1-4c4b-95b1-5681ec0b8e24         Host Application = powershell.exe -c Unblock-File 'C:\Users\siesvc\AppData\Local\Temp\RestoreWindowDefenderStatus.ps1'; & 'C:\Users\siesvc\AppData\Local\Temp\RestoreWindowDefenderStatus.ps1' <#PICUS_REWIND#>         Engine Version = 5.1.19041.2673         Runspace ID = f48b3c10-28be-4cbd-a1ad-4f9944533a59         Pipeline ID = 1         Command Name = Set-StrictMode         Command Type = Cmdlet         Script Name =          Command Path =          Sequence Number = 108         User = DESKTOP-64-EDR\siesvc         Connected User =          Shell ID = Microsoft.PowerShell   User Data:"""
"Device=WindowsLog	AgentLogFile=Microsoft-Windows-PowerShell/Operational	PluginVersion=7.2.9.105	Source=Microsoft-Windows-PowerShell	Computer=DESKTOP-64-EDR	OriginatingComputer=DESKTOP-64-EDR	User=siesvc	Domain=DESKTOP-64-EDR	EventID=4103	EventIDCode=4103	EventType=4	EventCategory=106	RecordNumber=2022428	TimeGenerated=1754621358	TimeWritten=1754621358	Level=Informational	Keywords=0	Task=ExecutePipeline	Opcode=20	Message=CommandInvocation(Out-String): ""Out-String"""" CommandInvocation(Out-Default): """"Out-Default"""" ParameterBinding(Out-Default): name=""""Transcript""""; value=""""True"""" ParameterBinding(Out-String): name=""""InputObject""""; value=""""You cannot call a method on a null-valued expression."""" ParameterBinding(Out-Default): name=""""InputObject""""; value=""""You cannot call a method on a null-valued expression. At C:\Users\siesvc\AppData\Local\Temp\RestoreWindowDefenderStatus.ps1:19 char:1 + $drtm = $(Restore-Defender-Config -ConfigFile """"mppreference_status.tx ... + ~~~~~~~~~~~~~~~~~~~~~~~~~~~~~~~~~~~~~~~~~~~~~~~~~~~~~~~~~~~~~~~~~~~~~     + CategoryInfo          : InvalidOperation: (:) []"
"Device=WindowsLog	AgentLogFile=Microsoft-Windows-PowerShell/Operational	PluginVersion=7.2.9.105	Source=Microsoft-Windows-PowerShell	Computer=DESKTOP-64-EDR	OriginatingComputer=DESKTOP-64-EDR	User=siesvc	Domain=DESKTOP-64-EDR	EventID=4103	EventIDCode=4103	EventType=4	EventCategory=106	RecordNumber=2022429	TimeGenerated=1754621358	TimeWritten=1754621358	Level=Informational	Keywords=0	Task=ExecutePipeline	Opcode=20	Message=CommandInvocation(Set-StrictMode): ""Set-StrictMode"""" ParameterBinding(Set-StrictMode): name=""""Version""""; value=""""1.0""""   Context:         Severity = Informational         Host Name = ConsoleHost         Host Version = 5.1.19041.2673         Host ID = c8bbe172-b4b1-4c4b-95b1-5681ec0b8e24         Host Application = powershell.exe -c Unblock-File 'C:\Users\siesvc\AppData\Local\Temp\RestoreWindowDefenderStatus.ps1'; & 'C:\Users\siesvc\AppData\Local\Temp\RestoreWindowDefenderStatus.ps1' <#PICUS_REWIND#>         Engine Version = 5.1.19041.2673         Runspace ID = f48b3c10-28be-4cbd-a1ad-4f9944533a59         Pipeline ID = 1         Command Name = Set-StrictMode         Command Type = Cmdlet         Script Name =          Command Path =          Sequence Number = 106         User = DESKTOP-64-EDR\siesvc         Connected User =          Shell ID = Microsoft.PowerShell   User Data:"""
"Device=WindowsLog	AgentLogFile=Microsoft-Windows-PowerShell/Operational	PluginVersion=7.2.9.105	Source=Microsoft-Windows-PowerShell	Computer=DESKTOP-64-EDR	OriginatingComputer=DESKTOP-64-EDR	User=siesvc	Domain=DESKTOP-64-EDR	EventID=4103	EventIDCode=4103	EventType=4	EventCategory=106	RecordNumber=2022427	TimeGenerated=1754621358	TimeWritten=1754621358	Level=Informational	Keywords=0	Task=ExecutePipeline	Opcode=20	Message=CommandInvocation(Set-StrictMode): ""Set-StrictMode"""" ParameterBinding(Set-StrictMode): name=""""Version""""; value=""""1.0""""   Context:         Severity = Informational         Host Name = Default Host         Host Version = 5.1.19041.2673         Host ID = 674de1fc-fde1-4536-9322-726f44d018fa         Host Application = powershell.exe -c Unblock-File 'C:\Users\siesvc\AppData\Local\Temp\RestoreWindowDefenderStatus.ps1'; & 'C:\Users\siesvc\AppData\Local\Temp\RestoreWindowDefenderStatus.ps1' <#PICUS_REWIND#>         Engine Version = 5.1.19041.2673         Runspace ID = c09e3590-3c53-49f7-8af0-85ebd772a47c         Pipeline ID = 1         Command Name = Set-StrictMode         Command Type = Cmdlet         Script Name =          Command Path =          Sequence Number = 102         User = DESKTOP-64-EDR\siesvc         Connected User =          Shell ID = Microsoft.PowerShell   User Data:"""
"Device=WindowsLog	AgentLogFile=Microsoft-Windows-PowerShell/Operational	PluginVersion=7.2.9.105	Source=Microsoft-Windows-PowerShell	Computer=DESKTOP-64-EDR	OriginatingComputer=DESKTOP-64-EDR	User=siesvc	Domain=DESKTOP-64-EDR	EventID=4103	EventIDCode=4103	EventType=4	EventCategory=106	RecordNumber=2022425	TimeGenerated=1754621358	TimeWritten=1754621358	Level=Informational	Keywords=0	Task=ExecutePipeline	Opcode=20	Message=CommandInvocation(Set-StrictMode): ""Set-StrictMode"""" ParameterBinding(Set-StrictMode): name=""""Version""""; value=""""1.0""""   Context:         Severity = Informational         Host Name = Default Host         Host Version = 5.1.19041.2673         Host ID = 674de1fc-fde1-4536-9322-726f44d018fa         Host Application = powershell.exe -c Unblock-File 'C:\Users\siesvc\AppData\Local\Temp\RestoreWindowDefenderStatus.ps1'; & 'C:\Users\siesvc\AppData\Local\Temp\RestoreWindowDefenderStatus.ps1' <#PICUS_REWIND#>         Engine Version = 5.1.19041.2673         Runspace ID = c09e3590-3c53-49f7-8af0-85ebd772a47c         Pipeline ID = 1         Command Name = Set-StrictMode         Command Type = Cmdlet         Script Name =          Command Path =          Sequence Number = 100         User = DESKTOP-64-EDR\siesvc         Connected User =          Shell ID = Microsoft.PowerShell   User Data:"""
"Device=WindowsLog	AgentLogFile=Microsoft-Windows-PowerShell/Operational	PluginVersion=7.2.9.105	Source=Microsoft-Windows-PowerShell	Computer=DESKTOP-64-EDR	OriginatingComputer=DESKTOP-64-EDR	User=siesvc	Domain=DESKTOP-64-EDR	EventID=4103	EventIDCode=4103	EventType=4	EventCategory=106	RecordNumber=2022423	TimeGenerated=1754621358	TimeWritten=1754621358	Level=Informational	Keywords=0	Task=ExecutePipeline	Opcode=20	Message=CommandInvocation(Set-StrictMode): ""Set-StrictMode"""" ParameterBinding(Set-StrictMode): name=""""Version""""; value=""""1.0""""   Context:         Severity = Informational         Host Name = Default Host         Host Version = 5.1.19041.2673         Host ID = 674de1fc-fde1-4536-9322-726f44d018fa         Host Application = powershell.exe -c Unblock-File 'C:\Users\siesvc\AppData\Local\Temp\RestoreWindowDefenderStatus.ps1'; & 'C:\Users\siesvc\AppData\Local\Temp\RestoreWindowDefenderStatus.ps1' <#PICUS_REWIND#>         Engine Version = 5.1.19041.2673         Runspace ID = c09e3590-3c53-49f7-8af0-85ebd772a47c         Pipeline ID = 1         Command Name = Set-StrictMode         Command Type = Cmdlet         Script Name =          Command Path =          Sequence Number = 98         User = DESKTOP-64-EDR\siesvc         Connected User =          Shell ID = Microsoft.PowerShell   User Data:"""
"Device=WindowsLog	AgentLogFile=Security	PluginVersion=7.2.9.105	Source=Microsoft-Windows-Security-Auditing	Computer=DESKTOP-64-EDR	OriginatingComputer=192.168.153.166	User=	Domain=	EventID=4624	EventIDCode=4624	EventType=8	EventCategory=12544	RecordNumber=8497366	TimeGenerated=1754621357	TimeWritten=1754621357	Level=0	Keywords=0	Task=0	Opcode=0	Message=An account was successfully logged on.  Subject:  Security ID:  NT AUTHORITY\SYSTEM  Account Name:  DESKTOP-64-EDR$  Account Domain:  BOCHK.COM  Logon ID:  0x3e7  Logon Information:  Logon Type:  2  Restricted Admin Mode: -  Virtual Account:  No   Elevated Token:  No   Impersonation Level:  Impersonation   New Logon:  Security ID:  DESKTOP-64-EDR\siesvc  Account Name:  siesvc  Account Domain:  DESKTOP-64-EDR  Logon ID:  0xed89180  Linked Logon ID:  0xed89141  Network Account Name: -  Network Account Domain: -  Logon GUID:  {00000000-0000-0000-0000-000000000000}  Process Information:  Process ID:  0xcb4  Process Name:  C:\Program Files\Picus Security\Picus Simulation Agent\Picus.Simulator.exe  Network Information:  Workstation Name: DESKTOP-64-EDR  Source Network Address: -  Source Port:  -  Detailed Authentication Information:  Logon Process:  Advapi    Authentication Package: Negotiate  Transited Services: -  Package Name (NTLM only): -  Key Length:  0  This event is generated when a logon session is created. It is generated on the computer that was accessed.  The subject fields indicate the account on the local system which requested the logon. This is most commonly a service such as the Server service, or a local process such as Winlogon.exe or Services.exe.  The logon type field indicates the kind of logon that occurred. The most common types are 2 (interactive) and 3 (network).  The New Logon fields indicate the account for whom the new logon was created, i.e. the account that was logged on.  The network fields indicate where a remote logon request originated. Workstation name is not always available and may be left blank in some cases.  The impersonation level field indicates the extent to which a process in the logon session can impersonate.  The authentication information fields provide detailed information about this specific logon request.  - Logon GUID is a unique identifier that can be used to correlate this event with a KDC event.  - Transited services indicate which intermediate services have participated in this logon request.  - Package name indicates which sub-protocol was used among the NTLM protocols.  - Key length indicates the length of the generated session key. This will be 0 if no session key was requested."
"Device=WindowsLog	AgentLogFile=Security	PluginVersion=7.2.9.105	Source=Microsoft-Windows-Security-Auditing	Computer=DESKTOP-64-EDR	OriginatingComputer=192.168.153.166	User=	Domain=	EventID=4624	EventIDCode=4624	EventType=8	EventCategory=12544	RecordNumber=8497365	TimeGenerated=1754621357	TimeWritten=1754621357	Level=0	Keywords=0	Task=0	Opcode=0	Message=An account was successfully logged on.  Subject:  Security ID:  NT AUTHORITY\SYSTEM  Account Name:  DESKTOP-64-EDR$  Account Domain:  BOCHK.COM  Logon ID:  0x3e7  Logon Information:  Logon Type:  2  Restricted Admin Mode: -  Virtual Account:  No   Elevated Token:  Yes   Impersonation Level:  Impersonation   New Logon:  Security ID:  DESKTOP-64-EDR\siesvc  Account Name:  siesvc  Account Domain:  DESKTOP-64-EDR  Logon ID:  0xed89141  Linked Logon ID:  0xed89180  Network Account Name: -  Network Account Domain: -  Logon GUID:  {00000000-0000-0000-0000-000000000000}  Process Information:  Process ID:  0xcb4  Process Name:  C:\Program Files\Picus Security\Picus Simulation Agent\Picus.Simulator.exe  Network Information:  Workstation Name: DESKTOP-64-EDR  Source Network Address: -  Source Port:  -  Detailed Authentication Information:  Logon Process:  Advapi    Authentication Package: Negotiate  Transited Services: -  Package Name (NTLM only): -  Key Length:  0  This event is generated when a logon session is created. It is generated on the computer that was accessed.  The subject fields indicate the account on the local system which requested the logon. This is most commonly a service such as the Server service, or a local process such as Winlogon.exe or Services.exe.  The logon type field indicates the kind of logon that occurred. The most common types are 2 (interactive) and 3 (network).  The New Logon fields indicate the account for whom the new logon was created, i.e. the account that was logged on.  The network fields indicate where a remote logon request originated. Workstation name is not always available and may be left blank in some cases.  The impersonation level field indicates the extent to which a process in the logon session can impersonate.  The authentication information fields provide detailed information about this specific logon request.  - Logon GUID is a unique identifier that can be used to correlate this event with a KDC event.  - Transited services indicate which intermediate services have participated in this logon request.  - Package name indicates which sub-protocol was used among the NTLM protocols.  - Key length indicates the length of the generated session key. This will be 0 if no session key was requested."
"Device=WindowsLog	AgentLogFile=Security	PluginVersion=7.2.9.105	Source=Microsoft-Windows-Security-Auditing	Computer=DESKTOP-64-EDR	OriginatingComputer=192.168.153.166	User=	Domain=	EventID=4648	EventIDCode=4648	EventType=8	EventCategory=12544	RecordNumber=8497364	TimeGenerated=1754621357	TimeWritten=1754621357	Level=0	Keywords=0	Task=0	Opcode=0	Message=A logon was attempted using explicit credentials.  Subject:  Security ID:  NT AUTHORITY\SYSTEM  Account Name:  DESKTOP-64-EDR$  Account Domain:  BOCHK.COM  Logon ID:  0x3e7  Logon GUID:  {00000000-0000-0000-0000-000000000000}  Account Whose Credentials Were Used:  Account Name:  siesvc  Account Domain:  DESKTOP-64-EDR  Logon GUID:  {00000000-0000-0000-0000-000000000000}  Target Server:  Target Server Name: localhost  Additional Information: localhost  Process Information:  Process ID:  0xcb4  Process Name:  C:\Program Files\Picus Security\Picus Simulation Agent\Picus.Simulator.exe  Network Information:  Network Address: -  Port:   -  This event is generated when a process attempts to log on an account by explicitly specifying that account’s credentials.  This most commonly occurs in batch-type configurations such as scheduled tasks, or when using the RUNAS command."
"Device=WindowsLog	AgentLogFile=Microsoft-Windows-PowerShell/Operational	PluginVersion=7.2.9.105	Source=Microsoft-Windows-PowerShell	Computer=DESKTOP-64-EDR	OriginatingComputer=DESKTOP-64-EDR	User=siesvc	Domain=DESKTOP-64-EDR	EventID=4103	EventIDCode=4103	EventType=4	EventCategory=106	RecordNumber=2022415	TimeGenerated=1754621358	TimeWritten=1754621358	Level=Informational	Keywords=0	Task=ExecutePipeline	Opcode=20	Message=CommandInvocation(Out-String): ""Out-String"""" CommandInvocation(Out-Default): """"Out-Default"""" ParameterBinding(Out-Default): name=""""Transcript""""; value=""""True"""" ParameterBinding(Out-String): name=""""InputObject""""; value=""""Cannot index into a null array."""" ParameterBinding(Out-Default): name=""""InputObject""""; value=""""Cannot index into a null array. At C:\Users\siesvc\AppData\Local\Temp\RestoreWindowDefenderStatus.ps1:13 char:13 +         if ($config[$i].Split("""""""") -eq $ConfParam) { +             ~~~~~~~~~~~~~~~~~~~~~~~~~~~~~~~~~~~~     + CategoryInfo          : InvalidOperation: (:) []"
"Device=WindowsLog	AgentLogFile=Microsoft-Windows-PowerShell/Operational	PluginVersion=7.2.9.105	Source=Microsoft-Windows-PowerShell	Computer=DESKTOP-64-EDR	OriginatingComputer=DESKTOP-64-EDR	User=siesvc	Domain=DESKTOP-64-EDR	EventID=4103	EventIDCode=4103	EventType=4	EventCategory=106	RecordNumber=2022421	TimeGenerated=1754621358	TimeWritten=1754621358	Level=Informational	Keywords=0	Task=ExecutePipeline	Opcode=20	Message=CommandInvocation(Set-StrictMode): ""Set-StrictMode"""" ParameterBinding(Set-StrictMode): name=""""Version""""; value=""""1.0""""   Context:         Severity = Informational         Host Name = Default Host         Host Version = 5.1.19041.2673         Host ID = 674de1fc-fde1-4536-9322-726f44d018fa         Host Application = powershell.exe -c Unblock-File 'C:\Users\siesvc\AppData\Local\Temp\RestoreWindowDefenderStatus.ps1'; & 'C:\Users\siesvc\AppData\Local\Temp\RestoreWindowDefenderStatus.ps1' <#PICUS_REWIND#>         Engine Version = 5.1.19041.2673         Runspace ID = c09e3590-3c53-49f7-8af0-85ebd772a47c         Pipeline ID = 1         Command Name = Set-StrictMode         Command Type = Cmdlet         Script Name =          Command Path =          Sequence Number = 96         User = DESKTOP-64-EDR\siesvc         Connected User =          Shell ID = Microsoft.PowerShell   User Data:"""
"Device=WindowsLog	AgentLogFile=Microsoft-Windows-PowerShell/Operational	PluginVersion=7.2.9.105	Source=Microsoft-Windows-PowerShell	Computer=DESKTOP-64-EDR	OriginatingComputer=DESKTOP-64-EDR	User=siesvc	Domain=DESKTOP-64-EDR	EventID=4103	EventIDCode=4103	EventType=4	EventCategory=106	RecordNumber=2022419	TimeGenerated=1754621358	TimeWritten=1754621358	Level=Informational	Keywords=0	Task=ExecutePipeline	Opcode=20	Message=CommandInvocation(Set-StrictMode): ""Set-StrictMode"""" ParameterBinding(Set-StrictMode): name=""""Version""""; value=""""1.0""""   Context:         Severity = Informational         Host Name = ConsoleHost         Host Version = 5.1.19041.2673         Host ID = c8bbe172-b4b1-4c4b-95b1-5681ec0b8e24         Host Application = powershell.exe -c Unblock-File 'C:\Users\siesvc\AppData\Local\Temp\RestoreWindowDefenderStatus.ps1'; & 'C:\Users\siesvc\AppData\Local\Temp\RestoreWindowDefenderStatus.ps1' <#PICUS_REWIND#>         Engine Version = 5.1.19041.2673         Runspace ID = f48b3c10-28be-4cbd-a1ad-4f9944533a59         Pipeline ID = 1         Command Name = Set-StrictMode         Command Type = Cmdlet         Script Name =          Command Path =          Sequence Number = 80         User = DESKTOP-64-EDR\siesvc         Connected User =          Shell ID = Microsoft.PowerShell   User Data:"""
"Device=WindowsLog	AgentLogFile=Microsoft-Windows-PowerShell/Operational	PluginVersion=7.2.9.105	Source=Microsoft-Windows-PowerShell	Computer=DESKTOP-64-EDR	OriginatingComputer=DESKTOP-64-EDR	User=siesvc	Domain=DESKTOP-64-EDR	EventID=4103	EventIDCode=4103	EventType=4	EventCategory=106	RecordNumber=2022418	TimeGenerated=1754621358	TimeWritten=1754621358	Level=Informational	Keywords=0	Task=ExecutePipeline	Opcode=20	Message=CommandInvocation(Set-StrictMode): ""Set-StrictMode"""" ParameterBinding(Set-StrictMode): name=""""Version""""; value=""""1.0""""   Context:         Severity = Informational         Host Name = ConsoleHost         Host Version = 5.1.19041.2673         Host ID = c8bbe172-b4b1-4c4b-95b1-5681ec0b8e24         Host Application = powershell.exe -c Unblock-File 'C:\Users\siesvc\AppData\Local\Temp\RestoreWindowDefenderStatus.ps1'; & 'C:\Users\siesvc\AppData\Local\Temp\RestoreWindowDefenderStatus.ps1' <#PICUS_REWIND#>         Engine Version = 5.1.19041.2673         Runspace ID = f48b3c10-28be-4cbd-a1ad-4f9944533a59         Pipeline ID = 1         Command Name = Set-StrictMode         Command Type = Cmdlet         Script Name =          Command Path =          Sequence Number = 78         User = DESKTOP-64-EDR\siesvc         Connected User =          Shell ID = Microsoft.PowerShell   User Data:"""
"Device=WindowsLog	AgentLogFile=Microsoft-Windows-PowerShell/Operational	PluginVersion=7.2.9.105	Source=Microsoft-Windows-PowerShell	Computer=DESKTOP-64-EDR	OriginatingComputer=DESKTOP-64-EDR	User=siesvc	Domain=DESKTOP-64-EDR	EventID=4103	EventIDCode=4103	EventType=4	EventCategory=106	RecordNumber=2022416	TimeGenerated=1754621358	TimeWritten=1754621358	Level=Informational	Keywords=0	Task=ExecutePipeline	Opcode=20	Message=CommandInvocation(Set-StrictMode): ""Set-StrictMode"""" ParameterBinding(Set-StrictMode): name=""""Version""""; value=""""1.0""""   Context:         Severity = Informational         Host Name = ConsoleHost         Host Version = 5.1.19041.2673         Host ID = c8bbe172-b4b1-4c4b-95b1-5681ec0b8e24         Host Application = powershell.exe -c Unblock-File 'C:\Users\siesvc\AppData\Local\Temp\RestoreWindowDefenderStatus.ps1'; & 'C:\Users\siesvc\AppData\Local\Temp\RestoreWindowDefenderStatus.ps1' <#PICUS_REWIND#>         Engine Version = 5.1.19041.2673         Runspace ID = f48b3c10-28be-4cbd-a1ad-4f9944533a59         Pipeline ID = 1         Command Name = Set-StrictMode         Command Type = Cmdlet         Script Name =          Command Path =          Sequence Number = 74         User = DESKTOP-64-EDR\siesvc         Connected User =          Shell ID = Microsoft.PowerShell   User Data:"""
"Device=WindowsLog	AgentLogFile=Microsoft-Windows-PowerShell/Operational	PluginVersion=7.2.9.105	Source=Microsoft-Windows-PowerShell	Computer=DESKTOP-64-EDR	OriginatingComputer=DESKTOP-64-EDR	User=siesvc	Domain=DESKTOP-64-EDR	EventID=4103	EventIDCode=4103	EventType=4	EventCategory=106	RecordNumber=2022417	TimeGenerated=1754621358	TimeWritten=1754621358	Level=Informational	Keywords=0	Task=ExecutePipeline	Opcode=20	Message=CommandInvocation(Set-StrictMode): ""Set-StrictMode"""" ParameterBinding(Set-StrictMode): name=""""Version""""; value=""""1.0""""   Context:         Severity = Informational         Host Name = ConsoleHost         Host Version = 5.1.19041.2673         Host ID = c8bbe172-b4b1-4c4b-95b1-5681ec0b8e24         Host Application = powershell.exe -c Unblock-File 'C:\Users\siesvc\AppData\Local\Temp\RestoreWindowDefenderStatus.ps1'; & 'C:\Users\siesvc\AppData\Local\Temp\RestoreWindowDefenderStatus.ps1' <#PICUS_REWIND#>         Engine Version = 5.1.19041.2673         Runspace ID = f48b3c10-28be-4cbd-a1ad-4f9944533a59         Pipeline ID = 1         Command Name = Set-StrictMode         Command Type = Cmdlet         Script Name =          Command Path =          Sequence Number = 76         User = DESKTOP-64-EDR\siesvc         Connected User =          Shell ID = Microsoft.PowerShell   User Data:"""
"Device=WindowsLog	AgentLogFile=Microsoft-Windows-PowerShell/Operational	PluginVersion=7.2.9.105	Source=Microsoft-Windows-PowerShell	Computer=DESKTOP-64-EDR	OriginatingComputer=DESKTOP-64-EDR	User=siesvc	Domain=DESKTOP-64-EDR	EventID=4103	EventIDCode=4103	EventType=4	EventCategory=106	RecordNumber=2022412	TimeGenerated=1754621358	TimeWritten=1754621358	Level=Informational	Keywords=0	Task=ExecutePipeline	Opcode=20	Message=CommandInvocation(Set-StrictMode): ""Set-StrictMode"""" ParameterBinding(Set-StrictMode): name=""""Version""""; value=""""1.0""""   Context:         Severity = Informational         Host Name = Default Host         Host Version = 5.1.19041.2673         Host ID = 81dff7f6-fed2-493f-8ea4-02472b847a3a         Host Application = powershell.exe -c Unblock-File 'C:\Users\siesvc\AppData\Local\Temp\RestoreWindowDefenderStatus.ps1'; & 'C:\Users\siesvc\AppData\Local\Temp\RestoreWindowDefenderStatus.ps1' <#PICUS_REWIND#>         Engine Version = 5.1.19041.2673         Runspace ID = 6d57de79-85d4-4a77-8f0c-d4bfe224fc88         Pipeline ID = 1         Command Name = Set-StrictMode         Command Type = Cmdlet         Script Name =          Command Path =          Sequence Number = 68         User = DESKTOP-64-EDR\siesvc         Connected User =          Shell ID = Microsoft.PowerShell   User Data:"""
"Device=WindowsLog	AgentLogFile=Microsoft-Windows-PowerShell/Operational	PluginVersion=7.2.9.105	Source=Microsoft-Windows-PowerShell	Computer=DESKTOP-64-EDR	OriginatingComputer=DESKTOP-64-EDR	User=siesvc	Domain=DESKTOP-64-EDR	EventID=4103	EventIDCode=4103	EventType=4	EventCategory=106	RecordNumber=2022414	TimeGenerated=1754621358	TimeWritten=1754621358	Level=Informational	Keywords=0	Task=ExecutePipeline	Opcode=20	Message=CommandInvocation(Set-StrictMode): ""Set-StrictMode"""" ParameterBinding(Set-StrictMode): name=""""Version""""; value=""""1.0""""   Context:         Severity = Informational         Host Name = Default Host         Host Version = 5.1.19041.2673         Host ID = 81dff7f6-fed2-493f-8ea4-02472b847a3a         Host Application = powershell.exe -c Unblock-File 'C:\Users\siesvc\AppData\Local\Temp\RestoreWindowDefenderStatus.ps1'; & 'C:\Users\siesvc\AppData\Local\Temp\RestoreWindowDefenderStatus.ps1' <#PICUS_REWIND#>         Engine Version = 5.1.19041.2673         Runspace ID = 6d57de79-85d4-4a77-8f0c-d4bfe224fc88         Pipeline ID = 1         Command Name = Set-StrictMode         Command Type = Cmdlet         Script Name =          Command Path =          Sequence Number = 70         User = DESKTOP-64-EDR\siesvc         Connected User =          Shell ID = Microsoft.PowerShell   User Data:"""
"Device=WindowsLog	AgentLogFile=Microsoft-Windows-PowerShell/Operational	PluginVersion=7.2.9.105	Source=Microsoft-Windows-PowerShell	Computer=DESKTOP-64-EDR	OriginatingComputer=DESKTOP-64-EDR	User=siesvc	Domain=DESKTOP-64-EDR	EventID=4103	EventIDCode=4103	EventType=4	EventCategory=106	RecordNumber=2022410	TimeGenerated=1754621358	TimeWritten=1754621358	Level=Informational	Keywords=0	Task=ExecutePipeline	Opcode=20	Message=CommandInvocation(Set-StrictMode): ""Set-StrictMode"""" ParameterBinding(Set-StrictMode): name=""""Version""""; value=""""1.0""""   Context:         Severity = Informational         Host Name = Default Host         Host Version = 5.1.19041.2673         Host ID = 81dff7f6-fed2-493f-8ea4-02472b847a3a         Host Application = powershell.exe -c Unblock-File 'C:\Users\siesvc\AppData\Local\Temp\RestoreWindowDefenderStatus.ps1'; & 'C:\Users\siesvc\AppData\Local\Temp\RestoreWindowDefenderStatus.ps1' <#PICUS_REWIND#>         Engine Version = 5.1.19041.2673         Runspace ID = 6d57de79-85d4-4a77-8f0c-d4bfe224fc88         Pipeline ID = 1         Command Name = Set-StrictMode         Command Type = Cmdlet         Script Name =          Command Path =          Sequence Number = 66         User = DESKTOP-64-EDR\siesvc         Connected User =          Shell ID = Microsoft.PowerShell   User Data:"""
"Device=WindowsLog	AgentLogFile=Microsoft-Windows-PowerShell/Operational	PluginVersion=7.2.9.105	Source=Microsoft-Windows-PowerShell	Computer=DESKTOP-64-EDR	OriginatingComputer=DESKTOP-64-EDR	User=siesvc	Domain=DESKTOP-64-EDR	EventID=4103	EventIDCode=4103	EventType=4	EventCategory=106	RecordNumber=2022408	TimeGenerated=1754621358	TimeWritten=1754621358	Level=Informational	Keywords=0	Task=ExecutePipeline	Opcode=20	Message=CommandInvocation(Set-StrictMode): ""Set-StrictMode"""" ParameterBinding(Set-StrictMode): name=""""Version""""; value=""""1.0""""   Context:         Severity = Informational         Host Name = Default Host         Host Version = 5.1.19041.2673         Host ID = 81dff7f6-fed2-493f-8ea4-02472b847a3a         Host Application = powershell.exe -c Unblock-File 'C:\Users\siesvc\AppData\Local\Temp\RestoreWindowDefenderStatus.ps1'; & 'C:\Users\siesvc\AppData\Local\Temp\RestoreWindowDefenderStatus.ps1' <#PICUS_REWIND#>         Engine Version = 5.1.19041.2673         Runspace ID = 6d57de79-85d4-4a77-8f0c-d4bfe224fc88         Pipeline ID = 1         Command Name = Set-StrictMode         Command Type = Cmdlet         Script Name =          Command Path =          Sequence Number = 64         User = DESKTOP-64-EDR\siesvc         Connected User =          Shell ID = Microsoft.PowerShell   User Data:"""
"Device=WindowsLog	AgentLogFile=Microsoft-Windows-PowerShell/Operational	PluginVersion=7.2.9.105	Source=Microsoft-Windows-PowerShell	Computer=DESKTOP-64-EDR	OriginatingComputer=DESKTOP-64-EDR	User=siesvc	Domain=DESKTOP-64-EDR	EventID=4103	EventIDCode=4103	EventType=4	EventCategory=106	RecordNumber=2022406	TimeGenerated=1754621358	TimeWritten=1754621358	Level=Informational	Keywords=0	Task=ExecutePipeline	Opcode=20	Message=CommandInvocation(Set-StrictMode): ""Set-StrictMode"""" ParameterBinding(Set-StrictMode): name=""""Version""""; value=""""1.0""""   Context:         Severity = Informational         Host Name = ConsoleHost         Host Version = 5.1.19041.2673         Host ID = c8bbe172-b4b1-4c4b-95b1-5681ec0b8e24         Host Application = powershell.exe -c Unblock-File 'C:\Users\siesvc\AppData\Local\Temp\RestoreWindowDefenderStatus.ps1'; & 'C:\Users\siesvc\AppData\Local\Temp\RestoreWindowDefenderStatus.ps1' <#PICUS_REWIND#>         Engine Version = 5.1.19041.2673         Runspace ID = f48b3c10-28be-4cbd-a1ad-4f9944533a59         Pipeline ID = 1         Command Name = Set-StrictMode         Command Type = Cmdlet         Script Name =          Command Path =          Sequence Number = 48         User = DESKTOP-64-EDR\siesvc         Connected User =          Shell ID = Microsoft.PowerShell   User Data:"""
"Device=WindowsLog	AgentLogFile=Microsoft-Windows-PowerShell/Operational	PluginVersion=7.2.9.105	Source=Microsoft-Windows-PowerShell	Computer=DESKTOP-64-EDR	OriginatingComputer=DESKTOP-64-EDR	User=siesvc	Domain=DESKTOP-64-EDR	EventID=4103	EventIDCode=4103	EventType=4	EventCategory=106	RecordNumber=2022404	TimeGenerated=1754621358	TimeWritten=1754621358	Level=Informational	Keywords=0	Task=ExecutePipeline	Opcode=20	Message=CommandInvocation(Set-StrictMode): ""Set-StrictMode"""" ParameterBinding(Set-StrictMode): name=""""Version""""; value=""""1.0""""   Context:         Severity = Informational         Host Name = ConsoleHost         Host Version = 5.1.19041.2673         Host ID = c8bbe172-b4b1-4c4b-95b1-5681ec0b8e24         Host Application = powershell.exe -c Unblock-File 'C:\Users\siesvc\AppData\Local\Temp\RestoreWindowDefenderStatus.ps1'; & 'C:\Users\siesvc\AppData\Local\Temp\RestoreWindowDefenderStatus.ps1' <#PICUS_REWIND#>         Engine Version = 5.1.19041.2673         Runspace ID = f48b3c10-28be-4cbd-a1ad-4f9944533a59         Pipeline ID = 1         Command Name = Set-StrictMode         Command Type = Cmdlet         Script Name =          Command Path =          Sequence Number = 46         User = DESKTOP-64-EDR\siesvc         Connected User =          Shell ID = Microsoft.PowerShell   User Data:"""
"Device=WindowsLog	AgentLogFile=Microsoft-Windows-PowerShell/Operational	PluginVersion=7.2.9.105	Source=Microsoft-Windows-PowerShell	Computer=DESKTOP-64-EDR	OriginatingComputer=DESKTOP-64-EDR	User=siesvc	Domain=DESKTOP-64-EDR	EventID=4103	EventIDCode=4103	EventType=4	EventCategory=106	RecordNumber=2022402	TimeGenerated=1754621358	TimeWritten=1754621358	Level=Informational	Keywords=0	Task=ExecutePipeline	Opcode=20	Message=CommandInvocation(Set-StrictMode): ""Set-StrictMode"""" ParameterBinding(Set-StrictMode): name=""""Version""""; value=""""1.0""""   Context:         Severity = Informational         Host Name = ConsoleHost         Host Version = 5.1.19041.2673         Host ID = c8bbe172-b4b1-4c4b-95b1-5681ec0b8e24         Host Application = powershell.exe -c Unblock-File 'C:\Users\siesvc\AppData\Local\Temp\RestoreWindowDefenderStatus.ps1'; & 'C:\Users\siesvc\AppData\Local\Temp\RestoreWindowDefenderStatus.ps1' <#PICUS_REWIND#>         Engine Version = 5.1.19041.2673         Runspace ID = f48b3c10-28be-4cbd-a1ad-4f9944533a59         Pipeline ID = 1         Command Name = Set-StrictMode         Command Type = Cmdlet         Script Name =          Command Path =          Sequence Number = 44         User = DESKTOP-64-EDR\siesvc         Connected User =          Shell ID = Microsoft.PowerShell   User Data:"""
"Device=WindowsLog	AgentLogFile=Microsoft-Windows-PowerShell/Operational	PluginVersion=7.2.9.105	Source=Microsoft-Windows-PowerShell	Computer=DESKTOP-64-EDR	OriginatingComputer=DESKTOP-64-EDR	User=siesvc	Domain=DESKTOP-64-EDR	EventID=4103	EventIDCode=4103	EventType=4	EventCategory=106	RecordNumber=2022398	TimeGenerated=1754621358	TimeWritten=1754621358	Level=Informational	Keywords=0	Task=ExecutePipeline	Opcode=20	Message=CommandInvocation(Out-String): ""Out-String"""" CommandInvocation(Out-Default): """"Out-Default"""" ParameterBinding(Out-Default): name=""""Transcript""""; value=""""True"""" ParameterBinding(Out-String): name=""""InputObject""""; value=""""Exception calling """"ReadAllText"""" with """"1"""" argument(s): """"Could not find file 'C:\Users\siesvc\AppData\Local\Temp\mppreference_status.txt'."""""""" ParameterBinding(Out-Default): name=""""InputObject""""; value=""""Exception calling """"ReadAllText"""" with """"1"""" argument(s): """"Could not find file  'C:\Users\siesvc\AppData\Local\Temp\mppreference_status.txt'."""" At C:\Users\siesvc\AppData\Local\Temp\RestoreWindowDefenderStatus.ps1:10 char:5 +     $config = [io.file]::ReadAllText($env:TEMP + """"\"""" + $ConfigFile).s ... +     ~~~~~~~~~~~~~~~~~~~~~~~~~~~~~~~~~~~~~~~~~~~~~~~~~~~~~~~~~~~~~~~~~     + CategoryInfo          : NotSpecified: (:) []"
"Device=WindowsLog	AgentLogFile=Microsoft-Windows-PowerShell/Operational	PluginVersion=7.2.9.105	Source=Microsoft-Windows-PowerShell	Computer=DESKTOP-64-EDR	OriginatingComputer=DESKTOP-64-EDR	User=siesvc	Domain=DESKTOP-64-EDR	EventID=4103	EventIDCode=4103	EventType=4	EventCategory=106	RecordNumber=2022400	TimeGenerated=1754621358	TimeWritten=1754621358	Level=Informational	Keywords=0	Task=ExecutePipeline	Opcode=20	Message=CommandInvocation(Set-StrictMode): ""Set-StrictMode"""" ParameterBinding(Set-StrictMode): name=""""Version""""; value=""""1.0""""   Context:         Severity = Informational         Host Name = ConsoleHost         Host Version = 5.1.19041.2673         Host ID = c8bbe172-b4b1-4c4b-95b1-5681ec0b8e24         Host Application = powershell.exe -c Unblock-File 'C:\Users\siesvc\AppData\Local\Temp\RestoreWindowDefenderStatus.ps1'; & 'C:\Users\siesvc\AppData\Local\Temp\RestoreWindowDefenderStatus.ps1' <#PICUS_REWIND#>         Engine Version = 5.1.19041.2673         Runspace ID = f48b3c10-28be-4cbd-a1ad-4f9944533a59         Pipeline ID = 1         Command Name = Set-StrictMode         Command Type = Cmdlet         Script Name =          Command Path =          Sequence Number = 42         User = DESKTOP-64-EDR\siesvc         Connected User =          Shell ID = Microsoft.PowerShell   User Data:"""
"Device=WindowsLog	AgentLogFile=Microsoft-Windows-PowerShell/Operational	PluginVersion=7.2.9.105	Source=Microsoft-Windows-PowerShell	Computer=DESKTOP-64-EDR	OriginatingComputer=DESKTOP-64-EDR	User=siesvc	Domain=DESKTOP-64-EDR	EventID=4103	EventIDCode=4103	EventType=4	EventCategory=106	RecordNumber=2022397	TimeGenerated=1754621358	TimeWritten=1754621358	Level=Informational	Keywords=0	Task=ExecutePipeline	Opcode=20	Message=CommandInvocation(Set-StrictMode): ""Set-StrictMode"""" ParameterBinding(Set-StrictMode): name=""""Version""""; value=""""1.0""""   Context:         Severity = Informational         Host Name = Default Host         Host Version = 5.1.19041.2673         Host ID = 979fd924-87f3-4eda-a210-5f5476679adf         Host Application = powershell.exe -c Unblock-File 'C:\Users\siesvc\AppData\Local\Temp\RestoreWindowDefenderStatus.ps1'; & 'C:\Users\siesvc\AppData\Local\Temp\RestoreWindowDefenderStatus.ps1' <#PICUS_REWIND#>         Engine Version = 5.1.19041.2673         Runspace ID = f4818f53-ac61-4a39-86f8-1362dd71d3e6         Pipeline ID = 1         Command Name = Set-StrictMode         Command Type = Cmdlet         Script Name =          Command Path =          Sequence Number = 38         User = DESKTOP-64-EDR\siesvc         Connected User =          Shell ID = Microsoft.PowerShell   User Data:"""
"Device=WindowsLog	AgentLogFile=Microsoft-Windows-PowerShell/Operational	PluginVersion=7.2.9.105	Source=Microsoft-Windows-PowerShell	Computer=DESKTOP-64-EDR	OriginatingComputer=DESKTOP-64-EDR	User=siesvc	Domain=DESKTOP-64-EDR	EventID=4103	EventIDCode=4103	EventType=4	EventCategory=106	RecordNumber=2022395	TimeGenerated=1754621358	TimeWritten=1754621358	Level=Informational	Keywords=0	Task=ExecutePipeline	Opcode=20	Message=CommandInvocation(Set-StrictMode): ""Set-StrictMode"""" ParameterBinding(Set-StrictMode): name=""""Version""""; value=""""1.0""""   Context:         Severity = Informational         Host Name = Default Host         Host Version = 5.1.19041.2673         Host ID = 979fd924-87f3-4eda-a210-5f5476679adf         Host Application = powershell.exe -c Unblock-File 'C:\Users\siesvc\AppData\Local\Temp\RestoreWindowDefenderStatus.ps1'; & 'C:\Users\siesvc\AppData\Local\Temp\RestoreWindowDefenderStatus.ps1' <#PICUS_REWIND#>         Engine Version = 5.1.19041.2673         Runspace ID = f4818f53-ac61-4a39-86f8-1362dd71d3e6         Pipeline ID = 1         Command Name = Set-StrictMode         Command Type = Cmdlet         Script Name =          Command Path =          Sequence Number = 36         User = DESKTOP-64-EDR\siesvc         Connected User =          Shell ID = Microsoft.PowerShell   User Data:"""
"Device=WindowsLog	AgentLogFile=Microsoft-Windows-PowerShell/Operational	PluginVersion=7.2.9.105	Source=Microsoft-Windows-PowerShell	Computer=DESKTOP-64-EDR	OriginatingComputer=DESKTOP-64-EDR	User=siesvc	Domain=DESKTOP-64-EDR	EventID=4103	EventIDCode=4103	EventType=4	EventCategory=106	RecordNumber=2022393	TimeGenerated=1754621357	TimeWritten=1754621357	Level=Informational	Keywords=0	Task=ExecutePipeline	Opcode=20	Message=CommandInvocation(Set-StrictMode): ""Set-StrictMode"""" ParameterBinding(Set-StrictMode): name=""""Version""""; value=""""1.0""""   Context:         Severity = Informational         Host Name = Default Host         Host Version = 5.1.19041.2673         Host ID = 979fd924-87f3-4eda-a210-5f5476679adf         Host Application = powershell.exe -c Unblock-File 'C:\Users\siesvc\AppData\Local\Temp\RestoreWindowDefenderStatus.ps1'; & 'C:\Users\siesvc\AppData\Local\Temp\RestoreWindowDefenderStatus.ps1' <#PICUS_REWIND#>         Engine Version = 5.1.19041.2673         Runspace ID = f4818f53-ac61-4a39-86f8-1362dd71d3e6         Pipeline ID = 1         Command Name = Set-StrictMode         Command Type = Cmdlet         Script Name =          Command Path =          Sequence Number = 34         User = DESKTOP-64-EDR\siesvc         Connected User =          Shell ID = Microsoft.PowerShell   User Data:"""
