"Device=WindowsLog	AgentLogFile=Security	PluginVersion=7.2.9.105	Source=Microsoft-Windows-Security-Auditing	Computer=DESKTOP-64-EDR	OriginatingComputer=192.168.153.166	User=	Domain=	EventID=4624	EventIDCode=4624	EventType=8	EventCategory=12544	RecordNumber=8557003	TimeGenerated=1754646521	TimeWritten=1754646521	Level=0	Keywords=0	Task=0	Opcode=0	Message=An account was successfully logged on.  Subject:  Security ID:  NT AUTHORITY\SYSTEM  Account Name:  DESKTOP-64-EDR$  Account Domain:  BOCHK.COM  Logon ID:  0x3e7  Logon Information:  Logon Type:  2  Restricted Admin Mode: -  Virtual Account:  No   Elevated Token:  Yes   Impersonation Level:  Impersonation   New Logon:  Security ID:  DESKTOP-64-EDR\siesvc  Account Name:  siesvc  Account Domain:  DESKTOP-64-EDR  Logon ID:  0x10298873  Linked Logon ID:  0x102988b2  Network Account Name: -  Network Account Domain: -  Logon GUID:  {00000000-0000-0000-0000-000000000000}  Process Information:  Process ID:  0x1c6c  Process Name:  C:\Program Files\Picus Security\Picus Simulation Agent\Picus.Simulation.AgentService.exe  Network Information:  Workstation Name: DESKTOP-64-EDR  Source Network Address: -  Source Port:  -  Detailed Authentication Information:  Logon Process:  Advapi    Authentication Package: Negotiate  Transited Services: -  Package Name (NTLM only): -  Key Length:  0  This event is generated when a logon session is created. It is generated on the computer that was accessed.  The subject fields indicate the account on the local system which requested the logon. This is most commonly a service such as the Server service, or a local process such as Winlogon.exe or Services.exe.  The logon type field indicates the kind of logon that occurred. The most common types are 2 (interactive) and 3 (network).  The New Logon fields indicate the account for whom the new logon was created, i.e. the account that was logged on.  The network fields indicate where a remote logon request originated. Workstation name is not always available and may be left blank in some cases.  The impersonation level field indicates the extent to which a process in the logon session can impersonate.  The authentication information fields provide detailed information about this specific logon request.  - Logon GUID is a unique identifier that can be used to correlate this event with a KDC event.  - Transited services indicate which intermediate services have participated in this logon request.  - Package name indicates which sub-protocol was used among the NTLM protocols.  - Key length indicates the length of the generated session key. This will be 0 if no session key was requested."
"Device=WindowsLog	AgentLogFile=Security	PluginVersion=7.2.9.105	Source=Microsoft-Windows-Security-Auditing	Computer=DESKTOP-64-EDR	OriginatingComputer=192.168.153.166	User=	Domain=	EventID=4624	EventIDCode=4624	EventType=8	EventCategory=12544	RecordNumber=8556998	TimeGenerated=1754646521	TimeWritten=1754646521	Level=0	Keywords=0	Task=0	Opcode=0	Message=An account was successfully logged on.  Subject:  Security ID:  NT AUTHORITY\SYSTEM  Account Name:  DESKTOP-64-EDR$  Account Domain:  BOCHK.COM  Logon ID:  0x3e7  Logon Information:  Logon Type:  2  Restricted Admin Mode: -  Virtual Account:  No   Elevated Token:  Yes   Impersonation Level:  Impersonation   New Logon:  Security ID:  DESKTOP-64-EDR\siesvc  Account Name:  siesvc  Account Domain:  DESKTOP-64-EDR  Logon ID:  0x102985ac  Linked Logon ID:  0x102985eb  Network Account Name: -  Network Account Domain: -  Logon GUID:  {00000000-0000-0000-0000-000000000000}  Process Information:  Process ID:  0x1c6c  Process Name:  C:\Program Files\Picus Security\Picus Simulation Agent\Picus.Simulation.AgentService.exe  Network Information:  Workstation Name: DESKTOP-64-EDR  Source Network Address: -  Source Port:  -  Detailed Authentication Information:  Logon Process:  Advapi    Authentication Package: Negotiate  Transited Services: -  Package Name (NTLM only): -  Key Length:  0  This event is generated when a logon session is created. It is generated on the computer that was accessed.  The subject fields indicate the account on the local system which requested the logon. This is most commonly a service such as the Server service, or a local process such as Winlogon.exe or Services.exe.  The logon type field indicates the kind of logon that occurred. The most common types are 2 (interactive) and 3 (network).  The New Logon fields indicate the account for whom the new logon was created, i.e. the account that was logged on.  The network fields indicate where a remote logon request originated. Workstation name is not always available and may be left blank in some cases.  The impersonation level field indicates the extent to which a process in the logon session can impersonate.  The authentication information fields provide detailed information about this specific logon request.  - Logon GUID is a unique identifier that can be used to correlate this event with a KDC event.  - Transited services indicate which intermediate services have participated in this logon request.  - Package name indicates which sub-protocol was used among the NTLM protocols.  - Key length indicates the length of the generated session key. This will be 0 if no session key was requested."
"Device=WindowsLog	AgentLogFile=Security	PluginVersion=7.2.9.105	Source=Microsoft-Windows-Security-Auditing	Computer=DESKTOP-64-EDR	OriginatingComputer=192.168.153.166	User=	Domain=	EventID=4648	EventIDCode=4648	EventType=8	EventCategory=12544	RecordNumber=8556997	TimeGenerated=1754646521	TimeWritten=1754646521	Level=0	Keywords=0	Task=0	Opcode=0	Message=A logon was attempted using explicit credentials.  Subject:  Security ID:  NT AUTHORITY\SYSTEM  Account Name:  DESKTOP-64-EDR$  Account Domain:  BOCHK.COM  Logon ID:  0x3e7  Logon GUID:  {00000000-0000-0000-0000-000000000000}  Account Whose Credentials Were Used:  Account Name:  siesvc  Account Domain:  DESKTOP-64-EDR  Logon GUID:  {00000000-0000-0000-0000-000000000000}  Target Server:  Target Server Name: localhost  Additional Information: localhost  Process Information:  Process ID:  0x1c6c  Process Name:  C:\Program Files\Picus Security\Picus Simulation Agent\Picus.Simulation.AgentService.exe  Network Information:  Network Address: -  Port:   -  This event is generated when a process attempts to log on an account by explicitly specifying that account’s credentials.  This most commonly occurs in batch-type configurations such as scheduled tasks, or when using the RUNAS command."
"Device=WindowsLog	AgentLogFile=Security	PluginVersion=7.2.9.105	Source=Microsoft-Windows-Security-Auditing	Computer=DESKTOP-64-EDR	OriginatingComputer=192.168.153.166	User=	Domain=	EventID=4624	EventIDCode=4624	EventType=8	EventCategory=12544	RecordNumber=8556983	TimeGenerated=1754646520	TimeWritten=1754646520	Level=0	Keywords=0	Task=0	Opcode=0	Message=An account was successfully logged on.  Subject:  Security ID:  NT AUTHORITY\SYSTEM  Account Name:  DESKTOP-64-EDR$  Account Domain:  BOCHK.COM  Logon ID:  0x3e7  Logon Information:  Logon Type:  2  Restricted Admin Mode: -  Virtual Account:  No   Elevated Token:  Yes   Impersonation Level:  Impersonation   New Logon:  Security ID:  DESKTOP-64-EDR\siesvc  Account Name:  siesvc  Account Domain:  DESKTOP-64-EDR  Logon ID:  0x10297dc2  Linked Logon ID:  0x10297e01  Network Account Name: -  Network Account Domain: -  Logon GUID:  {00000000-0000-0000-0000-000000000000}  Process Information:  Process ID:  0x1c6c  Process Name:  C:\Program Files\Picus Security\Picus Simulation Agent\Picus.Simulation.AgentService.exe  Network Information:  Workstation Name: DESKTOP-64-EDR  Source Network Address: -  Source Port:  -  Detailed Authentication Information:  Logon Process:  Advapi    Authentication Package: Negotiate  Transited Services: -  Package Name (NTLM only): -  Key Length:  0  This event is generated when a logon session is created. It is generated on the computer that was accessed.  The subject fields indicate the account on the local system which requested the logon. This is most commonly a service such as the Server service, or a local process such as Winlogon.exe or Services.exe.  The logon type field indicates the kind of logon that occurred. The most common types are 2 (interactive) and 3 (network).  The New Logon fields indicate the account for whom the new logon was created, i.e. the account that was logged on.  The network fields indicate where a remote logon request originated. Workstation name is not always available and may be left blank in some cases.  The impersonation level field indicates the extent to which a process in the logon session can impersonate.  The authentication information fields provide detailed information about this specific logon request.  - Logon GUID is a unique identifier that can be used to correlate this event with a KDC event.  - Transited services indicate which intermediate services have participated in this logon request.  - Package name indicates which sub-protocol was used among the NTLM protocols.  - Key length indicates the length of the generated session key. This will be 0 if no session key was requested."
"Device=WindowsLog	AgentLogFile=Security	PluginVersion=7.2.9.105	Source=Microsoft-Windows-Security-Auditing	Computer=DESKTOP-64-EDR	OriginatingComputer=192.168.153.166	User=	Domain=	EventID=4624	EventIDCode=4624	EventType=8	EventCategory=12544	RecordNumber=8556994	TimeGenerated=1754646520	TimeWritten=1754646520	Level=0	Keywords=0	Task=0	Opcode=0	Message=An account was successfully logged on.  Subject:  Security ID:  NT AUTHORITY\SYSTEM  Account Name:  DESKTOP-64-EDR$  Account Domain:  BOCHK.COM  Logon ID:  0x3e7  Logon Information:  Logon Type:  2  Restricted Admin Mode: -  Virtual Account:  No   Elevated Token:  No   Impersonation Level:  Impersonation   New Logon:  Security ID:  DESKTOP-64-EDR\siesvc  Account Name:  siesvc  Account Domain:  DESKTOP-64-EDR  Logon ID:  0x10298391  Linked Logon ID:  0x10298352  Network Account Name: -  Network Account Domain: -  Logon GUID:  {00000000-0000-0000-0000-000000000000}  Process Information:  Process ID:  0x1c6c  Process Name:  C:\Program Files\Picus Security\Picus Simulation Agent\Picus.Simulation.AgentService.exe  Network Information:  Workstation Name: DESKTOP-64-EDR  Source Network Address: -  Source Port:  -  Detailed Authentication Information:  Logon Process:  Advapi    Authentication Package: Negotiate  Transited Services: -  Package Name (NTLM only): -  Key Length:  0  This event is generated when a logon session is created. It is generated on the computer that was accessed.  The subject fields indicate the account on the local system which requested the logon. This is most commonly a service such as the Server service, or a local process such as Winlogon.exe or Services.exe.  The logon type field indicates the kind of logon that occurred. The most common types are 2 (interactive) and 3 (network).  The New Logon fields indicate the account for whom the new logon was created, i.e. the account that was logged on.  The network fields indicate where a remote logon request originated. Workstation name is not always available and may be left blank in some cases.  The impersonation level field indicates the extent to which a process in the logon session can impersonate.  The authentication information fields provide detailed information about this specific logon request.  - Logon GUID is a unique identifier that can be used to correlate this event with a KDC event.  - Transited services indicate which intermediate services have participated in this logon request.  - Package name indicates which sub-protocol was used among the NTLM protocols.  - Key length indicates the length of the generated session key. This will be 0 if no session key was requested."
"Device=WindowsLog	AgentLogFile=Security	PluginVersion=7.2.9.105	Source=Microsoft-Windows-Security-Auditing	Computer=DESKTOP-64-EDR	OriginatingComputer=192.168.153.166	User=	Domain=	EventID=4624	EventIDCode=4624	EventType=8	EventCategory=12544	RecordNumber=8556993	TimeGenerated=1754646520	TimeWritten=1754646520	Level=0	Keywords=0	Task=0	Opcode=0	Message=An account was successfully logged on.  Subject:  Security ID:  NT AUTHORITY\SYSTEM  Account Name:  DESKTOP-64-EDR$  Account Domain:  BOCHK.COM  Logon ID:  0x3e7  Logon Information:  Logon Type:  2  Restricted Admin Mode: -  Virtual Account:  No   Elevated Token:  Yes   Impersonation Level:  Impersonation   New Logon:  Security ID:  DESKTOP-64-EDR\siesvc  Account Name:  siesvc  Account Domain:  DESKTOP-64-EDR  Logon ID:  0x10298352  Linked Logon ID:  0x10298391  Network Account Name: -  Network Account Domain: -  Logon GUID:  {00000000-0000-0000-0000-000000000000}  Process Information:  Process ID:  0x1c6c  Process Name:  C:\Program Files\Picus Security\Picus Simulation Agent\Picus.Simulation.AgentService.exe  Network Information:  Workstation Name: DESKTOP-64-EDR  Source Network Address: -  Source Port:  -  Detailed Authentication Information:  Logon Process:  Advapi    Authentication Package: Negotiate  Transited Services: -  Package Name (NTLM only): -  Key Length:  0  This event is generated when a logon session is created. It is generated on the computer that was accessed.  The subject fields indicate the account on the local system which requested the logon. This is most commonly a service such as the Server service, or a local process such as Winlogon.exe or Services.exe.  The logon type field indicates the kind of logon that occurred. The most common types are 2 (interactive) and 3 (network).  The New Logon fields indicate the account for whom the new logon was created, i.e. the account that was logged on.  The network fields indicate where a remote logon request originated. Workstation name is not always available and may be left blank in some cases.  The impersonation level field indicates the extent to which a process in the logon session can impersonate.  The authentication information fields provide detailed information about this specific logon request.  - Logon GUID is a unique identifier that can be used to correlate this event with a KDC event.  - Transited services indicate which intermediate services have participated in this logon request.  - Package name indicates which sub-protocol was used among the NTLM protocols.  - Key length indicates the length of the generated session key. This will be 0 if no session key was requested."
"Device=WindowsLog	AgentLogFile=Security	PluginVersion=7.2.9.105	Source=Microsoft-Windows-Security-Auditing	Computer=DESKTOP-64-EDR	OriginatingComputer=192.168.153.166	User=	Domain=	EventID=4624	EventIDCode=4624	EventType=8	EventCategory=12544	RecordNumber=8556989	TimeGenerated=1754646520	TimeWritten=1754646520	Level=0	Keywords=0	Task=0	Opcode=0	Message=An account was successfully logged on.  Subject:  Security ID:  NT AUTHORITY\SYSTEM  Account Name:  DESKTOP-64-EDR$  Account Domain:  BOCHK.COM  Logon ID:  0x3e7  Logon Information:  Logon Type:  2  Restricted Admin Mode: -  Virtual Account:  No   Elevated Token:  No   Impersonation Level:  Impersonation   New Logon:  Security ID:  DESKTOP-64-EDR\siesvc  Account Name:  siesvc  Account Domain:  DESKTOP-64-EDR  Logon ID:  0x10298063  Linked Logon ID:  0x10298024  Network Account Name: -  Network Account Domain: -  Logon GUID:  {00000000-0000-0000-0000-000000000000}  Process Information:  Process ID:  0x1c6c  Process Name:  C:\Program Files\Picus Security\Picus Simulation Agent\Picus.Simulation.AgentService.exe  Network Information:  Workstation Name: DESKTOP-64-EDR  Source Network Address: -  Source Port:  -  Detailed Authentication Information:  Logon Process:  Advapi    Authentication Package: Negotiate  Transited Services: -  Package Name (NTLM only): -  Key Length:  0  This event is generated when a logon session is created. It is generated on the computer that was accessed.  The subject fields indicate the account on the local system which requested the logon. This is most commonly a service such as the Server service, or a local process such as Winlogon.exe or Services.exe.  The logon type field indicates the kind of logon that occurred. The most common types are 2 (interactive) and 3 (network).  The New Logon fields indicate the account for whom the new logon was created, i.e. the account that was logged on.  The network fields indicate where a remote logon request originated. Workstation name is not always available and may be left blank in some cases.  The impersonation level field indicates the extent to which a process in the logon session can impersonate.  The authentication information fields provide detailed information about this specific logon request.  - Logon GUID is a unique identifier that can be used to correlate this event with a KDC event.  - Transited services indicate which intermediate services have participated in this logon request.  - Package name indicates which sub-protocol was used among the NTLM protocols.  - Key length indicates the length of the generated session key. This will be 0 if no session key was requested."
"Device=WindowsLog	AgentLogFile=Security	PluginVersion=7.2.9.105	Source=Microsoft-Windows-Security-Auditing	Computer=DESKTOP-64-EDR	OriginatingComputer=192.168.153.166	User=	Domain=	EventID=4648	EventIDCode=4648	EventType=8	EventCategory=12544	RecordNumber=8556992	TimeGenerated=1754646520	TimeWritten=1754646520	Level=0	Keywords=0	Task=0	Opcode=0	Message=A logon was attempted using explicit credentials.  Subject:  Security ID:  NT AUTHORITY\SYSTEM  Account Name:  DESKTOP-64-EDR$  Account Domain:  BOCHK.COM  Logon ID:  0x3e7  Logon GUID:  {00000000-0000-0000-0000-000000000000}  Account Whose Credentials Were Used:  Account Name:  siesvc  Account Domain:  DESKTOP-64-EDR  Logon GUID:  {00000000-0000-0000-0000-000000000000}  Target Server:  Target Server Name: localhost  Additional Information: localhost  Process Information:  Process ID:  0x1c6c  Process Name:  C:\Program Files\Picus Security\Picus Simulation Agent\Picus.Simulation.AgentService.exe  Network Information:  Network Address: -  Port:   -  This event is generated when a process attempts to log on an account by explicitly specifying that account’s credentials.  This most commonly occurs in batch-type configurations such as scheduled tasks, or when using the RUNAS command."
"Device=WindowsLog	AgentLogFile=Security	PluginVersion=7.2.9.105	Source=Microsoft-Windows-Security-Auditing	Computer=DESKTOP-64-EDR	OriginatingComputer=192.168.153.166	User=	Domain=	EventID=4648	EventIDCode=4648	EventType=8	EventCategory=12544	RecordNumber=8556982	TimeGenerated=1754646520	TimeWritten=1754646520	Level=0	Keywords=0	Task=0	Opcode=0	Message=A logon was attempted using explicit credentials.  Subject:  Security ID:  NT AUTHORITY\SYSTEM  Account Name:  DESKTOP-64-EDR$  Account Domain:  BOCHK.COM  Logon ID:  0x3e7  Logon GUID:  {00000000-0000-0000-0000-000000000000}  Account Whose Credentials Were Used:  Account Name:  siesvc  Account Domain:  DESKTOP-64-EDR  Logon GUID:  {00000000-0000-0000-0000-000000000000}  Target Server:  Target Server Name: localhost  Additional Information: localhost  Process Information:  Process ID:  0x1c6c  Process Name:  C:\Program Files\Picus Security\Picus Simulation Agent\Picus.Simulation.AgentService.exe  Network Information:  Network Address: -  Port:   -  This event is generated when a process attempts to log on an account by explicitly specifying that account’s credentials.  This most commonly occurs in batch-type configurations such as scheduled tasks, or when using the RUNAS command."
"Device=WindowsLog	AgentLogFile=Security	PluginVersion=7.2.9.105	Source=Microsoft-Windows-Security-Auditing	Computer=DESKTOP-64-EDR	OriginatingComputer=192.168.153.166	User=	Domain=	EventID=4624	EventIDCode=4624	EventType=8	EventCategory=12544	RecordNumber=8556984	TimeGenerated=1754646520	TimeWritten=1754646520	Level=0	Keywords=0	Task=0	Opcode=0	Message=An account was successfully logged on.  Subject:  Security ID:  NT AUTHORITY\SYSTEM  Account Name:  DESKTOP-64-EDR$  Account Domain:  BOCHK.COM  Logon ID:  0x3e7  Logon Information:  Logon Type:  2  Restricted Admin Mode: -  Virtual Account:  No   Elevated Token:  No   Impersonation Level:  Impersonation   New Logon:  Security ID:  DESKTOP-64-EDR\siesvc  Account Name:  siesvc  Account Domain:  DESKTOP-64-EDR  Logon ID:  0x10297e01  Linked Logon ID:  0x10297dc2  Network Account Name: -  Network Account Domain: -  Logon GUID:  {00000000-0000-0000-0000-000000000000}  Process Information:  Process ID:  0x1c6c  Process Name:  C:\Program Files\Picus Security\Picus Simulation Agent\Picus.Simulation.AgentService.exe  Network Information:  Workstation Name: DESKTOP-64-EDR  Source Network Address: -  Source Port:  -  Detailed Authentication Information:  Logon Process:  Advapi    Authentication Package: Negotiate  Transited Services: -  Package Name (NTLM only): -  Key Length:  0  This event is generated when a logon session is created. It is generated on the computer that was accessed.  The subject fields indicate the account on the local system which requested the logon. This is most commonly a service such as the Server service, or a local process such as Winlogon.exe or Services.exe.  The logon type field indicates the kind of logon that occurred. The most common types are 2 (interactive) and 3 (network).  The New Logon fields indicate the account for whom the new logon was created, i.e. the account that was logged on.  The network fields indicate where a remote logon request originated. Workstation name is not always available and may be left blank in some cases.  The impersonation level field indicates the extent to which a process in the logon session can impersonate.  The authentication information fields provide detailed information about this specific logon request.  - Logon GUID is a unique identifier that can be used to correlate this event with a KDC event.  - Transited services indicate which intermediate services have participated in this logon request.  - Package name indicates which sub-protocol was used among the NTLM protocols.  - Key length indicates the length of the generated session key. This will be 0 if no session key was requested."
"Device=WindowsLog	AgentLogFile=Security	PluginVersion=7.2.9.105	Source=Microsoft-Windows-Security-Auditing	Computer=DESKTOP-64-EDR	OriginatingComputer=192.168.153.166	User=	Domain=	EventID=4624	EventIDCode=4624	EventType=8	EventCategory=12544	RecordNumber=8556988	TimeGenerated=1754646520	TimeWritten=1754646520	Level=0	Keywords=0	Task=0	Opcode=0	Message=An account was successfully logged on.  Subject:  Security ID:  NT AUTHORITY\SYSTEM  Account Name:  DESKTOP-64-EDR$  Account Domain:  BOCHK.COM  Logon ID:  0x3e7  Logon Information:  Logon Type:  2  Restricted Admin Mode: -  Virtual Account:  No   Elevated Token:  Yes   Impersonation Level:  Impersonation   New Logon:  Security ID:  DESKTOP-64-EDR\siesvc  Account Name:  siesvc  Account Domain:  DESKTOP-64-EDR  Logon ID:  0x10298024  Linked Logon ID:  0x10298063  Network Account Name: -  Network Account Domain: -  Logon GUID:  {00000000-0000-0000-0000-000000000000}  Process Information:  Process ID:  0x1c6c  Process Name:  C:\Program Files\Picus Security\Picus Simulation Agent\Picus.Simulation.AgentService.exe  Network Information:  Workstation Name: DESKTOP-64-EDR  Source Network Address: -  Source Port:  -  Detailed Authentication Information:  Logon Process:  Advapi    Authentication Package: Negotiate  Transited Services: -  Package Name (NTLM only): -  Key Length:  0  This event is generated when a logon session is created. It is generated on the computer that was accessed.  The subject fields indicate the account on the local system which requested the logon. This is most commonly a service such as the Server service, or a local process such as Winlogon.exe or Services.exe.  The logon type field indicates the kind of logon that occurred. The most common types are 2 (interactive) and 3 (network).  The New Logon fields indicate the account for whom the new logon was created, i.e. the account that was logged on.  The network fields indicate where a remote logon request originated. Workstation name is not always available and may be left blank in some cases.  The impersonation level field indicates the extent to which a process in the logon session can impersonate.  The authentication information fields provide detailed information about this specific logon request.  - Logon GUID is a unique identifier that can be used to correlate this event with a KDC event.  - Transited services indicate which intermediate services have participated in this logon request.  - Package name indicates which sub-protocol was used among the NTLM protocols.  - Key length indicates the length of the generated session key. This will be 0 if no session key was requested."
"Device=WindowsLog	AgentLogFile=Security	PluginVersion=7.2.9.105	Source=Microsoft-Windows-Security-Auditing	Computer=DESKTOP-64-EDR	OriginatingComputer=192.168.153.166	User=	Domain=	EventID=4648	EventIDCode=4648	EventType=8	EventCategory=12544	RecordNumber=8556987	TimeGenerated=1754646520	TimeWritten=1754646520	Level=0	Keywords=0	Task=0	Opcode=0	Message=A logon was attempted using explicit credentials.  Subject:  Security ID:  NT AUTHORITY\SYSTEM  Account Name:  DESKTOP-64-EDR$  Account Domain:  BOCHK.COM  Logon ID:  0x3e7  Logon GUID:  {00000000-0000-0000-0000-000000000000}  Account Whose Credentials Were Used:  Account Name:  siesvc  Account Domain:  DESKTOP-64-EDR  Logon GUID:  {00000000-0000-0000-0000-000000000000}  Target Server:  Target Server Name: localhost  Additional Information: localhost  Process Information:  Process ID:  0x1c6c  Process Name:  C:\Program Files\Picus Security\Picus Simulation Agent\Picus.Simulation.AgentService.exe  Network Information:  Network Address: -  Port:   -  This event is generated when a process attempts to log on an account by explicitly specifying that account’s credentials.  This most commonly occurs in batch-type configurations such as scheduled tasks, or when using the RUNAS command."
"Device=WindowsLog	AgentLogFile=Security	PluginVersion=7.2.9.105	Source=Microsoft-Windows-Security-Auditing	Computer=DESKTOP-64-EDR	OriginatingComputer=192.168.153.166	User=	Domain=	EventID=4624	EventIDCode=4624	EventType=8	EventCategory=12544	RecordNumber=8556977	TimeGenerated=1754646520	TimeWritten=1754646520	Level=0	Keywords=0	Task=0	Opcode=0	Message=An account was successfully logged on.  Subject:  Security ID:  NT AUTHORITY\SYSTEM  Account Name:  DESKTOP-64-EDR$  Account Domain:  BOCHK.COM  Logon ID:  0x3e7  Logon Information:  Logon Type:  2  Restricted Admin Mode: -  Virtual Account:  No   Elevated Token:  No   Impersonation Level:  Impersonation   New Logon:  Security ID:  DESKTOP-64-EDR\siesvc  Account Name:  siesvc  Account Domain:  DESKTOP-64-EDR  Logon ID:  0x10297c3c  Linked Logon ID:  0x10297bf4  Network Account Name: -  Network Account Domain: -  Logon GUID:  {00000000-0000-0000-0000-000000000000}  Process Information:  Process ID:  0x4ac0  Process Name:  C:\Program Files\Picus Security\Picus Simulation Agent\Picus.Simulator.exe  Network Information:  Workstation Name: DESKTOP-64-EDR  Source Network Address: -  Source Port:  -  Detailed Authentication Information:  Logon Process:  Advapi    Authentication Package: Negotiate  Transited Services: -  Package Name (NTLM only): -  Key Length:  0  This event is generated when a logon session is created. It is generated on the computer that was accessed.  The subject fields indicate the account on the local system which requested the logon. This is most commonly a service such as the Server service, or a local process such as Winlogon.exe or Services.exe.  The logon type field indicates the kind of logon that occurred. The most common types are 2 (interactive) and 3 (network).  The New Logon fields indicate the account for whom the new logon was created, i.e. the account that was logged on.  The network fields indicate where a remote logon request originated. Workstation name is not always available and may be left blank in some cases.  The impersonation level field indicates the extent to which a process in the logon session can impersonate.  The authentication information fields provide detailed information about this specific logon request.  - Logon GUID is a unique identifier that can be used to correlate this event with a KDC event.  - Transited services indicate which intermediate services have participated in this logon request.  - Package name indicates which sub-protocol was used among the NTLM protocols.  - Key length indicates the length of the generated session key. This will be 0 if no session key was requested."
"Device=WindowsLog	AgentLogFile=Security	PluginVersion=7.2.9.105	Source=Microsoft-Windows-Security-Auditing	Computer=DESKTOP-64-EDR	OriginatingComputer=192.168.153.166	User=	Domain=	EventID=4624	EventIDCode=4624	EventType=8	EventCategory=12544	RecordNumber=8556976	TimeGenerated=1754646520	TimeWritten=1754646520	Level=0	Keywords=0	Task=0	Opcode=0	Message=An account was successfully logged on.  Subject:  Security ID:  NT AUTHORITY\SYSTEM  Account Name:  DESKTOP-64-EDR$  Account Domain:  BOCHK.COM  Logon ID:  0x3e7  Logon Information:  Logon Type:  2  Restricted Admin Mode: -  Virtual Account:  No   Elevated Token:  Yes   Impersonation Level:  Impersonation   New Logon:  Security ID:  DESKTOP-64-EDR\siesvc  Account Name:  siesvc  Account Domain:  DESKTOP-64-EDR  Logon ID:  0x10297bf4  Linked Logon ID:  0x10297c3c  Network Account Name: -  Network Account Domain: -  Logon GUID:  {00000000-0000-0000-0000-000000000000}  Process Information:  Process ID:  0x4ac0  Process Name:  C:\Program Files\Picus Security\Picus Simulation Agent\Picus.Simulator.exe  Network Information:  Workstation Name: DESKTOP-64-EDR  Source Network Address: -  Source Port:  -  Detailed Authentication Information:  Logon Process:  Advapi    Authentication Package: Negotiate  Transited Services: -  Package Name (NTLM only): -  Key Length:  0  This event is generated when a logon session is created. It is generated on the computer that was accessed.  The subject fields indicate the account on the local system which requested the logon. This is most commonly a service such as the Server service, or a local process such as Winlogon.exe or Services.exe.  The logon type field indicates the kind of logon that occurred. The most common types are 2 (interactive) and 3 (network).  The New Logon fields indicate the account for whom the new logon was created, i.e. the account that was logged on.  The network fields indicate where a remote logon request originated. Workstation name is not always available and may be left blank in some cases.  The impersonation level field indicates the extent to which a process in the logon session can impersonate.  The authentication information fields provide detailed information about this specific logon request.  - Logon GUID is a unique identifier that can be used to correlate this event with a KDC event.  - Transited services indicate which intermediate services have participated in this logon request.  - Package name indicates which sub-protocol was used among the NTLM protocols.  - Key length indicates the length of the generated session key. This will be 0 if no session key was requested."
"Device=WindowsLog	AgentLogFile=Security	PluginVersion=7.2.9.105	Source=Microsoft-Windows-Security-Auditing	Computer=DESKTOP-64-EDR	OriginatingComputer=192.168.153.166	User=	Domain=	EventID=4648	EventIDCode=4648	EventType=8	EventCategory=12544	RecordNumber=8556975	TimeGenerated=1754646520	TimeWritten=1754646520	Level=0	Keywords=0	Task=0	Opcode=0	Message=A logon was attempted using explicit credentials.  Subject:  Security ID:  NT AUTHORITY\SYSTEM  Account Name:  DESKTOP-64-EDR$  Account Domain:  BOCHK.COM  Logon ID:  0x3e7  Logon GUID:  {00000000-0000-0000-0000-000000000000}  Account Whose Credentials Were Used:  Account Name:  siesvc  Account Domain:  DESKTOP-64-EDR  Logon GUID:  {00000000-0000-0000-0000-000000000000}  Target Server:  Target Server Name: localhost  Additional Information: localhost  Process Information:  Process ID:  0x4ac0  Process Name:  C:\Program Files\Picus Security\Picus Simulation Agent\Picus.Simulator.exe  Network Information:  Network Address: -  Port:   -  This event is generated when a process attempts to log on an account by explicitly specifying that account’s credentials.  This most commonly occurs in batch-type configurations such as scheduled tasks, or when using the RUNAS command."
"Device=WindowsLog	AgentLogFile=Security	PluginVersion=7.2.9.105	Source=Microsoft-Windows-Security-Auditing	Computer=DESKTOP-64-EDR	OriginatingComputer=192.168.153.166	User=	Domain=	EventID=4624	EventIDCode=4624	EventType=8	EventCategory=12544	RecordNumber=8556972	TimeGenerated=1754646519	TimeWritten=1754646519	Level=0	Keywords=0	Task=0	Opcode=0	Message=An account was successfully logged on.  Subject:  Security ID:  NT AUTHORITY\SYSTEM  Account Name:  DESKTOP-64-EDR$  Account Domain:  BOCHK.COM  Logon ID:  0x3e7  Logon Information:  Logon Type:  2  Restricted Admin Mode: -  Virtual Account:  No   Elevated Token:  No   Impersonation Level:  Impersonation   New Logon:  Security ID:  DESKTOP-64-EDR\siesvc  Account Name:  siesvc  Account Domain:  DESKTOP-64-EDR  Logon ID:  0x102976b2  Linked Logon ID:  0x1029766d  Network Account Name: -  Network Account Domain: -  Logon GUID:  {00000000-0000-0000-0000-000000000000}  Process Information:  Process ID:  0x1c6c  Process Name:  C:\Program Files\Picus Security\Picus Simulation Agent\Picus.Simulation.AgentService.exe  Network Information:  Workstation Name: DESKTOP-64-EDR  Source Network Address: -  Source Port:  -  Detailed Authentication Information:  Logon Process:  Advapi    Authentication Package: Negotiate  Transited Services: -  Package Name (NTLM only): -  Key Length:  0  This event is generated when a logon session is created. It is generated on the computer that was accessed.  The subject fields indicate the account on the local system which requested the logon. This is most commonly a service such as the Server service, or a local process such as Winlogon.exe or Services.exe.  The logon type field indicates the kind of logon that occurred. The most common types are 2 (interactive) and 3 (network).  The New Logon fields indicate the account for whom the new logon was created, i.e. the account that was logged on.  The network fields indicate where a remote logon request originated. Workstation name is not always available and may be left blank in some cases.  The impersonation level field indicates the extent to which a process in the logon session can impersonate.  The authentication information fields provide detailed information about this specific logon request.  - Logon GUID is a unique identifier that can be used to correlate this event with a KDC event.  - Transited services indicate which intermediate services have participated in this logon request.  - Package name indicates which sub-protocol was used among the NTLM protocols.  - Key length indicates the length of the generated session key. This will be 0 if no session key was requested."
"Device=WindowsLog	AgentLogFile=Security	PluginVersion=7.2.9.105	Source=Microsoft-Windows-Security-Auditing	Computer=DESKTOP-64-EDR	OriginatingComputer=192.168.153.166	User=	Domain=	EventID=4624	EventIDCode=4624	EventType=8	EventCategory=12544	RecordNumber=8556971	TimeGenerated=1754646519	TimeWritten=1754646519	Level=0	Keywords=0	Task=0	Opcode=0	Message=An account was successfully logged on.  Subject:  Security ID:  NT AUTHORITY\SYSTEM  Account Name:  DESKTOP-64-EDR$  Account Domain:  BOCHK.COM  Logon ID:  0x3e7  Logon Information:  Logon Type:  2  Restricted Admin Mode: -  Virtual Account:  No   Elevated Token:  Yes   Impersonation Level:  Impersonation   New Logon:  Security ID:  DESKTOP-64-EDR\siesvc  Account Name:  siesvc  Account Domain:  DESKTOP-64-EDR  Logon ID:  0x1029766d  Linked Logon ID:  0x102976b2  Network Account Name: -  Network Account Domain: -  Logon GUID:  {00000000-0000-0000-0000-000000000000}  Process Information:  Process ID:  0x1c6c  Process Name:  C:\Program Files\Picus Security\Picus Simulation Agent\Picus.Simulation.AgentService.exe  Network Information:  Workstation Name: DESKTOP-64-EDR  Source Network Address: -  Source Port:  -  Detailed Authentication Information:  Logon Process:  Advapi    Authentication Package: Negotiate  Transited Services: -  Package Name (NTLM only): -  Key Length:  0  This event is generated when a logon session is created. It is generated on the computer that was accessed.  The subject fields indicate the account on the local system which requested the logon. This is most commonly a service such as the Server service, or a local process such as Winlogon.exe or Services.exe.  The logon type field indicates the kind of logon that occurred. The most common types are 2 (interactive) and 3 (network).  The New Logon fields indicate the account for whom the new logon was created, i.e. the account that was logged on.  The network fields indicate where a remote logon request originated. Workstation name is not always available and may be left blank in some cases.  The impersonation level field indicates the extent to which a process in the logon session can impersonate.  The authentication information fields provide detailed information about this specific logon request.  - Logon GUID is a unique identifier that can be used to correlate this event with a KDC event.  - Transited services indicate which intermediate services have participated in this logon request.  - Package name indicates which sub-protocol was used among the NTLM protocols.  - Key length indicates the length of the generated session key. This will be 0 if no session key was requested."
"Device=WindowsLog	AgentLogFile=Security	PluginVersion=7.2.9.105	Source=Microsoft-Windows-Security-Auditing	Computer=DESKTOP-64-EDR	OriginatingComputer=192.168.153.166	User=	Domain=	EventID=4648	EventIDCode=4648	EventType=8	EventCategory=12544	RecordNumber=8556970	TimeGenerated=1754646519	TimeWritten=1754646519	Level=0	Keywords=0	Task=0	Opcode=0	Message=A logon was attempted using explicit credentials.  Subject:  Security ID:  NT AUTHORITY\SYSTEM  Account Name:  DESKTOP-64-EDR$  Account Domain:  BOCHK.COM  Logon ID:  0x3e7  Logon GUID:  {00000000-0000-0000-0000-000000000000}  Account Whose Credentials Were Used:  Account Name:  siesvc  Account Domain:  DESKTOP-64-EDR  Logon GUID:  {00000000-0000-0000-0000-000000000000}  Target Server:  Target Server Name: localhost  Additional Information: localhost  Process Information:  Process ID:  0x1c6c  Process Name:  C:\Program Files\Picus Security\Picus Simulation Agent\Picus.Simulation.AgentService.exe  Network Information:  Network Address: -  Port:   -  This event is generated when a process attempts to log on an account by explicitly specifying that account’s credentials.  This most commonly occurs in batch-type configurations such as scheduled tasks, or when using the RUNAS command."
"Device=WindowsLog	AgentLogFile=Microsoft-Windows-Sysmon/Operational	PluginVersion=7.2.9.105	Source=Microsoft-Windows-Sysmon	Computer=DESKTOP-64-EDR	OriginatingComputer=DESKTOP-64-EDR	User=SYSTEM	Domain=NT AUTHORITY	EventID=26	EventIDCode=26	EventType=4	EventCategory=26	RecordNumber=6005035	TimeGenerated=1754646520	TimeWritten=1754646520	Level=Informational	Keywords=0x8000000000000000	Task=SysmonTask-SYSMONEVENT_FILE_DELETE_DETECTED	Opcode=Info	Message=File Delete logged: RuleName: - UtcTime: 2025-08-08 09:48:40.009 ProcessGuid: {ca0127e9-c79f-6895-a26c-000000008b00} ProcessId: 19136 User: NT AUTHORITY\SYSTEM Image: C:\Program Files\Picus Security\Picus Simulation Agent\Picus.Simulator.exe TargetFilename: C:\Users\siesvc\AppData\Local\Temp\PsExec64.exe Hashes: MD5=9321C107D1F7E336CDA550A2BF049108,SHA256=AD6B98C01EE849874E4B4502C3D7853196F6044240D3271E4AB3FC6E3C08E9A4,IMPHASH=159D56D406180A332FBC99290F30700E IsExecutable: true"
"Device=WindowsLog	AgentLogFile=Security	PluginVersion=7.2.9.105	Source=Microsoft-Windows-Security-Auditing	Computer=DESKTOP-64-EDR	OriginatingComputer=192.168.153.166	User=	Domain=	EventID=4624	EventIDCode=4624	EventType=8	EventCategory=12544	RecordNumber=8556967	TimeGenerated=1754646519	TimeWritten=1754646519	Level=0	Keywords=0	Task=0	Opcode=0	Message=An account was successfully logged on.  Subject:  Security ID:  NT AUTHORITY\SYSTEM  Account Name:  DESKTOP-64-EDR$  Account Domain:  BOCHK.COM  Logon ID:  0x3e7  Logon Information:  Logon Type:  2  Restricted Admin Mode: -  Virtual Account:  No   Elevated Token:  No   Impersonation Level:  Impersonation   New Logon:  Security ID:  DESKTOP-64-EDR\siesvc  Account Name:  siesvc  Account Domain:  DESKTOP-64-EDR  Logon ID:  0x10296808  Linked Logon ID:  0x102967a8  Network Account Name: -  Network Account Domain: -  Logon GUID:  {00000000-0000-0000-0000-000000000000}  Process Information:  Process ID:  0x1c6c  Process Name:  C:\Program Files\Picus Security\Picus Simulation Agent\Picus.Simulation.AgentService.exe  Network Information:  Workstation Name: DESKTOP-64-EDR  Source Network Address: -  Source Port:  -  Detailed Authentication Information:  Logon Process:  Advapi    Authentication Package: Negotiate  Transited Services: -  Package Name (NTLM only): -  Key Length:  0  This event is generated when a logon session is created. It is generated on the computer that was accessed.  The subject fields indicate the account on the local system which requested the logon. This is most commonly a service such as the Server service, or a local process such as Winlogon.exe or Services.exe.  The logon type field indicates the kind of logon that occurred. The most common types are 2 (interactive) and 3 (network).  The New Logon fields indicate the account for whom the new logon was created, i.e. the account that was logged on.  The network fields indicate where a remote logon request originated. Workstation name is not always available and may be left blank in some cases.  The impersonation level field indicates the extent to which a process in the logon session can impersonate.  The authentication information fields provide detailed information about this specific logon request.  - Logon GUID is a unique identifier that can be used to correlate this event with a KDC event.  - Transited services indicate which intermediate services have participated in this logon request.  - Package name indicates which sub-protocol was used among the NTLM protocols.  - Key length indicates the length of the generated session key. This will be 0 if no session key was requested."
"Device=WindowsLog	AgentLogFile=Security	PluginVersion=7.2.9.105	Source=Microsoft-Windows-Security-Auditing	Computer=DESKTOP-64-EDR	OriginatingComputer=192.168.153.166	User=	Domain=	EventID=4624	EventIDCode=4624	EventType=8	EventCategory=12544	RecordNumber=8556966	TimeGenerated=1754646519	TimeWritten=1754646519	Level=0	Keywords=0	Task=0	Opcode=0	Message=An account was successfully logged on.  Subject:  Security ID:  NT AUTHORITY\SYSTEM  Account Name:  DESKTOP-64-EDR$  Account Domain:  BOCHK.COM  Logon ID:  0x3e7  Logon Information:  Logon Type:  2  Restricted Admin Mode: -  Virtual Account:  No   Elevated Token:  Yes   Impersonation Level:  Impersonation   New Logon:  Security ID:  DESKTOP-64-EDR\siesvc  Account Name:  siesvc  Account Domain:  DESKTOP-64-EDR  Logon ID:  0x102967a8  Linked Logon ID:  0x10296808  Network Account Name: -  Network Account Domain: -  Logon GUID:  {00000000-0000-0000-0000-000000000000}  Process Information:  Process ID:  0x1c6c  Process Name:  C:\Program Files\Picus Security\Picus Simulation Agent\Picus.Simulation.AgentService.exe  Network Information:  Workstation Name: DESKTOP-64-EDR  Source Network Address: -  Source Port:  -  Detailed Authentication Information:  Logon Process:  Advapi    Authentication Package: Negotiate  Transited Services: -  Package Name (NTLM only): -  Key Length:  0  This event is generated when a logon session is created. It is generated on the computer that was accessed.  The subject fields indicate the account on the local system which requested the logon. This is most commonly a service such as the Server service, or a local process such as Winlogon.exe or Services.exe.  The logon type field indicates the kind of logon that occurred. The most common types are 2 (interactive) and 3 (network).  The New Logon fields indicate the account for whom the new logon was created, i.e. the account that was logged on.  The network fields indicate where a remote logon request originated. Workstation name is not always available and may be left blank in some cases.  The impersonation level field indicates the extent to which a process in the logon session can impersonate.  The authentication information fields provide detailed information about this specific logon request.  - Logon GUID is a unique identifier that can be used to correlate this event with a KDC event.  - Transited services indicate which intermediate services have participated in this logon request.  - Package name indicates which sub-protocol was used among the NTLM protocols.  - Key length indicates the length of the generated session key. This will be 0 if no session key was requested."
"Device=WindowsLog	AgentLogFile=Security	PluginVersion=7.2.9.105	Source=Microsoft-Windows-Security-Auditing	Computer=DESKTOP-64-EDR	OriginatingComputer=192.168.153.166	User=	Domain=	EventID=4648	EventIDCode=4648	EventType=8	EventCategory=12544	RecordNumber=8556965	TimeGenerated=1754646519	TimeWritten=1754646519	Level=0	Keywords=0	Task=0	Opcode=0	Message=A logon was attempted using explicit credentials.  Subject:  Security ID:  NT AUTHORITY\SYSTEM  Account Name:  DESKTOP-64-EDR$  Account Domain:  BOCHK.COM  Logon ID:  0x3e7  Logon GUID:  {00000000-0000-0000-0000-000000000000}  Account Whose Credentials Were Used:  Account Name:  siesvc  Account Domain:  DESKTOP-64-EDR  Logon GUID:  {00000000-0000-0000-0000-000000000000}  Target Server:  Target Server Name: localhost  Additional Information: localhost  Process Information:  Process ID:  0x1c6c  Process Name:  C:\Program Files\Picus Security\Picus Simulation Agent\Picus.Simulation.AgentService.exe  Network Information:  Network Address: -  Port:   -  This event is generated when a process attempts to log on an account by explicitly specifying that account’s credentials.  This most commonly occurs in batch-type configurations such as scheduled tasks, or when using the RUNAS command."
"Device=WindowsLog	AgentLogFile=Security	PluginVersion=7.2.9.105	Source=Microsoft-Windows-Security-Auditing	Computer=DESKTOP-64-EDR	OriginatingComputer=192.168.153.166	User=	Domain=	EventID=4624	EventIDCode=4624	EventType=8	EventCategory=12544	RecordNumber=8556962	TimeGenerated=1754646518	TimeWritten=1754646518	Level=0	Keywords=0	Task=0	Opcode=0	Message=An account was successfully logged on.  Subject:  Security ID:  NT AUTHORITY\SYSTEM  Account Name:  DESKTOP-64-EDR$  Account Domain:  BOCHK.COM  Logon ID:  0x3e7  Logon Information:  Logon Type:  2  Restricted Admin Mode: -  Virtual Account:  No   Elevated Token:  No   Impersonation Level:  Impersonation   New Logon:  Security ID:  DESKTOP-64-EDR\siesvc  Account Name:  siesvc  Account Domain:  DESKTOP-64-EDR  Logon ID:  0x10296589  Linked Logon ID:  0x1029653a  Network Account Name: -  Network Account Domain: -  Logon GUID:  {00000000-0000-0000-0000-000000000000}  Process Information:  Process ID:  0x4ac0  Process Name:  C:\Program Files\Picus Security\Picus Simulation Agent\Picus.Simulator.exe  Network Information:  Workstation Name: DESKTOP-64-EDR  Source Network Address: -  Source Port:  -  Detailed Authentication Information:  Logon Process:  Advapi    Authentication Package: Negotiate  Transited Services: -  Package Name (NTLM only): -  Key Length:  0  This event is generated when a logon session is created. It is generated on the computer that was accessed.  The subject fields indicate the account on the local system which requested the logon. This is most commonly a service such as the Server service, or a local process such as Winlogon.exe or Services.exe.  The logon type field indicates the kind of logon that occurred. The most common types are 2 (interactive) and 3 (network).  The New Logon fields indicate the account for whom the new logon was created, i.e. the account that was logged on.  The network fields indicate where a remote logon request originated. Workstation name is not always available and may be left blank in some cases.  The impersonation level field indicates the extent to which a process in the logon session can impersonate.  The authentication information fields provide detailed information about this specific logon request.  - Logon GUID is a unique identifier that can be used to correlate this event with a KDC event.  - Transited services indicate which intermediate services have participated in this logon request.  - Package name indicates which sub-protocol was used among the NTLM protocols.  - Key length indicates the length of the generated session key. This will be 0 if no session key was requested."
