"Device=WindowsLog	AgentLogFile=Security	PluginVersion=7.2.9.105	Source=Microsoft-Windows-Security-Auditing	Computer=DESKTOP-64-EDR	OriginatingComputer=192.168.153.166	User=	Domain=	EventID=4624	EventIDCode=4624	EventType=8	EventCategory=12544	RecordNumber=8544764	TimeGenerated=1754641478	TimeWritten=1754641478	Level=0	Keywords=0	Task=0	Opcode=0	Message=An account was successfully logged on.  Subject:  Security ID:  NT AUTHORITY\SYSTEM  Account Name:  DESKTOP-64-EDR$  Account Domain:  BOCHK.COM  Logon ID:  0x3e7  Logon Information:  Logon Type:  2  Restricted Admin Mode: -  Virtual Account:  No   Elevated Token:  No   Impersonation Level:  Impersonation   New Logon:  Security ID:  DESKTOP-64-EDR\siesvc  Account Name:  siesvc  Account Domain:  DESKTOP-64-EDR  Logon ID:  0xfd6bb39  Linked Logon ID:  0xfd6baf2  Network Account Name: -  Network Account Domain: -  Logon GUID:  {00000000-0000-0000-0000-000000000000}  Process Information:  Process ID:  0x26dc  Process Name:  C:\Program Files\Picus Security\Picus Simulation Agent\Picus.Simulator.exe  Network Information:  Workstation Name: DESKTOP-64-EDR  Source Network Address: -  Source Port:  -  Detailed Authentication Information:  Logon Process:  Advapi    Authentication Package: Negotiate  Transited Services: -  Package Name (NTLM only): -  Key Length:  0  This event is generated when a logon session is created. It is generated on the computer that was accessed.  The subject fields indicate the account on the local system which requested the logon. This is most commonly a service such as the Server service, or a local process such as Winlogon.exe or Services.exe.  The logon type field indicates the kind of logon that occurred. The most common types are 2 (interactive) and 3 (network).  The New Logon fields indicate the account for whom the new logon was created, i.e. the account that was logged on.  The network fields indicate where a remote logon request originated. Workstation name is not always available and may be left blank in some cases.  The impersonation level field indicates the extent to which a process in the logon session can impersonate.  The authentication information fields provide detailed information about this specific logon request.  - Logon GUID is a unique identifier that can be used to correlate this event with a KDC event.  - Transited services indicate which intermediate services have participated in this logon request.  - Package name indicates which sub-protocol was used among the NTLM protocols.  - Key length indicates the length of the generated session key. This will be 0 if no session key was requested."
"Device=WindowsLog	AgentLogFile=Security	PluginVersion=7.2.9.105	Source=Microsoft-Windows-Security-Auditing	Computer=DESKTOP-64-EDR	OriginatingComputer=192.168.153.166	User=	Domain=	EventID=4648	EventIDCode=4648	EventType=8	EventCategory=12544	RecordNumber=8544767	TimeGenerated=1754641478	TimeWritten=1754641478	Level=0	Keywords=0	Task=0	Opcode=0	Message=A logon was attempted using explicit credentials.  Subject:  Security ID:  NT AUTHORITY\SYSTEM  Account Name:  DESKTOP-64-EDR$  Account Domain:  BOCHK.COM  Logon ID:  0x3e7  Logon GUID:  {00000000-0000-0000-0000-000000000000}  Account Whose Credentials Were Used:  Account Name:  siesvc  Account Domain:  DESKTOP-64-EDR  Logon GUID:  {00000000-0000-0000-0000-000000000000}  Target Server:  Target Server Name: localhost  Additional Information: localhost  Process Information:  Process ID:  0x26dc  Process Name:  C:\Program Files\Picus Security\Picus Simulation Agent\Picus.Simulator.exe  Network Information:  Network Address: -  Port:   -  This event is generated when a process attempts to log on an account by explicitly specifying that account’s credentials.  This most commonly occurs in batch-type configurations such as scheduled tasks, or when using the RUNAS command."
"Device=WindowsLog	AgentLogFile=Security	PluginVersion=7.2.9.105	Source=Microsoft-Windows-Security-Auditing	Computer=DESKTOP-64-EDR	OriginatingComputer=192.168.153.166	User=	Domain=	EventID=4624	EventIDCode=4624	EventType=8	EventCategory=12544	RecordNumber=8544763	TimeGenerated=1754641478	TimeWritten=1754641478	Level=0	Keywords=0	Task=0	Opcode=0	Message=An account was successfully logged on.  Subject:  Security ID:  NT AUTHORITY\SYSTEM  Account Name:  DESKTOP-64-EDR$  Account Domain:  BOCHK.COM  Logon ID:  0x3e7  Logon Information:  Logon Type:  2  Restricted Admin Mode: -  Virtual Account:  No   Elevated Token:  Yes   Impersonation Level:  Impersonation   New Logon:  Security ID:  DESKTOP-64-EDR\siesvc  Account Name:  siesvc  Account Domain:  DESKTOP-64-EDR  Logon ID:  0xfd6baf2  Linked Logon ID:  0xfd6bb39  Network Account Name: -  Network Account Domain: -  Logon GUID:  {00000000-0000-0000-0000-000000000000}  Process Information:  Process ID:  0x26dc  Process Name:  C:\Program Files\Picus Security\Picus Simulation Agent\Picus.Simulator.exe  Network Information:  Workstation Name: DESKTOP-64-EDR  Source Network Address: -  Source Port:  -  Detailed Authentication Information:  Logon Process:  Advapi    Authentication Package: Negotiate  Transited Services: -  Package Name (NTLM only): -  Key Length:  0  This event is generated when a logon session is created. It is generated on the computer that was accessed.  The subject fields indicate the account on the local system which requested the logon. This is most commonly a service such as the Server service, or a local process such as Winlogon.exe or Services.exe.  The logon type field indicates the kind of logon that occurred. The most common types are 2 (interactive) and 3 (network).  The New Logon fields indicate the account for whom the new logon was created, i.e. the account that was logged on.  The network fields indicate where a remote logon request originated. Workstation name is not always available and may be left blank in some cases.  The impersonation level field indicates the extent to which a process in the logon session can impersonate.  The authentication information fields provide detailed information about this specific logon request.  - Logon GUID is a unique identifier that can be used to correlate this event with a KDC event.  - Transited services indicate which intermediate services have participated in this logon request.  - Package name indicates which sub-protocol was used among the NTLM protocols.  - Key length indicates the length of the generated session key. This will be 0 if no session key was requested."
"Device=WindowsLog	AgentLogFile=Security	PluginVersion=7.2.9.105	Source=Microsoft-Windows-Security-Auditing	Computer=DESKTOP-64-EDR	OriginatingComputer=192.168.153.166	User=	Domain=	EventID=4648	EventIDCode=4648	EventType=8	EventCategory=12544	RecordNumber=8544762	TimeGenerated=1754641478	TimeWritten=1754641478	Level=0	Keywords=0	Task=0	Opcode=0	Message=A logon was attempted using explicit credentials.  Subject:  Security ID:  NT AUTHORITY\SYSTEM  Account Name:  DESKTOP-64-EDR$  Account Domain:  BOCHK.COM  Logon ID:  0x3e7  Logon GUID:  {00000000-0000-0000-0000-000000000000}  Account Whose Credentials Were Used:  Account Name:  siesvc  Account Domain:  DESKTOP-64-EDR  Logon GUID:  {00000000-0000-0000-0000-000000000000}  Target Server:  Target Server Name: localhost  Additional Information: localhost  Process Information:  Process ID:  0x26dc  Process Name:  C:\Program Files\Picus Security\Picus Simulation Agent\Picus.Simulator.exe  Network Information:  Network Address: -  Port:   -  This event is generated when a process attempts to log on an account by explicitly specifying that account’s credentials.  This most commonly occurs in batch-type configurations such as scheduled tasks, or when using the RUNAS command."
"Device=WindowsLog	AgentLogFile=Security	PluginVersion=7.2.9.105	Source=Microsoft-Windows-Security-Auditing	Computer=DESKTOP-64-EDR	OriginatingComputer=192.168.153.166	User=	Domain=	EventID=4624	EventIDCode=4624	EventType=8	EventCategory=12544	RecordNumber=8544755	TimeGenerated=1754641478	TimeWritten=1754641478	Level=0	Keywords=0	Task=0	Opcode=0	Message=An account was successfully logged on.  Subject:  Security ID:  NT AUTHORITY\SYSTEM  Account Name:  DESKTOP-64-EDR$  Account Domain:  BOCHK.COM  Logon ID:  0x3e7  Logon Information:  Logon Type:  2  Restricted Admin Mode: -  Virtual Account:  No   Elevated Token:  No   Impersonation Level:  Impersonation   New Logon:  Security ID:  DESKTOP-64-EDR\siesvc  Account Name:  siesvc  Account Domain:  DESKTOP-64-EDR  Logon ID:  0xfd6b8ce  Linked Logon ID:  0xfd6b88f  Network Account Name: -  Network Account Domain: -  Logon GUID:  {00000000-0000-0000-0000-000000000000}  Process Information:  Process ID:  0x1c6c  Process Name:  C:\Program Files\Picus Security\Picus Simulation Agent\Picus.Simulation.AgentService.exe  Network Information:  Workstation Name: DESKTOP-64-EDR  Source Network Address: -  Source Port:  -  Detailed Authentication Information:  Logon Process:  Advapi    Authentication Package: Negotiate  Transited Services: -  Package Name (NTLM only): -  Key Length:  0  This event is generated when a logon session is created. It is generated on the computer that was accessed.  The subject fields indicate the account on the local system which requested the logon. This is most commonly a service such as the Server service, or a local process such as Winlogon.exe or Services.exe.  The logon type field indicates the kind of logon that occurred. The most common types are 2 (interactive) and 3 (network).  The New Logon fields indicate the account for whom the new logon was created, i.e. the account that was logged on.  The network fields indicate where a remote logon request originated. Workstation name is not always available and may be left blank in some cases.  The impersonation level field indicates the extent to which a process in the logon session can impersonate.  The authentication information fields provide detailed information about this specific logon request.  - Logon GUID is a unique identifier that can be used to correlate this event with a KDC event.  - Transited services indicate which intermediate services have participated in this logon request.  - Package name indicates which sub-protocol was used among the NTLM protocols.  - Key length indicates the length of the generated session key. This will be 0 if no session key was requested."
"Device=WindowsLog	AgentLogFile=Security	PluginVersion=7.2.9.105	Source=Microsoft-Windows-Security-Auditing	Computer=DESKTOP-64-EDR	OriginatingComputer=192.168.153.166	User=	Domain=	EventID=4624	EventIDCode=4624	EventType=8	EventCategory=12544	RecordNumber=8544754	TimeGenerated=1754641478	TimeWritten=1754641478	Level=0	Keywords=0	Task=0	Opcode=0	Message=An account was successfully logged on.  Subject:  Security ID:  NT AUTHORITY\SYSTEM  Account Name:  DESKTOP-64-EDR$  Account Domain:  BOCHK.COM  Logon ID:  0x3e7  Logon Information:  Logon Type:  2  Restricted Admin Mode: -  Virtual Account:  No   Elevated Token:  Yes   Impersonation Level:  Impersonation   New Logon:  Security ID:  DESKTOP-64-EDR\siesvc  Account Name:  siesvc  Account Domain:  DESKTOP-64-EDR  Logon ID:  0xfd6b88f  Linked Logon ID:  0xfd6b8ce  Network Account Name: -  Network Account Domain: -  Logon GUID:  {00000000-0000-0000-0000-000000000000}  Process Information:  Process ID:  0x1c6c  Process Name:  C:\Program Files\Picus Security\Picus Simulation Agent\Picus.Simulation.AgentService.exe  Network Information:  Workstation Name: DESKTOP-64-EDR  Source Network Address: -  Source Port:  -  Detailed Authentication Information:  Logon Process:  Advapi    Authentication Package: Negotiate  Transited Services: -  Package Name (NTLM only): -  Key Length:  0  This event is generated when a logon session is created. It is generated on the computer that was accessed.  The subject fields indicate the account on the local system which requested the logon. This is most commonly a service such as the Server service, or a local process such as Winlogon.exe or Services.exe.  The logon type field indicates the kind of logon that occurred. The most common types are 2 (interactive) and 3 (network).  The New Logon fields indicate the account for whom the new logon was created, i.e. the account that was logged on.  The network fields indicate where a remote logon request originated. Workstation name is not always available and may be left blank in some cases.  The impersonation level field indicates the extent to which a process in the logon session can impersonate.  The authentication information fields provide detailed information about this specific logon request.  - Logon GUID is a unique identifier that can be used to correlate this event with a KDC event.  - Transited services indicate which intermediate services have participated in this logon request.  - Package name indicates which sub-protocol was used among the NTLM protocols.  - Key length indicates the length of the generated session key. This will be 0 if no session key was requested."
"Device=WindowsLog	AgentLogFile=Security	PluginVersion=7.2.9.105	Source=Microsoft-Windows-Security-Auditing	Computer=DESKTOP-64-EDR	OriginatingComputer=192.168.153.166	User=	Domain=	EventID=4648	EventIDCode=4648	EventType=8	EventCategory=12544	RecordNumber=8544753	TimeGenerated=1754641478	TimeWritten=1754641478	Level=0	Keywords=0	Task=0	Opcode=0	Message=A logon was attempted using explicit credentials.  Subject:  Security ID:  NT AUTHORITY\SYSTEM  Account Name:  DESKTOP-64-EDR$  Account Domain:  BOCHK.COM  Logon ID:  0x3e7  Logon GUID:  {00000000-0000-0000-0000-000000000000}  Account Whose Credentials Were Used:  Account Name:  siesvc  Account Domain:  DESKTOP-64-EDR  Logon GUID:  {00000000-0000-0000-0000-000000000000}  Target Server:  Target Server Name: localhost  Additional Information: localhost  Process Information:  Process ID:  0x1c6c  Process Name:  C:\Program Files\Picus Security\Picus Simulation Agent\Picus.Simulation.AgentService.exe  Network Information:  Network Address: -  Port:   -  This event is generated when a process attempts to log on an account by explicitly specifying that account’s credentials.  This most commonly occurs in batch-type configurations such as scheduled tasks, or when using the RUNAS command."
"Device=WindowsLog	AgentLogFile=Security	PluginVersion=7.2.9.105	Source=Microsoft-Windows-Security-Auditing	Computer=DESKTOP-64-EDR	OriginatingComputer=192.168.153.166	User=	Domain=	EventID=4624	EventIDCode=4624	EventType=8	EventCategory=12544	RecordNumber=8544750	TimeGenerated=1754641478	TimeWritten=1754641478	Level=0	Keywords=0	Task=0	Opcode=0	Message=An account was successfully logged on.  Subject:  Security ID:  NT AUTHORITY\SYSTEM  Account Name:  DESKTOP-64-EDR$  Account Domain:  BOCHK.COM  Logon ID:  0x3e7  Logon Information:  Logon Type:  2  Restricted Admin Mode: -  Virtual Account:  No   Elevated Token:  No   Impersonation Level:  Impersonation   New Logon:  Security ID:  DESKTOP-64-EDR\siesvc  Account Name:  siesvc  Account Domain:  DESKTOP-64-EDR  Logon ID:  0xfd6b672  Linked Logon ID:  0xfd6b633  Network Account Name: -  Network Account Domain: -  Logon GUID:  {00000000-0000-0000-0000-000000000000}  Process Information:  Process ID:  0x1c6c  Process Name:  C:\Program Files\Picus Security\Picus Simulation Agent\Picus.Simulation.AgentService.exe  Network Information:  Workstation Name: DESKTOP-64-EDR  Source Network Address: -  Source Port:  -  Detailed Authentication Information:  Logon Process:  Advapi    Authentication Package: Negotiate  Transited Services: -  Package Name (NTLM only): -  Key Length:  0  This event is generated when a logon session is created. It is generated on the computer that was accessed.  The subject fields indicate the account on the local system which requested the logon. This is most commonly a service such as the Server service, or a local process such as Winlogon.exe or Services.exe.  The logon type field indicates the kind of logon that occurred. The most common types are 2 (interactive) and 3 (network).  The New Logon fields indicate the account for whom the new logon was created, i.e. the account that was logged on.  The network fields indicate where a remote logon request originated. Workstation name is not always available and may be left blank in some cases.  The impersonation level field indicates the extent to which a process in the logon session can impersonate.  The authentication information fields provide detailed information about this specific logon request.  - Logon GUID is a unique identifier that can be used to correlate this event with a KDC event.  - Transited services indicate which intermediate services have participated in this logon request.  - Package name indicates which sub-protocol was used among the NTLM protocols.  - Key length indicates the length of the generated session key. This will be 0 if no session key was requested."
"Device=WindowsLog	AgentLogFile=Security	PluginVersion=7.2.9.105	Source=Microsoft-Windows-Security-Auditing	Computer=DESKTOP-64-EDR	OriginatingComputer=192.168.153.166	User=	Domain=	EventID=4648	EventIDCode=4648	EventType=8	EventCategory=12544	RecordNumber=8544748	TimeGenerated=1754641478	TimeWritten=1754641478	Level=0	Keywords=0	Task=0	Opcode=0	Message=A logon was attempted using explicit credentials.  Subject:  Security ID:  NT AUTHORITY\SYSTEM  Account Name:  DESKTOP-64-EDR$  Account Domain:  BOCHK.COM  Logon ID:  0x3e7  Logon GUID:  {00000000-0000-0000-0000-000000000000}  Account Whose Credentials Were Used:  Account Name:  siesvc  Account Domain:  DESKTOP-64-EDR  Logon GUID:  {00000000-0000-0000-0000-000000000000}  Target Server:  Target Server Name: localhost  Additional Information: localhost  Process Information:  Process ID:  0x1c6c  Process Name:  C:\Program Files\Picus Security\Picus Simulation Agent\Picus.Simulation.AgentService.exe  Network Information:  Network Address: -  Port:   -  This event is generated when a process attempts to log on an account by explicitly specifying that account’s credentials.  This most commonly occurs in batch-type configurations such as scheduled tasks, or when using the RUNAS command."
"Device=WindowsLog	AgentLogFile=Security	PluginVersion=7.2.9.105	Source=Microsoft-Windows-Security-Auditing	Computer=DESKTOP-64-EDR	OriginatingComputer=192.168.153.166	User=	Domain=	EventID=4624	EventIDCode=4624	EventType=8	EventCategory=12544	RecordNumber=8544749	TimeGenerated=1754641478	TimeWritten=1754641478	Level=0	Keywords=0	Task=0	Opcode=0	Message=An account was successfully logged on.  Subject:  Security ID:  NT AUTHORITY\SYSTEM  Account Name:  DESKTOP-64-EDR$  Account Domain:  BOCHK.COM  Logon ID:  0x3e7  Logon Information:  Logon Type:  2  Restricted Admin Mode: -  Virtual Account:  No   Elevated Token:  Yes   Impersonation Level:  Impersonation   New Logon:  Security ID:  DESKTOP-64-EDR\siesvc  Account Name:  siesvc  Account Domain:  DESKTOP-64-EDR  Logon ID:  0xfd6b633  Linked Logon ID:  0xfd6b672  Network Account Name: -  Network Account Domain: -  Logon GUID:  {00000000-0000-0000-0000-000000000000}  Process Information:  Process ID:  0x1c6c  Process Name:  C:\Program Files\Picus Security\Picus Simulation Agent\Picus.Simulation.AgentService.exe  Network Information:  Workstation Name: DESKTOP-64-EDR  Source Network Address: -  Source Port:  -  Detailed Authentication Information:  Logon Process:  Advapi    Authentication Package: Negotiate  Transited Services: -  Package Name (NTLM only): -  Key Length:  0  This event is generated when a logon session is created. It is generated on the computer that was accessed.  The subject fields indicate the account on the local system which requested the logon. This is most commonly a service such as the Server service, or a local process such as Winlogon.exe or Services.exe.  The logon type field indicates the kind of logon that occurred. The most common types are 2 (interactive) and 3 (network).  The New Logon fields indicate the account for whom the new logon was created, i.e. the account that was logged on.  The network fields indicate where a remote logon request originated. Workstation name is not always available and may be left blank in some cases.  The impersonation level field indicates the extent to which a process in the logon session can impersonate.  The authentication information fields provide detailed information about this specific logon request.  - Logon GUID is a unique identifier that can be used to correlate this event with a KDC event.  - Transited services indicate which intermediate services have participated in this logon request.  - Package name indicates which sub-protocol was used among the NTLM protocols.  - Key length indicates the length of the generated session key. This will be 0 if no session key was requested."
"Device=WindowsLog	AgentLogFile=Microsoft-Windows-Sysmon/Operational	PluginVersion=7.2.9.105	Source=Microsoft-Windows-Sysmon	Computer=DESKTOP-64-EDR	OriginatingComputer=DESKTOP-64-EDR	User=SYSTEM	Domain=NT AUTHORITY	EventID=1	EventIDCode=1	EventType=4	EventCategory=1	RecordNumber=5997054	TimeGenerated=1754641477	TimeWritten=1754641477	Level=Informational	Keywords=0x8000000000000000	Task=SysmonTask-SYSMONEVENT_CREATE_PROCESS	Opcode=Info	Message=Process Create: RuleName: - UtcTime: 2025-08-08 08:24:37.809 ProcessGuid: {ca0127e9-b445-6895-6d67-000000008b00} ProcessId: 18276 Image: C:\Windows\System32eg.exe FileVersion: 10.0.19041.1 (WinBuild.160101.0800) Description: Registry Console Tool Product: Microsoft® Windows® Operating System Company: Microsoft Corporation OriginalFileName: reg.exe CommandLine: REG  DELETE HKLM\SYSTEM\CurrentControlSet\Control\SafeBoot\Minimal\VSS /F CurrentDirectory: C:\ProgramData\Picus Security\Picus Simulation Agent\Simulations\Simulation_525102_48847_49da441cbe41\ User: DESKTOP-64-EDR\siesvc LogonGuid: {ca0127e9-b445-6895-0f95-d60f00000000} LogonId: 0xFD6950F TerminalSessionId: 0 IntegrityLevel: High Hashes: MD5=227F63E1D9008B36BDBCC4B397780BE4,SHA256=C0E25B1F9B22DE445298C1E96DDFCEAD265CA030FA6626F61A4A4786CC4A3B7D,IMPHASH=BE482BE427FE212CFEF2CDA0E61F19AC ParentProcessGuid: {ca0127e9-b445-6895-6c67-000000008b00} ParentProcessId: 5856 ParentImage: C:\Windows\System32\cmd.exe ParentCommandLine: C:\Windows\system32\cmd.exe /c REG DELETE HKLM\SYSTEM\CurrentControlSet\Control\SafeBoot\Minimal\VSS /F ParentUser: DESKTOP-64-EDR\siesvc"
"Device=WindowsLog	AgentLogFile=Microsoft-Windows-Sysmon/Operational	PluginVersion=7.2.9.105	Source=Microsoft-Windows-Sysmon	Computer=DESKTOP-64-EDR	OriginatingComputer=DESKTOP-64-EDR	User=SYSTEM	Domain=NT AUTHORITY	EventID=1	EventIDCode=1	EventType=4	EventCategory=1	RecordNumber=5997051	TimeGenerated=1754641477	TimeWritten=1754641477	Level=Informational	Keywords=0x8000000000000000	Task=SysmonTask-SYSMONEVENT_CREATE_PROCESS	Opcode=Info	Message=Process Create: RuleName: - UtcTime: 2025-08-08 08:24:37.770 ProcessGuid: {ca0127e9-b445-6895-6c67-000000008b00} ProcessId: 5856 Image: C:\Windows\System32\cmd.exe FileVersion: 10.0.19041.746 (WinBuild.160101.0800) Description: Windows Command Processor Product: Microsoft® Windows® Operating System Company: Microsoft Corporation OriginalFileName: Cmd.Exe CommandLine: C:\Windows\system32\cmd.exe /c REG DELETE HKLM\SYSTEM\CurrentControlSet\Control\SafeBoot\Minimal\VSS /F CurrentDirectory: C:\ProgramData\Picus Security\Picus Simulation Agent\Simulations\Simulation_525102_48847_49da441cbe41\ User: DESKTOP-64-EDR\siesvc LogonGuid: {ca0127e9-b445-6895-0f95-d60f00000000} LogonId: 0xFD6950F TerminalSessionId: 0 IntegrityLevel: High Hashes: MD5=8A2122E8162DBEF04694B9C3E0B6CDEE,SHA256=B99D61D874728EDC0918CA0EB10EAB93D381E7367E377406E65963366C874450,IMPHASH=272245E2988E1E430500B852C4FB5E18 ParentProcessGuid: {ca0127e9-b445-6895-5f67-000000008b00} ParentProcessId: 14652 ParentImage: C:\Users\siesvc\AppData\Local\Temp\d83095978d1dbc927b8e1da52b12ea22.exe ParentCommandLine: C:\Users\siesvc\AppData\Local\Temp\d83095978d1dbc927b8e1da52b12ea22.exe ParentUser: DESKTOP-64-EDR\siesvc"
"Device=WindowsLog	AgentLogFile=Microsoft-Windows-Sysmon/Operational	PluginVersion=7.2.9.105	Source=Microsoft-Windows-Sysmon	Computer=DESKTOP-64-EDR	OriginatingComputer=DESKTOP-64-EDR	User=SYSTEM	Domain=NT AUTHORITY	EventID=1	EventIDCode=1	EventType=4	EventCategory=1	RecordNumber=5997047	TimeGenerated=1754641477	TimeWritten=1754641477	Level=Informational	Keywords=0x8000000000000000	Task=SysmonTask-SYSMONEVENT_CREATE_PROCESS	Opcode=Info	Message=Process Create: RuleName: - UtcTime: 2025-08-08 08:24:37.723 ProcessGuid: {ca0127e9-b445-6895-6b67-000000008b00} ProcessId: 5568 Image: C:\Windows\System32eg.exe FileVersion: 10.0.19041.1 (WinBuild.160101.0800) Description: Registry Console Tool Product: Microsoft® Windows® Operating System Company: Microsoft Corporation OriginalFileName: reg.exe CommandLine: REG  DELETE HKLM\SYSTEM\CurrentControlSet\Control\SafeBoot\Minimal\mXoRpcSsx /F CurrentDirectory: C:\ProgramData\Picus Security\Picus Simulation Agent\Simulations\Simulation_525102_48847_49da441cbe41\ User: DESKTOP-64-EDR\siesvc LogonGuid: {ca0127e9-b445-6895-0f95-d60f00000000} LogonId: 0xFD6950F TerminalSessionId: 0 IntegrityLevel: High Hashes: MD5=227F63E1D9008B36BDBCC4B397780BE4,SHA256=C0E25B1F9B22DE445298C1E96DDFCEAD265CA030FA6626F61A4A4786CC4A3B7D,IMPHASH=BE482BE427FE212CFEF2CDA0E61F19AC ParentProcessGuid: {ca0127e9-b445-6895-6a67-000000008b00} ParentProcessId: 13404 ParentImage: C:\Windows\System32\cmd.exe ParentCommandLine: C:\Windows\system32\cmd.exe /c REG DELETE HKLM\SYSTEM\CurrentControlSet\Control\SafeBoot\Minimal\mXoRpcSsx /F ParentUser: DESKTOP-64-EDR\siesvc"
"Device=WindowsLog	AgentLogFile=Microsoft-Windows-Sysmon/Operational	PluginVersion=7.2.9.105	Source=Microsoft-Windows-Sysmon	Computer=DESKTOP-64-EDR	OriginatingComputer=DESKTOP-64-EDR	User=SYSTEM	Domain=NT AUTHORITY	EventID=1	EventIDCode=1	EventType=4	EventCategory=1	RecordNumber=5997044	TimeGenerated=1754641477	TimeWritten=1754641477	Level=Informational	Keywords=0x8000000000000000	Task=SysmonTask-SYSMONEVENT_CREATE_PROCESS	Opcode=Info	Message=Process Create: RuleName: - UtcTime: 2025-08-08 08:24:37.689 ProcessGuid: {ca0127e9-b445-6895-6a67-000000008b00} ProcessId: 13404 Image: C:\Windows\System32\cmd.exe FileVersion: 10.0.19041.746 (WinBuild.160101.0800) Description: Windows Command Processor Product: Microsoft® Windows® Operating System Company: Microsoft Corporation OriginalFileName: Cmd.Exe CommandLine: C:\Windows\system32\cmd.exe /c REG DELETE HKLM\SYSTEM\CurrentControlSet\Control\SafeBoot\Minimal\mXoRpcSsx /F CurrentDirectory: C:\ProgramData\Picus Security\Picus Simulation Agent\Simulations\Simulation_525102_48847_49da441cbe41\ User: DESKTOP-64-EDR\siesvc LogonGuid: {ca0127e9-b445-6895-0f95-d60f00000000} LogonId: 0xFD6950F TerminalSessionId: 0 IntegrityLevel: High Hashes: MD5=8A2122E8162DBEF04694B9C3E0B6CDEE,SHA256=B99D61D874728EDC0918CA0EB10EAB93D381E7367E377406E65963366C874450,IMPHASH=272245E2988E1E430500B852C4FB5E18 ParentProcessGuid: {ca0127e9-b445-6895-5f67-000000008b00} ParentProcessId: 14652 ParentImage: C:\Users\siesvc\AppData\Local\Temp\d83095978d1dbc927b8e1da52b12ea22.exe ParentCommandLine: C:\Users\siesvc\AppData\Local\Temp\d83095978d1dbc927b8e1da52b12ea22.exe ParentUser: DESKTOP-64-EDR\siesvc"
"Device=WindowsLog	AgentLogFile=Microsoft-Windows-Sysmon/Operational	PluginVersion=7.2.9.105	Source=Microsoft-Windows-Sysmon	Computer=DESKTOP-64-EDR	OriginatingComputer=DESKTOP-64-EDR	User=SYSTEM	Domain=NT AUTHORITY	EventID=1	EventIDCode=1	EventType=4	EventCategory=1	RecordNumber=5997041	TimeGenerated=1754641477	TimeWritten=1754641477	Level=Informational	Keywords=0x8000000000000000	Task=SysmonTask-SYSMONEVENT_CREATE_PROCESS	Opcode=Info	Message=Process Create: RuleName: - UtcTime: 2025-08-08 08:24:37.590 ProcessGuid: {ca0127e9-b445-6895-6967-000000008b00} ProcessId: 424 Image: C:\Windows\System32eg.exe FileVersion: 10.0.19041.1 (WinBuild.160101.0800) Description: Registry Console Tool Product: Microsoft® Windows® Operating System Company: Microsoft Corporation OriginalFileName: reg.exe CommandLine: REG  QUERY HKLM\SYSTEM\CurrentControlSet\Control /v SystemStartOptions CurrentDirectory: C:\ProgramData\Picus Security\Picus Simulation Agent\Simulations\Simulation_525102_48847_49da441cbe41\ User: DESKTOP-64-EDR\siesvc LogonGuid: {ca0127e9-b445-6895-0f95-d60f00000000} LogonId: 0xFD6950F TerminalSessionId: 0 IntegrityLevel: High Hashes: MD5=227F63E1D9008B36BDBCC4B397780BE4,SHA256=C0E25B1F9B22DE445298C1E96DDFCEAD265CA030FA6626F61A4A4786CC4A3B7D,IMPHASH=BE482BE427FE212CFEF2CDA0E61F19AC ParentProcessGuid: {ca0127e9-b445-6895-6867-000000008b00} ParentProcessId: 11384 ParentImage: C:\Windows\System32\cmd.exe ParentCommandLine: C:\Windows\system32\cmd.exe /c REG QUERY HKLM\SYSTEM\CurrentControlSet\Control /v SystemStartOptions ParentUser: DESKTOP-64-EDR\siesvc"
"Device=WindowsLog	AgentLogFile=Microsoft-Windows-Sysmon/Operational	PluginVersion=7.2.9.105	Source=Microsoft-Windows-Sysmon	Computer=DESKTOP-64-EDR	OriginatingComputer=DESKTOP-64-EDR	User=SYSTEM	Domain=NT AUTHORITY	EventID=1	EventIDCode=1	EventType=4	EventCategory=1	RecordNumber=5997038	TimeGenerated=1754641477	TimeWritten=1754641477	Level=Informational	Keywords=0x8000000000000000	Task=SysmonTask-SYSMONEVENT_CREATE_PROCESS	Opcode=Info	Message=Process Create: RuleName: - UtcTime: 2025-08-08 08:24:37.556 ProcessGuid: {ca0127e9-b445-6895-6867-000000008b00} ProcessId: 11384 Image: C:\Windows\System32\cmd.exe FileVersion: 10.0.19041.746 (WinBuild.160101.0800) Description: Windows Command Processor Product: Microsoft® Windows® Operating System Company: Microsoft Corporation OriginalFileName: Cmd.Exe CommandLine: C:\Windows\system32\cmd.exe /c REG QUERY HKLM\SYSTEM\CurrentControlSet\Control /v SystemStartOptions CurrentDirectory: C:\ProgramData\Picus Security\Picus Simulation Agent\Simulations\Simulation_525102_48847_49da441cbe41\ User: DESKTOP-64-EDR\siesvc LogonGuid: {ca0127e9-b445-6895-0f95-d60f00000000} LogonId: 0xFD6950F TerminalSessionId: 0 IntegrityLevel: High Hashes: MD5=8A2122E8162DBEF04694B9C3E0B6CDEE,SHA256=B99D61D874728EDC0918CA0EB10EAB93D381E7367E377406E65963366C874450,IMPHASH=272245E2988E1E430500B852C4FB5E18 ParentProcessGuid: {ca0127e9-b445-6895-5f67-000000008b00} ParentProcessId: 14652 ParentImage: C:\Users\siesvc\AppData\Local\Temp\d83095978d1dbc927b8e1da52b12ea22.exe ParentCommandLine: C:\Users\siesvc\AppData\Local\Temp\d83095978d1dbc927b8e1da52b12ea22.exe ParentUser: DESKTOP-64-EDR\siesvc"
"Device=WindowsLog	AgentLogFile=Microsoft-Windows-Sysmon/Operational	PluginVersion=7.2.9.105	Source=Microsoft-Windows-Sysmon	Computer=DESKTOP-64-EDR	OriginatingComputer=DESKTOP-64-EDR	User=SYSTEM	Domain=NT AUTHORITY	EventID=1	EventIDCode=1	EventType=4	EventCategory=1	RecordNumber=5997035	TimeGenerated=1754641477	TimeWritten=1754641477	Level=Informational	Keywords=0x8000000000000000	Task=SysmonTask-SYSMONEVENT_CREATE_PROCESS	Opcode=Info	Message=Process Create: RuleName: - UtcTime: 2025-08-08 08:24:37.506 ProcessGuid: {ca0127e9-b445-6895-6767-000000008b00} ProcessId: 15864 Image: C:\Windows\System32eg.exe FileVersion: 10.0.19041.1 (WinBuild.160101.0800) Description: Registry Console Tool Product: Microsoft® Windows® Operating System Company: Microsoft Corporation OriginalFileName: reg.exe CommandLine: REG  QUERY HKLM\SYSTEM\CurrentControlSet\Control\SafeBoot\Minimal\mXoRpcSsx CurrentDirectory: C:\ProgramData\Picus Security\Picus Simulation Agent\Simulations\Simulation_525102_48847_49da441cbe41\ User: DESKTOP-64-EDR\siesvc LogonGuid: {ca0127e9-b445-6895-0f95-d60f00000000} LogonId: 0xFD6950F TerminalSessionId: 0 IntegrityLevel: High Hashes: MD5=227F63E1D9008B36BDBCC4B397780BE4,SHA256=C0E25B1F9B22DE445298C1E96DDFCEAD265CA030FA6626F61A4A4786CC4A3B7D,IMPHASH=BE482BE427FE212CFEF2CDA0E61F19AC ParentProcessGuid: {ca0127e9-b445-6895-6667-000000008b00} ParentProcessId: 15812 ParentImage: C:\Windows\System32\cmd.exe ParentCommandLine: C:\Windows\system32\cmd.exe /c REG QUERY HKLM\SYSTEM\CurrentControlSet\Control\SafeBoot\Minimal\mXoRpcSsx ParentUser: DESKTOP-64-EDR\siesvc"
"Device=WindowsLog	AgentLogFile=Microsoft-Windows-Sysmon/Operational	PluginVersion=7.2.9.105	Source=Microsoft-Windows-Sysmon	Computer=DESKTOP-64-EDR	OriginatingComputer=DESKTOP-64-EDR	User=SYSTEM	Domain=NT AUTHORITY	EventID=1	EventIDCode=1	EventType=4	EventCategory=1	RecordNumber=5997032	TimeGenerated=1754641477	TimeWritten=1754641477	Level=Informational	Keywords=0x8000000000000000	Task=SysmonTask-SYSMONEVENT_CREATE_PROCESS	Opcode=Info	Message=Process Create: RuleName: - UtcTime: 2025-08-08 08:24:37.473 ProcessGuid: {ca0127e9-b445-6895-6667-000000008b00} ProcessId: 15812 Image: C:\Windows\System32\cmd.exe FileVersion: 10.0.19041.746 (WinBuild.160101.0800) Description: Windows Command Processor Product: Microsoft® Windows® Operating System Company: Microsoft Corporation OriginalFileName: Cmd.Exe CommandLine: C:\Windows\system32\cmd.exe /c REG QUERY HKLM\SYSTEM\CurrentControlSet\Control\SafeBoot\Minimal\mXoRpcSsx CurrentDirectory: C:\ProgramData\Picus Security\Picus Simulation Agent\Simulations\Simulation_525102_48847_49da441cbe41\ User: DESKTOP-64-EDR\siesvc LogonGuid: {ca0127e9-b445-6895-0f95-d60f00000000} LogonId: 0xFD6950F TerminalSessionId: 0 IntegrityLevel: High Hashes: MD5=8A2122E8162DBEF04694B9C3E0B6CDEE,SHA256=B99D61D874728EDC0918CA0EB10EAB93D381E7367E377406E65963366C874450,IMPHASH=272245E2988E1E430500B852C4FB5E18 ParentProcessGuid: {ca0127e9-b445-6895-5f67-000000008b00} ParentProcessId: 14652 ParentImage: C:\Users\siesvc\AppData\Local\Temp\d83095978d1dbc927b8e1da52b12ea22.exe ParentCommandLine: C:\Users\siesvc\AppData\Local\Temp\d83095978d1dbc927b8e1da52b12ea22.exe ParentUser: DESKTOP-64-EDR\siesvc"
"Device=WindowsLog	AgentLogFile=Microsoft-Windows-Sysmon/Operational	PluginVersion=7.2.9.105	Source=Microsoft-Windows-Sysmon	Computer=DESKTOP-64-EDR	OriginatingComputer=DESKTOP-64-EDR	User=SYSTEM	Domain=NT AUTHORITY	EventID=1	EventIDCode=1	EventType=4	EventCategory=1	RecordNumber=5997029	TimeGenerated=1754641477	TimeWritten=1754641477	Level=Informational	Keywords=0x8000000000000000	Task=SysmonTask-SYSMONEVENT_CREATE_PROCESS	Opcode=Info	Message=Process Create: RuleName: - UtcTime: 2025-08-08 08:24:37.421 ProcessGuid: {ca0127e9-b445-6895-6567-000000008b00} ProcessId: 15640 Image: C:\Windows\System32eg.exe FileVersion: 10.0.19041.1 (WinBuild.160101.0800) Description: Registry Console Tool Product: Microsoft® Windows® Operating System Company: Microsoft Corporation OriginalFileName: reg.exe CommandLine: REG  QUERY HKLM\SYSTEM\CurrentControlSet\Control\SafeBoot\Minimal\VSS CurrentDirectory: C:\ProgramData\Picus Security\Picus Simulation Agent\Simulations\Simulation_525102_48847_49da441cbe41\ User: DESKTOP-64-EDR\siesvc LogonGuid: {ca0127e9-b445-6895-0f95-d60f00000000} LogonId: 0xFD6950F TerminalSessionId: 0 IntegrityLevel: High Hashes: MD5=227F63E1D9008B36BDBCC4B397780BE4,SHA256=C0E25B1F9B22DE445298C1E96DDFCEAD265CA030FA6626F61A4A4786CC4A3B7D,IMPHASH=BE482BE427FE212CFEF2CDA0E61F19AC ParentProcessGuid: {ca0127e9-b445-6895-6467-000000008b00} ParentProcessId: 14428 ParentImage: C:\Windows\System32\cmd.exe ParentCommandLine: C:\Windows\system32\cmd.exe /c REG QUERY HKLM\SYSTEM\CurrentControlSet\Control\SafeBoot\Minimal\VSS ParentUser: DESKTOP-64-EDR\siesvc"
"Device=WindowsLog	AgentLogFile=Microsoft-Windows-Sysmon/Operational	PluginVersion=7.2.9.105	Source=Microsoft-Windows-Sysmon	Computer=DESKTOP-64-EDR	OriginatingComputer=DESKTOP-64-EDR	User=SYSTEM	Domain=NT AUTHORITY	EventID=1	EventIDCode=1	EventType=4	EventCategory=1	RecordNumber=5997026	TimeGenerated=1754641477	TimeWritten=1754641477	Level=Informational	Keywords=0x8000000000000000	Task=SysmonTask-SYSMONEVENT_CREATE_PROCESS	Opcode=Info	Message=Process Create: RuleName: - UtcTime: 2025-08-08 08:24:37.386 ProcessGuid: {ca0127e9-b445-6895-6467-000000008b00} ProcessId: 14428 Image: C:\Windows\System32\cmd.exe FileVersion: 10.0.19041.746 (WinBuild.160101.0800) Description: Windows Command Processor Product: Microsoft® Windows® Operating System Company: Microsoft Corporation OriginalFileName: Cmd.Exe CommandLine: C:\Windows\system32\cmd.exe /c REG QUERY HKLM\SYSTEM\CurrentControlSet\Control\SafeBoot\Minimal\VSS CurrentDirectory: C:\ProgramData\Picus Security\Picus Simulation Agent\Simulations\Simulation_525102_48847_49da441cbe41\ User: DESKTOP-64-EDR\siesvc LogonGuid: {ca0127e9-b445-6895-0f95-d60f00000000} LogonId: 0xFD6950F TerminalSessionId: 0 IntegrityLevel: High Hashes: MD5=8A2122E8162DBEF04694B9C3E0B6CDEE,SHA256=B99D61D874728EDC0918CA0EB10EAB93D381E7367E377406E65963366C874450,IMPHASH=272245E2988E1E430500B852C4FB5E18 ParentProcessGuid: {ca0127e9-b445-6895-5f67-000000008b00} ParentProcessId: 14652 ParentImage: C:\Users\siesvc\AppData\Local\Temp\d83095978d1dbc927b8e1da52b12ea22.exe ParentCommandLine: C:\Users\siesvc\AppData\Local\Temp\d83095978d1dbc927b8e1da52b12ea22.exe ParentUser: DESKTOP-64-EDR\siesvc"
"Device=WindowsLog	AgentLogFile=Microsoft-Windows-Sysmon/Operational	PluginVersion=7.2.9.105	Source=Microsoft-Windows-Sysmon	Computer=DESKTOP-64-EDR	OriginatingComputer=DESKTOP-64-EDR	User=SYSTEM	Domain=NT AUTHORITY	EventID=1	EventIDCode=1	EventType=4	EventCategory=1	RecordNumber=5997022	TimeGenerated=1754641477	TimeWritten=1754641477	Level=Informational	Keywords=0x8000000000000000	Task=SysmonTask-SYSMONEVENT_CREATE_PROCESS	Opcode=Info	Message=Process Create: RuleName: - UtcTime: 2025-08-08 08:24:37.340 ProcessGuid: {ca0127e9-b445-6895-6367-000000008b00} ProcessId: 14592 Image: C:\Windows\System32eg.exe FileVersion: 10.0.19041.1 (WinBuild.160101.0800) Description: Registry Console Tool Product: Microsoft® Windows® Operating System Company: Microsoft Corporation OriginalFileName: reg.exe CommandLine: REG  ADD HKLM\SYSTEM\CurrentControlSet\Control\SafeBoot\Minimal\mXoRpcSsx /VE /T REG_SZ /F /D Service CurrentDirectory: C:\ProgramData\Picus Security\Picus Simulation Agent\Simulations\Simulation_525102_48847_49da441cbe41\ User: DESKTOP-64-EDR\siesvc LogonGuid: {ca0127e9-b445-6895-0f95-d60f00000000} LogonId: 0xFD6950F TerminalSessionId: 0 IntegrityLevel: High Hashes: MD5=227F63E1D9008B36BDBCC4B397780BE4,SHA256=C0E25B1F9B22DE445298C1E96DDFCEAD265CA030FA6626F61A4A4786CC4A3B7D,IMPHASH=BE482BE427FE212CFEF2CDA0E61F19AC ParentProcessGuid: {ca0127e9-b445-6895-6267-000000008b00} ParentProcessId: 17176 ParentImage: C:\Windows\System32\cmd.exe ParentCommandLine: C:\Windows\system32\cmd.exe /c REG ADD HKLM\SYSTEM\CurrentControlSet\Control\SafeBoot\Minimal\mXoRpcSsx /VE /T REG_SZ /F /D Service ParentUser: DESKTOP-64-EDR\siesvc"
"Device=WindowsLog	AgentLogFile=Microsoft-Windows-Sysmon/Operational	PluginVersion=7.2.9.105	Source=Microsoft-Windows-Sysmon	Computer=DESKTOP-64-EDR	OriginatingComputer=DESKTOP-64-EDR	User=SYSTEM	Domain=NT AUTHORITY	EventID=1	EventIDCode=1	EventType=4	EventCategory=1	RecordNumber=5997019	TimeGenerated=1754641477	TimeWritten=1754641477	Level=Informational	Keywords=0x8000000000000000	Task=SysmonTask-SYSMONEVENT_CREATE_PROCESS	Opcode=Info	Message=Process Create: RuleName: - UtcTime: 2025-08-08 08:24:37.307 ProcessGuid: {ca0127e9-b445-6895-6267-000000008b00} ProcessId: 17176 Image: C:\Windows\System32\cmd.exe FileVersion: 10.0.19041.746 (WinBuild.160101.0800) Description: Windows Command Processor Product: Microsoft® Windows® Operating System Company: Microsoft Corporation OriginalFileName: Cmd.Exe CommandLine: C:\Windows\system32\cmd.exe /c REG ADD HKLM\SYSTEM\CurrentControlSet\Control\SafeBoot\Minimal\mXoRpcSsx /VE /T REG_SZ /F /D Service CurrentDirectory: C:\ProgramData\Picus Security\Picus Simulation Agent\Simulations\Simulation_525102_48847_49da441cbe41\ User: DESKTOP-64-EDR\siesvc LogonGuid: {ca0127e9-b445-6895-0f95-d60f00000000} LogonId: 0xFD6950F TerminalSessionId: 0 IntegrityLevel: High Hashes: MD5=8A2122E8162DBEF04694B9C3E0B6CDEE,SHA256=B99D61D874728EDC0918CA0EB10EAB93D381E7367E377406E65963366C874450,IMPHASH=272245E2988E1E430500B852C4FB5E18 ParentProcessGuid: {ca0127e9-b445-6895-5f67-000000008b00} ParentProcessId: 14652 ParentImage: C:\Users\siesvc\AppData\Local\Temp\d83095978d1dbc927b8e1da52b12ea22.exe ParentCommandLine: C:\Users\siesvc\AppData\Local\Temp\d83095978d1dbc927b8e1da52b12ea22.exe ParentUser: DESKTOP-64-EDR\siesvc"
"Device=WindowsLog	AgentLogFile=Microsoft-Windows-Sysmon/Operational	PluginVersion=7.2.9.105	Source=Microsoft-Windows-Sysmon	Computer=DESKTOP-64-EDR	OriginatingComputer=DESKTOP-64-EDR	User=SYSTEM	Domain=NT AUTHORITY	EventID=1	EventIDCode=1	EventType=4	EventCategory=1	RecordNumber=5997015	TimeGenerated=1754641477	TimeWritten=1754641477	Level=Informational	Keywords=0x8000000000000000	Task=SysmonTask-SYSMONEVENT_CREATE_PROCESS	Opcode=Info	Message=Process Create: RuleName: - UtcTime: 2025-08-08 08:24:37.255 ProcessGuid: {ca0127e9-b445-6895-6167-000000008b00} ProcessId: 9504 Image: C:\Windows\System32eg.exe FileVersion: 10.0.19041.1 (WinBuild.160101.0800) Description: Registry Console Tool Product: Microsoft® Windows® Operating System Company: Microsoft Corporation OriginalFileName: reg.exe CommandLine: REG  ADD HKLM\SYSTEM\CurrentControlSet\Control\SafeBoot\Minimal\VSS /VE /T REG_SZ /F /D Service CurrentDirectory: C:\ProgramData\Picus Security\Picus Simulation Agent\Simulations\Simulation_525102_48847_49da441cbe41\ User: DESKTOP-64-EDR\siesvc LogonGuid: {ca0127e9-b445-6895-0f95-d60f00000000} LogonId: 0xFD6950F TerminalSessionId: 0 IntegrityLevel: High Hashes: MD5=227F63E1D9008B36BDBCC4B397780BE4,SHA256=C0E25B1F9B22DE445298C1E96DDFCEAD265CA030FA6626F61A4A4786CC4A3B7D,IMPHASH=BE482BE427FE212CFEF2CDA0E61F19AC ParentProcessGuid: {ca0127e9-b445-6895-6067-000000008b00} ParentProcessId: 12268 ParentImage: C:\Windows\System32\cmd.exe ParentCommandLine: C:\Windows\system32\cmd.exe /c REG ADD HKLM\SYSTEM\CurrentControlSet\Control\SafeBoot\Minimal\VSS /VE /T REG_SZ /F /D Service ParentUser: DESKTOP-64-EDR\siesvc"
"Device=WindowsLog	AgentLogFile=Microsoft-Windows-Sysmon/Operational	PluginVersion=7.2.9.105	Source=Microsoft-Windows-Sysmon	Computer=DESKTOP-64-EDR	OriginatingComputer=DESKTOP-64-EDR	User=SYSTEM	Domain=NT AUTHORITY	EventID=1	EventIDCode=1	EventType=4	EventCategory=1	RecordNumber=5997012	TimeGenerated=1754641477	TimeWritten=1754641477	Level=Informational	Keywords=0x8000000000000000	Task=SysmonTask-SYSMONEVENT_CREATE_PROCESS	Opcode=Info	Message=Process Create: RuleName: - UtcTime: 2025-08-08 08:24:37.221 ProcessGuid: {ca0127e9-b445-6895-6067-000000008b00} ProcessId: 12268 Image: C:\Windows\System32\cmd.exe FileVersion: 10.0.19041.746 (WinBuild.160101.0800) Description: Windows Command Processor Product: Microsoft® Windows® Operating System Company: Microsoft Corporation OriginalFileName: Cmd.Exe CommandLine: C:\Windows\system32\cmd.exe /c REG ADD HKLM\SYSTEM\CurrentControlSet\Control\SafeBoot\Minimal\VSS /VE /T REG_SZ /F /D Service CurrentDirectory: C:\ProgramData\Picus Security\Picus Simulation Agent\Simulations\Simulation_525102_48847_49da441cbe41\ User: DESKTOP-64-EDR\siesvc LogonGuid: {ca0127e9-b445-6895-0f95-d60f00000000} LogonId: 0xFD6950F TerminalSessionId: 0 IntegrityLevel: High Hashes: MD5=8A2122E8162DBEF04694B9C3E0B6CDEE,SHA256=B99D61D874728EDC0918CA0EB10EAB93D381E7367E377406E65963366C874450,IMPHASH=272245E2988E1E430500B852C4FB5E18 ParentProcessGuid: {ca0127e9-b445-6895-5f67-000000008b00} ParentProcessId: 14652 ParentImage: C:\Users\siesvc\AppData\Local\Temp\d83095978d1dbc927b8e1da52b12ea22.exe ParentCommandLine: C:\Users\siesvc\AppData\Local\Temp\d83095978d1dbc927b8e1da52b12ea22.exe ParentUser: DESKTOP-64-EDR\siesvc"
"Device=WindowsLog	AgentLogFile=Microsoft-Windows-Sysmon/Operational	PluginVersion=7.2.9.105	Source=Microsoft-Windows-Sysmon	Computer=DESKTOP-64-EDR	OriginatingComputer=DESKTOP-64-EDR	User=SYSTEM	Domain=NT AUTHORITY	EventID=1	EventIDCode=1	EventType=4	EventCategory=1	RecordNumber=5997008	TimeGenerated=1754641477	TimeWritten=1754641477	Level=Informational	Keywords=0x8000000000000000	Task=SysmonTask-SYSMONEVENT_CREATE_PROCESS	Opcode=Info	Message=Process Create: RuleName: - UtcTime: 2025-08-08 08:24:37.195 ProcessGuid: {ca0127e9-b445-6895-5f67-000000008b00} ProcessId: 14652 Image: C:\Users\siesvc\AppData\Local\Temp\d83095978d1dbc927b8e1da52b12ea22.exe FileVersion: - Description: - Product: - Company: - OriginalFileName: - CommandLine: C:\Users\siesvc\AppData\Local\Temp\d83095978d1dbc927b8e1da52b12ea22.exe CurrentDirectory: C:\ProgramData\Picus Security\Picus Simulation Agent\Simulations\Simulation_525102_48847_49da441cbe41\ User: DESKTOP-64-EDR\siesvc LogonGuid: {ca0127e9-b445-6895-0f95-d60f00000000} LogonId: 0xFD6950F TerminalSessionId: 0 IntegrityLevel: High Hashes: MD5=D83095978D1DBC927B8E1DA52B12EA22,SHA256=550FEFE5879263EC6F09F3DE35A7F67643D7FB6C06CD2FF27AA11F9C1C68DDD3,IMPHASH=885B28F10719B170CD0AC8113490B050 ParentProcessGuid: {ca0127e9-b445-6895-5d67-000000008b00} ParentProcessId: 16340 ParentImage: C:\Windows\System32\cmd.exe ParentCommandLine: cmd.exe /c ""C:\Users\siesvc\AppData\Local\Temp\d83095978d1dbc927b8e1da52b12ea22.exe"""" ParentUser: DESKTOP-64-EDR\siesvc"""
"Device=WindowsLog	AgentLogFile=Microsoft-Windows-Sysmon/Operational	PluginVersion=7.2.9.105	Source=Microsoft-Windows-Sysmon	Computer=DESKTOP-64-EDR	OriginatingComputer=DESKTOP-64-EDR	User=SYSTEM	Domain=NT AUTHORITY	EventID=1	EventIDCode=1	EventType=4	EventCategory=1	RecordNumber=5997005	TimeGenerated=1754641477	TimeWritten=1754641477	Level=Informational	Keywords=0x8000000000000000	Task=SysmonTask-SYSMONEVENT_CREATE_PROCESS	Opcode=Info	Message=Process Create: RuleName: - UtcTime: 2025-08-08 08:24:37.100 ProcessGuid: {ca0127e9-b445-6895-5d67-000000008b00} ProcessId: 16340 Image: C:\Windows\System32\cmd.exe FileVersion: 10.0.19041.746 (WinBuild.160101.0800) Description: Windows Command Processor Product: Microsoft® Windows® Operating System Company: Microsoft Corporation OriginalFileName: Cmd.Exe CommandLine: cmd.exe /c ""C:\Users\siesvc\AppData\Local\Temp\d83095978d1dbc927b8e1da52b12ea22.exe"""" CurrentDirectory: C:\ProgramData\Picus Security\Picus Simulation Agent\Simulations\Simulation_525102_48847_49da441cbe41\ User: DESKTOP-64-EDR\siesvc LogonGuid: {ca0127e9-b445-6895-0f95-d60f00000000} LogonId: 0xFD6950F TerminalSessionId: 0 IntegrityLevel: High Hashes: MD5=8A2122E8162DBEF04694B9C3E0B6CDEE"
Device=WindowsLog	AgentLogFile=Microsoft-Windows-Sysmon/Operational	PluginVersion=7.2.9.105	Source=Microsoft-Windows-Sysmon	Computer=DESKTOP-64-EDR	OriginatingComputer=DESKTOP-64-EDR	User=SYSTEM	Domain=NT AUTHORITY	EventID=18	EventIDCode=18	EventType=4	EventCategory=18	RecordNumber=5997004	TimeGenerated=1754641477	TimeWritten=1754641477	Level=Informational	Keywords=0x8000000000000000	Task=SysmonTask-SYSMONEVENT_CONNECT_NAMEDPIPE	Opcode=Info	Message=Pipe Connected: RuleName: - EventType: ConnectPipe UtcTime: 2025-08-08 08:24:37.076 ProcessGuid: {ca0127e9-b3fd-6895-3f67-000000008b00} ProcessId: 9948 PipeName: <Anonymous Pipe> Image: C:\Program Files\Picus Security\Picus Simulation Agent\Picus.Simulator.exe User: NT AUTHORITY\SYSTEM
Device=WindowsLog	AgentLogFile=Microsoft-Windows-Sysmon/Operational	PluginVersion=7.2.9.105	Source=Microsoft-Windows-Sysmon	Computer=DESKTOP-64-EDR	OriginatingComputer=DESKTOP-64-EDR	User=SYSTEM	Domain=NT AUTHORITY	EventID=17	EventIDCode=17	EventType=4	EventCategory=17	RecordNumber=5997003	TimeGenerated=1754641477	TimeWritten=1754641477	Level=Informational	Keywords=0x8000000000000000	Task=SysmonTask-SYSMONEVENT_CREATE_NAMEDPIPE	Opcode=Info	Message=Pipe Created: RuleName: - EventType: CreatePipe UtcTime: 2025-08-08 08:24:37.076 ProcessGuid: {ca0127e9-b3fd-6895-3f67-000000008b00} ProcessId: 9948 PipeName: <Anonymous Pipe> Image: C:\Program Files\Picus Security\Picus Simulation Agent\Picus.Simulator.exe User: NT AUTHORITY\SYSTEM
