"Device=WindowsLog	AgentLogFile=Security	PluginVersion=7.2.9.105	Source=Microsoft-Windows-Security-Auditing	Computer=DESKTOP-64-EDR	OriginatingComputer=192.168.153.166	User=	Domain=	EventID=4624	EventIDCode=4624	EventType=8	EventCategory=12544	RecordNumber=8506824	TimeGenerated=1754625506	TimeWritten=1754625506	Level=0	Keywords=0	Task=0	Opcode=0	Message=An account was successfully logged on.  Subject:  Security ID:  NT AUTHORITY\SYSTEM  Account Name:  DESKTOP-64-EDR$  Account Domain:  BOCHK.COM  Logon ID:  0x3e7  Logon Information:  Logon Type:  2  Restricted Admin Mode: -  Virtual Account:  No   Elevated Token:  No   Impersonation Level:  Impersonation   New Logon:  Security ID:  DESKTOP-64-EDR\siesvc  Account Name:  siesvc  Account Domain:  DESKTOP-64-EDR  Logon ID:  0xf04bb8e  Linked Logon ID:  0xf04bb4f  Network Account Name: -  Network Account Domain: -  Logon GUID:  {00000000-0000-0000-0000-000000000000}  Process Information:  Process ID:  0x141c  Process Name:  C:\Program Files\Picus Security\Picus Simulation Agent\Picus.Simulator.exe  Network Information:  Workstation Name: DESKTOP-64-EDR  Source Network Address: -  Source Port:  -  Detailed Authentication Information:  Logon Process:  Advapi    Authentication Package: Negotiate  Transited Services: -  Package Name (NTLM only): -  Key Length:  0  This event is generated when a logon session is created. It is generated on the computer that was accessed.  The subject fields indicate the account on the local system which requested the logon. This is most commonly a service such as the Server service, or a local process such as Winlogon.exe or Services.exe.  The logon type field indicates the kind of logon that occurred. The most common types are 2 (interactive) and 3 (network).  The New Logon fields indicate the account for whom the new logon was created, i.e. the account that was logged on.  The network fields indicate where a remote logon request originated. Workstation name is not always available and may be left blank in some cases.  The impersonation level field indicates the extent to which a process in the logon session can impersonate.  The authentication information fields provide detailed information about this specific logon request.  - Logon GUID is a unique identifier that can be used to correlate this event with a KDC event.  - Transited services indicate which intermediate services have participated in this logon request.  - Package name indicates which sub-protocol was used among the NTLM protocols.  - Key length indicates the length of the generated session key. This will be 0 if no session key was requested."
"Device=WindowsLog	AgentLogFile=Security	PluginVersion=7.2.9.105	Source=Microsoft-Windows-Security-Auditing	Computer=DESKTOP-64-EDR	OriginatingComputer=192.168.153.166	User=	Domain=	EventID=4624	EventIDCode=4624	EventType=8	EventCategory=12544	RecordNumber=8506823	TimeGenerated=1754625506	TimeWritten=1754625506	Level=0	Keywords=0	Task=0	Opcode=0	Message=An account was successfully logged on.  Subject:  Security ID:  NT AUTHORITY\SYSTEM  Account Name:  DESKTOP-64-EDR$  Account Domain:  BOCHK.COM  Logon ID:  0x3e7  Logon Information:  Logon Type:  2  Restricted Admin Mode: -  Virtual Account:  No   Elevated Token:  Yes   Impersonation Level:  Impersonation   New Logon:  Security ID:  DESKTOP-64-EDR\siesvc  Account Name:  siesvc  Account Domain:  DESKTOP-64-EDR  Logon ID:  0xf04bb4f  Linked Logon ID:  0xf04bb8e  Network Account Name: -  Network Account Domain: -  Logon GUID:  {00000000-0000-0000-0000-000000000000}  Process Information:  Process ID:  0x141c  Process Name:  C:\Program Files\Picus Security\Picus Simulation Agent\Picus.Simulator.exe  Network Information:  Workstation Name: DESKTOP-64-EDR  Source Network Address: -  Source Port:  -  Detailed Authentication Information:  Logon Process:  Advapi    Authentication Package: Negotiate  Transited Services: -  Package Name (NTLM only): -  Key Length:  0  This event is generated when a logon session is created. It is generated on the computer that was accessed.  The subject fields indicate the account on the local system which requested the logon. This is most commonly a service such as the Server service, or a local process such as Winlogon.exe or Services.exe.  The logon type field indicates the kind of logon that occurred. The most common types are 2 (interactive) and 3 (network).  The New Logon fields indicate the account for whom the new logon was created, i.e. the account that was logged on.  The network fields indicate where a remote logon request originated. Workstation name is not always available and may be left blank in some cases.  The impersonation level field indicates the extent to which a process in the logon session can impersonate.  The authentication information fields provide detailed information about this specific logon request.  - Logon GUID is a unique identifier that can be used to correlate this event with a KDC event.  - Transited services indicate which intermediate services have participated in this logon request.  - Package name indicates which sub-protocol was used among the NTLM protocols.  - Key length indicates the length of the generated session key. This will be 0 if no session key was requested."
"Device=WindowsLog	AgentLogFile=Security	PluginVersion=7.2.9.105	Source=Microsoft-Windows-Security-Auditing	Computer=DESKTOP-64-EDR	OriginatingComputer=192.168.153.166	User=	Domain=	EventID=4648	EventIDCode=4648	EventType=8	EventCategory=12544	RecordNumber=8506822	TimeGenerated=1754625506	TimeWritten=1754625506	Level=0	Keywords=0	Task=0	Opcode=0	Message=A logon was attempted using explicit credentials.  Subject:  Security ID:  NT AUTHORITY\SYSTEM  Account Name:  DESKTOP-64-EDR$  Account Domain:  BOCHK.COM  Logon ID:  0x3e7  Logon GUID:  {00000000-0000-0000-0000-000000000000}  Account Whose Credentials Were Used:  Account Name:  siesvc  Account Domain:  DESKTOP-64-EDR  Logon GUID:  {00000000-0000-0000-0000-000000000000}  Target Server:  Target Server Name: localhost  Additional Information: localhost  Process Information:  Process ID:  0x141c  Process Name:  C:\Program Files\Picus Security\Picus Simulation Agent\Picus.Simulator.exe  Network Information:  Network Address: -  Port:   -  This event is generated when a process attempts to log on an account by explicitly specifying that account’s credentials.  This most commonly occurs in batch-type configurations such as scheduled tasks, or when using the RUNAS command."
"Device=WindowsLog	AgentLogFile=Microsoft-Windows-PowerShell/Operational	PluginVersion=7.2.9.105	Source=Microsoft-Windows-PowerShell	Computer=DESKTOP-64-EDR	OriginatingComputer=DESKTOP-64-EDR	User=siesvc	Domain=DESKTOP-64-EDR	EventID=4103	EventIDCode=4103	EventType=4	EventCategory=106	RecordNumber=2023521	TimeGenerated=1754625504	TimeWritten=1754625504	Level=Informational	Keywords=0	Task=ExecutePipeline	Opcode=20	Message=CommandInvocation(Remove-Item): ""Remove-Item"""" ParameterBinding(Remove-Item): name=""""Recurse""""; value=""""True"""" ParameterBinding(Remove-Item): name=""""Path""""; value=""""C:\Users\Public\Downloads\test""""   Context:         Severity = Informational         Host Name = ConsoleHost         Host Version = 5.1.19041.2673         Host ID = cbb3d03e-cedd-4d67-a9d4-abb8282d3206         Host Application = powershell.exe -c remove-item C:\Users\Public\Downloads\328054.rar; remove-item -r C:\Users\Public\Downloads\test <#PICUS_REWIND#>         Engine Version = 5.1.19041.2673         Runspace ID = 4e057aee-6b0f-4dd6-a6b5-d6c0e3c26910         Pipeline ID = 1         Command Name = Remove-Item         Command Type = Cmdlet         Script Name =          Command Path =          Sequence Number = 50         User = DESKTOP-64-EDR\siesvc         Connected User =          Shell ID = Microsoft.PowerShell   User Data:"""
"Device=WindowsLog	AgentLogFile=Microsoft-Windows-PowerShell/Operational	PluginVersion=7.2.9.105	Source=Microsoft-Windows-PowerShell	Computer=DESKTOP-64-EDR	OriginatingComputer=DESKTOP-64-EDR	User=siesvc	Domain=DESKTOP-64-EDR	EventID=4103	EventIDCode=4103	EventType=4	EventCategory=106	RecordNumber=2023522	TimeGenerated=1754625504	TimeWritten=1754625504	Level=Informational	Keywords=0	Task=ExecutePipeline	Opcode=20	Message=CommandInvocation(Out-Default): ""Out-Default"""" ParameterBinding(Out-Default): name=""""InputObject""""; value=""""Cannot find path 'C:\Users\Public\Downloads\328054.rar' because it does not exist.""""   Context:         Severity = Informational         Host Name = ConsoleHost         Host Version = 5.1.19041.2673         Host ID = cbb3d03e-cedd-4d67-a9d4-abb8282d3206         Host Application = powershell.exe -c remove-item C:\Users\Public\Downloads\328054.rar; remove-item -r C:\Users\Public\Downloads\test <#PICUS_REWIND#>         Engine Version = 5.1.19041.2673         Runspace ID = 4e057aee-6b0f-4dd6-a6b5-d6c0e3c26910         Pipeline ID = 1         Command Name =          Command Type = Script         Script Name =          Command Path =          Sequence Number = 52         User = DESKTOP-64-EDR\siesvc         Connected User =          Shell ID = Microsoft.PowerShell   User Data:"""
"Device=WindowsLog	AgentLogFile=Microsoft-Windows-PowerShell/Operational	PluginVersion=7.2.9.105	Source=Microsoft-Windows-PowerShell	Computer=DESKTOP-64-EDR	OriginatingComputer=DESKTOP-64-EDR	User=siesvc	Domain=DESKTOP-64-EDR	EventID=4103	EventIDCode=4103	EventType=4	EventCategory=106	RecordNumber=2023520	TimeGenerated=1754625504	TimeWritten=1754625504	Level=Informational	Keywords=0	Task=ExecutePipeline	Opcode=20	Message=CommandInvocation(Remove-Item): ""Remove-Item"""" ParameterBinding(Remove-Item): name=""""Path""""; value=""""C:\Users\Public\Downloads\328054.rar"""" NonTerminatingError(Remove-Item): """"Cannot find path 'C:\Users\Public\Downloads\328054.rar' because it does not exist.""""   Context:         Severity = Informational         Host Name = ConsoleHost         Host Version = 5.1.19041.2673         Host ID = cbb3d03e-cedd-4d67-a9d4-abb8282d3206         Host Application = powershell.exe -c remove-item C:\Users\Public\Downloads\328054.rar; remove-item -r C:\Users\Public\Downloads\test <#PICUS_REWIND#>         Engine Version = 5.1.19041.2673         Runspace ID = 4e057aee-6b0f-4dd6-a6b5-d6c0e3c26910         Pipeline ID = 1         Command Name = Remove-Item         Command Type = Cmdlet         Script Name =          Command Path =          Sequence Number = 48         User = DESKTOP-64-EDR\siesvc         Connected User =          Shell ID = Microsoft.PowerShell   User Data:"""
"Device=WindowsLog	AgentLogFile=Microsoft-Windows-PowerShell/Operational	PluginVersion=7.2.9.105	Source=Microsoft-Windows-PowerShell	Computer=DESKTOP-64-EDR	OriginatingComputer=DESKTOP-64-EDR	User=siesvc	Domain=DESKTOP-64-EDR	EventID=4103	EventIDCode=4103	EventType=4	EventCategory=106	RecordNumber=2023519	TimeGenerated=1754625504	TimeWritten=1754625504	Level=Informational	Keywords=0	Task=ExecutePipeline	Opcode=20	Message=CommandInvocation(Set-StrictMode): ""Set-StrictMode"""" ParameterBinding(Set-StrictMode): name=""""Version""""; value=""""1.0""""   Context:         Severity = Informational         Host Name = ConsoleHost         Host Version = 5.1.19041.2673         Host ID = cbb3d03e-cedd-4d67-a9d4-abb8282d3206         Host Application = powershell.exe -c remove-item C:\Users\Public\Downloads\328054.rar; remove-item -r C:\Users\Public\Downloads\test <#PICUS_REWIND#>         Engine Version = 5.1.19041.2673         Runspace ID = 4e057aee-6b0f-4dd6-a6b5-d6c0e3c26910         Pipeline ID = 1         Command Name = Set-StrictMode         Command Type = Cmdlet         Script Name =          Command Path =          Sequence Number = 46         User = DESKTOP-64-EDR\siesvc         Connected User =          Shell ID = Microsoft.PowerShell   User Data:"""
"Device=WindowsLog	AgentLogFile=Microsoft-Windows-PowerShell/Operational	PluginVersion=7.2.9.105	Source=Microsoft-Windows-PowerShell	Computer=DESKTOP-64-EDR	OriginatingComputer=DESKTOP-64-EDR	User=siesvc	Domain=DESKTOP-64-EDR	EventID=4103	EventIDCode=4103	EventType=4	EventCategory=106	RecordNumber=2023517	TimeGenerated=1754625504	TimeWritten=1754625504	Level=Informational	Keywords=0	Task=ExecutePipeline	Opcode=20	Message=CommandInvocation(Set-StrictMode): ""Set-StrictMode"""" ParameterBinding(Set-StrictMode): name=""""Version""""; value=""""1.0""""   Context:         Severity = Informational         Host Name = ConsoleHost         Host Version = 5.1.19041.2673         Host ID = cbb3d03e-cedd-4d67-a9d4-abb8282d3206         Host Application = powershell.exe -c remove-item C:\Users\Public\Downloads\328054.rar; remove-item -r C:\Users\Public\Downloads\test <#PICUS_REWIND#>         Engine Version = 5.1.19041.2673         Runspace ID = 4e057aee-6b0f-4dd6-a6b5-d6c0e3c26910         Pipeline ID = 1         Command Name = Set-StrictMode         Command Type = Cmdlet         Script Name =          Command Path =          Sequence Number = 44         User = DESKTOP-64-EDR\siesvc         Connected User =          Shell ID = Microsoft.PowerShell   User Data:"""
"Device=WindowsLog	AgentLogFile=Microsoft-Windows-PowerShell/Operational	PluginVersion=7.2.9.105	Source=Microsoft-Windows-PowerShell	Computer=DESKTOP-64-EDR	OriginatingComputer=DESKTOP-64-EDR	User=siesvc	Domain=DESKTOP-64-EDR	EventID=4103	EventIDCode=4103	EventType=4	EventCategory=106	RecordNumber=2023515	TimeGenerated=1754625504	TimeWritten=1754625504	Level=Informational	Keywords=0	Task=ExecutePipeline	Opcode=20	Message=CommandInvocation(Set-StrictMode): ""Set-StrictMode"""" ParameterBinding(Set-StrictMode): name=""""Version""""; value=""""1.0""""   Context:         Severity = Informational         Host Name = ConsoleHost         Host Version = 5.1.19041.2673         Host ID = cbb3d03e-cedd-4d67-a9d4-abb8282d3206         Host Application = powershell.exe -c remove-item C:\Users\Public\Downloads\328054.rar; remove-item -r C:\Users\Public\Downloads\test <#PICUS_REWIND#>         Engine Version = 5.1.19041.2673         Runspace ID = 4e057aee-6b0f-4dd6-a6b5-d6c0e3c26910         Pipeline ID = 1         Command Name = Set-StrictMode         Command Type = Cmdlet         Script Name =          Command Path =          Sequence Number = 42         User = DESKTOP-64-EDR\siesvc         Connected User =          Shell ID = Microsoft.PowerShell   User Data:"""
"Device=WindowsLog	AgentLogFile=Security	PluginVersion=7.2.9.105	Source=Microsoft-Windows-Security-Auditing	Computer=DESKTOP-64-EDR	OriginatingComputer=192.168.153.166	User=	Domain=	EventID=4624	EventIDCode=4624	EventType=8	EventCategory=12544	RecordNumber=8506819	TimeGenerated=1754625506	TimeWritten=1754625506	Level=0	Keywords=0	Task=0	Opcode=0	Message=An account was successfully logged on.  Subject:  Security ID:  NT AUTHORITY\SYSTEM  Account Name:  DESKTOP-64-EDR$  Account Domain:  BOCHK.COM  Logon ID:  0x3e7  Logon Information:  Logon Type:  2  Restricted Admin Mode: -  Virtual Account:  No   Elevated Token:  No   Impersonation Level:  Impersonation   New Logon:  Security ID:  DESKTOP-64-EDR\siesvc  Account Name:  siesvc  Account Domain:  DESKTOP-64-EDR  Logon ID:  0xf04b8ed  Linked Logon ID:  0xf04b8ae  Network Account Name: -  Network Account Domain: -  Logon GUID:  {00000000-0000-0000-0000-000000000000}  Process Information:  Process ID:  0x1c6c  Process Name:  C:\Program Files\Picus Security\Picus Simulation Agent\Picus.Simulation.AgentService.exe  Network Information:  Workstation Name: DESKTOP-64-EDR  Source Network Address: -  Source Port:  -  Detailed Authentication Information:  Logon Process:  Advapi    Authentication Package: Negotiate  Transited Services: -  Package Name (NTLM only): -  Key Length:  0  This event is generated when a logon session is created. It is generated on the computer that was accessed.  The subject fields indicate the account on the local system which requested the logon. This is most commonly a service such as the Server service, or a local process such as Winlogon.exe or Services.exe.  The logon type field indicates the kind of logon that occurred. The most common types are 2 (interactive) and 3 (network).  The New Logon fields indicate the account for whom the new logon was created, i.e. the account that was logged on.  The network fields indicate where a remote logon request originated. Workstation name is not always available and may be left blank in some cases.  The impersonation level field indicates the extent to which a process in the logon session can impersonate.  The authentication information fields provide detailed information about this specific logon request.  - Logon GUID is a unique identifier that can be used to correlate this event with a KDC event.  - Transited services indicate which intermediate services have participated in this logon request.  - Package name indicates which sub-protocol was used among the NTLM protocols.  - Key length indicates the length of the generated session key. This will be 0 if no session key was requested."
"Device=WindowsLog	AgentLogFile=Security	PluginVersion=7.2.9.105	Source=Microsoft-Windows-Security-Auditing	Computer=DESKTOP-64-EDR	OriginatingComputer=192.168.153.166	User=	Domain=	EventID=4624	EventIDCode=4624	EventType=8	EventCategory=12544	RecordNumber=8506818	TimeGenerated=1754625506	TimeWritten=1754625506	Level=0	Keywords=0	Task=0	Opcode=0	Message=An account was successfully logged on.  Subject:  Security ID:  NT AUTHORITY\SYSTEM  Account Name:  DESKTOP-64-EDR$  Account Domain:  BOCHK.COM  Logon ID:  0x3e7  Logon Information:  Logon Type:  2  Restricted Admin Mode: -  Virtual Account:  No   Elevated Token:  Yes   Impersonation Level:  Impersonation   New Logon:  Security ID:  DESKTOP-64-EDR\siesvc  Account Name:  siesvc  Account Domain:  DESKTOP-64-EDR  Logon ID:  0xf04b8ae  Linked Logon ID:  0xf04b8ed  Network Account Name: -  Network Account Domain: -  Logon GUID:  {00000000-0000-0000-0000-000000000000}  Process Information:  Process ID:  0x1c6c  Process Name:  C:\Program Files\Picus Security\Picus Simulation Agent\Picus.Simulation.AgentService.exe  Network Information:  Workstation Name: DESKTOP-64-EDR  Source Network Address: -  Source Port:  -  Detailed Authentication Information:  Logon Process:  Advapi    Authentication Package: Negotiate  Transited Services: -  Package Name (NTLM only): -  Key Length:  0  This event is generated when a logon session is created. It is generated on the computer that was accessed.  The subject fields indicate the account on the local system which requested the logon. This is most commonly a service such as the Server service, or a local process such as Winlogon.exe or Services.exe.  The logon type field indicates the kind of logon that occurred. The most common types are 2 (interactive) and 3 (network).  The New Logon fields indicate the account for whom the new logon was created, i.e. the account that was logged on.  The network fields indicate where a remote logon request originated. Workstation name is not always available and may be left blank in some cases.  The impersonation level field indicates the extent to which a process in the logon session can impersonate.  The authentication information fields provide detailed information about this specific logon request.  - Logon GUID is a unique identifier that can be used to correlate this event with a KDC event.  - Transited services indicate which intermediate services have participated in this logon request.  - Package name indicates which sub-protocol was used among the NTLM protocols.  - Key length indicates the length of the generated session key. This will be 0 if no session key was requested."
"Device=WindowsLog	AgentLogFile=Security	PluginVersion=7.2.9.105	Source=Microsoft-Windows-Security-Auditing	Computer=DESKTOP-64-EDR	OriginatingComputer=192.168.153.166	User=	Domain=	EventID=4648	EventIDCode=4648	EventType=8	EventCategory=12544	RecordNumber=8506817	TimeGenerated=1754625506	TimeWritten=1754625506	Level=0	Keywords=0	Task=0	Opcode=0	Message=A logon was attempted using explicit credentials.  Subject:  Security ID:  NT AUTHORITY\SYSTEM  Account Name:  DESKTOP-64-EDR$  Account Domain:  BOCHK.COM  Logon ID:  0x3e7  Logon GUID:  {00000000-0000-0000-0000-000000000000}  Account Whose Credentials Were Used:  Account Name:  siesvc  Account Domain:  DESKTOP-64-EDR  Logon GUID:  {00000000-0000-0000-0000-000000000000}  Target Server:  Target Server Name: localhost  Additional Information: localhost  Process Information:  Process ID:  0x1c6c  Process Name:  C:\Program Files\Picus Security\Picus Simulation Agent\Picus.Simulation.AgentService.exe  Network Information:  Network Address: -  Port:   -  This event is generated when a process attempts to log on an account by explicitly specifying that account’s credentials.  This most commonly occurs in batch-type configurations such as scheduled tasks, or when using the RUNAS command."
"Device=WindowsLog	AgentLogFile=Security	PluginVersion=7.2.9.105	Source=Microsoft-Windows-Security-Auditing	Computer=DESKTOP-64-EDR	OriginatingComputer=192.168.153.166	User=	Domain=	EventID=4624	EventIDCode=4624	EventType=8	EventCategory=12544	RecordNumber=8506804	TimeGenerated=1754625505	TimeWritten=1754625505	Level=0	Keywords=0	Task=0	Opcode=0	Message=An account was successfully logged on.  Subject:  Security ID:  NT AUTHORITY\SYSTEM  Account Name:  DESKTOP-64-EDR$  Account Domain:  BOCHK.COM  Logon ID:  0x3e7  Logon Information:  Logon Type:  2  Restricted Admin Mode: -  Virtual Account:  No   Elevated Token:  No   Impersonation Level:  Impersonation   New Logon:  Security ID:  DESKTOP-64-EDR\siesvc  Account Name:  siesvc  Account Domain:  DESKTOP-64-EDR  Logon ID:  0xf04b614  Linked Logon ID:  0xf04b5d5  Network Account Name: -  Network Account Domain: -  Logon GUID:  {00000000-0000-0000-0000-000000000000}  Process Information:  Process ID:  0x1c6c  Process Name:  C:\Program Files\Picus Security\Picus Simulation Agent\Picus.Simulation.AgentService.exe  Network Information:  Workstation Name: DESKTOP-64-EDR  Source Network Address: -  Source Port:  -  Detailed Authentication Information:  Logon Process:  Advapi    Authentication Package: Negotiate  Transited Services: -  Package Name (NTLM only): -  Key Length:  0  This event is generated when a logon session is created. It is generated on the computer that was accessed.  The subject fields indicate the account on the local system which requested the logon. This is most commonly a service such as the Server service, or a local process such as Winlogon.exe or Services.exe.  The logon type field indicates the kind of logon that occurred. The most common types are 2 (interactive) and 3 (network).  The New Logon fields indicate the account for whom the new logon was created, i.e. the account that was logged on.  The network fields indicate where a remote logon request originated. Workstation name is not always available and may be left blank in some cases.  The impersonation level field indicates the extent to which a process in the logon session can impersonate.  The authentication information fields provide detailed information about this specific logon request.  - Logon GUID is a unique identifier that can be used to correlate this event with a KDC event.  - Transited services indicate which intermediate services have participated in this logon request.  - Package name indicates which sub-protocol was used among the NTLM protocols.  - Key length indicates the length of the generated session key. This will be 0 if no session key was requested."
"Device=WindowsLog	AgentLogFile=Security	PluginVersion=7.2.9.105	Source=Microsoft-Windows-Security-Auditing	Computer=DESKTOP-64-EDR	OriginatingComputer=192.168.153.166	User=	Domain=	EventID=4624	EventIDCode=4624	EventType=8	EventCategory=12544	RecordNumber=8506803	TimeGenerated=1754625505	TimeWritten=1754625505	Level=0	Keywords=0	Task=0	Opcode=0	Message=An account was successfully logged on.  Subject:  Security ID:  NT AUTHORITY\SYSTEM  Account Name:  DESKTOP-64-EDR$  Account Domain:  BOCHK.COM  Logon ID:  0x3e7  Logon Information:  Logon Type:  2  Restricted Admin Mode: -  Virtual Account:  No   Elevated Token:  Yes   Impersonation Level:  Impersonation   New Logon:  Security ID:  DESKTOP-64-EDR\siesvc  Account Name:  siesvc  Account Domain:  DESKTOP-64-EDR  Logon ID:  0xf04b5d5  Linked Logon ID:  0xf04b614  Network Account Name: -  Network Account Domain: -  Logon GUID:  {00000000-0000-0000-0000-000000000000}  Process Information:  Process ID:  0x1c6c  Process Name:  C:\Program Files\Picus Security\Picus Simulation Agent\Picus.Simulation.AgentService.exe  Network Information:  Workstation Name: DESKTOP-64-EDR  Source Network Address: -  Source Port:  -  Detailed Authentication Information:  Logon Process:  Advapi    Authentication Package: Negotiate  Transited Services: -  Package Name (NTLM only): -  Key Length:  0  This event is generated when a logon session is created. It is generated on the computer that was accessed.  The subject fields indicate the account on the local system which requested the logon. This is most commonly a service such as the Server service, or a local process such as Winlogon.exe or Services.exe.  The logon type field indicates the kind of logon that occurred. The most common types are 2 (interactive) and 3 (network).  The New Logon fields indicate the account for whom the new logon was created, i.e. the account that was logged on.  The network fields indicate where a remote logon request originated. Workstation name is not always available and may be left blank in some cases.  The impersonation level field indicates the extent to which a process in the logon session can impersonate.  The authentication information fields provide detailed information about this specific logon request.  - Logon GUID is a unique identifier that can be used to correlate this event with a KDC event.  - Transited services indicate which intermediate services have participated in this logon request.  - Package name indicates which sub-protocol was used among the NTLM protocols.  - Key length indicates the length of the generated session key. This will be 0 if no session key was requested."
"Device=WindowsLog	AgentLogFile=Security	PluginVersion=7.2.9.105	Source=Microsoft-Windows-Security-Auditing	Computer=DESKTOP-64-EDR	OriginatingComputer=192.168.153.166	User=	Domain=	EventID=4648	EventIDCode=4648	EventType=8	EventCategory=12544	RecordNumber=8506802	TimeGenerated=1754625505	TimeWritten=1754625505	Level=0	Keywords=0	Task=0	Opcode=0	Message=A logon was attempted using explicit credentials.  Subject:  Security ID:  NT AUTHORITY\SYSTEM  Account Name:  DESKTOP-64-EDR$  Account Domain:  BOCHK.COM  Logon ID:  0x3e7  Logon GUID:  {00000000-0000-0000-0000-000000000000}  Account Whose Credentials Were Used:  Account Name:  siesvc  Account Domain:  DESKTOP-64-EDR  Logon GUID:  {00000000-0000-0000-0000-000000000000}  Target Server:  Target Server Name: localhost  Additional Information: localhost  Process Information:  Process ID:  0x1c6c  Process Name:  C:\Program Files\Picus Security\Picus Simulation Agent\Picus.Simulation.AgentService.exe  Network Information:  Network Address: -  Port:   -  This event is generated when a process attempts to log on an account by explicitly specifying that account’s credentials.  This most commonly occurs in batch-type configurations such as scheduled tasks, or when using the RUNAS command."
"Device=WindowsLog	AgentLogFile=Security	PluginVersion=7.2.9.105	Source=Microsoft-Windows-Security-Auditing	Computer=DESKTOP-64-EDR	OriginatingComputer=192.168.153.166	User=	Domain=	EventID=4624	EventIDCode=4624	EventType=8	EventCategory=12544	RecordNumber=8506799	TimeGenerated=1754625505	TimeWritten=1754625505	Level=0	Keywords=0	Task=0	Opcode=0	Message=An account was successfully logged on.  Subject:  Security ID:  NT AUTHORITY\SYSTEM  Account Name:  DESKTOP-64-EDR$  Account Domain:  BOCHK.COM  Logon ID:  0x3e7  Logon Information:  Logon Type:  2  Restricted Admin Mode: -  Virtual Account:  No   Elevated Token:  No   Impersonation Level:  Impersonation   New Logon:  Security ID:  DESKTOP-64-EDR\siesvc  Account Name:  siesvc  Account Domain:  DESKTOP-64-EDR  Logon ID:  0xf04b34b  Linked Logon ID:  0xf04b30c  Network Account Name: -  Network Account Domain: -  Logon GUID:  {00000000-0000-0000-0000-000000000000}  Process Information:  Process ID:  0x1c6c  Process Name:  C:\Program Files\Picus Security\Picus Simulation Agent\Picus.Simulation.AgentService.exe  Network Information:  Workstation Name: DESKTOP-64-EDR  Source Network Address: -  Source Port:  -  Detailed Authentication Information:  Logon Process:  Advapi    Authentication Package: Negotiate  Transited Services: -  Package Name (NTLM only): -  Key Length:  0  This event is generated when a logon session is created. It is generated on the computer that was accessed.  The subject fields indicate the account on the local system which requested the logon. This is most commonly a service such as the Server service, or a local process such as Winlogon.exe or Services.exe.  The logon type field indicates the kind of logon that occurred. The most common types are 2 (interactive) and 3 (network).  The New Logon fields indicate the account for whom the new logon was created, i.e. the account that was logged on.  The network fields indicate where a remote logon request originated. Workstation name is not always available and may be left blank in some cases.  The impersonation level field indicates the extent to which a process in the logon session can impersonate.  The authentication information fields provide detailed information about this specific logon request.  - Logon GUID is a unique identifier that can be used to correlate this event with a KDC event.  - Transited services indicate which intermediate services have participated in this logon request.  - Package name indicates which sub-protocol was used among the NTLM protocols.  - Key length indicates the length of the generated session key. This will be 0 if no session key was requested."
"Device=WindowsLog	AgentLogFile=Security	PluginVersion=7.2.9.105	Source=Microsoft-Windows-Security-Auditing	Computer=DESKTOP-64-EDR	OriginatingComputer=192.168.153.166	User=	Domain=	EventID=4624	EventIDCode=4624	EventType=8	EventCategory=12544	RecordNumber=8506798	TimeGenerated=1754625505	TimeWritten=1754625505	Level=0	Keywords=0	Task=0	Opcode=0	Message=An account was successfully logged on.  Subject:  Security ID:  NT AUTHORITY\SYSTEM  Account Name:  DESKTOP-64-EDR$  Account Domain:  BOCHK.COM  Logon ID:  0x3e7  Logon Information:  Logon Type:  2  Restricted Admin Mode: -  Virtual Account:  No   Elevated Token:  Yes   Impersonation Level:  Impersonation   New Logon:  Security ID:  DESKTOP-64-EDR\siesvc  Account Name:  siesvc  Account Domain:  DESKTOP-64-EDR  Logon ID:  0xf04b30c  Linked Logon ID:  0xf04b34b  Network Account Name: -  Network Account Domain: -  Logon GUID:  {00000000-0000-0000-0000-000000000000}  Process Information:  Process ID:  0x1c6c  Process Name:  C:\Program Files\Picus Security\Picus Simulation Agent\Picus.Simulation.AgentService.exe  Network Information:  Workstation Name: DESKTOP-64-EDR  Source Network Address: -  Source Port:  -  Detailed Authentication Information:  Logon Process:  Advapi    Authentication Package: Negotiate  Transited Services: -  Package Name (NTLM only): -  Key Length:  0  This event is generated when a logon session is created. It is generated on the computer that was accessed.  The subject fields indicate the account on the local system which requested the logon. This is most commonly a service such as the Server service, or a local process such as Winlogon.exe or Services.exe.  The logon type field indicates the kind of logon that occurred. The most common types are 2 (interactive) and 3 (network).  The New Logon fields indicate the account for whom the new logon was created, i.e. the account that was logged on.  The network fields indicate where a remote logon request originated. Workstation name is not always available and may be left blank in some cases.  The impersonation level field indicates the extent to which a process in the logon session can impersonate.  The authentication information fields provide detailed information about this specific logon request.  - Logon GUID is a unique identifier that can be used to correlate this event with a KDC event.  - Transited services indicate which intermediate services have participated in this logon request.  - Package name indicates which sub-protocol was used among the NTLM protocols.  - Key length indicates the length of the generated session key. This will be 0 if no session key was requested."
"Device=WindowsLog	AgentLogFile=Security	PluginVersion=7.2.9.105	Source=Microsoft-Windows-Security-Auditing	Computer=DESKTOP-64-EDR	OriginatingComputer=192.168.153.166	User=	Domain=	EventID=4624	EventIDCode=4624	EventType=8	EventCategory=12544	RecordNumber=8506794	TimeGenerated=1754625504	TimeWritten=1754625504	Level=0	Keywords=0	Task=0	Opcode=0	Message=An account was successfully logged on.  Subject:  Security ID:  NT AUTHORITY\SYSTEM  Account Name:  DESKTOP-64-EDR$  Account Domain:  BOCHK.COM  Logon ID:  0x3e7  Logon Information:  Logon Type:  2  Restricted Admin Mode: -  Virtual Account:  No   Elevated Token:  No   Impersonation Level:  Impersonation   New Logon:  Security ID:  DESKTOP-64-EDR\siesvc  Account Name:  siesvc  Account Domain:  DESKTOP-64-EDR  Logon ID:  0xf04aa4e  Linked Logon ID:  0xf04aa0f  Network Account Name: -  Network Account Domain: -  Logon GUID:  {00000000-0000-0000-0000-000000000000}  Process Information:  Process ID:  0x1c6c  Process Name:  C:\Program Files\Picus Security\Picus Simulation Agent\Picus.Simulation.AgentService.exe  Network Information:  Workstation Name: DESKTOP-64-EDR  Source Network Address: -  Source Port:  -  Detailed Authentication Information:  Logon Process:  Advapi    Authentication Package: Negotiate  Transited Services: -  Package Name (NTLM only): -  Key Length:  0  This event is generated when a logon session is created. It is generated on the computer that was accessed.  The subject fields indicate the account on the local system which requested the logon. This is most commonly a service such as the Server service, or a local process such as Winlogon.exe or Services.exe.  The logon type field indicates the kind of logon that occurred. The most common types are 2 (interactive) and 3 (network).  The New Logon fields indicate the account for whom the new logon was created, i.e. the account that was logged on.  The network fields indicate where a remote logon request originated. Workstation name is not always available and may be left blank in some cases.  The impersonation level field indicates the extent to which a process in the logon session can impersonate.  The authentication information fields provide detailed information about this specific logon request.  - Logon GUID is a unique identifier that can be used to correlate this event with a KDC event.  - Transited services indicate which intermediate services have participated in this logon request.  - Package name indicates which sub-protocol was used among the NTLM protocols.  - Key length indicates the length of the generated session key. This will be 0 if no session key was requested."
"Device=WindowsLog	AgentLogFile=Security	PluginVersion=7.2.9.105	Source=Microsoft-Windows-Security-Auditing	Computer=DESKTOP-64-EDR	OriginatingComputer=192.168.153.166	User=	Domain=	EventID=4648	EventIDCode=4648	EventType=8	EventCategory=12544	RecordNumber=8506797	TimeGenerated=1754625505	TimeWritten=1754625505	Level=0	Keywords=0	Task=0	Opcode=0	Message=A logon was attempted using explicit credentials.  Subject:  Security ID:  NT AUTHORITY\SYSTEM  Account Name:  DESKTOP-64-EDR$  Account Domain:  BOCHK.COM  Logon ID:  0x3e7  Logon GUID:  {00000000-0000-0000-0000-000000000000}  Account Whose Credentials Were Used:  Account Name:  siesvc  Account Domain:  DESKTOP-64-EDR  Logon GUID:  {00000000-0000-0000-0000-000000000000}  Target Server:  Target Server Name: localhost  Additional Information: localhost  Process Information:  Process ID:  0x1c6c  Process Name:  C:\Program Files\Picus Security\Picus Simulation Agent\Picus.Simulation.AgentService.exe  Network Information:  Network Address: -  Port:   -  This event is generated when a process attempts to log on an account by explicitly specifying that account’s credentials.  This most commonly occurs in batch-type configurations such as scheduled tasks, or when using the RUNAS command."
"Device=WindowsLog	AgentLogFile=Security	PluginVersion=7.2.9.105	Source=Microsoft-Windows-Security-Auditing	Computer=DESKTOP-64-EDR	OriginatingComputer=192.168.153.166	User=	Domain=	EventID=4624	EventIDCode=4624	EventType=8	EventCategory=12544	RecordNumber=8506793	TimeGenerated=1754625504	TimeWritten=1754625504	Level=0	Keywords=0	Task=0	Opcode=0	Message=An account was successfully logged on.  Subject:  Security ID:  NT AUTHORITY\SYSTEM  Account Name:  DESKTOP-64-EDR$  Account Domain:  BOCHK.COM  Logon ID:  0x3e7  Logon Information:  Logon Type:  2  Restricted Admin Mode: -  Virtual Account:  No   Elevated Token:  Yes   Impersonation Level:  Impersonation   New Logon:  Security ID:  DESKTOP-64-EDR\siesvc  Account Name:  siesvc  Account Domain:  DESKTOP-64-EDR  Logon ID:  0xf04aa0f  Linked Logon ID:  0xf04aa4e  Network Account Name: -  Network Account Domain: -  Logon GUID:  {00000000-0000-0000-0000-000000000000}  Process Information:  Process ID:  0x1c6c  Process Name:  C:\Program Files\Picus Security\Picus Simulation Agent\Picus.Simulation.AgentService.exe  Network Information:  Workstation Name: DESKTOP-64-EDR  Source Network Address: -  Source Port:  -  Detailed Authentication Information:  Logon Process:  Advapi    Authentication Package: Negotiate  Transited Services: -  Package Name (NTLM only): -  Key Length:  0  This event is generated when a logon session is created. It is generated on the computer that was accessed.  The subject fields indicate the account on the local system which requested the logon. This is most commonly a service such as the Server service, or a local process such as Winlogon.exe or Services.exe.  The logon type field indicates the kind of logon that occurred. The most common types are 2 (interactive) and 3 (network).  The New Logon fields indicate the account for whom the new logon was created, i.e. the account that was logged on.  The network fields indicate where a remote logon request originated. Workstation name is not always available and may be left blank in some cases.  The impersonation level field indicates the extent to which a process in the logon session can impersonate.  The authentication information fields provide detailed information about this specific logon request.  - Logon GUID is a unique identifier that can be used to correlate this event with a KDC event.  - Transited services indicate which intermediate services have participated in this logon request.  - Package name indicates which sub-protocol was used among the NTLM protocols.  - Key length indicates the length of the generated session key. This will be 0 if no session key was requested."
"Device=WindowsLog	AgentLogFile=Security	PluginVersion=7.2.9.105	Source=Microsoft-Windows-Security-Auditing	Computer=DESKTOP-64-EDR	OriginatingComputer=192.168.153.166	User=	Domain=	EventID=4648	EventIDCode=4648	EventType=8	EventCategory=12544	RecordNumber=8506792	TimeGenerated=1754625504	TimeWritten=1754625504	Level=0	Keywords=0	Task=0	Opcode=0	Message=A logon was attempted using explicit credentials.  Subject:  Security ID:  NT AUTHORITY\SYSTEM  Account Name:  DESKTOP-64-EDR$  Account Domain:  BOCHK.COM  Logon ID:  0x3e7  Logon GUID:  {00000000-0000-0000-0000-000000000000}  Account Whose Credentials Were Used:  Account Name:  siesvc  Account Domain:  DESKTOP-64-EDR  Logon GUID:  {00000000-0000-0000-0000-000000000000}  Target Server:  Target Server Name: localhost  Additional Information: localhost  Process Information:  Process ID:  0x1c6c  Process Name:  C:\Program Files\Picus Security\Picus Simulation Agent\Picus.Simulation.AgentService.exe  Network Information:  Network Address: -  Port:   -  This event is generated when a process attempts to log on an account by explicitly specifying that account’s credentials.  This most commonly occurs in batch-type configurations such as scheduled tasks, or when using the RUNAS command."
"Device=WindowsLog	AgentLogFile=Microsoft-Windows-PowerShell/Operational	PluginVersion=7.2.9.105	Source=Microsoft-Windows-PowerShell	Computer=DESKTOP-64-EDR	OriginatingComputer=DESKTOP-64-EDR	User=siesvc	Domain=DESKTOP-64-EDR	EventID=4103	EventIDCode=4103	EventType=4	EventCategory=106	RecordNumber=2023513	TimeGenerated=1754625504	TimeWritten=1754625504	Level=Informational	Keywords=0	Task=ExecutePipeline	Opcode=20	Message=CommandInvocation(Set-StrictMode): ""Set-StrictMode"""" ParameterBinding(Set-StrictMode): name=""""Version""""; value=""""1.0""""   Context:         Severity = Informational         Host Name = ConsoleHost         Host Version = 5.1.19041.2673         Host ID = cbb3d03e-cedd-4d67-a9d4-abb8282d3206         Host Application = powershell.exe -c remove-item C:\Users\Public\Downloads\328054.rar; remove-item -r C:\Users\Public\Downloads\test <#PICUS_REWIND#>         Engine Version = 5.1.19041.2673         Runspace ID = 4e057aee-6b0f-4dd6-a6b5-d6c0e3c26910         Pipeline ID = 1         Command Name = Set-StrictMode         Command Type = Cmdlet         Script Name =          Command Path =          Sequence Number = 40         User = DESKTOP-64-EDR\siesvc         Connected User =          Shell ID = Microsoft.PowerShell   User Data:"""
"Device=WindowsLog	AgentLogFile=Microsoft-Windows-PowerShell/Operational	PluginVersion=7.2.9.105	Source=Microsoft-Windows-PowerShell	Computer=DESKTOP-64-EDR	OriginatingComputer=DESKTOP-64-EDR	User=siesvc	Domain=DESKTOP-64-EDR	EventID=4103	EventIDCode=4103	EventType=4	EventCategory=106	RecordNumber=2023511	TimeGenerated=1754625504	TimeWritten=1754625504	Level=Informational	Keywords=0	Task=ExecutePipeline	Opcode=20	Message=CommandInvocation(Out-String): ""Out-String"""" CommandInvocation(Out-Default): """"Out-Default"""" ParameterBinding(Out-Default): name=""""Transcript""""; value=""""True"""" ParameterBinding(Out-String): name=""""InputObject""""; value=""""Cannot find path 'C:\Users\Public\Downloads\328054.rar' because it does not exist."""" ParameterBinding(Out-Default): name=""""InputObject""""; value=""""remove-item : Cannot find path 'C:\Users\Public\Downloads\328054.rar' because it does not exist. At line:1 char:1 + remove-item C:\Users\Public\Downloads\328054.rar; remove-item -r C:\U ... + ~~~~~~~~~~~~~~~~~~~~~~~~~~~~~~~~~~~~~~~~~~~~~~~~     + CategoryInfo          : ObjectNotFound: (C:\Users\Public\Downloads\328054.rar:String) [Remove-Item]"
"Device=WindowsLog	AgentLogFile=Microsoft-Windows-PowerShell/Operational	PluginVersion=7.2.9.105	Source=Microsoft-Windows-PowerShell	Computer=DESKTOP-64-EDR	OriginatingComputer=DESKTOP-64-EDR	User=siesvc	Domain=DESKTOP-64-EDR	EventID=4103	EventIDCode=4103	EventType=4	EventCategory=106	RecordNumber=2023510	TimeGenerated=1754625504	TimeWritten=1754625504	Level=Informational	Keywords=0	Task=ExecutePipeline	Opcode=20	Message=CommandInvocation(Set-StrictMode): ""Set-StrictMode"""" ParameterBinding(Set-StrictMode): name=""""Version""""; value=""""1.0""""   Context:         Severity = Informational         Host Name = Default Host         Host Version = 5.1.19041.2673         Host ID = 032d1d82-7451-4925-aafe-ae2b4a0a0c97         Host Application = powershell.exe -c remove-item C:\Users\Public\Downloads\328054.rar; remove-item -r C:\Users\Public\Downloads\test <#PICUS_REWIND#>         Engine Version = 5.1.19041.2673         Runspace ID = 842abc9a-073a-4681-83f2-807127c02af7         Pipeline ID = 1         Command Name = Set-StrictMode         Command Type = Cmdlet         Script Name =          Command Path =          Sequence Number = 36         User = DESKTOP-64-EDR\siesvc         Connected User =          Shell ID = Microsoft.PowerShell   User Data:"""
"Device=WindowsLog	AgentLogFile=Microsoft-Windows-PowerShell/Operational	PluginVersion=7.2.9.105	Source=Microsoft-Windows-PowerShell	Computer=DESKTOP-64-EDR	OriginatingComputer=DESKTOP-64-EDR	User=siesvc	Domain=DESKTOP-64-EDR	EventID=4103	EventIDCode=4103	EventType=4	EventCategory=106	RecordNumber=2023508	TimeGenerated=1754625503	TimeWritten=1754625503	Level=Informational	Keywords=0	Task=ExecutePipeline	Opcode=20	Message=CommandInvocation(Set-StrictMode): ""Set-StrictMode"""" ParameterBinding(Set-StrictMode): name=""""Version""""; value=""""1.0""""   Context:         Severity = Informational         Host Name = Default Host         Host Version = 5.1.19041.2673         Host ID = 032d1d82-7451-4925-aafe-ae2b4a0a0c97         Host Application = powershell.exe -c remove-item C:\Users\Public\Downloads\328054.rar; remove-item -r C:\Users\Public\Downloads\test <#PICUS_REWIND#>         Engine Version = 5.1.19041.2673         Runspace ID = 842abc9a-073a-4681-83f2-807127c02af7         Pipeline ID = 1         Command Name = Set-StrictMode         Command Type = Cmdlet         Script Name =          Command Path =          Sequence Number = 34         User = DESKTOP-64-EDR\siesvc         Connected User =          Shell ID = Microsoft.PowerShell   User Data:"""
"Device=WindowsLog	AgentLogFile=Microsoft-Windows-PowerShell/Operational	PluginVersion=7.2.9.105	Source=Microsoft-Windows-PowerShell	Computer=DESKTOP-64-EDR	OriginatingComputer=DESKTOP-64-EDR	User=siesvc	Domain=DESKTOP-64-EDR	EventID=4103	EventIDCode=4103	EventType=4	EventCategory=106	RecordNumber=2023506	TimeGenerated=1754625503	TimeWritten=1754625503	Level=Informational	Keywords=0	Task=ExecutePipeline	Opcode=20	Message=CommandInvocation(Set-StrictMode): ""Set-StrictMode"""" ParameterBinding(Set-StrictMode): name=""""Version""""; value=""""1.0""""   Context:         Severity = Informational         Host Name = Default Host         Host Version = 5.1.19041.2673         Host ID = 032d1d82-7451-4925-aafe-ae2b4a0a0c97         Host Application = powershell.exe -c remove-item C:\Users\Public\Downloads\328054.rar; remove-item -r C:\Users\Public\Downloads\test <#PICUS_REWIND#>         Engine Version = 5.1.19041.2673         Runspace ID = 842abc9a-073a-4681-83f2-807127c02af7         Pipeline ID = 1         Command Name = Set-StrictMode         Command Type = Cmdlet         Script Name =          Command Path =          Sequence Number = 32         User = DESKTOP-64-EDR\siesvc         Connected User =          Shell ID = Microsoft.PowerShell   User Data:"""
"Device=WindowsLog	AgentLogFile=Microsoft-Windows-PowerShell/Operational	PluginVersion=7.2.9.105	Source=Microsoft-Windows-PowerShell	Computer=DESKTOP-64-EDR	OriginatingComputer=DESKTOP-64-EDR	User=siesvc	Domain=DESKTOP-64-EDR	EventID=4103	EventIDCode=4103	EventType=4	EventCategory=106	RecordNumber=2023504	TimeGenerated=1754625503	TimeWritten=1754625503	Level=Informational	Keywords=0	Task=ExecutePipeline	Opcode=20	Message=CommandInvocation(Set-StrictMode): ""Set-StrictMode"""" ParameterBinding(Set-StrictMode): name=""""Version""""; value=""""1.0""""   Context:         Severity = Informational         Host Name = Default Host         Host Version = 5.1.19041.2673         Host ID = 032d1d82-7451-4925-aafe-ae2b4a0a0c97         Host Application = powershell.exe -c remove-item C:\Users\Public\Downloads\328054.rar; remove-item -r C:\Users\Public\Downloads\test <#PICUS_REWIND#>         Engine Version = 5.1.19041.2673         Runspace ID = 842abc9a-073a-4681-83f2-807127c02af7         Pipeline ID = 1         Command Name = Set-StrictMode         Command Type = Cmdlet         Script Name =          Command Path =          Sequence Number = 30         User = DESKTOP-64-EDR\siesvc         Connected User =          Shell ID = Microsoft.PowerShell   User Data:"""
Device=WindowsLog	AgentLogFile=Microsoft-Windows-PowerShell/Operational	PluginVersion=7.2.9.105	Source=Microsoft-Windows-PowerShell	Computer=DESKTOP-64-EDR	OriginatingComputer=DESKTOP-64-EDR	User=siesvc	Domain=DESKTOP-64-EDR	EventID=4104	EventIDCode=4104	EventType=4	EventCategory=2	RecordNumber=2023502	TimeGenerated=1754625503	TimeWritten=1754625503	Level=Verbose	Keywords=0	Task=ExecuteCommand	Opcode=15	Message=Creating Scriptblock text (1 of 1): remove-item C:\Users\Public\Downloads\328054.rar; remove-item -r C:\Users\Public\Downloads\test <#PICUS_REWIND#>  ScriptBlock ID: 6f8df07f-33ff-4dc0-a21b-b64c2dc73f2d Path:
