"Device=WindowsLog	AgentLogFile=Security	PluginVersion=7.2.9.105	Source=Microsoft-Windows-Security-Auditing	Computer=DESKTOP-64-EDR	OriginatingComputer=192.168.153.166	User=	Domain=	EventID=4624	EventIDCode=4624	EventType=8	EventCategory=12544	RecordNumber=8496942	TimeGenerated=1754621322	TimeWritten=1754621322	Level=0	Keywords=0	Task=0	Opcode=0	Message=An account was successfully logged on.  Subject:  Security ID:  NT AUTHORITY\SYSTEM  Account Name:  DESKTOP-64-EDR$  Account Domain:  BOCHK.COM  Logon ID:  0x3e7  Logon Information:  Logon Type:  2  Restricted Admin Mode: -  Virtual Account:  No   Elevated Token:  Yes   Impersonation Level:  Impersonation   New Logon:  Security ID:  DESKTOP-64-EDR\siesvc  Account Name:  siesvc  Account Domain:  DESKTOP-64-EDR  Logon ID:  0xed758b5  Linked Logon ID:  0xed758f4  Network Account Name: -  Network Account Domain: -  Logon GUID:  {00000000-0000-0000-0000-000000000000}  Process Information:  Process ID:  0x1c6c  Process Name:  C:\Program Files\Picus Security\Picus Simulation Agent\Picus.Simulation.AgentService.exe  Network Information:  Workstation Name: DESKTOP-64-EDR  Source Network Address: -  Source Port:  -  Detailed Authentication Information:  Logon Process:  Advapi    Authentication Package: Negotiate  Transited Services: -  Package Name (NTLM only): -  Key Length:  0  This event is generated when a logon session is created. It is generated on the computer that was accessed.  The subject fields indicate the account on the local system which requested the logon. This is most commonly a service such as the Server service, or a local process such as Winlogon.exe or Services.exe.  The logon type field indicates the kind of logon that occurred. The most common types are 2 (interactive) and 3 (network).  The New Logon fields indicate the account for whom the new logon was created, i.e. the account that was logged on.  The network fields indicate where a remote logon request originated. Workstation name is not always available and may be left blank in some cases.  The impersonation level field indicates the extent to which a process in the logon session can impersonate.  The authentication information fields provide detailed information about this specific logon request.  - Logon GUID is a unique identifier that can be used to correlate this event with a KDC event.  - Transited services indicate which intermediate services have participated in this logon request.  - Package name indicates which sub-protocol was used among the NTLM protocols.  - Key length indicates the length of the generated session key. This will be 0 if no session key was requested."
"Device=WindowsLog	AgentLogFile=Security	PluginVersion=7.2.9.105	Source=Microsoft-Windows-Security-Auditing	Computer=DESKTOP-64-EDR	OriginatingComputer=192.168.153.166	User=	Domain=	EventID=4648	EventIDCode=4648	EventType=8	EventCategory=12544	RecordNumber=8496941	TimeGenerated=1754621322	TimeWritten=1754621322	Level=0	Keywords=0	Task=0	Opcode=0	Message=A logon was attempted using explicit credentials.  Subject:  Security ID:  NT AUTHORITY\SYSTEM  Account Name:  DESKTOP-64-EDR$  Account Domain:  BOCHK.COM  Logon ID:  0x3e7  Logon GUID:  {00000000-0000-0000-0000-000000000000}  Account Whose Credentials Were Used:  Account Name:  siesvc  Account Domain:  DESKTOP-64-EDR  Logon GUID:  {00000000-0000-0000-0000-000000000000}  Target Server:  Target Server Name: localhost  Additional Information: localhost  Process Information:  Process ID:  0x1c6c  Process Name:  C:\Program Files\Picus Security\Picus Simulation Agent\Picus.Simulation.AgentService.exe  Network Information:  Network Address: -  Port:   -  This event is generated when a process attempts to log on an account by explicitly specifying that account’s credentials.  This most commonly occurs in batch-type configurations such as scheduled tasks, or when using the RUNAS command."
"Device=WindowsLog	AgentLogFile=Security	PluginVersion=7.2.9.105	Source=Microsoft-Windows-Security-Auditing	Computer=DESKTOP-64-EDR	OriginatingComputer=192.168.153.166	User=	Domain=	EventID=4624	EventIDCode=4624	EventType=8	EventCategory=12544	RecordNumber=8496938	TimeGenerated=1754621322	TimeWritten=1754621322	Level=0	Keywords=0	Task=0	Opcode=0	Message=An account was successfully logged on.  Subject:  Security ID:  NT AUTHORITY\SYSTEM  Account Name:  DESKTOP-64-EDR$  Account Domain:  BOCHK.COM  Logon ID:  0x3e7  Logon Information:  Logon Type:  2  Restricted Admin Mode: -  Virtual Account:  No   Elevated Token:  No   Impersonation Level:  Impersonation   New Logon:  Security ID:  DESKTOP-64-EDR\siesvc  Account Name:  siesvc  Account Domain:  DESKTOP-64-EDR  Logon ID:  0xed75769  Linked Logon ID:  0xed7572a  Network Account Name: -  Network Account Domain: -  Logon GUID:  {00000000-0000-0000-0000-000000000000}  Process Information:  Process ID:  0xcb4  Process Name:  C:\Program Files\Picus Security\Picus Simulation Agent\Picus.Simulator.exe  Network Information:  Workstation Name: DESKTOP-64-EDR  Source Network Address: -  Source Port:  -  Detailed Authentication Information:  Logon Process:  Advapi    Authentication Package: Negotiate  Transited Services: -  Package Name (NTLM only): -  Key Length:  0  This event is generated when a logon session is created. It is generated on the computer that was accessed.  The subject fields indicate the account on the local system which requested the logon. This is most commonly a service such as the Server service, or a local process such as Winlogon.exe or Services.exe.  The logon type field indicates the kind of logon that occurred. The most common types are 2 (interactive) and 3 (network).  The New Logon fields indicate the account for whom the new logon was created, i.e. the account that was logged on.  The network fields indicate where a remote logon request originated. Workstation name is not always available and may be left blank in some cases.  The impersonation level field indicates the extent to which a process in the logon session can impersonate.  The authentication information fields provide detailed information about this specific logon request.  - Logon GUID is a unique identifier that can be used to correlate this event with a KDC event.  - Transited services indicate which intermediate services have participated in this logon request.  - Package name indicates which sub-protocol was used among the NTLM protocols.  - Key length indicates the length of the generated session key. This will be 0 if no session key was requested."
"Device=WindowsLog	AgentLogFile=Security	PluginVersion=7.2.9.105	Source=Microsoft-Windows-Security-Auditing	Computer=DESKTOP-64-EDR	OriginatingComputer=192.168.153.166	User=	Domain=	EventID=4624	EventIDCode=4624	EventType=8	EventCategory=12544	RecordNumber=8496937	TimeGenerated=1754621322	TimeWritten=1754621322	Level=0	Keywords=0	Task=0	Opcode=0	Message=An account was successfully logged on.  Subject:  Security ID:  NT AUTHORITY\SYSTEM  Account Name:  DESKTOP-64-EDR$  Account Domain:  BOCHK.COM  Logon ID:  0x3e7  Logon Information:  Logon Type:  2  Restricted Admin Mode: -  Virtual Account:  No   Elevated Token:  Yes   Impersonation Level:  Impersonation   New Logon:  Security ID:  DESKTOP-64-EDR\siesvc  Account Name:  siesvc  Account Domain:  DESKTOP-64-EDR  Logon ID:  0xed7572a  Linked Logon ID:  0xed75769  Network Account Name: -  Network Account Domain: -  Logon GUID:  {00000000-0000-0000-0000-000000000000}  Process Information:  Process ID:  0xcb4  Process Name:  C:\Program Files\Picus Security\Picus Simulation Agent\Picus.Simulator.exe  Network Information:  Workstation Name: DESKTOP-64-EDR  Source Network Address: -  Source Port:  -  Detailed Authentication Information:  Logon Process:  Advapi    Authentication Package: Negotiate  Transited Services: -  Package Name (NTLM only): -  Key Length:  0  This event is generated when a logon session is created. It is generated on the computer that was accessed.  The subject fields indicate the account on the local system which requested the logon. This is most commonly a service such as the Server service, or a local process such as Winlogon.exe or Services.exe.  The logon type field indicates the kind of logon that occurred. The most common types are 2 (interactive) and 3 (network).  The New Logon fields indicate the account for whom the new logon was created, i.e. the account that was logged on.  The network fields indicate where a remote logon request originated. Workstation name is not always available and may be left blank in some cases.  The impersonation level field indicates the extent to which a process in the logon session can impersonate.  The authentication information fields provide detailed information about this specific logon request.  - Logon GUID is a unique identifier that can be used to correlate this event with a KDC event.  - Transited services indicate which intermediate services have participated in this logon request.  - Package name indicates which sub-protocol was used among the NTLM protocols.  - Key length indicates the length of the generated session key. This will be 0 if no session key was requested."
"Device=WindowsLog	AgentLogFile=Security	PluginVersion=7.2.9.105	Source=Microsoft-Windows-Security-Auditing	Computer=DESKTOP-64-EDR	OriginatingComputer=192.168.153.166	User=	Domain=	EventID=4648	EventIDCode=4648	EventType=8	EventCategory=12544	RecordNumber=8496936	TimeGenerated=1754621322	TimeWritten=1754621322	Level=0	Keywords=0	Task=0	Opcode=0	Message=A logon was attempted using explicit credentials.  Subject:  Security ID:  NT AUTHORITY\SYSTEM  Account Name:  DESKTOP-64-EDR$  Account Domain:  BOCHK.COM  Logon ID:  0x3e7  Logon GUID:  {00000000-0000-0000-0000-000000000000}  Account Whose Credentials Were Used:  Account Name:  siesvc  Account Domain:  DESKTOP-64-EDR  Logon GUID:  {00000000-0000-0000-0000-000000000000}  Target Server:  Target Server Name: localhost  Additional Information: localhost  Process Information:  Process ID:  0xcb4  Process Name:  C:\Program Files\Picus Security\Picus Simulation Agent\Picus.Simulator.exe  Network Information:  Network Address: -  Port:   -  This event is generated when a process attempts to log on an account by explicitly specifying that account’s credentials.  This most commonly occurs in batch-type configurations such as scheduled tasks, or when using the RUNAS command."
"Device=WindowsLog	AgentLogFile=Security	PluginVersion=7.2.9.105	Source=Microsoft-Windows-Security-Auditing	Computer=DESKTOP-64-EDR	OriginatingComputer=192.168.153.166	User=	Domain=	EventID=4624	EventIDCode=4624	EventType=8	EventCategory=12544	RecordNumber=8496933	TimeGenerated=1754621322	TimeWritten=1754621322	Level=0	Keywords=0	Task=0	Opcode=0	Message=An account was successfully logged on.  Subject:  Security ID:  NT AUTHORITY\SYSTEM  Account Name:  DESKTOP-64-EDR$  Account Domain:  BOCHK.COM  Logon ID:  0x3e7  Logon Information:  Logon Type:  2  Restricted Admin Mode: -  Virtual Account:  No   Elevated Token:  No   Impersonation Level:  Impersonation   New Logon:  Security ID:  DESKTOP-64-EDR\siesvc  Account Name:  siesvc  Account Domain:  DESKTOP-64-EDR  Logon ID:  0xed754f9  Linked Logon ID:  0xed754ba  Network Account Name: -  Network Account Domain: -  Logon GUID:  {00000000-0000-0000-0000-000000000000}  Process Information:  Process ID:  0x1c6c  Process Name:  C:\Program Files\Picus Security\Picus Simulation Agent\Picus.Simulation.AgentService.exe  Network Information:  Workstation Name: DESKTOP-64-EDR  Source Network Address: -  Source Port:  -  Detailed Authentication Information:  Logon Process:  Advapi    Authentication Package: Negotiate  Transited Services: -  Package Name (NTLM only): -  Key Length:  0  This event is generated when a logon session is created. It is generated on the computer that was accessed.  The subject fields indicate the account on the local system which requested the logon. This is most commonly a service such as the Server service, or a local process such as Winlogon.exe or Services.exe.  The logon type field indicates the kind of logon that occurred. The most common types are 2 (interactive) and 3 (network).  The New Logon fields indicate the account for whom the new logon was created, i.e. the account that was logged on.  The network fields indicate where a remote logon request originated. Workstation name is not always available and may be left blank in some cases.  The impersonation level field indicates the extent to which a process in the logon session can impersonate.  The authentication information fields provide detailed information about this specific logon request.  - Logon GUID is a unique identifier that can be used to correlate this event with a KDC event.  - Transited services indicate which intermediate services have participated in this logon request.  - Package name indicates which sub-protocol was used among the NTLM protocols.  - Key length indicates the length of the generated session key. This will be 0 if no session key was requested."
"Device=WindowsLog	AgentLogFile=Security	PluginVersion=7.2.9.105	Source=Microsoft-Windows-Security-Auditing	Computer=DESKTOP-64-EDR	OriginatingComputer=192.168.153.166	User=	Domain=	EventID=4624	EventIDCode=4624	EventType=8	EventCategory=12544	RecordNumber=8496932	TimeGenerated=1754621322	TimeWritten=1754621322	Level=0	Keywords=0	Task=0	Opcode=0	Message=An account was successfully logged on.  Subject:  Security ID:  NT AUTHORITY\SYSTEM  Account Name:  DESKTOP-64-EDR$  Account Domain:  BOCHK.COM  Logon ID:  0x3e7  Logon Information:  Logon Type:  2  Restricted Admin Mode: -  Virtual Account:  No   Elevated Token:  Yes   Impersonation Level:  Impersonation   New Logon:  Security ID:  DESKTOP-64-EDR\siesvc  Account Name:  siesvc  Account Domain:  DESKTOP-64-EDR  Logon ID:  0xed754ba  Linked Logon ID:  0xed754f9  Network Account Name: -  Network Account Domain: -  Logon GUID:  {00000000-0000-0000-0000-000000000000}  Process Information:  Process ID:  0x1c6c  Process Name:  C:\Program Files\Picus Security\Picus Simulation Agent\Picus.Simulation.AgentService.exe  Network Information:  Workstation Name: DESKTOP-64-EDR  Source Network Address: -  Source Port:  -  Detailed Authentication Information:  Logon Process:  Advapi    Authentication Package: Negotiate  Transited Services: -  Package Name (NTLM only): -  Key Length:  0  This event is generated when a logon session is created. It is generated on the computer that was accessed.  The subject fields indicate the account on the local system which requested the logon. This is most commonly a service such as the Server service, or a local process such as Winlogon.exe or Services.exe.  The logon type field indicates the kind of logon that occurred. The most common types are 2 (interactive) and 3 (network).  The New Logon fields indicate the account for whom the new logon was created, i.e. the account that was logged on.  The network fields indicate where a remote logon request originated. Workstation name is not always available and may be left blank in some cases.  The impersonation level field indicates the extent to which a process in the logon session can impersonate.  The authentication information fields provide detailed information about this specific logon request.  - Logon GUID is a unique identifier that can be used to correlate this event with a KDC event.  - Transited services indicate which intermediate services have participated in this logon request.  - Package name indicates which sub-protocol was used among the NTLM protocols.  - Key length indicates the length of the generated session key. This will be 0 if no session key was requested."
"Device=WindowsLog	AgentLogFile=Security	PluginVersion=7.2.9.105	Source=Microsoft-Windows-Security-Auditing	Computer=DESKTOP-64-EDR	OriginatingComputer=192.168.153.166	User=	Domain=	EventID=4648	EventIDCode=4648	EventType=8	EventCategory=12544	RecordNumber=8496931	TimeGenerated=1754621322	TimeWritten=1754621322	Level=0	Keywords=0	Task=0	Opcode=0	Message=A logon was attempted using explicit credentials.  Subject:  Security ID:  NT AUTHORITY\SYSTEM  Account Name:  DESKTOP-64-EDR$  Account Domain:  BOCHK.COM  Logon ID:  0x3e7  Logon GUID:  {00000000-0000-0000-0000-000000000000}  Account Whose Credentials Were Used:  Account Name:  siesvc  Account Domain:  DESKTOP-64-EDR  Logon GUID:  {00000000-0000-0000-0000-000000000000}  Target Server:  Target Server Name: localhost  Additional Information: localhost  Process Information:  Process ID:  0x1c6c  Process Name:  C:\Program Files\Picus Security\Picus Simulation Agent\Picus.Simulation.AgentService.exe  Network Information:  Network Address: -  Port:   -  This event is generated when a process attempts to log on an account by explicitly specifying that account’s credentials.  This most commonly occurs in batch-type configurations such as scheduled tasks, or when using the RUNAS command."
"Device=WindowsLog	AgentLogFile=Microsoft-Windows-Sysmon/Operational	PluginVersion=7.2.9.105	Source=Microsoft-Windows-Sysmon	Computer=DESKTOP-64-EDR	OriginatingComputer=DESKTOP-64-EDR	User=SYSTEM	Domain=NT AUTHORITY	EventID=26	EventIDCode=26	EventType=4	EventCategory=26	RecordNumber=5973517	TimeGenerated=1754621321	TimeWritten=1754621321	Level=Informational	Keywords=0x8000000000000000	Task=SysmonTask-SYSMONEVENT_FILE_DELETE_DETECTED	Opcode=Info	Message=File Delete logged: RuleName: - UtcTime: 2025-08-08 02:48:41.632 ProcessGuid: {ca0127e9-6579-6895-3d55-000000008b00} ProcessId: 3252 User: NT AUTHORITY\SYSTEM Image: C:\Program Files\Picus Security\Picus Simulation Agent\Picus.Simulator.exe TargetFilename: C:\Users\siesvc\AppData\Local\Temp\mppreference_status.txt Hashes: MD5=E02D97E0EADACBC01E58A832E47E89A5,SHA256=7322B96C3A914E8823ADBC88482621C853538D82A2C2CC3EE7B2E0534698DE8C,IMPHASH=00000000000000000000000000000000 IsExecutable: false"
"Device=WindowsLog	AgentLogFile=Microsoft-Windows-PowerShell/Operational	PluginVersion=7.2.9.105	Source=Microsoft-Windows-PowerShell	Computer=DESKTOP-64-EDR	OriginatingComputer=DESKTOP-64-EDR	User=siesvc	Domain=DESKTOP-64-EDR	EventID=4103	EventIDCode=4103	EventType=4	EventCategory=106	RecordNumber=2022354	TimeGenerated=1754621320	TimeWritten=1754621320	Level=Informational	Keywords=0	Task=ExecutePipeline	Opcode=20	Message=CommandInvocation(Out-Default): ""Out-Default""""   Context:         Severity = Informational         Host Name = ConsoleHost         Host Version = 5.1.19041.2673         Host ID = 3b7134bb-d2ff-4b29-8522-cca0ef1b75fd         Host Application = powershell.exe -c Unblock-File 'C:\Users\siesvc\AppData\Local\Temp\RestoreWindowDefenderStatus.ps1'; & 'C:\Users\siesvc\AppData\Local\Temp\RestoreWindowDefenderStatus.ps1' <#PICUS_REWIND#>         Engine Version = 5.1.19041.2673         Runspace ID = 173c60c0-3775-4bb1-b696-6dd2c2433928         Pipeline ID = 1         Command Name =          Command Type = Script         Script Name =          Command Path =          Sequence Number = 102         User = DESKTOP-64-EDR\siesvc         Connected User =          Shell ID = Microsoft.PowerShell   User Data:"""
"Device=WindowsLog	AgentLogFile=Microsoft-Windows-PowerShell/Operational	PluginVersion=7.2.9.105	Source=Microsoft-Windows-PowerShell	Computer=DESKTOP-64-EDR	OriginatingComputer=DESKTOP-64-EDR	User=siesvc	Domain=DESKTOP-64-EDR	EventID=4103	EventIDCode=4103	EventType=4	EventCategory=106	RecordNumber=2022344	TimeGenerated=1754621320	TimeWritten=1754621320	Level=Informational	Keywords=0	Task=ExecutePipeline	Opcode=20	Message=CommandInvocation(Export-ModuleMember): ""Export-ModuleMember"""" ParameterBinding(Export-ModuleMember): name=""""Function""""; value=""""Remove-MpBehavioralNetworkBlockingRules"""" ParameterBinding(Export-ModuleMember): name=""""Alias""""; value=""""*""""   Context:         Severity = Informational         Host Name = ConsoleHost         Host Version = 5.1.19041.2673         Host ID = 3b7134bb-d2ff-4b29-8522-cca0ef1b75fd         Host Application = powershell.exe -c Unblock-File 'C:\Users\siesvc\AppData\Local\Temp\RestoreWindowDefenderStatus.ps1'; & 'C:\Users\siesvc\AppData\Local\Temp\RestoreWindowDefenderStatus.ps1' <#PICUS_REWIND#>         Engine Version = 5.1.19041.2673         Runspace ID = 173c60c0-3775-4bb1-b696-6dd2c2433928         Pipeline ID = 4         Command Name = Export-ModuleMember         Command Type = Cmdlet         Script Name =          Command Path =          Sequence Number = 84         User = DESKTOP-64-EDR\siesvc         Connected User =          Shell ID = Microsoft.PowerShell   User Data:"""
"Device=WindowsLog	AgentLogFile=Microsoft-Windows-PowerShell/Operational	PluginVersion=7.2.9.105	Source=Microsoft-Windows-PowerShell	Computer=DESKTOP-64-EDR	OriginatingComputer=DESKTOP-64-EDR	User=siesvc	Domain=DESKTOP-64-EDR	EventID=4103	EventIDCode=4103	EventType=4	EventCategory=106	RecordNumber=2022345	TimeGenerated=1754621320	TimeWritten=1754621320	Level=Informational	Keywords=0	Task=ExecutePipeline	Opcode=20	Message=CommandInvocation(Export-ModuleMember): ""Export-ModuleMember"""" ParameterBinding(Export-ModuleMember): name=""""Function""""; value=""""Get-MpBehavioralNetworkBlockingRules"""" ParameterBinding(Export-ModuleMember): name=""""Alias""""; value=""""*""""   Context:         Severity = Informational         Host Name = ConsoleHost         Host Version = 5.1.19041.2673         Host ID = 3b7134bb-d2ff-4b29-8522-cca0ef1b75fd         Host Application = powershell.exe -c Unblock-File 'C:\Users\siesvc\AppData\Local\Temp\RestoreWindowDefenderStatus.ps1'; & 'C:\Users\siesvc\AppData\Local\Temp\RestoreWindowDefenderStatus.ps1' <#PICUS_REWIND#>         Engine Version = 5.1.19041.2673         Runspace ID = 173c60c0-3775-4bb1-b696-6dd2c2433928         Pipeline ID = 4         Command Name = Export-ModuleMember         Command Type = Cmdlet         Script Name =          Command Path =          Sequence Number = 86         User = DESKTOP-64-EDR\siesvc         Connected User =          Shell ID = Microsoft.PowerShell   User Data:"""
"Device=WindowsLog	AgentLogFile=Microsoft-Windows-PowerShell/Operational	PluginVersion=7.2.9.105	Source=Microsoft-Windows-PowerShell	Computer=DESKTOP-64-EDR	OriginatingComputer=DESKTOP-64-EDR	User=siesvc	Domain=DESKTOP-64-EDR	EventID=4103	EventIDCode=4103	EventType=4	EventCategory=106	RecordNumber=2022343	TimeGenerated=1754621320	TimeWritten=1754621320	Level=Informational	Keywords=0	Task=ExecutePipeline	Opcode=20	Message=CommandInvocation(Export-ModuleMember): ""Export-ModuleMember"""" ParameterBinding(Export-ModuleMember): name=""""Function""""; value=""""""""   Context:         Severity = Informational         Host Name = ConsoleHost         Host Version = 5.1.19041.2673         Host ID = 3b7134bb-d2ff-4b29-8522-cca0ef1b75fd         Host Application = powershell.exe -c Unblock-File 'C:\Users\siesvc\AppData\Local\Temp\RestoreWindowDefenderStatus.ps1'; & 'C:\Users\siesvc\AppData\Local\Temp\RestoreWindowDefenderStatus.ps1' <#PICUS_REWIND#>         Engine Version = 5.1.19041.2673         Runspace ID = 173c60c0-3775-4bb1-b696-6dd2c2433928         Pipeline ID = 4         Command Name = Export-ModuleMember         Command Type = Cmdlet         Script Name =          Command Path =          Sequence Number = 82         User = DESKTOP-64-EDR\siesvc         Connected User =          Shell ID = Microsoft.PowerShell   User Data:"""
"Device=WindowsLog	AgentLogFile=Microsoft-Windows-PowerShell/Operational	PluginVersion=7.2.9.105	Source=Microsoft-Windows-PowerShell	Computer=DESKTOP-64-EDR	OriginatingComputer=DESKTOP-64-EDR	User=siesvc	Domain=DESKTOP-64-EDR	EventID=4103	EventIDCode=4103	EventType=4	EventCategory=106	RecordNumber=2022342	TimeGenerated=1754621320	TimeWritten=1754621320	Level=Informational	Keywords=0	Task=ExecutePipeline	Opcode=20	Message=CommandInvocation(Set-StrictMode): ""Set-StrictMode"""" ParameterBinding(Set-StrictMode): name=""""Off""""; value=""""True""""   Context:         Severity = Informational         Host Name = ConsoleHost         Host Version = 5.1.19041.2673         Host ID = 3b7134bb-d2ff-4b29-8522-cca0ef1b75fd         Host Application = powershell.exe -c Unblock-File 'C:\Users\siesvc\AppData\Local\Temp\RestoreWindowDefenderStatus.ps1'; & 'C:\Users\siesvc\AppData\Local\Temp\RestoreWindowDefenderStatus.ps1' <#PICUS_REWIND#>         Engine Version = 5.1.19041.2673         Runspace ID = 173c60c0-3775-4bb1-b696-6dd2c2433928         Pipeline ID = 4         Command Name = Set-StrictMode         Command Type = Cmdlet         Script Name =          Command Path =          Sequence Number = 80         User = DESKTOP-64-EDR\siesvc         Connected User =          Shell ID = Microsoft.PowerShell   User Data:"""
"Device=WindowsLog	AgentLogFile=Microsoft-Windows-PowerShell/Operational	PluginVersion=7.2.9.105	Source=Microsoft-Windows-PowerShell	Computer=DESKTOP-64-EDR	OriginatingComputer=DESKTOP-64-EDR	User=siesvc	Domain=DESKTOP-64-EDR	EventID=4103	EventIDCode=4103	EventType=4	EventCategory=106	RecordNumber=2022340	TimeGenerated=1754621320	TimeWritten=1754621320	Level=Informational	Keywords=0	Task=ExecutePipeline	Opcode=20	Message=CommandInvocation(Export-ModuleMember): ""Export-ModuleMember"""" ParameterBinding(Export-ModuleMember): name=""""Function""""; value=""""Start-MpRollback"""" ParameterBinding(Export-ModuleMember): name=""""Alias""""; value=""""*""""   Context:         Severity = Informational         Host Name = ConsoleHost         Host Version = 5.1.19041.2673         Host ID = 3b7134bb-d2ff-4b29-8522-cca0ef1b75fd         Host Application = powershell.exe -c Unblock-File 'C:\Users\siesvc\AppData\Local\Temp\RestoreWindowDefenderStatus.ps1'; & 'C:\Users\siesvc\AppData\Local\Temp\RestoreWindowDefenderStatus.ps1' <#PICUS_REWIND#>         Engine Version = 5.1.19041.2673         Runspace ID = 173c60c0-3775-4bb1-b696-6dd2c2433928         Pipeline ID = 4         Command Name = Export-ModuleMember         Command Type = Cmdlet         Script Name =          Command Path =          Sequence Number = 78         User = DESKTOP-64-EDR\siesvc         Connected User =          Shell ID = Microsoft.PowerShell   User Data:"""
"Device=WindowsLog	AgentLogFile=Microsoft-Windows-PowerShell/Operational	PluginVersion=7.2.9.105	Source=Microsoft-Windows-PowerShell	Computer=DESKTOP-64-EDR	OriginatingComputer=DESKTOP-64-EDR	User=siesvc	Domain=DESKTOP-64-EDR	EventID=4103	EventIDCode=4103	EventType=4	EventCategory=106	RecordNumber=2022339	TimeGenerated=1754621320	TimeWritten=1754621320	Level=Informational	Keywords=0	Task=ExecutePipeline	Opcode=20	Message=CommandInvocation(Export-ModuleMember): ""Export-ModuleMember"""" ParameterBinding(Export-ModuleMember): name=""""Function""""; value=""""""""   Context:         Severity = Informational         Host Name = ConsoleHost         Host Version = 5.1.19041.2673         Host ID = 3b7134bb-d2ff-4b29-8522-cca0ef1b75fd         Host Application = powershell.exe -c Unblock-File 'C:\Users\siesvc\AppData\Local\Temp\RestoreWindowDefenderStatus.ps1'; & 'C:\Users\siesvc\AppData\Local\Temp\RestoreWindowDefenderStatus.ps1' <#PICUS_REWIND#>         Engine Version = 5.1.19041.2673         Runspace ID = 173c60c0-3775-4bb1-b696-6dd2c2433928         Pipeline ID = 4         Command Name = Export-ModuleMember         Command Type = Cmdlet         Script Name =          Command Path =          Sequence Number = 76         User = DESKTOP-64-EDR\siesvc         Connected User =          Shell ID = Microsoft.PowerShell   User Data:"""
"Device=WindowsLog	AgentLogFile=Microsoft-Windows-PowerShell/Operational	PluginVersion=7.2.9.105	Source=Microsoft-Windows-PowerShell	Computer=DESKTOP-64-EDR	OriginatingComputer=DESKTOP-64-EDR	User=siesvc	Domain=DESKTOP-64-EDR	EventID=4103	EventIDCode=4103	EventType=4	EventCategory=106	RecordNumber=2022332	TimeGenerated=1754621320	TimeWritten=1754621320	Level=Informational	Keywords=0	Task=ExecutePipeline	Opcode=20	Message=CommandInvocation(Export-ModuleMember): ""Export-ModuleMember"""" ParameterBinding(Export-ModuleMember): name=""""Function""""; value=""""Update-MpSignature"""" ParameterBinding(Export-ModuleMember): name=""""Alias""""; value=""""*""""   Context:         Severity = Informational         Host Name = ConsoleHost         Host Version = 5.1.19041.2673         Host ID = 3b7134bb-d2ff-4b29-8522-cca0ef1b75fd         Host Application = powershell.exe -c Unblock-File 'C:\Users\siesvc\AppData\Local\Temp\RestoreWindowDefenderStatus.ps1'; & 'C:\Users\siesvc\AppData\Local\Temp\RestoreWindowDefenderStatus.ps1' <#PICUS_REWIND#>         Engine Version = 5.1.19041.2673         Runspace ID = 173c60c0-3775-4bb1-b696-6dd2c2433928         Pipeline ID = 4         Command Name = Export-ModuleMember         Command Type = Cmdlet         Script Name =          Command Path =          Sequence Number = 66         User = DESKTOP-64-EDR\siesvc         Connected User =          Shell ID = Microsoft.PowerShell   User Data:"""
"Device=WindowsLog	AgentLogFile=Microsoft-Windows-PowerShell/Operational	PluginVersion=7.2.9.105	Source=Microsoft-Windows-PowerShell	Computer=DESKTOP-64-EDR	OriginatingComputer=DESKTOP-64-EDR	User=siesvc	Domain=DESKTOP-64-EDR	EventID=4103	EventIDCode=4103	EventType=4	EventCategory=106	RecordNumber=2022338	TimeGenerated=1754621320	TimeWritten=1754621320	Level=Informational	Keywords=0	Task=ExecutePipeline	Opcode=20	Message=CommandInvocation(Set-StrictMode): ""Set-StrictMode"""" ParameterBinding(Set-StrictMode): name=""""Off""""; value=""""True""""   Context:         Severity = Informational         Host Name = ConsoleHost         Host Version = 5.1.19041.2673         Host ID = 3b7134bb-d2ff-4b29-8522-cca0ef1b75fd         Host Application = powershell.exe -c Unblock-File 'C:\Users\siesvc\AppData\Local\Temp\RestoreWindowDefenderStatus.ps1'; & 'C:\Users\siesvc\AppData\Local\Temp\RestoreWindowDefenderStatus.ps1' <#PICUS_REWIND#>         Engine Version = 5.1.19041.2673         Runspace ID = 173c60c0-3775-4bb1-b696-6dd2c2433928         Pipeline ID = 4         Command Name = Set-StrictMode         Command Type = Cmdlet         Script Name =          Command Path =          Sequence Number = 74         User = DESKTOP-64-EDR\siesvc         Connected User =          Shell ID = Microsoft.PowerShell   User Data:"""
"Device=WindowsLog	AgentLogFile=Microsoft-Windows-PowerShell/Operational	PluginVersion=7.2.9.105	Source=Microsoft-Windows-PowerShell	Computer=DESKTOP-64-EDR	OriginatingComputer=DESKTOP-64-EDR	User=siesvc	Domain=DESKTOP-64-EDR	EventID=4103	EventIDCode=4103	EventType=4	EventCategory=106	RecordNumber=2022335	TimeGenerated=1754621320	TimeWritten=1754621320	Level=Informational	Keywords=0	Task=ExecutePipeline	Opcode=20	Message=CommandInvocation(Export-ModuleMember): ""Export-ModuleMember"""" ParameterBinding(Export-ModuleMember): name=""""Function""""; value=""""""""   Context:         Severity = Informational         Host Name = ConsoleHost         Host Version = 5.1.19041.2673         Host ID = 3b7134bb-d2ff-4b29-8522-cca0ef1b75fd         Host Application = powershell.exe -c Unblock-File 'C:\Users\siesvc\AppData\Local\Temp\RestoreWindowDefenderStatus.ps1'; & 'C:\Users\siesvc\AppData\Local\Temp\RestoreWindowDefenderStatus.ps1' <#PICUS_REWIND#>         Engine Version = 5.1.19041.2673         Runspace ID = 173c60c0-3775-4bb1-b696-6dd2c2433928         Pipeline ID = 4         Command Name = Export-ModuleMember         Command Type = Cmdlet         Script Name =          Command Path =          Sequence Number = 70         User = DESKTOP-64-EDR\siesvc         Connected User =          Shell ID = Microsoft.PowerShell   User Data:"""
"Device=WindowsLog	AgentLogFile=Microsoft-Windows-PowerShell/Operational	PluginVersion=7.2.9.105	Source=Microsoft-Windows-PowerShell	Computer=DESKTOP-64-EDR	OriginatingComputer=DESKTOP-64-EDR	User=siesvc	Domain=DESKTOP-64-EDR	EventID=4103	EventIDCode=4103	EventType=4	EventCategory=106	RecordNumber=2022336	TimeGenerated=1754621320	TimeWritten=1754621320	Level=Informational	Keywords=0	Task=ExecutePipeline	Opcode=20	Message=CommandInvocation(Export-ModuleMember): ""Export-ModuleMember"""" ParameterBinding(Export-ModuleMember): name=""""Function""""; value=""""Start-MpWDOScan"""" ParameterBinding(Export-ModuleMember): name=""""Alias""""; value=""""*""""   Context:         Severity = Informational         Host Name = ConsoleHost         Host Version = 5.1.19041.2673         Host ID = 3b7134bb-d2ff-4b29-8522-cca0ef1b75fd         Host Application = powershell.exe -c Unblock-File 'C:\Users\siesvc\AppData\Local\Temp\RestoreWindowDefenderStatus.ps1'; & 'C:\Users\siesvc\AppData\Local\Temp\RestoreWindowDefenderStatus.ps1' <#PICUS_REWIND#>         Engine Version = 5.1.19041.2673         Runspace ID = 173c60c0-3775-4bb1-b696-6dd2c2433928         Pipeline ID = 4         Command Name = Export-ModuleMember         Command Type = Cmdlet         Script Name =          Command Path =          Sequence Number = 72         User = DESKTOP-64-EDR\siesvc         Connected User =          Shell ID = Microsoft.PowerShell   User Data:"""
"Device=WindowsLog	AgentLogFile=Microsoft-Windows-PowerShell/Operational	PluginVersion=7.2.9.105	Source=Microsoft-Windows-PowerShell	Computer=DESKTOP-64-EDR	OriginatingComputer=DESKTOP-64-EDR	User=siesvc	Domain=DESKTOP-64-EDR	EventID=4103	EventIDCode=4103	EventType=4	EventCategory=106	RecordNumber=2022334	TimeGenerated=1754621320	TimeWritten=1754621320	Level=Informational	Keywords=0	Task=ExecutePipeline	Opcode=20	Message=CommandInvocation(Set-StrictMode): ""Set-StrictMode"""" ParameterBinding(Set-StrictMode): name=""""Off""""; value=""""True""""   Context:         Severity = Informational         Host Name = ConsoleHost         Host Version = 5.1.19041.2673         Host ID = 3b7134bb-d2ff-4b29-8522-cca0ef1b75fd         Host Application = powershell.exe -c Unblock-File 'C:\Users\siesvc\AppData\Local\Temp\RestoreWindowDefenderStatus.ps1'; & 'C:\Users\siesvc\AppData\Local\Temp\RestoreWindowDefenderStatus.ps1' <#PICUS_REWIND#>         Engine Version = 5.1.19041.2673         Runspace ID = 173c60c0-3775-4bb1-b696-6dd2c2433928         Pipeline ID = 4         Command Name = Set-StrictMode         Command Type = Cmdlet         Script Name =          Command Path =          Sequence Number = 68         User = DESKTOP-64-EDR\siesvc         Connected User =          Shell ID = Microsoft.PowerShell   User Data:"""
"Device=WindowsLog	AgentLogFile=Microsoft-Windows-PowerShell/Operational	PluginVersion=7.2.9.105	Source=Microsoft-Windows-PowerShell	Computer=DESKTOP-64-EDR	OriginatingComputer=DESKTOP-64-EDR	User=siesvc	Domain=DESKTOP-64-EDR	EventID=4103	EventIDCode=4103	EventType=4	EventCategory=106	RecordNumber=2022331	TimeGenerated=1754621320	TimeWritten=1754621320	Level=Informational	Keywords=0	Task=ExecutePipeline	Opcode=20	Message=CommandInvocation(Export-ModuleMember): ""Export-ModuleMember"""" ParameterBinding(Export-ModuleMember): name=""""Function""""; value=""""""""   Context:         Severity = Informational         Host Name = ConsoleHost         Host Version = 5.1.19041.2673         Host ID = 3b7134bb-d2ff-4b29-8522-cca0ef1b75fd         Host Application = powershell.exe -c Unblock-File 'C:\Users\siesvc\AppData\Local\Temp\RestoreWindowDefenderStatus.ps1'; & 'C:\Users\siesvc\AppData\Local\Temp\RestoreWindowDefenderStatus.ps1' <#PICUS_REWIND#>         Engine Version = 5.1.19041.2673         Runspace ID = 173c60c0-3775-4bb1-b696-6dd2c2433928         Pipeline ID = 4         Command Name = Export-ModuleMember         Command Type = Cmdlet         Script Name =          Command Path =          Sequence Number = 64         User = DESKTOP-64-EDR\siesvc         Connected User =          Shell ID = Microsoft.PowerShell   User Data:"""
"Device=WindowsLog	AgentLogFile=Microsoft-Windows-PowerShell/Operational	PluginVersion=7.2.9.105	Source=Microsoft-Windows-PowerShell	Computer=DESKTOP-64-EDR	OriginatingComputer=DESKTOP-64-EDR	User=siesvc	Domain=DESKTOP-64-EDR	EventID=4103	EventIDCode=4103	EventType=4	EventCategory=106	RecordNumber=2022330	TimeGenerated=1754621320	TimeWritten=1754621320	Level=Informational	Keywords=0	Task=ExecutePipeline	Opcode=20	Message=CommandInvocation(Set-StrictMode): ""Set-StrictMode"""" ParameterBinding(Set-StrictMode): name=""""Off""""; value=""""True""""   Context:         Severity = Informational         Host Name = ConsoleHost         Host Version = 5.1.19041.2673         Host ID = 3b7134bb-d2ff-4b29-8522-cca0ef1b75fd         Host Application = powershell.exe -c Unblock-File 'C:\Users\siesvc\AppData\Local\Temp\RestoreWindowDefenderStatus.ps1'; & 'C:\Users\siesvc\AppData\Local\Temp\RestoreWindowDefenderStatus.ps1' <#PICUS_REWIND#>         Engine Version = 5.1.19041.2673         Runspace ID = 173c60c0-3775-4bb1-b696-6dd2c2433928         Pipeline ID = 4         Command Name = Set-StrictMode         Command Type = Cmdlet         Script Name =          Command Path =          Sequence Number = 62         User = DESKTOP-64-EDR\siesvc         Connected User =          Shell ID = Microsoft.PowerShell   User Data:"""
"Device=WindowsLog	AgentLogFile=Microsoft-Windows-PowerShell/Operational	PluginVersion=7.2.9.105	Source=Microsoft-Windows-PowerShell	Computer=DESKTOP-64-EDR	OriginatingComputer=DESKTOP-64-EDR	User=siesvc	Domain=DESKTOP-64-EDR	EventID=4103	EventIDCode=4103	EventType=4	EventCategory=106	RecordNumber=2022327	TimeGenerated=1754621320	TimeWritten=1754621320	Level=Informational	Keywords=0	Task=ExecutePipeline	Opcode=20	Message=CommandInvocation(Export-ModuleMember): ""Export-ModuleMember"""" ParameterBinding(Export-ModuleMember): name=""""Function""""; value=""""""""   Context:         Severity = Informational         Host Name = ConsoleHost         Host Version = 5.1.19041.2673         Host ID = 3b7134bb-d2ff-4b29-8522-cca0ef1b75fd         Host Application = powershell.exe -c Unblock-File 'C:\Users\siesvc\AppData\Local\Temp\RestoreWindowDefenderStatus.ps1'; & 'C:\Users\siesvc\AppData\Local\Temp\RestoreWindowDefenderStatus.ps1' <#PICUS_REWIND#>         Engine Version = 5.1.19041.2673         Runspace ID = 173c60c0-3775-4bb1-b696-6dd2c2433928         Pipeline ID = 4         Command Name = Export-ModuleMember         Command Type = Cmdlet         Script Name =          Command Path =          Sequence Number = 58         User = DESKTOP-64-EDR\siesvc         Connected User =          Shell ID = Microsoft.PowerShell   User Data:"""
"Device=WindowsLog	AgentLogFile=Microsoft-Windows-PowerShell/Operational	PluginVersion=7.2.9.105	Source=Microsoft-Windows-PowerShell	Computer=DESKTOP-64-EDR	OriginatingComputer=DESKTOP-64-EDR	User=siesvc	Domain=DESKTOP-64-EDR	EventID=4103	EventIDCode=4103	EventType=4	EventCategory=106	RecordNumber=2022328	TimeGenerated=1754621320	TimeWritten=1754621320	Level=Informational	Keywords=0	Task=ExecutePipeline	Opcode=20	Message=CommandInvocation(Export-ModuleMember): ""Export-ModuleMember"""" ParameterBinding(Export-ModuleMember): name=""""Function""""; value=""""Start-MpScan"""" ParameterBinding(Export-ModuleMember): name=""""Alias""""; value=""""*""""   Context:         Severity = Informational         Host Name = ConsoleHost         Host Version = 5.1.19041.2673         Host ID = 3b7134bb-d2ff-4b29-8522-cca0ef1b75fd         Host Application = powershell.exe -c Unblock-File 'C:\Users\siesvc\AppData\Local\Temp\RestoreWindowDefenderStatus.ps1'; & 'C:\Users\siesvc\AppData\Local\Temp\RestoreWindowDefenderStatus.ps1' <#PICUS_REWIND#>         Engine Version = 5.1.19041.2673         Runspace ID = 173c60c0-3775-4bb1-b696-6dd2c2433928         Pipeline ID = 4         Command Name = Export-ModuleMember         Command Type = Cmdlet         Script Name =          Command Path =          Sequence Number = 60         User = DESKTOP-64-EDR\siesvc         Connected User =          Shell ID = Microsoft.PowerShell   User Data:"""
"Device=WindowsLog	AgentLogFile=Microsoft-Windows-PowerShell/Operational	PluginVersion=7.2.9.105	Source=Microsoft-Windows-PowerShell	Computer=DESKTOP-64-EDR	OriginatingComputer=DESKTOP-64-EDR	User=siesvc	Domain=DESKTOP-64-EDR	EventID=4103	EventIDCode=4103	EventType=4	EventCategory=106	RecordNumber=2022326	TimeGenerated=1754621320	TimeWritten=1754621320	Level=Informational	Keywords=0	Task=ExecutePipeline	Opcode=20	Message=CommandInvocation(Set-StrictMode): ""Set-StrictMode"""" ParameterBinding(Set-StrictMode): name=""""Off""""; value=""""True""""   Context:         Severity = Informational         Host Name = ConsoleHost         Host Version = 5.1.19041.2673         Host ID = 3b7134bb-d2ff-4b29-8522-cca0ef1b75fd         Host Application = powershell.exe -c Unblock-File 'C:\Users\siesvc\AppData\Local\Temp\RestoreWindowDefenderStatus.ps1'; & 'C:\Users\siesvc\AppData\Local\Temp\RestoreWindowDefenderStatus.ps1' <#PICUS_REWIND#>         Engine Version = 5.1.19041.2673         Runspace ID = 173c60c0-3775-4bb1-b696-6dd2c2433928         Pipeline ID = 4         Command Name = Set-StrictMode         Command Type = Cmdlet         Script Name =          Command Path =          Sequence Number = 56         User = DESKTOP-64-EDR\siesvc         Connected User =          Shell ID = Microsoft.PowerShell   User Data:"""
"Device=WindowsLog	AgentLogFile=Microsoft-Windows-PowerShell/Operational	PluginVersion=7.2.9.105	Source=Microsoft-Windows-PowerShell	Computer=DESKTOP-64-EDR	OriginatingComputer=DESKTOP-64-EDR	User=siesvc	Domain=DESKTOP-64-EDR	EventID=4103	EventIDCode=4103	EventType=4	EventCategory=106	RecordNumber=2022324	TimeGenerated=1754621320	TimeWritten=1754621320	Level=Informational	Keywords=0	Task=ExecutePipeline	Opcode=20	Message=CommandInvocation(Export-ModuleMember): ""Export-ModuleMember"""" ParameterBinding(Export-ModuleMember): name=""""Function""""; value=""""Get-MpThreatDetection"""" ParameterBinding(Export-ModuleMember): name=""""Alias""""; value=""""*""""   Context:         Severity = Informational         Host Name = ConsoleHost         Host Version = 5.1.19041.2673         Host ID = 3b7134bb-d2ff-4b29-8522-cca0ef1b75fd         Host Application = powershell.exe -c Unblock-File 'C:\Users\siesvc\AppData\Local\Temp\RestoreWindowDefenderStatus.ps1'; & 'C:\Users\siesvc\AppData\Local\Temp\RestoreWindowDefenderStatus.ps1' <#PICUS_REWIND#>         Engine Version = 5.1.19041.2673         Runspace ID = 173c60c0-3775-4bb1-b696-6dd2c2433928         Pipeline ID = 4         Command Name = Export-ModuleMember         Command Type = Cmdlet         Script Name =          Command Path =          Sequence Number = 54         User = DESKTOP-64-EDR\siesvc         Connected User =          Shell ID = Microsoft.PowerShell   User Data:"""
"Device=WindowsLog	AgentLogFile=Microsoft-Windows-PowerShell/Operational	PluginVersion=7.2.9.105	Source=Microsoft-Windows-PowerShell	Computer=DESKTOP-64-EDR	OriginatingComputer=DESKTOP-64-EDR	User=siesvc	Domain=DESKTOP-64-EDR	EventID=4103	EventIDCode=4103	EventType=4	EventCategory=106	RecordNumber=2022323	TimeGenerated=1754621320	TimeWritten=1754621320	Level=Informational	Keywords=0	Task=ExecutePipeline	Opcode=20	Message=CommandInvocation(Export-ModuleMember): ""Export-ModuleMember"""" ParameterBinding(Export-ModuleMember): name=""""Function""""; value=""""""""   Context:         Severity = Informational         Host Name = ConsoleHost         Host Version = 5.1.19041.2673         Host ID = 3b7134bb-d2ff-4b29-8522-cca0ef1b75fd         Host Application = powershell.exe -c Unblock-File 'C:\Users\siesvc\AppData\Local\Temp\RestoreWindowDefenderStatus.ps1'; & 'C:\Users\siesvc\AppData\Local\Temp\RestoreWindowDefenderStatus.ps1' <#PICUS_REWIND#>         Engine Version = 5.1.19041.2673         Runspace ID = 173c60c0-3775-4bb1-b696-6dd2c2433928         Pipeline ID = 4         Command Name = Export-ModuleMember         Command Type = Cmdlet         Script Name =          Command Path =          Sequence Number = 52         User = DESKTOP-64-EDR\siesvc         Connected User =          Shell ID = Microsoft.PowerShell   User Data:"""
"Device=WindowsLog	AgentLogFile=Microsoft-Windows-PowerShell/Operational	PluginVersion=7.2.9.105	Source=Microsoft-Windows-PowerShell	Computer=DESKTOP-64-EDR	OriginatingComputer=DESKTOP-64-EDR	User=siesvc	Domain=DESKTOP-64-EDR	EventID=4103	EventIDCode=4103	EventType=4	EventCategory=106	RecordNumber=2022320	TimeGenerated=1754621320	TimeWritten=1754621320	Level=Informational	Keywords=0	Task=ExecutePipeline	Opcode=20	Message=CommandInvocation(Export-ModuleMember): ""Export-ModuleMember"""" ParameterBinding(Export-ModuleMember): name=""""Function""""; value=""""Get-MpThreatCatalog"""" ParameterBinding(Export-ModuleMember): name=""""Alias""""; value=""""*""""   Context:         Severity = Informational         Host Name = ConsoleHost         Host Version = 5.1.19041.2673         Host ID = 3b7134bb-d2ff-4b29-8522-cca0ef1b75fd         Host Application = powershell.exe -c Unblock-File 'C:\Users\siesvc\AppData\Local\Temp\RestoreWindowDefenderStatus.ps1'; & 'C:\Users\siesvc\AppData\Local\Temp\RestoreWindowDefenderStatus.ps1' <#PICUS_REWIND#>         Engine Version = 5.1.19041.2673         Runspace ID = 173c60c0-3775-4bb1-b696-6dd2c2433928         Pipeline ID = 4         Command Name = Export-ModuleMember         Command Type = Cmdlet         Script Name =          Command Path =          Sequence Number = 48         User = DESKTOP-64-EDR\siesvc         Connected User =          Shell ID = Microsoft.PowerShell   User Data:"""
"Device=WindowsLog	AgentLogFile=Microsoft-Windows-PowerShell/Operational	PluginVersion=7.2.9.105	Source=Microsoft-Windows-PowerShell	Computer=DESKTOP-64-EDR	OriginatingComputer=DESKTOP-64-EDR	User=siesvc	Domain=DESKTOP-64-EDR	EventID=4103	EventIDCode=4103	EventType=4	EventCategory=106	RecordNumber=2022322	TimeGenerated=1754621320	TimeWritten=1754621320	Level=Informational	Keywords=0	Task=ExecutePipeline	Opcode=20	Message=CommandInvocation(Set-StrictMode): ""Set-StrictMode"""" ParameterBinding(Set-StrictMode): name=""""Off""""; value=""""True""""   Context:         Severity = Informational         Host Name = ConsoleHost         Host Version = 5.1.19041.2673         Host ID = 3b7134bb-d2ff-4b29-8522-cca0ef1b75fd         Host Application = powershell.exe -c Unblock-File 'C:\Users\siesvc\AppData\Local\Temp\RestoreWindowDefenderStatus.ps1'; & 'C:\Users\siesvc\AppData\Local\Temp\RestoreWindowDefenderStatus.ps1' <#PICUS_REWIND#>         Engine Version = 5.1.19041.2673         Runspace ID = 173c60c0-3775-4bb1-b696-6dd2c2433928         Pipeline ID = 4         Command Name = Set-StrictMode         Command Type = Cmdlet         Script Name =          Command Path =          Sequence Number = 50         User = DESKTOP-64-EDR\siesvc         Connected User =          Shell ID = Microsoft.PowerShell   User Data:"""
"Device=WindowsLog	AgentLogFile=Microsoft-Windows-PowerShell/Operational	PluginVersion=7.2.9.105	Source=Microsoft-Windows-PowerShell	Computer=DESKTOP-64-EDR	OriginatingComputer=DESKTOP-64-EDR	User=siesvc	Domain=DESKTOP-64-EDR	EventID=4103	EventIDCode=4103	EventType=4	EventCategory=106	RecordNumber=2022319	TimeGenerated=1754621320	TimeWritten=1754621320	Level=Informational	Keywords=0	Task=ExecutePipeline	Opcode=20	Message=CommandInvocation(Export-ModuleMember): ""Export-ModuleMember"""" ParameterBinding(Export-ModuleMember): name=""""Function""""; value=""""""""   Context:         Severity = Informational         Host Name = ConsoleHost         Host Version = 5.1.19041.2673         Host ID = 3b7134bb-d2ff-4b29-8522-cca0ef1b75fd         Host Application = powershell.exe -c Unblock-File 'C:\Users\siesvc\AppData\Local\Temp\RestoreWindowDefenderStatus.ps1'; & 'C:\Users\siesvc\AppData\Local\Temp\RestoreWindowDefenderStatus.ps1' <#PICUS_REWIND#>         Engine Version = 5.1.19041.2673         Runspace ID = 173c60c0-3775-4bb1-b696-6dd2c2433928         Pipeline ID = 4         Command Name = Export-ModuleMember         Command Type = Cmdlet         Script Name =          Command Path =          Sequence Number = 46         User = DESKTOP-64-EDR\siesvc         Connected User =          Shell ID = Microsoft.PowerShell   User Data:"""
"Device=WindowsLog	AgentLogFile=Microsoft-Windows-PowerShell/Operational	PluginVersion=7.2.9.105	Source=Microsoft-Windows-PowerShell	Computer=DESKTOP-64-EDR	OriginatingComputer=DESKTOP-64-EDR	User=siesvc	Domain=DESKTOP-64-EDR	EventID=4103	EventIDCode=4103	EventType=4	EventCategory=106	RecordNumber=2022318	TimeGenerated=1754621320	TimeWritten=1754621320	Level=Informational	Keywords=0	Task=ExecutePipeline	Opcode=20	Message=CommandInvocation(Set-StrictMode): ""Set-StrictMode"""" ParameterBinding(Set-StrictMode): name=""""Off""""; value=""""True""""   Context:         Severity = Informational         Host Name = ConsoleHost         Host Version = 5.1.19041.2673         Host ID = 3b7134bb-d2ff-4b29-8522-cca0ef1b75fd         Host Application = powershell.exe -c Unblock-File 'C:\Users\siesvc\AppData\Local\Temp\RestoreWindowDefenderStatus.ps1'; & 'C:\Users\siesvc\AppData\Local\Temp\RestoreWindowDefenderStatus.ps1' <#PICUS_REWIND#>         Engine Version = 5.1.19041.2673         Runspace ID = 173c60c0-3775-4bb1-b696-6dd2c2433928         Pipeline ID = 4         Command Name = Set-StrictMode         Command Type = Cmdlet         Script Name =          Command Path =          Sequence Number = 44         User = DESKTOP-64-EDR\siesvc         Connected User =          Shell ID = Microsoft.PowerShell   User Data:"""
