"Device=WindowsLog	AgentLogFile=Microsoft-Windows-PowerShell/Operational	PluginVersion=7.2.9.105	Source=Microsoft-Windows-PowerShell	Computer=DESKTOP-64-EDR	OriginatingComputer=DESKTOP-64-EDR	User=siesvc	Domain=DESKTOP-64-EDR	EventID=4103	EventIDCode=4103	EventType=4	EventCategory=106	RecordNumber=2022497	TimeGenerated=1754621358	TimeWritten=1754621358	Level=Informational	Keywords=0	Task=ExecutePipeline	Opcode=20	Message=CommandInvocation(Set-StrictMode): ""Set-StrictMode"""" ParameterBinding(Set-StrictMode): name=""""Version""""; value=""""1.0""""   Context:         Severity = Informational         Host Name = ConsoleHost         Host Version = 5.1.19041.2673         Host ID = c8bbe172-b4b1-4c4b-95b1-5681ec0b8e24         Host Application = powershell.exe -c Unblock-File 'C:\Users\siesvc\AppData\Local\Temp\RestoreWindowDefenderStatus.ps1'; & 'C:\Users\siesvc\AppData\Local\Temp\RestoreWindowDefenderStatus.ps1' <#PICUS_REWIND#>         Engine Version = 5.1.19041.2673         Runspace ID = f48b3c10-28be-4cbd-a1ad-4f9944533a59         Pipeline ID = 1         Command Name = Set-StrictMode         Command Type = Cmdlet         Script Name =          Command Path =          Sequence Number = 272         User = DESKTOP-64-EDR\siesvc         Connected User =          Shell ID = Microsoft.PowerShell   User Data:"""
"Device=WindowsLog	AgentLogFile=Microsoft-Windows-PowerShell/Operational	PluginVersion=7.2.9.105	Source=Microsoft-Windows-PowerShell	Computer=DESKTOP-64-EDR	OriginatingComputer=DESKTOP-64-EDR	User=siesvc	Domain=DESKTOP-64-EDR	EventID=4103	EventIDCode=4103	EventType=4	EventCategory=106	RecordNumber=2022468	TimeGenerated=1754621358	TimeWritten=1754621358	Level=Informational	Keywords=0	Task=ExecutePipeline	Opcode=20	Message=CommandInvocation(Set-StrictMode): ""Set-StrictMode"""" ParameterBinding(Set-StrictMode): name=""""Version""""; value=""""1.0""""   Context:         Severity = Informational         Host Name = ConsoleHost         Host Version = 5.1.19041.2673         Host ID = c8bbe172-b4b1-4c4b-95b1-5681ec0b8e24         Host Application = powershell.exe -c Unblock-File 'C:\Users\siesvc\AppData\Local\Temp\RestoreWindowDefenderStatus.ps1'; & 'C:\Users\siesvc\AppData\Local\Temp\RestoreWindowDefenderStatus.ps1' <#PICUS_REWIND#>         Engine Version = 5.1.19041.2673         Runspace ID = f48b3c10-28be-4cbd-a1ad-4f9944533a59         Pipeline ID = 1         Command Name = Set-StrictMode         Command Type = Cmdlet         Script Name =          Command Path =          Sequence Number = 202         User = DESKTOP-64-EDR\siesvc         Connected User =          Shell ID = Microsoft.PowerShell   User Data:"""
"Device=WindowsLog	AgentLogFile=Microsoft-Windows-PowerShell/Operational	PluginVersion=7.2.9.105	Source=Microsoft-Windows-PowerShell	Computer=DESKTOP-64-EDR	OriginatingComputer=DESKTOP-64-EDR	User=siesvc	Domain=DESKTOP-64-EDR	EventID=4103	EventIDCode=4103	EventType=4	EventCategory=106	RecordNumber=2022467	TimeGenerated=1754621358	TimeWritten=1754621358	Level=Informational	Keywords=0	Task=ExecutePipeline	Opcode=20	Message=CommandInvocation(Out-String): ""Out-String"""" CommandInvocation(Out-Default): """"Out-Default"""" ParameterBinding(Out-Default): name=""""Transcript""""; value=""""True"""" ParameterBinding(Out-String): name=""""InputObject""""; value=""""You cannot call a method on a null-valued expression."""" ParameterBinding(Out-Default): name=""""InputObject""""; value=""""You cannot call a method on a null-valued expression. At C:\Users\siesvc\AppData\Local\Temp\RestoreWindowDefenderStatus.ps1:24 char:13 + $dioavp = $(Restore-Defender-Config -ConfigFile """"mppreference_status. ... +             ~~~~~~~~~~~~~~~~~~~~~~~~~~~~~~~~~~~~~~~~~~~~~~~~~~~~~~~~~     + CategoryInfo          : InvalidOperation: (:) []"
"Device=WindowsLog	AgentLogFile=Microsoft-Windows-PowerShell/Operational	PluginVersion=7.2.9.105	Source=Microsoft-Windows-PowerShell	Computer=DESKTOP-64-EDR	OriginatingComputer=DESKTOP-64-EDR	User=siesvc	Domain=DESKTOP-64-EDR	EventID=4103	EventIDCode=4103	EventType=4	EventCategory=106	RecordNumber=2022495	TimeGenerated=1754621358	TimeWritten=1754621358	Level=Informational	Keywords=0	Task=ExecutePipeline	Opcode=20	Message=CommandInvocation(Set-StrictMode): ""Set-StrictMode"""" ParameterBinding(Set-StrictMode): name=""""Version""""; value=""""1.0""""   Context:         Severity = Informational         Host Name = ConsoleHost         Host Version = 5.1.19041.2673         Host ID = c8bbe172-b4b1-4c4b-95b1-5681ec0b8e24         Host Application = powershell.exe -c Unblock-File 'C:\Users\siesvc\AppData\Local\Temp\RestoreWindowDefenderStatus.ps1'; & 'C:\Users\siesvc\AppData\Local\Temp\RestoreWindowDefenderStatus.ps1' <#PICUS_REWIND#>         Engine Version = 5.1.19041.2673         Runspace ID = f48b3c10-28be-4cbd-a1ad-4f9944533a59         Pipeline ID = 1         Command Name = Set-StrictMode         Command Type = Cmdlet         Script Name =          Command Path =          Sequence Number = 268         User = DESKTOP-64-EDR\siesvc         Connected User =          Shell ID = Microsoft.PowerShell   User Data:"""
"Device=WindowsLog	AgentLogFile=Microsoft-Windows-PowerShell/Operational	PluginVersion=7.2.9.105	Source=Microsoft-Windows-PowerShell	Computer=DESKTOP-64-EDR	OriginatingComputer=DESKTOP-64-EDR	User=siesvc	Domain=DESKTOP-64-EDR	EventID=4103	EventIDCode=4103	EventType=4	EventCategory=106	RecordNumber=2022496	TimeGenerated=1754621358	TimeWritten=1754621358	Level=Informational	Keywords=0	Task=ExecutePipeline	Opcode=20	Message=CommandInvocation(Set-StrictMode): ""Set-StrictMode"""" ParameterBinding(Set-StrictMode): name=""""Version""""; value=""""1.0""""   Context:         Severity = Informational         Host Name = ConsoleHost         Host Version = 5.1.19041.2673         Host ID = c8bbe172-b4b1-4c4b-95b1-5681ec0b8e24         Host Application = powershell.exe -c Unblock-File 'C:\Users\siesvc\AppData\Local\Temp\RestoreWindowDefenderStatus.ps1'; & 'C:\Users\siesvc\AppData\Local\Temp\RestoreWindowDefenderStatus.ps1' <#PICUS_REWIND#>         Engine Version = 5.1.19041.2673         Runspace ID = f48b3c10-28be-4cbd-a1ad-4f9944533a59         Pipeline ID = 1         Command Name = Set-StrictMode         Command Type = Cmdlet         Script Name =          Command Path =          Sequence Number = 270         User = DESKTOP-64-EDR\siesvc         Connected User =          Shell ID = Microsoft.PowerShell   User Data:"""
"Device=WindowsLog	AgentLogFile=Microsoft-Windows-PowerShell/Operational	PluginVersion=7.2.9.105	Source=Microsoft-Windows-PowerShell	Computer=DESKTOP-64-EDR	OriginatingComputer=DESKTOP-64-EDR	User=siesvc	Domain=DESKTOP-64-EDR	EventID=4103	EventIDCode=4103	EventType=4	EventCategory=106	RecordNumber=2022493	TimeGenerated=1754621358	TimeWritten=1754621358	Level=Informational	Keywords=0	Task=ExecutePipeline	Opcode=20	Message=CommandInvocation(Out-String): ""Out-String"""" CommandInvocation(Out-Default): """"Out-Default"""" ParameterBinding(Out-Default): name=""""Transcript""""; value=""""True"""" ParameterBinding(Out-String): name=""""InputObject""""; value=""""Cannot index into a null array."""" ParameterBinding(Out-Default): name=""""InputObject""""; value=""""Cannot index into a null array. At C:\Users\siesvc\AppData\Local\Temp\RestoreWindowDefenderStatus.ps1:13 char:13 +         if ($config[$i].Split("""""""") -eq $ConfParam) { +             ~~~~~~~~~~~~~~~~~~~~~~~~~~~~~~~~~~~~     + CategoryInfo          : InvalidOperation: (:) []"
"Device=WindowsLog	AgentLogFile=Microsoft-Windows-PowerShell/Operational	PluginVersion=7.2.9.105	Source=Microsoft-Windows-PowerShell	Computer=DESKTOP-64-EDR	OriginatingComputer=DESKTOP-64-EDR	User=siesvc	Domain=DESKTOP-64-EDR	EventID=4103	EventIDCode=4103	EventType=4	EventCategory=106	RecordNumber=2022494	TimeGenerated=1754621358	TimeWritten=1754621358	Level=Informational	Keywords=0	Task=ExecutePipeline	Opcode=20	Message=CommandInvocation(Set-StrictMode): ""Set-StrictMode"""" ParameterBinding(Set-StrictMode): name=""""Version""""; value=""""1.0""""   Context:         Severity = Informational         Host Name = ConsoleHost         Host Version = 5.1.19041.2673         Host ID = c8bbe172-b4b1-4c4b-95b1-5681ec0b8e24         Host Application = powershell.exe -c Unblock-File 'C:\Users\siesvc\AppData\Local\Temp\RestoreWindowDefenderStatus.ps1'; & 'C:\Users\siesvc\AppData\Local\Temp\RestoreWindowDefenderStatus.ps1' <#PICUS_REWIND#>         Engine Version = 5.1.19041.2673         Runspace ID = f48b3c10-28be-4cbd-a1ad-4f9944533a59         Pipeline ID = 1         Command Name = Set-StrictMode         Command Type = Cmdlet         Script Name =          Command Path =          Sequence Number = 266         User = DESKTOP-64-EDR\siesvc         Connected User =          Shell ID = Microsoft.PowerShell   User Data:"""
"Device=WindowsLog	AgentLogFile=Microsoft-Windows-PowerShell/Operational	PluginVersion=7.2.9.105	Source=Microsoft-Windows-PowerShell	Computer=DESKTOP-64-EDR	OriginatingComputer=DESKTOP-64-EDR	User=siesvc	Domain=DESKTOP-64-EDR	EventID=4103	EventIDCode=4103	EventType=4	EventCategory=106	RecordNumber=2022492	TimeGenerated=1754621358	TimeWritten=1754621358	Level=Informational	Keywords=0	Task=ExecutePipeline	Opcode=20	Message=CommandInvocation(Set-StrictMode): ""Set-StrictMode"""" ParameterBinding(Set-StrictMode): name=""""Version""""; value=""""1.0""""   Context:         Severity = Informational         Host Name = Default Host         Host Version = 5.1.19041.2673         Host ID = b571959f-30f1-497d-9f35-ef0bac39f4a7         Host Application = powershell.exe -c Unblock-File 'C:\Users\siesvc\AppData\Local\Temp\RestoreWindowDefenderStatus.ps1'; & 'C:\Users\siesvc\AppData\Local\Temp\RestoreWindowDefenderStatus.ps1' <#PICUS_REWIND#>         Engine Version = 5.1.19041.2673         Runspace ID = c457df68-619b-4c2d-a9fa-d07b2ae2b030         Pipeline ID = 1         Command Name = Set-StrictMode         Command Type = Cmdlet         Script Name =          Command Path =          Sequence Number = 262         User = DESKTOP-64-EDR\siesvc         Connected User =          Shell ID = Microsoft.PowerShell   User Data:"""
"Device=WindowsLog	AgentLogFile=Microsoft-Windows-PowerShell/Operational	PluginVersion=7.2.9.105	Source=Microsoft-Windows-PowerShell	Computer=DESKTOP-64-EDR	OriginatingComputer=DESKTOP-64-EDR	User=siesvc	Domain=DESKTOP-64-EDR	EventID=4103	EventIDCode=4103	EventType=4	EventCategory=106	RecordNumber=2022490	TimeGenerated=1754621358	TimeWritten=1754621358	Level=Informational	Keywords=0	Task=ExecutePipeline	Opcode=20	Message=CommandInvocation(Set-StrictMode): ""Set-StrictMode"""" ParameterBinding(Set-StrictMode): name=""""Version""""; value=""""1.0""""   Context:         Severity = Informational         Host Name = Default Host         Host Version = 5.1.19041.2673         Host ID = b571959f-30f1-497d-9f35-ef0bac39f4a7         Host Application = powershell.exe -c Unblock-File 'C:\Users\siesvc\AppData\Local\Temp\RestoreWindowDefenderStatus.ps1'; & 'C:\Users\siesvc\AppData\Local\Temp\RestoreWindowDefenderStatus.ps1' <#PICUS_REWIND#>         Engine Version = 5.1.19041.2673         Runspace ID = c457df68-619b-4c2d-a9fa-d07b2ae2b030         Pipeline ID = 1         Command Name = Set-StrictMode         Command Type = Cmdlet         Script Name =          Command Path =          Sequence Number = 260         User = DESKTOP-64-EDR\siesvc         Connected User =          Shell ID = Microsoft.PowerShell   User Data:"""
"Device=WindowsLog	AgentLogFile=Microsoft-Windows-PowerShell/Operational	PluginVersion=7.2.9.105	Source=Microsoft-Windows-PowerShell	Computer=DESKTOP-64-EDR	OriginatingComputer=DESKTOP-64-EDR	User=siesvc	Domain=DESKTOP-64-EDR	EventID=4103	EventIDCode=4103	EventType=4	EventCategory=106	RecordNumber=2022488	TimeGenerated=1754621358	TimeWritten=1754621358	Level=Informational	Keywords=0	Task=ExecutePipeline	Opcode=20	Message=CommandInvocation(Set-StrictMode): ""Set-StrictMode"""" ParameterBinding(Set-StrictMode): name=""""Version""""; value=""""1.0""""   Context:         Severity = Informational         Host Name = Default Host         Host Version = 5.1.19041.2673         Host ID = b571959f-30f1-497d-9f35-ef0bac39f4a7         Host Application = powershell.exe -c Unblock-File 'C:\Users\siesvc\AppData\Local\Temp\RestoreWindowDefenderStatus.ps1'; & 'C:\Users\siesvc\AppData\Local\Temp\RestoreWindowDefenderStatus.ps1' <#PICUS_REWIND#>         Engine Version = 5.1.19041.2673         Runspace ID = c457df68-619b-4c2d-a9fa-d07b2ae2b030         Pipeline ID = 1         Command Name = Set-StrictMode         Command Type = Cmdlet         Script Name =          Command Path =          Sequence Number = 258         User = DESKTOP-64-EDR\siesvc         Connected User =          Shell ID = Microsoft.PowerShell   User Data:"""
"Device=WindowsLog	AgentLogFile=Microsoft-Windows-PowerShell/Operational	PluginVersion=7.2.9.105	Source=Microsoft-Windows-PowerShell	Computer=DESKTOP-64-EDR	OriginatingComputer=DESKTOP-64-EDR	User=siesvc	Domain=DESKTOP-64-EDR	EventID=4103	EventIDCode=4103	EventType=4	EventCategory=106	RecordNumber=2022486	TimeGenerated=1754621358	TimeWritten=1754621358	Level=Informational	Keywords=0	Task=ExecutePipeline	Opcode=20	Message=CommandInvocation(Set-StrictMode): ""Set-StrictMode"""" ParameterBinding(Set-StrictMode): name=""""Version""""; value=""""1.0""""   Context:         Severity = Informational         Host Name = Default Host         Host Version = 5.1.19041.2673         Host ID = b571959f-30f1-497d-9f35-ef0bac39f4a7         Host Application = powershell.exe -c Unblock-File 'C:\Users\siesvc\AppData\Local\Temp\RestoreWindowDefenderStatus.ps1'; & 'C:\Users\siesvc\AppData\Local\Temp\RestoreWindowDefenderStatus.ps1' <#PICUS_REWIND#>         Engine Version = 5.1.19041.2673         Runspace ID = c457df68-619b-4c2d-a9fa-d07b2ae2b030         Pipeline ID = 1         Command Name = Set-StrictMode         Command Type = Cmdlet         Script Name =          Command Path =          Sequence Number = 256         User = DESKTOP-64-EDR\siesvc         Connected User =          Shell ID = Microsoft.PowerShell   User Data:"""
"Device=WindowsLog	AgentLogFile=Microsoft-Windows-PowerShell/Operational	PluginVersion=7.2.9.105	Source=Microsoft-Windows-PowerShell	Computer=DESKTOP-64-EDR	OriginatingComputer=DESKTOP-64-EDR	User=siesvc	Domain=DESKTOP-64-EDR	EventID=4103	EventIDCode=4103	EventType=4	EventCategory=106	RecordNumber=2022483	TimeGenerated=1754621358	TimeWritten=1754621358	Level=Informational	Keywords=0	Task=ExecutePipeline	Opcode=20	Message=CommandInvocation(Set-StrictMode): ""Set-StrictMode"""" ParameterBinding(Set-StrictMode): name=""""Version""""; value=""""1.0""""   Context:         Severity = Informational         Host Name = ConsoleHost         Host Version = 5.1.19041.2673         Host ID = c8bbe172-b4b1-4c4b-95b1-5681ec0b8e24         Host Application = powershell.exe -c Unblock-File 'C:\Users\siesvc\AppData\Local\Temp\RestoreWindowDefenderStatus.ps1'; & 'C:\Users\siesvc\AppData\Local\Temp\RestoreWindowDefenderStatus.ps1' <#PICUS_REWIND#>         Engine Version = 5.1.19041.2673         Runspace ID = f48b3c10-28be-4cbd-a1ad-4f9944533a59         Pipeline ID = 1         Command Name = Set-StrictMode         Command Type = Cmdlet         Script Name =          Command Path =          Sequence Number = 238         User = DESKTOP-64-EDR\siesvc         Connected User =          Shell ID = Microsoft.PowerShell   User Data:"""
"Device=WindowsLog	AgentLogFile=Microsoft-Windows-PowerShell/Operational	PluginVersion=7.2.9.105	Source=Microsoft-Windows-PowerShell	Computer=DESKTOP-64-EDR	OriginatingComputer=DESKTOP-64-EDR	User=siesvc	Domain=DESKTOP-64-EDR	EventID=4103	EventIDCode=4103	EventType=4	EventCategory=106	RecordNumber=2022484	TimeGenerated=1754621358	TimeWritten=1754621358	Level=Informational	Keywords=0	Task=ExecutePipeline	Opcode=20	Message=CommandInvocation(Set-StrictMode): ""Set-StrictMode"""" ParameterBinding(Set-StrictMode): name=""""Version""""; value=""""1.0""""   Context:         Severity = Informational         Host Name = ConsoleHost         Host Version = 5.1.19041.2673         Host ID = c8bbe172-b4b1-4c4b-95b1-5681ec0b8e24         Host Application = powershell.exe -c Unblock-File 'C:\Users\siesvc\AppData\Local\Temp\RestoreWindowDefenderStatus.ps1'; & 'C:\Users\siesvc\AppData\Local\Temp\RestoreWindowDefenderStatus.ps1' <#PICUS_REWIND#>         Engine Version = 5.1.19041.2673         Runspace ID = f48b3c10-28be-4cbd-a1ad-4f9944533a59         Pipeline ID = 1         Command Name = Set-StrictMode         Command Type = Cmdlet         Script Name =          Command Path =          Sequence Number = 240         User = DESKTOP-64-EDR\siesvc         Connected User =          Shell ID = Microsoft.PowerShell   User Data:"""
"Device=WindowsLog	AgentLogFile=Microsoft-Windows-PowerShell/Operational	PluginVersion=7.2.9.105	Source=Microsoft-Windows-PowerShell	Computer=DESKTOP-64-EDR	OriginatingComputer=DESKTOP-64-EDR	User=siesvc	Domain=DESKTOP-64-EDR	EventID=4103	EventIDCode=4103	EventType=4	EventCategory=106	RecordNumber=2022481	TimeGenerated=1754621358	TimeWritten=1754621358	Level=Informational	Keywords=0	Task=ExecutePipeline	Opcode=20	Message=CommandInvocation(Set-StrictMode): ""Set-StrictMode"""" ParameterBinding(Set-StrictMode): name=""""Version""""; value=""""1.0""""   Context:         Severity = Informational         Host Name = ConsoleHost         Host Version = 5.1.19041.2673         Host ID = c8bbe172-b4b1-4c4b-95b1-5681ec0b8e24         Host Application = powershell.exe -c Unblock-File 'C:\Users\siesvc\AppData\Local\Temp\RestoreWindowDefenderStatus.ps1'; & 'C:\Users\siesvc\AppData\Local\Temp\RestoreWindowDefenderStatus.ps1' <#PICUS_REWIND#>         Engine Version = 5.1.19041.2673         Runspace ID = f48b3c10-28be-4cbd-a1ad-4f9944533a59         Pipeline ID = 1         Command Name = Set-StrictMode         Command Type = Cmdlet         Script Name =          Command Path =          Sequence Number = 234         User = DESKTOP-64-EDR\siesvc         Connected User =          Shell ID = Microsoft.PowerShell   User Data:"""
"Device=WindowsLog	AgentLogFile=Microsoft-Windows-PowerShell/Operational	PluginVersion=7.2.9.105	Source=Microsoft-Windows-PowerShell	Computer=DESKTOP-64-EDR	OriginatingComputer=DESKTOP-64-EDR	User=siesvc	Domain=DESKTOP-64-EDR	EventID=4103	EventIDCode=4103	EventType=4	EventCategory=106	RecordNumber=2022482	TimeGenerated=1754621358	TimeWritten=1754621358	Level=Informational	Keywords=0	Task=ExecutePipeline	Opcode=20	Message=CommandInvocation(Set-StrictMode): ""Set-StrictMode"""" ParameterBinding(Set-StrictMode): name=""""Version""""; value=""""1.0""""   Context:         Severity = Informational         Host Name = ConsoleHost         Host Version = 5.1.19041.2673         Host ID = c8bbe172-b4b1-4c4b-95b1-5681ec0b8e24         Host Application = powershell.exe -c Unblock-File 'C:\Users\siesvc\AppData\Local\Temp\RestoreWindowDefenderStatus.ps1'; & 'C:\Users\siesvc\AppData\Local\Temp\RestoreWindowDefenderStatus.ps1' <#PICUS_REWIND#>         Engine Version = 5.1.19041.2673         Runspace ID = f48b3c10-28be-4cbd-a1ad-4f9944533a59         Pipeline ID = 1         Command Name = Set-StrictMode         Command Type = Cmdlet         Script Name =          Command Path =          Sequence Number = 236         User = DESKTOP-64-EDR\siesvc         Connected User =          Shell ID = Microsoft.PowerShell   User Data:"""
"Device=WindowsLog	AgentLogFile=Microsoft-Windows-PowerShell/Operational	PluginVersion=7.2.9.105	Source=Microsoft-Windows-PowerShell	Computer=DESKTOP-64-EDR	OriginatingComputer=DESKTOP-64-EDR	User=siesvc	Domain=DESKTOP-64-EDR	EventID=4103	EventIDCode=4103	EventType=4	EventCategory=106	RecordNumber=2022480	TimeGenerated=1754621358	TimeWritten=1754621358	Level=Informational	Keywords=0	Task=ExecutePipeline	Opcode=20	Message=CommandInvocation(Out-String): ""Out-String"""" CommandInvocation(Out-Default): """"Out-Default"""" ParameterBinding(Out-Default): name=""""Transcript""""; value=""""True"""" ParameterBinding(Out-String): name=""""InputObject""""; value=""""Exception calling """"ReadAllText"""" with """"1"""" argument(s): """"Could not find file 'C:\Users\siesvc\AppData\Local\Temp\mppreference_status.txt'."""""""" ParameterBinding(Out-Default): name=""""InputObject""""; value=""""Exception calling """"ReadAllText"""" with """"1"""" argument(s): """"Could not find file  'C:\Users\siesvc\AppData\Local\Temp\mppreference_status.txt'."""" At C:\Users\siesvc\AppData\Local\Temp\RestoreWindowDefenderStatus.ps1:10 char:5 +     $config = [io.file]::ReadAllText($env:TEMP + """"\"""" + $ConfigFile).s ... +     ~~~~~~~~~~~~~~~~~~~~~~~~~~~~~~~~~~~~~~~~~~~~~~~~~~~~~~~~~~~~~~~~~     + CategoryInfo          : NotSpecified: (:) []"
"Device=WindowsLog	AgentLogFile=Microsoft-Windows-PowerShell/Operational	PluginVersion=7.2.9.105	Source=Microsoft-Windows-PowerShell	Computer=DESKTOP-64-EDR	OriginatingComputer=DESKTOP-64-EDR	User=siesvc	Domain=DESKTOP-64-EDR	EventID=4103	EventIDCode=4103	EventType=4	EventCategory=106	RecordNumber=2022479	TimeGenerated=1754621358	TimeWritten=1754621358	Level=Informational	Keywords=0	Task=ExecutePipeline	Opcode=20	Message=CommandInvocation(Set-StrictMode): ""Set-StrictMode"""" ParameterBinding(Set-StrictMode): name=""""Version""""; value=""""1.0""""   Context:         Severity = Informational         Host Name = Default Host         Host Version = 5.1.19041.2673         Host ID = c5cf864c-fec8-4144-89d7-fbe3feb61297         Host Application = powershell.exe -c Unblock-File 'C:\Users\siesvc\AppData\Local\Temp\RestoreWindowDefenderStatus.ps1'; & 'C:\Users\siesvc\AppData\Local\Temp\RestoreWindowDefenderStatus.ps1' <#PICUS_REWIND#>         Engine Version = 5.1.19041.2673         Runspace ID = 7767bb46-9efd-445e-bcfb-0e22c7cc9551         Pipeline ID = 1         Command Name = Set-StrictMode         Command Type = Cmdlet         Script Name =          Command Path =          Sequence Number = 230         User = DESKTOP-64-EDR\siesvc         Connected User =          Shell ID = Microsoft.PowerShell   User Data:"""
"Device=WindowsLog	AgentLogFile=Microsoft-Windows-PowerShell/Operational	PluginVersion=7.2.9.105	Source=Microsoft-Windows-PowerShell	Computer=DESKTOP-64-EDR	OriginatingComputer=DESKTOP-64-EDR	User=siesvc	Domain=DESKTOP-64-EDR	EventID=4103	EventIDCode=4103	EventType=4	EventCategory=106	RecordNumber=2022477	TimeGenerated=1754621358	TimeWritten=1754621358	Level=Informational	Keywords=0	Task=ExecutePipeline	Opcode=20	Message=CommandInvocation(Set-StrictMode): ""Set-StrictMode"""" ParameterBinding(Set-StrictMode): name=""""Version""""; value=""""1.0""""   Context:         Severity = Informational         Host Name = Default Host         Host Version = 5.1.19041.2673         Host ID = c5cf864c-fec8-4144-89d7-fbe3feb61297         Host Application = powershell.exe -c Unblock-File 'C:\Users\siesvc\AppData\Local\Temp\RestoreWindowDefenderStatus.ps1'; & 'C:\Users\siesvc\AppData\Local\Temp\RestoreWindowDefenderStatus.ps1' <#PICUS_REWIND#>         Engine Version = 5.1.19041.2673         Runspace ID = 7767bb46-9efd-445e-bcfb-0e22c7cc9551         Pipeline ID = 1         Command Name = Set-StrictMode         Command Type = Cmdlet         Script Name =          Command Path =          Sequence Number = 228         User = DESKTOP-64-EDR\siesvc         Connected User =          Shell ID = Microsoft.PowerShell   User Data:"""
"Device=WindowsLog	AgentLogFile=Microsoft-Windows-PowerShell/Operational	PluginVersion=7.2.9.105	Source=Microsoft-Windows-PowerShell	Computer=DESKTOP-64-EDR	OriginatingComputer=DESKTOP-64-EDR	User=siesvc	Domain=DESKTOP-64-EDR	EventID=4103	EventIDCode=4103	EventType=4	EventCategory=106	RecordNumber=2022473	TimeGenerated=1754621358	TimeWritten=1754621358	Level=Informational	Keywords=0	Task=ExecutePipeline	Opcode=20	Message=CommandInvocation(Set-StrictMode): ""Set-StrictMode"""" ParameterBinding(Set-StrictMode): name=""""Version""""; value=""""1.0""""   Context:         Severity = Informational         Host Name = Default Host         Host Version = 5.1.19041.2673         Host ID = c5cf864c-fec8-4144-89d7-fbe3feb61297         Host Application = powershell.exe -c Unblock-File 'C:\Users\siesvc\AppData\Local\Temp\RestoreWindowDefenderStatus.ps1'; & 'C:\Users\siesvc\AppData\Local\Temp\RestoreWindowDefenderStatus.ps1' <#PICUS_REWIND#>         Engine Version = 5.1.19041.2673         Runspace ID = 7767bb46-9efd-445e-bcfb-0e22c7cc9551         Pipeline ID = 1         Command Name = Set-StrictMode         Command Type = Cmdlet         Script Name =          Command Path =          Sequence Number = 224         User = DESKTOP-64-EDR\siesvc         Connected User =          Shell ID = Microsoft.PowerShell   User Data:"""
"Device=WindowsLog	AgentLogFile=Microsoft-Windows-PowerShell/Operational	PluginVersion=7.2.9.105	Source=Microsoft-Windows-PowerShell	Computer=DESKTOP-64-EDR	OriginatingComputer=DESKTOP-64-EDR	User=siesvc	Domain=DESKTOP-64-EDR	EventID=4103	EventIDCode=4103	EventType=4	EventCategory=106	RecordNumber=2022475	TimeGenerated=1754621358	TimeWritten=1754621358	Level=Informational	Keywords=0	Task=ExecutePipeline	Opcode=20	Message=CommandInvocation(Set-StrictMode): ""Set-StrictMode"""" ParameterBinding(Set-StrictMode): name=""""Version""""; value=""""1.0""""   Context:         Severity = Informational         Host Name = Default Host         Host Version = 5.1.19041.2673         Host ID = c5cf864c-fec8-4144-89d7-fbe3feb61297         Host Application = powershell.exe -c Unblock-File 'C:\Users\siesvc\AppData\Local\Temp\RestoreWindowDefenderStatus.ps1'; & 'C:\Users\siesvc\AppData\Local\Temp\RestoreWindowDefenderStatus.ps1' <#PICUS_REWIND#>         Engine Version = 5.1.19041.2673         Runspace ID = 7767bb46-9efd-445e-bcfb-0e22c7cc9551         Pipeline ID = 1         Command Name = Set-StrictMode         Command Type = Cmdlet         Script Name =          Command Path =          Sequence Number = 226         User = DESKTOP-64-EDR\siesvc         Connected User =          Shell ID = Microsoft.PowerShell   User Data:"""
"Device=WindowsLog	AgentLogFile=Microsoft-Windows-PowerShell/Operational	PluginVersion=7.2.9.105	Source=Microsoft-Windows-PowerShell	Computer=DESKTOP-64-EDR	OriginatingComputer=DESKTOP-64-EDR	User=siesvc	Domain=DESKTOP-64-EDR	EventID=4103	EventIDCode=4103	EventType=4	EventCategory=106	RecordNumber=2022471	TimeGenerated=1754621358	TimeWritten=1754621358	Level=Informational	Keywords=0	Task=ExecutePipeline	Opcode=20	Message=CommandInvocation(Set-StrictMode): ""Set-StrictMode"""" ParameterBinding(Set-StrictMode): name=""""Version""""; value=""""1.0""""   Context:         Severity = Informational         Host Name = ConsoleHost         Host Version = 5.1.19041.2673         Host ID = c8bbe172-b4b1-4c4b-95b1-5681ec0b8e24         Host Application = powershell.exe -c Unblock-File 'C:\Users\siesvc\AppData\Local\Temp\RestoreWindowDefenderStatus.ps1'; & 'C:\Users\siesvc\AppData\Local\Temp\RestoreWindowDefenderStatus.ps1' <#PICUS_REWIND#>         Engine Version = 5.1.19041.2673         Runspace ID = f48b3c10-28be-4cbd-a1ad-4f9944533a59         Pipeline ID = 1         Command Name = Set-StrictMode         Command Type = Cmdlet         Script Name =          Command Path =          Sequence Number = 208         User = DESKTOP-64-EDR\siesvc         Connected User =          Shell ID = Microsoft.PowerShell   User Data:"""
"Device=WindowsLog	AgentLogFile=Microsoft-Windows-PowerShell/Operational	PluginVersion=7.2.9.105	Source=Microsoft-Windows-PowerShell	Computer=DESKTOP-64-EDR	OriginatingComputer=DESKTOP-64-EDR	User=siesvc	Domain=DESKTOP-64-EDR	EventID=4103	EventIDCode=4103	EventType=4	EventCategory=106	RecordNumber=2022470	TimeGenerated=1754621358	TimeWritten=1754621358	Level=Informational	Keywords=0	Task=ExecutePipeline	Opcode=20	Message=CommandInvocation(Set-StrictMode): ""Set-StrictMode"""" ParameterBinding(Set-StrictMode): name=""""Version""""; value=""""1.0""""   Context:         Severity = Informational         Host Name = ConsoleHost         Host Version = 5.1.19041.2673         Host ID = c8bbe172-b4b1-4c4b-95b1-5681ec0b8e24         Host Application = powershell.exe -c Unblock-File 'C:\Users\siesvc\AppData\Local\Temp\RestoreWindowDefenderStatus.ps1'; & 'C:\Users\siesvc\AppData\Local\Temp\RestoreWindowDefenderStatus.ps1' <#PICUS_REWIND#>         Engine Version = 5.1.19041.2673         Runspace ID = f48b3c10-28be-4cbd-a1ad-4f9944533a59         Pipeline ID = 1         Command Name = Set-StrictMode         Command Type = Cmdlet         Script Name =          Command Path =          Sequence Number = 206         User = DESKTOP-64-EDR\siesvc         Connected User =          Shell ID = Microsoft.PowerShell   User Data:"""
"Device=WindowsLog	AgentLogFile=Microsoft-Windows-PowerShell/Operational	PluginVersion=7.2.9.105	Source=Microsoft-Windows-PowerShell	Computer=DESKTOP-64-EDR	OriginatingComputer=DESKTOP-64-EDR	User=siesvc	Domain=DESKTOP-64-EDR	EventID=4103	EventIDCode=4103	EventType=4	EventCategory=106	RecordNumber=2022466	TimeGenerated=1754621358	TimeWritten=1754621358	Level=Informational	Keywords=0	Task=ExecutePipeline	Opcode=20	Message=CommandInvocation(Set-StrictMode): ""Set-StrictMode"""" ParameterBinding(Set-StrictMode): name=""""Version""""; value=""""1.0""""   Context:         Severity = Informational         Host Name = Default Host         Host Version = 5.1.19041.2673         Host ID = 9b608f53-7920-4151-98dc-1edb3d9b1c8f         Host Application = powershell.exe -c Unblock-File 'C:\Users\siesvc\AppData\Local\Temp\RestoreWindowDefenderStatus.ps1'; & 'C:\Users\siesvc\AppData\Local\Temp\RestoreWindowDefenderStatus.ps1' <#PICUS_REWIND#>         Engine Version = 5.1.19041.2673         Runspace ID = d1432949-9aa6-426b-8d3d-653c4ab10fbc         Pipeline ID = 1         Command Name = Set-StrictMode         Command Type = Cmdlet         Script Name =          Command Path =          Sequence Number = 198         User = DESKTOP-64-EDR\siesvc         Connected User =          Shell ID = Microsoft.PowerShell   User Data:"""
"Device=WindowsLog	AgentLogFile=Microsoft-Windows-PowerShell/Operational	PluginVersion=7.2.9.105	Source=Microsoft-Windows-PowerShell	Computer=DESKTOP-64-EDR	OriginatingComputer=DESKTOP-64-EDR	User=siesvc	Domain=DESKTOP-64-EDR	EventID=4103	EventIDCode=4103	EventType=4	EventCategory=106	RecordNumber=2022469	TimeGenerated=1754621358	TimeWritten=1754621358	Level=Informational	Keywords=0	Task=ExecutePipeline	Opcode=20	Message=CommandInvocation(Set-StrictMode): ""Set-StrictMode"""" ParameterBinding(Set-StrictMode): name=""""Version""""; value=""""1.0""""   Context:         Severity = Informational         Host Name = ConsoleHost         Host Version = 5.1.19041.2673         Host ID = c8bbe172-b4b1-4c4b-95b1-5681ec0b8e24         Host Application = powershell.exe -c Unblock-File 'C:\Users\siesvc\AppData\Local\Temp\RestoreWindowDefenderStatus.ps1'; & 'C:\Users\siesvc\AppData\Local\Temp\RestoreWindowDefenderStatus.ps1' <#PICUS_REWIND#>         Engine Version = 5.1.19041.2673         Runspace ID = f48b3c10-28be-4cbd-a1ad-4f9944533a59         Pipeline ID = 1         Command Name = Set-StrictMode         Command Type = Cmdlet         Script Name =          Command Path =          Sequence Number = 204         User = DESKTOP-64-EDR\siesvc         Connected User =          Shell ID = Microsoft.PowerShell   User Data:"""
"Device=WindowsLog	AgentLogFile=Microsoft-Windows-PowerShell/Operational	PluginVersion=7.2.9.105	Source=Microsoft-Windows-PowerShell	Computer=DESKTOP-64-EDR	OriginatingComputer=DESKTOP-64-EDR	User=siesvc	Domain=DESKTOP-64-EDR	EventID=4103	EventIDCode=4103	EventType=4	EventCategory=106	RecordNumber=2022464	TimeGenerated=1754621358	TimeWritten=1754621358	Level=Informational	Keywords=0	Task=ExecutePipeline	Opcode=20	Message=CommandInvocation(Set-StrictMode): ""Set-StrictMode"""" ParameterBinding(Set-StrictMode): name=""""Version""""; value=""""1.0""""   Context:         Severity = Informational         Host Name = Default Host         Host Version = 5.1.19041.2673         Host ID = 9b608f53-7920-4151-98dc-1edb3d9b1c8f         Host Application = powershell.exe -c Unblock-File 'C:\Users\siesvc\AppData\Local\Temp\RestoreWindowDefenderStatus.ps1'; & 'C:\Users\siesvc\AppData\Local\Temp\RestoreWindowDefenderStatus.ps1' <#PICUS_REWIND#>         Engine Version = 5.1.19041.2673         Runspace ID = d1432949-9aa6-426b-8d3d-653c4ab10fbc         Pipeline ID = 1         Command Name = Set-StrictMode         Command Type = Cmdlet         Script Name =          Command Path =          Sequence Number = 196         User = DESKTOP-64-EDR\siesvc         Connected User =          Shell ID = Microsoft.PowerShell   User Data:"""
"Device=WindowsLog	AgentLogFile=Microsoft-Windows-PowerShell/Operational	PluginVersion=7.2.9.105	Source=Microsoft-Windows-PowerShell	Computer=DESKTOP-64-EDR	OriginatingComputer=DESKTOP-64-EDR	User=siesvc	Domain=DESKTOP-64-EDR	EventID=4103	EventIDCode=4103	EventType=4	EventCategory=106	RecordNumber=2022460	TimeGenerated=1754621358	TimeWritten=1754621358	Level=Informational	Keywords=0	Task=ExecutePipeline	Opcode=20	Message=CommandInvocation(Set-StrictMode): ""Set-StrictMode"""" ParameterBinding(Set-StrictMode): name=""""Version""""; value=""""1.0""""   Context:         Severity = Informational         Host Name = Default Host         Host Version = 5.1.19041.2673         Host ID = 9b608f53-7920-4151-98dc-1edb3d9b1c8f         Host Application = powershell.exe -c Unblock-File 'C:\Users\siesvc\AppData\Local\Temp\RestoreWindowDefenderStatus.ps1'; & 'C:\Users\siesvc\AppData\Local\Temp\RestoreWindowDefenderStatus.ps1' <#PICUS_REWIND#>         Engine Version = 5.1.19041.2673         Runspace ID = d1432949-9aa6-426b-8d3d-653c4ab10fbc         Pipeline ID = 1         Command Name = Set-StrictMode         Command Type = Cmdlet         Script Name =          Command Path =          Sequence Number = 192         User = DESKTOP-64-EDR\siesvc         Connected User =          Shell ID = Microsoft.PowerShell   User Data:"""
"Device=WindowsLog	AgentLogFile=Microsoft-Windows-PowerShell/Operational	PluginVersion=7.2.9.105	Source=Microsoft-Windows-PowerShell	Computer=DESKTOP-64-EDR	OriginatingComputer=DESKTOP-64-EDR	User=siesvc	Domain=DESKTOP-64-EDR	EventID=4103	EventIDCode=4103	EventType=4	EventCategory=106	RecordNumber=2022458	TimeGenerated=1754621358	TimeWritten=1754621358	Level=Informational	Keywords=0	Task=ExecutePipeline	Opcode=20	Message=CommandInvocation(Set-StrictMode): ""Set-StrictMode"""" ParameterBinding(Set-StrictMode): name=""""Version""""; value=""""1.0""""   Context:         Severity = Informational         Host Name = ConsoleHost         Host Version = 5.1.19041.2673         Host ID = c8bbe172-b4b1-4c4b-95b1-5681ec0b8e24         Host Application = powershell.exe -c Unblock-File 'C:\Users\siesvc\AppData\Local\Temp\RestoreWindowDefenderStatus.ps1'; & 'C:\Users\siesvc\AppData\Local\Temp\RestoreWindowDefenderStatus.ps1' <#PICUS_REWIND#>         Engine Version = 5.1.19041.2673         Runspace ID = f48b3c10-28be-4cbd-a1ad-4f9944533a59         Pipeline ID = 1         Command Name = Set-StrictMode         Command Type = Cmdlet         Script Name =          Command Path =          Sequence Number = 176         User = DESKTOP-64-EDR\siesvc         Connected User =          Shell ID = Microsoft.PowerShell   User Data:"""
"Device=WindowsLog	AgentLogFile=Microsoft-Windows-PowerShell/Operational	PluginVersion=7.2.9.105	Source=Microsoft-Windows-PowerShell	Computer=DESKTOP-64-EDR	OriginatingComputer=DESKTOP-64-EDR	User=siesvc	Domain=DESKTOP-64-EDR	EventID=4103	EventIDCode=4103	EventType=4	EventCategory=106	RecordNumber=2022462	TimeGenerated=1754621358	TimeWritten=1754621358	Level=Informational	Keywords=0	Task=ExecutePipeline	Opcode=20	Message=CommandInvocation(Set-StrictMode): ""Set-StrictMode"""" ParameterBinding(Set-StrictMode): name=""""Version""""; value=""""1.0""""   Context:         Severity = Informational         Host Name = Default Host         Host Version = 5.1.19041.2673         Host ID = 9b608f53-7920-4151-98dc-1edb3d9b1c8f         Host Application = powershell.exe -c Unblock-File 'C:\Users\siesvc\AppData\Local\Temp\RestoreWindowDefenderStatus.ps1'; & 'C:\Users\siesvc\AppData\Local\Temp\RestoreWindowDefenderStatus.ps1' <#PICUS_REWIND#>         Engine Version = 5.1.19041.2673         Runspace ID = d1432949-9aa6-426b-8d3d-653c4ab10fbc         Pipeline ID = 1         Command Name = Set-StrictMode         Command Type = Cmdlet         Script Name =          Command Path =          Sequence Number = 194         User = DESKTOP-64-EDR\siesvc         Connected User =          Shell ID = Microsoft.PowerShell   User Data:"""
"Device=WindowsLog	AgentLogFile=Microsoft-Windows-PowerShell/Operational	PluginVersion=7.2.9.105	Source=Microsoft-Windows-PowerShell	Computer=DESKTOP-64-EDR	OriginatingComputer=DESKTOP-64-EDR	User=siesvc	Domain=DESKTOP-64-EDR	EventID=4103	EventIDCode=4103	EventType=4	EventCategory=106	RecordNumber=2022456	TimeGenerated=1754621358	TimeWritten=1754621358	Level=Informational	Keywords=0	Task=ExecutePipeline	Opcode=20	Message=CommandInvocation(Set-StrictMode): ""Set-StrictMode"""" ParameterBinding(Set-StrictMode): name=""""Version""""; value=""""1.0""""   Context:         Severity = Informational         Host Name = ConsoleHost         Host Version = 5.1.19041.2673         Host ID = c8bbe172-b4b1-4c4b-95b1-5681ec0b8e24         Host Application = powershell.exe -c Unblock-File 'C:\Users\siesvc\AppData\Local\Temp\RestoreWindowDefenderStatus.ps1'; & 'C:\Users\siesvc\AppData\Local\Temp\RestoreWindowDefenderStatus.ps1' <#PICUS_REWIND#>         Engine Version = 5.1.19041.2673         Runspace ID = f48b3c10-28be-4cbd-a1ad-4f9944533a59         Pipeline ID = 1         Command Name = Set-StrictMode         Command Type = Cmdlet         Script Name =          Command Path =          Sequence Number = 172         User = DESKTOP-64-EDR\siesvc         Connected User =          Shell ID = Microsoft.PowerShell   User Data:"""
"Device=WindowsLog	AgentLogFile=Microsoft-Windows-PowerShell/Operational	PluginVersion=7.2.9.105	Source=Microsoft-Windows-PowerShell	Computer=DESKTOP-64-EDR	OriginatingComputer=DESKTOP-64-EDR	User=siesvc	Domain=DESKTOP-64-EDR	EventID=4103	EventIDCode=4103	EventType=4	EventCategory=106	RecordNumber=2022457	TimeGenerated=1754621358	TimeWritten=1754621358	Level=Informational	Keywords=0	Task=ExecutePipeline	Opcode=20	Message=CommandInvocation(Set-StrictMode): ""Set-StrictMode"""" ParameterBinding(Set-StrictMode): name=""""Version""""; value=""""1.0""""   Context:         Severity = Informational         Host Name = ConsoleHost         Host Version = 5.1.19041.2673         Host ID = c8bbe172-b4b1-4c4b-95b1-5681ec0b8e24         Host Application = powershell.exe -c Unblock-File 'C:\Users\siesvc\AppData\Local\Temp\RestoreWindowDefenderStatus.ps1'; & 'C:\Users\siesvc\AppData\Local\Temp\RestoreWindowDefenderStatus.ps1' <#PICUS_REWIND#>         Engine Version = 5.1.19041.2673         Runspace ID = f48b3c10-28be-4cbd-a1ad-4f9944533a59         Pipeline ID = 1         Command Name = Set-StrictMode         Command Type = Cmdlet         Script Name =          Command Path =          Sequence Number = 174         User = DESKTOP-64-EDR\siesvc         Connected User =          Shell ID = Microsoft.PowerShell   User Data:"""
"Device=WindowsLog	AgentLogFile=Microsoft-Windows-PowerShell/Operational	PluginVersion=7.2.9.105	Source=Microsoft-Windows-PowerShell	Computer=DESKTOP-64-EDR	OriginatingComputer=DESKTOP-64-EDR	User=siesvc	Domain=DESKTOP-64-EDR	EventID=4103	EventIDCode=4103	EventType=4	EventCategory=106	RecordNumber=2022454	TimeGenerated=1754621358	TimeWritten=1754621358	Level=Informational	Keywords=0	Task=ExecutePipeline	Opcode=20	Message=CommandInvocation(Out-String): ""Out-String"""" CommandInvocation(Out-Default): """"Out-Default"""" ParameterBinding(Out-Default): name=""""Transcript""""; value=""""True"""" ParameterBinding(Out-String): name=""""InputObject""""; value=""""Cannot index into a null array."""" ParameterBinding(Out-Default): name=""""InputObject""""; value=""""Cannot index into a null array. At C:\Users\siesvc\AppData\Local\Temp\RestoreWindowDefenderStatus.ps1:13 char:13 +         if ($config[$i].Split("""""""") -eq $ConfParam) { +             ~~~~~~~~~~~~~~~~~~~~~~~~~~~~~~~~~~~~     + CategoryInfo          : InvalidOperation: (:) []"
"Device=WindowsLog	AgentLogFile=Microsoft-Windows-PowerShell/Operational	PluginVersion=7.2.9.105	Source=Microsoft-Windows-PowerShell	Computer=DESKTOP-64-EDR	OriginatingComputer=DESKTOP-64-EDR	User=siesvc	Domain=DESKTOP-64-EDR	EventID=4103	EventIDCode=4103	EventType=4	EventCategory=106	RecordNumber=2022455	TimeGenerated=1754621358	TimeWritten=1754621358	Level=Informational	Keywords=0	Task=ExecutePipeline	Opcode=20	Message=CommandInvocation(Set-StrictMode): ""Set-StrictMode"""" ParameterBinding(Set-StrictMode): name=""""Version""""; value=""""1.0""""   Context:         Severity = Informational         Host Name = ConsoleHost         Host Version = 5.1.19041.2673         Host ID = c8bbe172-b4b1-4c4b-95b1-5681ec0b8e24         Host Application = powershell.exe -c Unblock-File 'C:\Users\siesvc\AppData\Local\Temp\RestoreWindowDefenderStatus.ps1'; & 'C:\Users\siesvc\AppData\Local\Temp\RestoreWindowDefenderStatus.ps1' <#PICUS_REWIND#>         Engine Version = 5.1.19041.2673         Runspace ID = f48b3c10-28be-4cbd-a1ad-4f9944533a59         Pipeline ID = 1         Command Name = Set-StrictMode         Command Type = Cmdlet         Script Name =          Command Path =          Sequence Number = 170         User = DESKTOP-64-EDR\siesvc         Connected User =          Shell ID = Microsoft.PowerShell   User Data:"""
"Device=WindowsLog	AgentLogFile=Microsoft-Windows-PowerShell/Operational	PluginVersion=7.2.9.105	Source=Microsoft-Windows-PowerShell	Computer=DESKTOP-64-EDR	OriginatingComputer=DESKTOP-64-EDR	User=siesvc	Domain=DESKTOP-64-EDR	EventID=4103	EventIDCode=4103	EventType=4	EventCategory=106	RecordNumber=2022453	TimeGenerated=1754621358	TimeWritten=1754621358	Level=Informational	Keywords=0	Task=ExecutePipeline	Opcode=20	Message=CommandInvocation(Set-StrictMode): ""Set-StrictMode"""" ParameterBinding(Set-StrictMode): name=""""Version""""; value=""""1.0""""   Context:         Severity = Informational         Host Name = Default Host         Host Version = 5.1.19041.2673         Host ID = 9508eec6-84a1-46f0-b993-d303cb48ccc8         Host Application = powershell.exe -c Unblock-File 'C:\Users\siesvc\AppData\Local\Temp\RestoreWindowDefenderStatus.ps1'; & 'C:\Users\siesvc\AppData\Local\Temp\RestoreWindowDefenderStatus.ps1' <#PICUS_REWIND#>         Engine Version = 5.1.19041.2673         Runspace ID = 0464a09a-e901-4fb8-bc11-6e1b361b76a8         Pipeline ID = 1         Command Name = Set-StrictMode         Command Type = Cmdlet         Script Name =          Command Path =          Sequence Number = 166         User = DESKTOP-64-EDR\siesvc         Connected User =          Shell ID = Microsoft.PowerShell   User Data:"""
"Device=WindowsLog	AgentLogFile=Microsoft-Windows-PowerShell/Operational	PluginVersion=7.2.9.105	Source=Microsoft-Windows-PowerShell	Computer=DESKTOP-64-EDR	OriginatingComputer=DESKTOP-64-EDR	User=siesvc	Domain=DESKTOP-64-EDR	EventID=4103	EventIDCode=4103	EventType=4	EventCategory=106	RecordNumber=2022451	TimeGenerated=1754621358	TimeWritten=1754621358	Level=Informational	Keywords=0	Task=ExecutePipeline	Opcode=20	Message=CommandInvocation(Set-StrictMode): ""Set-StrictMode"""" ParameterBinding(Set-StrictMode): name=""""Version""""; value=""""1.0""""   Context:         Severity = Informational         Host Name = Default Host         Host Version = 5.1.19041.2673         Host ID = 9508eec6-84a1-46f0-b993-d303cb48ccc8         Host Application = powershell.exe -c Unblock-File 'C:\Users\siesvc\AppData\Local\Temp\RestoreWindowDefenderStatus.ps1'; & 'C:\Users\siesvc\AppData\Local\Temp\RestoreWindowDefenderStatus.ps1' <#PICUS_REWIND#>         Engine Version = 5.1.19041.2673         Runspace ID = 0464a09a-e901-4fb8-bc11-6e1b361b76a8         Pipeline ID = 1         Command Name = Set-StrictMode         Command Type = Cmdlet         Script Name =          Command Path =          Sequence Number = 164         User = DESKTOP-64-EDR\siesvc         Connected User =          Shell ID = Microsoft.PowerShell   User Data:"""
"Device=WindowsLog	AgentLogFile=Microsoft-Windows-PowerShell/Operational	PluginVersion=7.2.9.105	Source=Microsoft-Windows-PowerShell	Computer=DESKTOP-64-EDR	OriginatingComputer=DESKTOP-64-EDR	User=siesvc	Domain=DESKTOP-64-EDR	EventID=4103	EventIDCode=4103	EventType=4	EventCategory=106	RecordNumber=2022449	TimeGenerated=1754621358	TimeWritten=1754621358	Level=Informational	Keywords=0	Task=ExecutePipeline	Opcode=20	Message=CommandInvocation(Set-StrictMode): ""Set-StrictMode"""" ParameterBinding(Set-StrictMode): name=""""Version""""; value=""""1.0""""   Context:         Severity = Informational         Host Name = Default Host         Host Version = 5.1.19041.2673         Host ID = 9508eec6-84a1-46f0-b993-d303cb48ccc8         Host Application = powershell.exe -c Unblock-File 'C:\Users\siesvc\AppData\Local\Temp\RestoreWindowDefenderStatus.ps1'; & 'C:\Users\siesvc\AppData\Local\Temp\RestoreWindowDefenderStatus.ps1' <#PICUS_REWIND#>         Engine Version = 5.1.19041.2673         Runspace ID = 0464a09a-e901-4fb8-bc11-6e1b361b76a8         Pipeline ID = 1         Command Name = Set-StrictMode         Command Type = Cmdlet         Script Name =          Command Path =          Sequence Number = 162         User = DESKTOP-64-EDR\siesvc         Connected User =          Shell ID = Microsoft.PowerShell   User Data:"""
"Device=WindowsLog	AgentLogFile=Microsoft-Windows-PowerShell/Operational	PluginVersion=7.2.9.105	Source=Microsoft-Windows-PowerShell	Computer=DESKTOP-64-EDR	OriginatingComputer=DESKTOP-64-EDR	User=siesvc	Domain=DESKTOP-64-EDR	EventID=4103	EventIDCode=4103	EventType=4	EventCategory=106	RecordNumber=2022447	TimeGenerated=1754621358	TimeWritten=1754621358	Level=Informational	Keywords=0	Task=ExecutePipeline	Opcode=20	Message=CommandInvocation(Set-StrictMode): ""Set-StrictMode"""" ParameterBinding(Set-StrictMode): name=""""Version""""; value=""""1.0""""   Context:         Severity = Informational         Host Name = Default Host         Host Version = 5.1.19041.2673         Host ID = 9508eec6-84a1-46f0-b993-d303cb48ccc8         Host Application = powershell.exe -c Unblock-File 'C:\Users\siesvc\AppData\Local\Temp\RestoreWindowDefenderStatus.ps1'; & 'C:\Users\siesvc\AppData\Local\Temp\RestoreWindowDefenderStatus.ps1' <#PICUS_REWIND#>         Engine Version = 5.1.19041.2673         Runspace ID = 0464a09a-e901-4fb8-bc11-6e1b361b76a8         Pipeline ID = 1         Command Name = Set-StrictMode         Command Type = Cmdlet         Script Name =          Command Path =          Sequence Number = 160         User = DESKTOP-64-EDR\siesvc         Connected User =          Shell ID = Microsoft.PowerShell   User Data:"""
"Device=WindowsLog	AgentLogFile=Microsoft-Windows-PowerShell/Operational	PluginVersion=7.2.9.105	Source=Microsoft-Windows-PowerShell	Computer=DESKTOP-64-EDR	OriginatingComputer=DESKTOP-64-EDR	User=siesvc	Domain=DESKTOP-64-EDR	EventID=4103	EventIDCode=4103	EventType=4	EventCategory=106	RecordNumber=2022445	TimeGenerated=1754621358	TimeWritten=1754621358	Level=Informational	Keywords=0	Task=ExecutePipeline	Opcode=20	Message=CommandInvocation(Set-StrictMode): ""Set-StrictMode"""" ParameterBinding(Set-StrictMode): name=""""Version""""; value=""""1.0""""   Context:         Severity = Informational         Host Name = ConsoleHost         Host Version = 5.1.19041.2673         Host ID = c8bbe172-b4b1-4c4b-95b1-5681ec0b8e24         Host Application = powershell.exe -c Unblock-File 'C:\Users\siesvc\AppData\Local\Temp\RestoreWindowDefenderStatus.ps1'; & 'C:\Users\siesvc\AppData\Local\Temp\RestoreWindowDefenderStatus.ps1' <#PICUS_REWIND#>         Engine Version = 5.1.19041.2673         Runspace ID = f48b3c10-28be-4cbd-a1ad-4f9944533a59         Pipeline ID = 1         Command Name = Set-StrictMode         Command Type = Cmdlet         Script Name =          Command Path =          Sequence Number = 144         User = DESKTOP-64-EDR\siesvc         Connected User =          Shell ID = Microsoft.PowerShell   User Data:"""
"Device=WindowsLog	AgentLogFile=Microsoft-Windows-PowerShell/Operational	PluginVersion=7.2.9.105	Source=Microsoft-Windows-PowerShell	Computer=DESKTOP-64-EDR	OriginatingComputer=DESKTOP-64-EDR	User=siesvc	Domain=DESKTOP-64-EDR	EventID=4103	EventIDCode=4103	EventType=4	EventCategory=106	RecordNumber=2022444	TimeGenerated=1754621358	TimeWritten=1754621358	Level=Informational	Keywords=0	Task=ExecutePipeline	Opcode=20	Message=CommandInvocation(Set-StrictMode): ""Set-StrictMode"""" ParameterBinding(Set-StrictMode): name=""""Version""""; value=""""1.0""""   Context:         Severity = Informational         Host Name = ConsoleHost         Host Version = 5.1.19041.2673         Host ID = c8bbe172-b4b1-4c4b-95b1-5681ec0b8e24         Host Application = powershell.exe -c Unblock-File 'C:\Users\siesvc\AppData\Local\Temp\RestoreWindowDefenderStatus.ps1'; & 'C:\Users\siesvc\AppData\Local\Temp\RestoreWindowDefenderStatus.ps1' <#PICUS_REWIND#>         Engine Version = 5.1.19041.2673         Runspace ID = f48b3c10-28be-4cbd-a1ad-4f9944533a59         Pipeline ID = 1         Command Name = Set-StrictMode         Command Type = Cmdlet         Script Name =          Command Path =          Sequence Number = 142         User = DESKTOP-64-EDR\siesvc         Connected User =          Shell ID = Microsoft.PowerShell   User Data:"""
