"Device=WindowsLog	AgentLogFile=Security	PluginVersion=7.2.9.105	Source=Microsoft-Windows-Security-Auditing	Computer=DESKTOP-64-EDR	OriginatingComputer=192.168.153.166	User=	Domain=	EventID=4648	EventIDCode=4648	EventType=8	EventCategory=12544	RecordNumber=8546959	TimeGenerated=1754642194	TimeWritten=1754642194	Level=0	Keywords=0	Task=0	Opcode=0	Message=A logon was attempted using explicit credentials.  Subject:  Security ID:  NT AUTHORITY\SYSTEM  Account Name:  DESKTOP-64-EDR$  Account Domain:  BOCHK.COM  Logon ID:  0x3e7  Logon GUID:  {00000000-0000-0000-0000-000000000000}  Account Whose Credentials Were Used:  Account Name:  siesvc  Account Domain:  DESKTOP-64-EDR  Logon GUID:  {00000000-0000-0000-0000-000000000000}  Target Server:  Target Server Name: localhost  Additional Information: localhost  Process Information:  Process ID:  0x1c6c  Process Name:  C:\Program Files\Picus Security\Picus Simulation Agent\Picus.Simulation.AgentService.exe  Network Information:  Network Address: -  Port:   -  This event is generated when a process attempts to log on an account by explicitly specifying that account’s credentials.  This most commonly occurs in batch-type configurations such as scheduled tasks, or when using the RUNAS command."
"Device=WindowsLog	AgentLogFile=Security	PluginVersion=7.2.9.105	Source=Microsoft-Windows-Security-Auditing	Computer=DESKTOP-64-EDR	OriginatingComputer=192.168.153.166	User=	Domain=	EventID=4624	EventIDCode=4624	EventType=8	EventCategory=12544	RecordNumber=8546960	TimeGenerated=1754642194	TimeWritten=1754642194	Level=0	Keywords=0	Task=0	Opcode=0	Message=An account was successfully logged on.  Subject:  Security ID:  NT AUTHORITY\SYSTEM  Account Name:  DESKTOP-64-EDR$  Account Domain:  BOCHK.COM  Logon ID:  0x3e7  Logon Information:  Logon Type:  2  Restricted Admin Mode: -  Virtual Account:  No   Elevated Token:  Yes   Impersonation Level:  Impersonation   New Logon:  Security ID:  DESKTOP-64-EDR\siesvc  Account Name:  siesvc  Account Domain:  DESKTOP-64-EDR  Logon ID:  0xfe1db48  Linked Logon ID:  0xfe1db87  Network Account Name: -  Network Account Domain: -  Logon GUID:  {00000000-0000-0000-0000-000000000000}  Process Information:  Process ID:  0x1c6c  Process Name:  C:\Program Files\Picus Security\Picus Simulation Agent\Picus.Simulation.AgentService.exe  Network Information:  Workstation Name: DESKTOP-64-EDR  Source Network Address: -  Source Port:  -  Detailed Authentication Information:  Logon Process:  Advapi    Authentication Package: Negotiate  Transited Services: -  Package Name (NTLM only): -  Key Length:  0  This event is generated when a logon session is created. It is generated on the computer that was accessed.  The subject fields indicate the account on the local system which requested the logon. This is most commonly a service such as the Server service, or a local process such as Winlogon.exe or Services.exe.  The logon type field indicates the kind of logon that occurred. The most common types are 2 (interactive) and 3 (network).  The New Logon fields indicate the account for whom the new logon was created, i.e. the account that was logged on.  The network fields indicate where a remote logon request originated. Workstation name is not always available and may be left blank in some cases.  The impersonation level field indicates the extent to which a process in the logon session can impersonate.  The authentication information fields provide detailed information about this specific logon request.  - Logon GUID is a unique identifier that can be used to correlate this event with a KDC event.  - Transited services indicate which intermediate services have participated in this logon request.  - Package name indicates which sub-protocol was used among the NTLM protocols.  - Key length indicates the length of the generated session key. This will be 0 if no session key was requested."
"Device=WindowsLog	AgentLogFile=Microsoft-Windows-PowerShell/Operational	PluginVersion=7.2.9.105	Source=Microsoft-Windows-PowerShell	Computer=DESKTOP-64-EDR	OriginatingComputer=DESKTOP-64-EDR	User=siesvc	Domain=DESKTOP-64-EDR	EventID=4103	EventIDCode=4103	EventType=4	EventCategory=106	RecordNumber=2026601	TimeGenerated=1754642193	TimeWritten=1754642193	Level=Informational	Keywords=0	Task=ExecutePipeline	Opcode=20	Message=CommandInvocation(Export-ModuleMember): ""Export-ModuleMember"""" ParameterBinding(Export-ModuleMember): name=""""Function""""; value=""""Start-MpWDOScan"""" ParameterBinding(Export-ModuleMember): name=""""Alias""""; value=""""*""""   Context:         Severity = Informational         Host Name = ConsoleHost         Host Version = 5.1.19041.2673         Host ID = c0e0e453-4ab3-4027-acd4-70a79e7cb551         Host Application = powershell.exe -c Unblock-File 'C:\Users\siesvc\AppData\Local\Temp\EDF.ps1'; Import-Module 'C:\Users\siesvc\AppData\Local\Temp\EDF.ps1' <#PICUS_REWIND#>         Engine Version = 5.1.19041.2673         Runspace ID = a868f304-2fda-43ce-8bfc-01db60370a4d         Pipeline ID = 5         Command Name = Export-ModuleMember         Command Type = Cmdlet         Script Name =          Command Path =          Sequence Number = 74         User = DESKTOP-64-EDR\siesvc         Connected User =          Shell ID = Microsoft.PowerShell   User Data:"""
"Device=WindowsLog	AgentLogFile=Microsoft-Windows-PowerShell/Operational	PluginVersion=7.2.9.105	Source=Microsoft-Windows-PowerShell	Computer=DESKTOP-64-EDR	OriginatingComputer=DESKTOP-64-EDR	User=siesvc	Domain=DESKTOP-64-EDR	EventID=4103	EventIDCode=4103	EventType=4	EventCategory=106	RecordNumber=2026591	TimeGenerated=1754642193	TimeWritten=1754642193	Level=Informational	Keywords=0	Task=ExecutePipeline	Opcode=20	Message=CommandInvocation(Set-StrictMode): ""Set-StrictMode"""" ParameterBinding(Set-StrictMode): name=""""Off""""; value=""""True""""   Context:         Severity = Informational         Host Name = ConsoleHost         Host Version = 5.1.19041.2673         Host ID = c0e0e453-4ab3-4027-acd4-70a79e7cb551         Host Application = powershell.exe -c Unblock-File 'C:\Users\siesvc\AppData\Local\Temp\EDF.ps1'; Import-Module 'C:\Users\siesvc\AppData\Local\Temp\EDF.ps1' <#PICUS_REWIND#>         Engine Version = 5.1.19041.2673         Runspace ID = a868f304-2fda-43ce-8bfc-01db60370a4d         Pipeline ID = 5         Command Name = Set-StrictMode         Command Type = Cmdlet         Script Name =          Command Path =          Sequence Number = 58         User = DESKTOP-64-EDR\siesvc         Connected User =          Shell ID = Microsoft.PowerShell   User Data:"""
"Device=WindowsLog	AgentLogFile=Microsoft-Windows-PowerShell/Operational	PluginVersion=7.2.9.105	Source=Microsoft-Windows-PowerShell	Computer=DESKTOP-64-EDR	OriginatingComputer=DESKTOP-64-EDR	User=siesvc	Domain=DESKTOP-64-EDR	EventID=4103	EventIDCode=4103	EventType=4	EventCategory=106	RecordNumber=2026600	TimeGenerated=1754642193	TimeWritten=1754642193	Level=Informational	Keywords=0	Task=ExecutePipeline	Opcode=20	Message=CommandInvocation(Export-ModuleMember): ""Export-ModuleMember"""" ParameterBinding(Export-ModuleMember): name=""""Function""""; value=""""""""   Context:         Severity = Informational         Host Name = ConsoleHost         Host Version = 5.1.19041.2673         Host ID = c0e0e453-4ab3-4027-acd4-70a79e7cb551         Host Application = powershell.exe -c Unblock-File 'C:\Users\siesvc\AppData\Local\Temp\EDF.ps1'; Import-Module 'C:\Users\siesvc\AppData\Local\Temp\EDF.ps1' <#PICUS_REWIND#>         Engine Version = 5.1.19041.2673         Runspace ID = a868f304-2fda-43ce-8bfc-01db60370a4d         Pipeline ID = 5         Command Name = Export-ModuleMember         Command Type = Cmdlet         Script Name =          Command Path =          Sequence Number = 72         User = DESKTOP-64-EDR\siesvc         Connected User =          Shell ID = Microsoft.PowerShell   User Data:"""
"Device=WindowsLog	AgentLogFile=Microsoft-Windows-PowerShell/Operational	PluginVersion=7.2.9.105	Source=Microsoft-Windows-PowerShell	Computer=DESKTOP-64-EDR	OriginatingComputer=DESKTOP-64-EDR	User=siesvc	Domain=DESKTOP-64-EDR	EventID=4103	EventIDCode=4103	EventType=4	EventCategory=106	RecordNumber=2026589	TimeGenerated=1754642193	TimeWritten=1754642193	Level=Informational	Keywords=0	Task=ExecutePipeline	Opcode=20	Message=CommandInvocation(Export-ModuleMember): ""Export-ModuleMember"""" ParameterBinding(Export-ModuleMember): name=""""Function""""; value=""""Get-MpThreatDetection"""" ParameterBinding(Export-ModuleMember): name=""""Alias""""; value=""""*""""   Context:         Severity = Informational         Host Name = ConsoleHost         Host Version = 5.1.19041.2673         Host ID = c0e0e453-4ab3-4027-acd4-70a79e7cb551         Host Application = powershell.exe -c Unblock-File 'C:\Users\siesvc\AppData\Local\Temp\EDF.ps1'; Import-Module 'C:\Users\siesvc\AppData\Local\Temp\EDF.ps1' <#PICUS_REWIND#>         Engine Version = 5.1.19041.2673         Runspace ID = a868f304-2fda-43ce-8bfc-01db60370a4d         Pipeline ID = 5         Command Name = Export-ModuleMember         Command Type = Cmdlet         Script Name =          Command Path =          Sequence Number = 56         User = DESKTOP-64-EDR\siesvc         Connected User =          Shell ID = Microsoft.PowerShell   User Data:"""
"Device=WindowsLog	AgentLogFile=Microsoft-Windows-PowerShell/Operational	PluginVersion=7.2.9.105	Source=Microsoft-Windows-PowerShell	Computer=DESKTOP-64-EDR	OriginatingComputer=DESKTOP-64-EDR	User=siesvc	Domain=DESKTOP-64-EDR	EventID=4103	EventIDCode=4103	EventType=4	EventCategory=106	RecordNumber=2026599	TimeGenerated=1754642193	TimeWritten=1754642193	Level=Informational	Keywords=0	Task=ExecutePipeline	Opcode=20	Message=CommandInvocation(Set-StrictMode): ""Set-StrictMode"""" ParameterBinding(Set-StrictMode): name=""""Off""""; value=""""True""""   Context:         Severity = Informational         Host Name = ConsoleHost         Host Version = 5.1.19041.2673         Host ID = c0e0e453-4ab3-4027-acd4-70a79e7cb551         Host Application = powershell.exe -c Unblock-File 'C:\Users\siesvc\AppData\Local\Temp\EDF.ps1'; Import-Module 'C:\Users\siesvc\AppData\Local\Temp\EDF.ps1' <#PICUS_REWIND#>         Engine Version = 5.1.19041.2673         Runspace ID = a868f304-2fda-43ce-8bfc-01db60370a4d         Pipeline ID = 5         Command Name = Set-StrictMode         Command Type = Cmdlet         Script Name =          Command Path =          Sequence Number = 70         User = DESKTOP-64-EDR\siesvc         Connected User =          Shell ID = Microsoft.PowerShell   User Data:"""
"Device=WindowsLog	AgentLogFile=Microsoft-Windows-PowerShell/Operational	PluginVersion=7.2.9.105	Source=Microsoft-Windows-PowerShell	Computer=DESKTOP-64-EDR	OriginatingComputer=DESKTOP-64-EDR	User=siesvc	Domain=DESKTOP-64-EDR	EventID=4103	EventIDCode=4103	EventType=4	EventCategory=106	RecordNumber=2026597	TimeGenerated=1754642193	TimeWritten=1754642193	Level=Informational	Keywords=0	Task=ExecutePipeline	Opcode=20	Message=CommandInvocation(Export-ModuleMember): ""Export-ModuleMember"""" ParameterBinding(Export-ModuleMember): name=""""Function""""; value=""""Update-MpSignature"""" ParameterBinding(Export-ModuleMember): name=""""Alias""""; value=""""*""""   Context:         Severity = Informational         Host Name = ConsoleHost         Host Version = 5.1.19041.2673         Host ID = c0e0e453-4ab3-4027-acd4-70a79e7cb551         Host Application = powershell.exe -c Unblock-File 'C:\Users\siesvc\AppData\Local\Temp\EDF.ps1'; Import-Module 'C:\Users\siesvc\AppData\Local\Temp\EDF.ps1' <#PICUS_REWIND#>         Engine Version = 5.1.19041.2673         Runspace ID = a868f304-2fda-43ce-8bfc-01db60370a4d         Pipeline ID = 5         Command Name = Export-ModuleMember         Command Type = Cmdlet         Script Name =          Command Path =          Sequence Number = 68         User = DESKTOP-64-EDR\siesvc         Connected User =          Shell ID = Microsoft.PowerShell   User Data:"""
"Device=WindowsLog	AgentLogFile=Microsoft-Windows-PowerShell/Operational	PluginVersion=7.2.9.105	Source=Microsoft-Windows-PowerShell	Computer=DESKTOP-64-EDR	OriginatingComputer=DESKTOP-64-EDR	User=siesvc	Domain=DESKTOP-64-EDR	EventID=4103	EventIDCode=4103	EventType=4	EventCategory=106	RecordNumber=2026596	TimeGenerated=1754642193	TimeWritten=1754642193	Level=Informational	Keywords=0	Task=ExecutePipeline	Opcode=20	Message=CommandInvocation(Export-ModuleMember): ""Export-ModuleMember"""" ParameterBinding(Export-ModuleMember): name=""""Function""""; value=""""""""   Context:         Severity = Informational         Host Name = ConsoleHost         Host Version = 5.1.19041.2673         Host ID = c0e0e453-4ab3-4027-acd4-70a79e7cb551         Host Application = powershell.exe -c Unblock-File 'C:\Users\siesvc\AppData\Local\Temp\EDF.ps1'; Import-Module 'C:\Users\siesvc\AppData\Local\Temp\EDF.ps1' <#PICUS_REWIND#>         Engine Version = 5.1.19041.2673         Runspace ID = a868f304-2fda-43ce-8bfc-01db60370a4d         Pipeline ID = 5         Command Name = Export-ModuleMember         Command Type = Cmdlet         Script Name =          Command Path =          Sequence Number = 66         User = DESKTOP-64-EDR\siesvc         Connected User =          Shell ID = Microsoft.PowerShell   User Data:"""
"Device=WindowsLog	AgentLogFile=Microsoft-Windows-PowerShell/Operational	PluginVersion=7.2.9.105	Source=Microsoft-Windows-PowerShell	Computer=DESKTOP-64-EDR	OriginatingComputer=DESKTOP-64-EDR	User=siesvc	Domain=DESKTOP-64-EDR	EventID=4103	EventIDCode=4103	EventType=4	EventCategory=106	RecordNumber=2026595	TimeGenerated=1754642193	TimeWritten=1754642193	Level=Informational	Keywords=0	Task=ExecutePipeline	Opcode=20	Message=CommandInvocation(Set-StrictMode): ""Set-StrictMode"""" ParameterBinding(Set-StrictMode): name=""""Off""""; value=""""True""""   Context:         Severity = Informational         Host Name = ConsoleHost         Host Version = 5.1.19041.2673         Host ID = c0e0e453-4ab3-4027-acd4-70a79e7cb551         Host Application = powershell.exe -c Unblock-File 'C:\Users\siesvc\AppData\Local\Temp\EDF.ps1'; Import-Module 'C:\Users\siesvc\AppData\Local\Temp\EDF.ps1' <#PICUS_REWIND#>         Engine Version = 5.1.19041.2673         Runspace ID = a868f304-2fda-43ce-8bfc-01db60370a4d         Pipeline ID = 5         Command Name = Set-StrictMode         Command Type = Cmdlet         Script Name =          Command Path =          Sequence Number = 64         User = DESKTOP-64-EDR\siesvc         Connected User =          Shell ID = Microsoft.PowerShell   User Data:"""
"Device=WindowsLog	AgentLogFile=Microsoft-Windows-PowerShell/Operational	PluginVersion=7.2.9.105	Source=Microsoft-Windows-PowerShell	Computer=DESKTOP-64-EDR	OriginatingComputer=DESKTOP-64-EDR	User=siesvc	Domain=DESKTOP-64-EDR	EventID=4103	EventIDCode=4103	EventType=4	EventCategory=106	RecordNumber=2026593	TimeGenerated=1754642193	TimeWritten=1754642193	Level=Informational	Keywords=0	Task=ExecutePipeline	Opcode=20	Message=CommandInvocation(Export-ModuleMember): ""Export-ModuleMember"""" ParameterBinding(Export-ModuleMember): name=""""Function""""; value=""""Start-MpScan"""" ParameterBinding(Export-ModuleMember): name=""""Alias""""; value=""""*""""   Context:         Severity = Informational         Host Name = ConsoleHost         Host Version = 5.1.19041.2673         Host ID = c0e0e453-4ab3-4027-acd4-70a79e7cb551         Host Application = powershell.exe -c Unblock-File 'C:\Users\siesvc\AppData\Local\Temp\EDF.ps1'; Import-Module 'C:\Users\siesvc\AppData\Local\Temp\EDF.ps1' <#PICUS_REWIND#>         Engine Version = 5.1.19041.2673         Runspace ID = a868f304-2fda-43ce-8bfc-01db60370a4d         Pipeline ID = 5         Command Name = Export-ModuleMember         Command Type = Cmdlet         Script Name =          Command Path =          Sequence Number = 62         User = DESKTOP-64-EDR\siesvc         Connected User =          Shell ID = Microsoft.PowerShell   User Data:"""
"Device=WindowsLog	AgentLogFile=Microsoft-Windows-PowerShell/Operational	PluginVersion=7.2.9.105	Source=Microsoft-Windows-PowerShell	Computer=DESKTOP-64-EDR	OriginatingComputer=DESKTOP-64-EDR	User=siesvc	Domain=DESKTOP-64-EDR	EventID=4103	EventIDCode=4103	EventType=4	EventCategory=106	RecordNumber=2026592	TimeGenerated=1754642193	TimeWritten=1754642193	Level=Informational	Keywords=0	Task=ExecutePipeline	Opcode=20	Message=CommandInvocation(Export-ModuleMember): ""Export-ModuleMember"""" ParameterBinding(Export-ModuleMember): name=""""Function""""; value=""""""""   Context:         Severity = Informational         Host Name = ConsoleHost         Host Version = 5.1.19041.2673         Host ID = c0e0e453-4ab3-4027-acd4-70a79e7cb551         Host Application = powershell.exe -c Unblock-File 'C:\Users\siesvc\AppData\Local\Temp\EDF.ps1'; Import-Module 'C:\Users\siesvc\AppData\Local\Temp\EDF.ps1' <#PICUS_REWIND#>         Engine Version = 5.1.19041.2673         Runspace ID = a868f304-2fda-43ce-8bfc-01db60370a4d         Pipeline ID = 5         Command Name = Export-ModuleMember         Command Type = Cmdlet         Script Name =          Command Path =          Sequence Number = 60         User = DESKTOP-64-EDR\siesvc         Connected User =          Shell ID = Microsoft.PowerShell   User Data:"""
"Device=WindowsLog	AgentLogFile=Microsoft-Windows-PowerShell/Operational	PluginVersion=7.2.9.105	Source=Microsoft-Windows-PowerShell	Computer=DESKTOP-64-EDR	OriginatingComputer=DESKTOP-64-EDR	User=siesvc	Domain=DESKTOP-64-EDR	EventID=4103	EventIDCode=4103	EventType=4	EventCategory=106	RecordNumber=2026584	TimeGenerated=1754642193	TimeWritten=1754642193	Level=Informational	Keywords=0	Task=ExecutePipeline	Opcode=20	Message=CommandInvocation(Export-ModuleMember): ""Export-ModuleMember"""" ParameterBinding(Export-ModuleMember): name=""""Function""""; value=""""""""   Context:         Severity = Informational         Host Name = ConsoleHost         Host Version = 5.1.19041.2673         Host ID = c0e0e453-4ab3-4027-acd4-70a79e7cb551         Host Application = powershell.exe -c Unblock-File 'C:\Users\siesvc\AppData\Local\Temp\EDF.ps1'; Import-Module 'C:\Users\siesvc\AppData\Local\Temp\EDF.ps1' <#PICUS_REWIND#>         Engine Version = 5.1.19041.2673         Runspace ID = a868f304-2fda-43ce-8bfc-01db60370a4d         Pipeline ID = 5         Command Name = Export-ModuleMember         Command Type = Cmdlet         Script Name =          Command Path =          Sequence Number = 48         User = DESKTOP-64-EDR\siesvc         Connected User =          Shell ID = Microsoft.PowerShell   User Data:"""
"Device=WindowsLog	AgentLogFile=Microsoft-Windows-PowerShell/Operational	PluginVersion=7.2.9.105	Source=Microsoft-Windows-PowerShell	Computer=DESKTOP-64-EDR	OriginatingComputer=DESKTOP-64-EDR	User=siesvc	Domain=DESKTOP-64-EDR	EventID=4103	EventIDCode=4103	EventType=4	EventCategory=106	RecordNumber=2026587	TimeGenerated=1754642193	TimeWritten=1754642193	Level=Informational	Keywords=0	Task=ExecutePipeline	Opcode=20	Message=CommandInvocation(Set-StrictMode): ""Set-StrictMode"""" ParameterBinding(Set-StrictMode): name=""""Off""""; value=""""True""""   Context:         Severity = Informational         Host Name = ConsoleHost         Host Version = 5.1.19041.2673         Host ID = c0e0e453-4ab3-4027-acd4-70a79e7cb551         Host Application = powershell.exe -c Unblock-File 'C:\Users\siesvc\AppData\Local\Temp\EDF.ps1'; Import-Module 'C:\Users\siesvc\AppData\Local\Temp\EDF.ps1' <#PICUS_REWIND#>         Engine Version = 5.1.19041.2673         Runspace ID = a868f304-2fda-43ce-8bfc-01db60370a4d         Pipeline ID = 5         Command Name = Set-StrictMode         Command Type = Cmdlet         Script Name =          Command Path =          Sequence Number = 52         User = DESKTOP-64-EDR\siesvc         Connected User =          Shell ID = Microsoft.PowerShell   User Data:"""
"Device=WindowsLog	AgentLogFile=Microsoft-Windows-PowerShell/Operational	PluginVersion=7.2.9.105	Source=Microsoft-Windows-PowerShell	Computer=DESKTOP-64-EDR	OriginatingComputer=DESKTOP-64-EDR	User=siesvc	Domain=DESKTOP-64-EDR	EventID=4103	EventIDCode=4103	EventType=4	EventCategory=106	RecordNumber=2026588	TimeGenerated=1754642193	TimeWritten=1754642193	Level=Informational	Keywords=0	Task=ExecutePipeline	Opcode=20	Message=CommandInvocation(Export-ModuleMember): ""Export-ModuleMember"""" ParameterBinding(Export-ModuleMember): name=""""Function""""; value=""""""""   Context:         Severity = Informational         Host Name = ConsoleHost         Host Version = 5.1.19041.2673         Host ID = c0e0e453-4ab3-4027-acd4-70a79e7cb551         Host Application = powershell.exe -c Unblock-File 'C:\Users\siesvc\AppData\Local\Temp\EDF.ps1'; Import-Module 'C:\Users\siesvc\AppData\Local\Temp\EDF.ps1' <#PICUS_REWIND#>         Engine Version = 5.1.19041.2673         Runspace ID = a868f304-2fda-43ce-8bfc-01db60370a4d         Pipeline ID = 5         Command Name = Export-ModuleMember         Command Type = Cmdlet         Script Name =          Command Path =          Sequence Number = 54         User = DESKTOP-64-EDR\siesvc         Connected User =          Shell ID = Microsoft.PowerShell   User Data:"""
"Device=WindowsLog	AgentLogFile=Microsoft-Windows-PowerShell/Operational	PluginVersion=7.2.9.105	Source=Microsoft-Windows-PowerShell	Computer=DESKTOP-64-EDR	OriginatingComputer=DESKTOP-64-EDR	User=siesvc	Domain=DESKTOP-64-EDR	EventID=4103	EventIDCode=4103	EventType=4	EventCategory=106	RecordNumber=2026583	TimeGenerated=1754642193	TimeWritten=1754642193	Level=Informational	Keywords=0	Task=ExecutePipeline	Opcode=20	Message=CommandInvocation(Set-StrictMode): ""Set-StrictMode"""" ParameterBinding(Set-StrictMode): name=""""Off""""; value=""""True""""   Context:         Severity = Informational         Host Name = ConsoleHost         Host Version = 5.1.19041.2673         Host ID = c0e0e453-4ab3-4027-acd4-70a79e7cb551         Host Application = powershell.exe -c Unblock-File 'C:\Users\siesvc\AppData\Local\Temp\EDF.ps1'; Import-Module 'C:\Users\siesvc\AppData\Local\Temp\EDF.ps1' <#PICUS_REWIND#>         Engine Version = 5.1.19041.2673         Runspace ID = a868f304-2fda-43ce-8bfc-01db60370a4d         Pipeline ID = 5         Command Name = Set-StrictMode         Command Type = Cmdlet         Script Name =          Command Path =          Sequence Number = 46         User = DESKTOP-64-EDR\siesvc         Connected User =          Shell ID = Microsoft.PowerShell   User Data:"""
"Device=WindowsLog	AgentLogFile=Microsoft-Windows-PowerShell/Operational	PluginVersion=7.2.9.105	Source=Microsoft-Windows-PowerShell	Computer=DESKTOP-64-EDR	OriginatingComputer=DESKTOP-64-EDR	User=siesvc	Domain=DESKTOP-64-EDR	EventID=4103	EventIDCode=4103	EventType=4	EventCategory=106	RecordNumber=2026581	TimeGenerated=1754642192	TimeWritten=1754642192	Level=Informational	Keywords=0	Task=ExecutePipeline	Opcode=20	Message=CommandInvocation(Export-ModuleMember): ""Export-ModuleMember"""" ParameterBinding(Export-ModuleMember): name=""""Function""""; value=""""Get-MpThreat"""" ParameterBinding(Export-ModuleMember): name=""""Alias""""; value=""""*""""   Context:         Severity = Informational         Host Name = ConsoleHost         Host Version = 5.1.19041.2673         Host ID = c0e0e453-4ab3-4027-acd4-70a79e7cb551         Host Application = powershell.exe -c Unblock-File 'C:\Users\siesvc\AppData\Local\Temp\EDF.ps1'; Import-Module 'C:\Users\siesvc\AppData\Local\Temp\EDF.ps1' <#PICUS_REWIND#>         Engine Version = 5.1.19041.2673         Runspace ID = a868f304-2fda-43ce-8bfc-01db60370a4d         Pipeline ID = 5         Command Name = Export-ModuleMember         Command Type = Cmdlet         Script Name =          Command Path =          Sequence Number = 44         User = DESKTOP-64-EDR\siesvc         Connected User =          Shell ID = Microsoft.PowerShell   User Data:"""
"Device=WindowsLog	AgentLogFile=Microsoft-Windows-PowerShell/Operational	PluginVersion=7.2.9.105	Source=Microsoft-Windows-PowerShell	Computer=DESKTOP-64-EDR	OriginatingComputer=DESKTOP-64-EDR	User=siesvc	Domain=DESKTOP-64-EDR	EventID=4103	EventIDCode=4103	EventType=4	EventCategory=106	RecordNumber=2026585	TimeGenerated=1754642193	TimeWritten=1754642193	Level=Informational	Keywords=0	Task=ExecutePipeline	Opcode=20	Message=CommandInvocation(Export-ModuleMember): ""Export-ModuleMember"""" ParameterBinding(Export-ModuleMember): name=""""Function""""; value=""""Get-MpThreatCatalog"""" ParameterBinding(Export-ModuleMember): name=""""Alias""""; value=""""*""""   Context:         Severity = Informational         Host Name = ConsoleHost         Host Version = 5.1.19041.2673         Host ID = c0e0e453-4ab3-4027-acd4-70a79e7cb551         Host Application = powershell.exe -c Unblock-File 'C:\Users\siesvc\AppData\Local\Temp\EDF.ps1'; Import-Module 'C:\Users\siesvc\AppData\Local\Temp\EDF.ps1' <#PICUS_REWIND#>         Engine Version = 5.1.19041.2673         Runspace ID = a868f304-2fda-43ce-8bfc-01db60370a4d         Pipeline ID = 5         Command Name = Export-ModuleMember         Command Type = Cmdlet         Script Name =          Command Path =          Sequence Number = 50         User = DESKTOP-64-EDR\siesvc         Connected User =          Shell ID = Microsoft.PowerShell   User Data:"""
"Device=WindowsLog	AgentLogFile=Microsoft-Windows-PowerShell/Operational	PluginVersion=7.2.9.105	Source=Microsoft-Windows-PowerShell	Computer=DESKTOP-64-EDR	OriginatingComputer=DESKTOP-64-EDR	User=siesvc	Domain=DESKTOP-64-EDR	EventID=4103	EventIDCode=4103	EventType=4	EventCategory=106	RecordNumber=2026580	TimeGenerated=1754642192	TimeWritten=1754642192	Level=Informational	Keywords=0	Task=ExecutePipeline	Opcode=20	Message=CommandInvocation(Export-ModuleMember): ""Export-ModuleMember"""" ParameterBinding(Export-ModuleMember): name=""""Function""""; value=""""Remove-MpThreat"""" ParameterBinding(Export-ModuleMember): name=""""Alias""""; value=""""*""""   Context:         Severity = Informational         Host Name = ConsoleHost         Host Version = 5.1.19041.2673         Host ID = c0e0e453-4ab3-4027-acd4-70a79e7cb551         Host Application = powershell.exe -c Unblock-File 'C:\Users\siesvc\AppData\Local\Temp\EDF.ps1'; Import-Module 'C:\Users\siesvc\AppData\Local\Temp\EDF.ps1' <#PICUS_REWIND#>         Engine Version = 5.1.19041.2673         Runspace ID = a868f304-2fda-43ce-8bfc-01db60370a4d         Pipeline ID = 5         Command Name = Export-ModuleMember         Command Type = Cmdlet         Script Name =          Command Path =          Sequence Number = 42         User = DESKTOP-64-EDR\siesvc         Connected User =          Shell ID = Microsoft.PowerShell   User Data:"""
"Device=WindowsLog	AgentLogFile=Microsoft-Windows-PowerShell/Operational	PluginVersion=7.2.9.105	Source=Microsoft-Windows-PowerShell	Computer=DESKTOP-64-EDR	OriginatingComputer=DESKTOP-64-EDR	User=siesvc	Domain=DESKTOP-64-EDR	EventID=4103	EventIDCode=4103	EventType=4	EventCategory=106	RecordNumber=2026578	TimeGenerated=1754642192	TimeWritten=1754642192	Level=Informational	Keywords=0	Task=ExecutePipeline	Opcode=20	Message=CommandInvocation(Set-StrictMode): ""Set-StrictMode"""" ParameterBinding(Set-StrictMode): name=""""Off""""; value=""""True""""   Context:         Severity = Informational         Host Name = ConsoleHost         Host Version = 5.1.19041.2673         Host ID = c0e0e453-4ab3-4027-acd4-70a79e7cb551         Host Application = powershell.exe -c Unblock-File 'C:\Users\siesvc\AppData\Local\Temp\EDF.ps1'; Import-Module 'C:\Users\siesvc\AppData\Local\Temp\EDF.ps1' <#PICUS_REWIND#>         Engine Version = 5.1.19041.2673         Runspace ID = a868f304-2fda-43ce-8bfc-01db60370a4d         Pipeline ID = 5         Command Name = Set-StrictMode         Command Type = Cmdlet         Script Name =          Command Path =          Sequence Number = 38         User = DESKTOP-64-EDR\siesvc         Connected User =          Shell ID = Microsoft.PowerShell   User Data:"""
"Device=WindowsLog	AgentLogFile=Microsoft-Windows-PowerShell/Operational	PluginVersion=7.2.9.105	Source=Microsoft-Windows-PowerShell	Computer=DESKTOP-64-EDR	OriginatingComputer=DESKTOP-64-EDR	User=siesvc	Domain=DESKTOP-64-EDR	EventID=4103	EventIDCode=4103	EventType=4	EventCategory=106	RecordNumber=2026579	TimeGenerated=1754642192	TimeWritten=1754642192	Level=Informational	Keywords=0	Task=ExecutePipeline	Opcode=20	Message=CommandInvocation(Export-ModuleMember): ""Export-ModuleMember"""" ParameterBinding(Export-ModuleMember): name=""""Function""""; value=""""""""   Context:         Severity = Informational         Host Name = ConsoleHost         Host Version = 5.1.19041.2673         Host ID = c0e0e453-4ab3-4027-acd4-70a79e7cb551         Host Application = powershell.exe -c Unblock-File 'C:\Users\siesvc\AppData\Local\Temp\EDF.ps1'; Import-Module 'C:\Users\siesvc\AppData\Local\Temp\EDF.ps1' <#PICUS_REWIND#>         Engine Version = 5.1.19041.2673         Runspace ID = a868f304-2fda-43ce-8bfc-01db60370a4d         Pipeline ID = 5         Command Name = Export-ModuleMember         Command Type = Cmdlet         Script Name =          Command Path =          Sequence Number = 40         User = DESKTOP-64-EDR\siesvc         Connected User =          Shell ID = Microsoft.PowerShell   User Data:"""
"Device=WindowsLog	AgentLogFile=Microsoft-Windows-PowerShell/Operational	PluginVersion=7.2.9.105	Source=Microsoft-Windows-PowerShell	Computer=DESKTOP-64-EDR	OriginatingComputer=DESKTOP-64-EDR	User=siesvc	Domain=DESKTOP-64-EDR	EventID=4103	EventIDCode=4103	EventType=4	EventCategory=106	RecordNumber=2026576	TimeGenerated=1754642192	TimeWritten=1754642192	Level=Informational	Keywords=0	Task=ExecutePipeline	Opcode=20	Message=CommandInvocation(Export-ModuleMember): ""Export-ModuleMember"""" ParameterBinding(Export-ModuleMember): name=""""Function""""; value=""""Get-MpPreference"""" ParameterBinding(Export-ModuleMember): name=""""Alias""""; value=""""*""""   Context:         Severity = Informational         Host Name = ConsoleHost         Host Version = 5.1.19041.2673         Host ID = c0e0e453-4ab3-4027-acd4-70a79e7cb551         Host Application = powershell.exe -c Unblock-File 'C:\Users\siesvc\AppData\Local\Temp\EDF.ps1'; Import-Module 'C:\Users\siesvc\AppData\Local\Temp\EDF.ps1' <#PICUS_REWIND#>         Engine Version = 5.1.19041.2673         Runspace ID = a868f304-2fda-43ce-8bfc-01db60370a4d         Pipeline ID = 5         Command Name = Export-ModuleMember         Command Type = Cmdlet         Script Name =          Command Path =          Sequence Number = 36         User = DESKTOP-64-EDR\siesvc         Connected User =          Shell ID = Microsoft.PowerShell   User Data:"""
"Device=WindowsLog	AgentLogFile=Microsoft-Windows-PowerShell/Operational	PluginVersion=7.2.9.105	Source=Microsoft-Windows-PowerShell	Computer=DESKTOP-64-EDR	OriginatingComputer=DESKTOP-64-EDR	User=siesvc	Domain=DESKTOP-64-EDR	EventID=4103	EventIDCode=4103	EventType=4	EventCategory=106	RecordNumber=2026574	TimeGenerated=1754642192	TimeWritten=1754642192	Level=Informational	Keywords=0	Task=ExecutePipeline	Opcode=20	Message=CommandInvocation(Export-ModuleMember): ""Export-ModuleMember"""" ParameterBinding(Export-ModuleMember): name=""""Function""""; value=""""Add-MpPreference"""" ParameterBinding(Export-ModuleMember): name=""""Alias""""; value=""""*""""   Context:         Severity = Informational         Host Name = ConsoleHost         Host Version = 5.1.19041.2673         Host ID = c0e0e453-4ab3-4027-acd4-70a79e7cb551         Host Application = powershell.exe -c Unblock-File 'C:\Users\siesvc\AppData\Local\Temp\EDF.ps1'; Import-Module 'C:\Users\siesvc\AppData\Local\Temp\EDF.ps1' <#PICUS_REWIND#>         Engine Version = 5.1.19041.2673         Runspace ID = a868f304-2fda-43ce-8bfc-01db60370a4d         Pipeline ID = 5         Command Name = Export-ModuleMember         Command Type = Cmdlet         Script Name =          Command Path =          Sequence Number = 32         User = DESKTOP-64-EDR\siesvc         Connected User =          Shell ID = Microsoft.PowerShell   User Data:"""
"Device=WindowsLog	AgentLogFile=Microsoft-Windows-PowerShell/Operational	PluginVersion=7.2.9.105	Source=Microsoft-Windows-PowerShell	Computer=DESKTOP-64-EDR	OriginatingComputer=DESKTOP-64-EDR	User=siesvc	Domain=DESKTOP-64-EDR	EventID=4103	EventIDCode=4103	EventType=4	EventCategory=106	RecordNumber=2026575	TimeGenerated=1754642192	TimeWritten=1754642192	Level=Informational	Keywords=0	Task=ExecutePipeline	Opcode=20	Message=CommandInvocation(Export-ModuleMember): ""Export-ModuleMember"""" ParameterBinding(Export-ModuleMember): name=""""Function""""; value=""""Remove-MpPreference"""" ParameterBinding(Export-ModuleMember): name=""""Alias""""; value=""""*""""   Context:         Severity = Informational         Host Name = ConsoleHost         Host Version = 5.1.19041.2673         Host ID = c0e0e453-4ab3-4027-acd4-70a79e7cb551         Host Application = powershell.exe -c Unblock-File 'C:\Users\siesvc\AppData\Local\Temp\EDF.ps1'; Import-Module 'C:\Users\siesvc\AppData\Local\Temp\EDF.ps1' <#PICUS_REWIND#>         Engine Version = 5.1.19041.2673         Runspace ID = a868f304-2fda-43ce-8bfc-01db60370a4d         Pipeline ID = 5         Command Name = Export-ModuleMember         Command Type = Cmdlet         Script Name =          Command Path =          Sequence Number = 34         User = DESKTOP-64-EDR\siesvc         Connected User =          Shell ID = Microsoft.PowerShell   User Data:"""
"Device=WindowsLog	AgentLogFile=Microsoft-Windows-PowerShell/Operational	PluginVersion=7.2.9.105	Source=Microsoft-Windows-PowerShell	Computer=DESKTOP-64-EDR	OriginatingComputer=DESKTOP-64-EDR	User=siesvc	Domain=DESKTOP-64-EDR	EventID=4103	EventIDCode=4103	EventType=4	EventCategory=106	RecordNumber=2026572	TimeGenerated=1754642192	TimeWritten=1754642192	Level=Informational	Keywords=0	Task=ExecutePipeline	Opcode=20	Message=CommandInvocation(Export-ModuleMember): ""Export-ModuleMember"""" ParameterBinding(Export-ModuleMember): name=""""Function""""; value=""""""""   Context:         Severity = Informational         Host Name = ConsoleHost         Host Version = 5.1.19041.2673         Host ID = c0e0e453-4ab3-4027-acd4-70a79e7cb551         Host Application = powershell.exe -c Unblock-File 'C:\Users\siesvc\AppData\Local\Temp\EDF.ps1'; Import-Module 'C:\Users\siesvc\AppData\Local\Temp\EDF.ps1' <#PICUS_REWIND#>         Engine Version = 5.1.19041.2673         Runspace ID = a868f304-2fda-43ce-8bfc-01db60370a4d         Pipeline ID = 5         Command Name = Export-ModuleMember         Command Type = Cmdlet         Script Name =          Command Path =          Sequence Number = 28         User = DESKTOP-64-EDR\siesvc         Connected User =          Shell ID = Microsoft.PowerShell   User Data:"""
"Device=WindowsLog	AgentLogFile=Microsoft-Windows-PowerShell/Operational	PluginVersion=7.2.9.105	Source=Microsoft-Windows-PowerShell	Computer=DESKTOP-64-EDR	OriginatingComputer=DESKTOP-64-EDR	User=siesvc	Domain=DESKTOP-64-EDR	EventID=4103	EventIDCode=4103	EventType=4	EventCategory=106	RecordNumber=2026573	TimeGenerated=1754642192	TimeWritten=1754642192	Level=Informational	Keywords=0	Task=ExecutePipeline	Opcode=20	Message=CommandInvocation(Export-ModuleMember): ""Export-ModuleMember"""" ParameterBinding(Export-ModuleMember): name=""""Function""""; value=""""Set-MpPreference"""" ParameterBinding(Export-ModuleMember): name=""""Alias""""; value=""""*""""   Context:         Severity = Informational         Host Name = ConsoleHost         Host Version = 5.1.19041.2673         Host ID = c0e0e453-4ab3-4027-acd4-70a79e7cb551         Host Application = powershell.exe -c Unblock-File 'C:\Users\siesvc\AppData\Local\Temp\EDF.ps1'; Import-Module 'C:\Users\siesvc\AppData\Local\Temp\EDF.ps1' <#PICUS_REWIND#>         Engine Version = 5.1.19041.2673         Runspace ID = a868f304-2fda-43ce-8bfc-01db60370a4d         Pipeline ID = 5         Command Name = Export-ModuleMember         Command Type = Cmdlet         Script Name =          Command Path =          Sequence Number = 30         User = DESKTOP-64-EDR\siesvc         Connected User =          Shell ID = Microsoft.PowerShell   User Data:"""
"Device=WindowsLog	AgentLogFile=Microsoft-Windows-PowerShell/Operational	PluginVersion=7.2.9.105	Source=Microsoft-Windows-PowerShell	Computer=DESKTOP-64-EDR	OriginatingComputer=DESKTOP-64-EDR	User=siesvc	Domain=DESKTOP-64-EDR	EventID=4103	EventIDCode=4103	EventType=4	EventCategory=106	RecordNumber=2026571	TimeGenerated=1754642192	TimeWritten=1754642192	Level=Informational	Keywords=0	Task=ExecutePipeline	Opcode=20	Message=CommandInvocation(Set-StrictMode): ""Set-StrictMode"""" ParameterBinding(Set-StrictMode): name=""""Off""""; value=""""True""""   Context:         Severity = Informational         Host Name = ConsoleHost         Host Version = 5.1.19041.2673         Host ID = c0e0e453-4ab3-4027-acd4-70a79e7cb551         Host Application = powershell.exe -c Unblock-File 'C:\Users\siesvc\AppData\Local\Temp\EDF.ps1'; Import-Module 'C:\Users\siesvc\AppData\Local\Temp\EDF.ps1' <#PICUS_REWIND#>         Engine Version = 5.1.19041.2673         Runspace ID = a868f304-2fda-43ce-8bfc-01db60370a4d         Pipeline ID = 5         Command Name = Set-StrictMode         Command Type = Cmdlet         Script Name =          Command Path =          Sequence Number = 26         User = DESKTOP-64-EDR\siesvc         Connected User =          Shell ID = Microsoft.PowerShell   User Data:"""
"Device=WindowsLog	AgentLogFile=Microsoft-Windows-PowerShell/Operational	PluginVersion=7.2.9.105	Source=Microsoft-Windows-PowerShell	Computer=DESKTOP-64-EDR	OriginatingComputer=DESKTOP-64-EDR	User=siesvc	Domain=DESKTOP-64-EDR	EventID=4103	EventIDCode=4103	EventType=4	EventCategory=106	RecordNumber=2026541	TimeGenerated=1754642192	TimeWritten=1754642192	Level=Informational	Keywords=0	Task=ExecutePipeline	Opcode=20	Message=CommandInvocation(Set-StrictMode): ""Set-StrictMode"""" ParameterBinding(Set-StrictMode): name=""""Off""""; value=""""True""""   Context:         Severity = Informational         Host Name = ConsoleHost         Host Version = 5.1.19041.2673         Host ID = c0e0e453-4ab3-4027-acd4-70a79e7cb551         Host Application = powershell.exe -c Unblock-File 'C:\Users\siesvc\AppData\Local\Temp\EDF.ps1'; Import-Module 'C:\Users\siesvc\AppData\Local\Temp\EDF.ps1' <#PICUS_REWIND#>         Engine Version = 5.1.19041.2673         Runspace ID = a868f304-2fda-43ce-8bfc-01db60370a4d         Pipeline ID = 5         Command Name = Set-StrictMode         Command Type = Cmdlet         Script Name =          Command Path =          Sequence Number = 20         User = DESKTOP-64-EDR\siesvc         Connected User =          Shell ID = Microsoft.PowerShell   User Data:"""
"Device=WindowsLog	AgentLogFile=Microsoft-Windows-PowerShell/Operational	PluginVersion=7.2.9.105	Source=Microsoft-Windows-PowerShell	Computer=DESKTOP-64-EDR	OriginatingComputer=DESKTOP-64-EDR	User=siesvc	Domain=DESKTOP-64-EDR	EventID=4103	EventIDCode=4103	EventType=4	EventCategory=106	RecordNumber=2026543	TimeGenerated=1754642192	TimeWritten=1754642192	Level=Informational	Keywords=0	Task=ExecutePipeline	Opcode=20	Message=CommandInvocation(Export-ModuleMember): ""Export-ModuleMember"""" ParameterBinding(Export-ModuleMember): name=""""Function""""; value=""""Get-MpComputerStatus"""" ParameterBinding(Export-ModuleMember): name=""""Alias""""; value=""""*""""   Context:         Severity = Informational         Host Name = ConsoleHost         Host Version = 5.1.19041.2673         Host ID = c0e0e453-4ab3-4027-acd4-70a79e7cb551         Host Application = powershell.exe -c Unblock-File 'C:\Users\siesvc\AppData\Local\Temp\EDF.ps1'; Import-Module 'C:\Users\siesvc\AppData\Local\Temp\EDF.ps1' <#PICUS_REWIND#>         Engine Version = 5.1.19041.2673         Runspace ID = a868f304-2fda-43ce-8bfc-01db60370a4d         Pipeline ID = 5         Command Name = Export-ModuleMember         Command Type = Cmdlet         Script Name =          Command Path =          Sequence Number = 24         User = DESKTOP-64-EDR\siesvc         Connected User =          Shell ID = Microsoft.PowerShell   User Data:"""
"Device=WindowsLog	AgentLogFile=Microsoft-Windows-PowerShell/Operational	PluginVersion=7.2.9.105	Source=Microsoft-Windows-PowerShell	Computer=DESKTOP-64-EDR	OriginatingComputer=DESKTOP-64-EDR	User=siesvc	Domain=DESKTOP-64-EDR	EventID=4103	EventIDCode=4103	EventType=4	EventCategory=106	RecordNumber=2026538	TimeGenerated=1754642192	TimeWritten=1754642192	Level=Informational	Keywords=0	Task=ExecutePipeline	Opcode=20	Message=CommandInvocation(Get-Content): ""Get-Content"""" ParameterBinding(Get-Content): name=""""Path""""; value=""""C:\Users\siesvc\AppData\Local\Temp\existingprefs.txt""""   Context:         Severity = Informational         Host Name = ConsoleHost         Host Version = 5.1.19041.2673         Host ID = c0e0e453-4ab3-4027-acd4-70a79e7cb551         Host Application = powershell.exe -c Unblock-File 'C:\Users\siesvc\AppData\Local\Temp\EDF.ps1'; Import-Module 'C:\Users\siesvc\AppData\Local\Temp\EDF.ps1' <#PICUS_REWIND#>         Engine Version = 5.1.19041.2673         Runspace ID = a868f304-2fda-43ce-8bfc-01db60370a4d         Pipeline ID = 1         Command Name = Get-Content         Command Type = Cmdlet         Script Name = C:\Users\siesvc\AppData\Local\Temp\EDF.ps1         Command Path =          Sequence Number = 18         User = DESKTOP-64-EDR\siesvc         Connected User =          Shell ID = Microsoft.PowerShell   User Data:"""
"Device=WindowsLog	AgentLogFile=Microsoft-Windows-PowerShell/Operational	PluginVersion=7.2.9.105	Source=Microsoft-Windows-PowerShell	Computer=DESKTOP-64-EDR	OriginatingComputer=DESKTOP-64-EDR	User=siesvc	Domain=DESKTOP-64-EDR	EventID=4103	EventIDCode=4103	EventType=4	EventCategory=106	RecordNumber=2026542	TimeGenerated=1754642192	TimeWritten=1754642192	Level=Informational	Keywords=0	Task=ExecutePipeline	Opcode=20	Message=CommandInvocation(Export-ModuleMember): ""Export-ModuleMember"""" ParameterBinding(Export-ModuleMember): name=""""Function""""; value=""""""""   Context:         Severity = Informational         Host Name = ConsoleHost         Host Version = 5.1.19041.2673         Host ID = c0e0e453-4ab3-4027-acd4-70a79e7cb551         Host Application = powershell.exe -c Unblock-File 'C:\Users\siesvc\AppData\Local\Temp\EDF.ps1'; Import-Module 'C:\Users\siesvc\AppData\Local\Temp\EDF.ps1' <#PICUS_REWIND#>         Engine Version = 5.1.19041.2673         Runspace ID = a868f304-2fda-43ce-8bfc-01db60370a4d         Pipeline ID = 5         Command Name = Export-ModuleMember         Command Type = Cmdlet         Script Name =          Command Path =          Sequence Number = 22         User = DESKTOP-64-EDR\siesvc         Connected User =          Shell ID = Microsoft.PowerShell   User Data:"""
Device=WindowsLog	AgentLogFile=Microsoft-Windows-PowerShell/Operational	PluginVersion=7.2.9.105	Source=Microsoft-Windows-PowerShell	Computer=DESKTOP-64-EDR	OriginatingComputer=DESKTOP-64-EDR	User=siesvc	Domain=DESKTOP-64-EDR	EventID=4104	EventIDCode=4104	EventType=4	EventCategory=2	RecordNumber=2026535	TimeGenerated=1754642192	TimeWritten=1754642192	Level=Verbose	Keywords=0	Task=ExecuteCommand	Opcode=15	Message=Creating Scriptblock text (1 of 1): Unblock-File 'C:\Users\siesvc\AppData\Local\Temp\EDF.ps1'; Import-Module 'C:\Users\siesvc\AppData\Local\Temp\EDF.ps1' <#PICUS_REWIND#>  ScriptBlock ID: 99a08982-cd25-42b0-ae8a-f6c9877d6e60 Path:
"Device=WindowsLog	AgentLogFile=Microsoft-Windows-PowerShell/Operational	PluginVersion=7.2.9.105	Source=Microsoft-Windows-PowerShell	Computer=DESKTOP-64-EDR	OriginatingComputer=DESKTOP-64-EDR	User=siesvc	Domain=DESKTOP-64-EDR	EventID=4103	EventIDCode=4103	EventType=4	EventCategory=106	RecordNumber=2026536	TimeGenerated=1754642192	TimeWritten=1754642192	Level=Informational	Keywords=0	Task=ExecutePipeline	Opcode=20	Message=CommandInvocation(Unblock-File): ""Unblock-File"""" ParameterBinding(Unblock-File): name=""""Path""""; value=""""C:\Users\siesvc\AppData\Local\Temp\EDF.ps1""""   Context:         Severity = Informational         Host Name = ConsoleHost         Host Version = 5.1.19041.2673         Host ID = c0e0e453-4ab3-4027-acd4-70a79e7cb551         Host Application = powershell.exe -c Unblock-File 'C:\Users\siesvc\AppData\Local\Temp\EDF.ps1'; Import-Module 'C:\Users\siesvc\AppData\Local\Temp\EDF.ps1' <#PICUS_REWIND#>         Engine Version = 5.1.19041.2673         Runspace ID = a868f304-2fda-43ce-8bfc-01db60370a4d         Pipeline ID = 1         Command Name = Unblock-File         Command Type = Cmdlet         Script Name =          Command Path =          Sequence Number = 16         User = DESKTOP-64-EDR\siesvc         Connected User =          Shell ID = Microsoft.PowerShell   User Data:"""
"Device=WindowsLog	AgentLogFile=Microsoft-Windows-Sysmon/Operational	PluginVersion=7.2.9.105	Source=Microsoft-Windows-Sysmon	Computer=DESKTOP-64-EDR	OriginatingComputer=DESKTOP-64-EDR	User=SYSTEM	Domain=NT AUTHORITY	EventID=1	EventIDCode=1	EventType=4	EventCategory=1	RecordNumber=5997679	TimeGenerated=1754642191	TimeWritten=1754642191	Level=Informational	Keywords=0x8000000000000000	Task=SysmonTask-SYSMONEVENT_CREATE_PROCESS	Opcode=Info	Message=Process Create: RuleName: - UtcTime: 2025-08-08 08:36:31.622 ProcessGuid: {ca0127e9-b70f-6895-d267-000000008b00} ProcessId: 16912 Image: C:\Windows\System32\conhost.exe FileVersion: 10.0.19041.2546 (WinBuild.160101.0800) Description: Console Window Host Product: Microsoft® Windows® Operating System Company: Microsoft Corporation OriginalFileName: CONHOST.EXE CommandLine: \??\C:\Windows\system32\conhost.exe 0xffffffff -ForceV1 CurrentDirectory: C:\Windows User: DESKTOP-64-EDR\siesvc LogonGuid: {ca0127e9-b70f-6895-047a-e10f00000000} LogonId: 0xFE17A04 TerminalSessionId: 0 IntegrityLevel: High Hashes: MD5=17A7131DB3E37157C6D3C09A0BAE95D3,SHA256=A26A1FFB81A61281FFA55CB7778CC3FB0FF981704DE49F75F51F18B283FBA7A2,IMPHASH=C21B297AEB85CEF1BCCE8D72106BBDD0 ParentProcessGuid: {ca0127e9-b70f-6895-d167-000000008b00} ParentProcessId: 18492 ParentImage: C:\Windows\System32\WindowsPowerShell\v1.0\powershell.exe ParentCommandLine: powershell.exe -c Unblock-File 'C:\Users\siesvc\AppData\Local\Temp\EDF.ps1'; Import-Module 'C:\Users\siesvc\AppData\Local\Temp\EDF.ps1' <#PICUS_REWIND#> ParentUser: DESKTOP-64-EDR\siesvc"
"Device=WindowsLog	AgentLogFile=Microsoft-Windows-Sysmon/Operational	PluginVersion=7.2.9.105	Source=Microsoft-Windows-Sysmon	Computer=DESKTOP-64-EDR	OriginatingComputer=DESKTOP-64-EDR	User=SYSTEM	Domain=NT AUTHORITY	EventID=1	EventIDCode=1	EventType=4	EventCategory=1	RecordNumber=5997678	TimeGenerated=1754642191	TimeWritten=1754642191	Level=Informational	Keywords=0x8000000000000000	Task=SysmonTask-SYSMONEVENT_CREATE_PROCESS	Opcode=Info	Message=Process Create: RuleName: - UtcTime: 2025-08-08 08:36:31.601 ProcessGuid: {ca0127e9-b70f-6895-d167-000000008b00} ProcessId: 18492 Image: C:\Windows\System32\WindowsPowerShell\v1.0\powershell.exe FileVersion: 10.0.19041.2913 (WinBuild.160101.0800) Description: Windows PowerShell Product: Microsoft® Windows® Operating System Company: Microsoft Corporation OriginalFileName: PowerShell.EXE CommandLine: powershell.exe -c Unblock-File 'C:\Users\siesvc\AppData\Local\Temp\EDF.ps1'; Import-Module 'C:\Users\siesvc\AppData\Local\Temp\EDF.ps1' <#PICUS_REWIND#> CurrentDirectory: C:\ProgramData\Picus Security\Picus Simulation Agent\Simulations\Simulation_525107_52232_8b57c2af109a\ User: DESKTOP-64-EDR\siesvc LogonGuid: {ca0127e9-b70f-6895-047a-e10f00000000} LogonId: 0xFE17A04 TerminalSessionId: 0 IntegrityLevel: High Hashes: MD5=BCF01E61144D6D6325650134823198B8,SHA256=B4E7BC24BF3F5C3DA2EB6E9EC5EC10F90099DEFA91B820F2F3FC70DD9E4785C4,IMPHASH=88CB9A420410BDA787E305B65518A934 ParentProcessGuid: {ca0127e9-b691-6895-ab67-000000008b00} ParentProcessId: 9220 ParentImage: C:\Program Files\Picus Security\Picus Simulation Agent\Picus.Simulator.exe ParentCommandLine: ""C:\Program Files\Picus Security\Picus Simulation Agent\Picus.Simulator.exe"""" """"eyJ3ZCI6IkM6XFxQcm9ncmFtRGF0YVxcUGljdXMgU2VjdXJpdHlcXFBpY3VzIFNpbXVsYXRpb24gQWdlbnRcXFNpbXVsYXRpb25zXFxTaW11bGF0aW9uXzUyNTEwN181MjIzMl84YjU3YzJhZjEwOWEiLCJjYm4iOiI1MjUxMDdfNTIyMzJfOGI1N2MyYWYxMDlhIiwiaXBoIjoiOTU1MTIiLCJvcGgiOiI5NTcyNCIsImlkIjp0cnVlLCJpdiI6dHJ1ZSwiaXQiOmZhbHNlLCJwaWQiOiIzIiwiaWRlIjpmYWxzZX0="""" ParentUser: NT AUTHORITY\SYSTEM"""
