"Device=WindowsLog	AgentLogFile=Security	PluginVersion=7.2.9.105	Source=Microsoft-Windows-Security-Auditing	Computer=DESKTOP-64-EDR	OriginatingComputer=192.168.153.166	User=	Domain=	EventID=4624	EventIDCode=4624	EventType=8	EventCategory=12544	RecordNumber=8486215	TimeGenerated=1754617372	TimeWritten=1754617372	Level=0	Keywords=0	Task=0	Opcode=0	Message=An account was successfully logged on.  Subject:  Security ID:  NT AUTHORITY\SYSTEM  Account Name:  DESKTOP-64-EDR$  Account Domain:  BOCHK.COM  Logon ID:  0x3e7  Logon Information:  Logon Type:  2  Restricted Admin Mode: -  Virtual Account:  No   Elevated Token:  Yes   Impersonation Level:  Impersonation   New Logon:  Security ID:  DESKTOP-64-EDR\siesvc  Account Name:  siesvc  Account Domain:  DESKTOP-64-EDR  Logon ID:  0xea51fe6  Linked Logon ID:  0xea52025  Network Account Name: -  Network Account Domain: -  Logon GUID:  {00000000-0000-0000-0000-000000000000}  Process Information:  Process ID:  0x1c6c  Process Name:  C:\Program Files\Picus Security\Picus Simulation Agent\Picus.Simulation.AgentService.exe  Network Information:  Workstation Name: DESKTOP-64-EDR  Source Network Address: -  Source Port:  -  Detailed Authentication Information:  Logon Process:  Advapi    Authentication Package: Negotiate  Transited Services: -  Package Name (NTLM only): -  Key Length:  0  This event is generated when a logon session is created. It is generated on the computer that was accessed.  The subject fields indicate the account on the local system which requested the logon. This is most commonly a service such as the Server service, or a local process such as Winlogon.exe or Services.exe.  The logon type field indicates the kind of logon that occurred. The most common types are 2 (interactive) and 3 (network).  The New Logon fields indicate the account for whom the new logon was created, i.e. the account that was logged on.  The network fields indicate where a remote logon request originated. Workstation name is not always available and may be left blank in some cases.  The impersonation level field indicates the extent to which a process in the logon session can impersonate.  The authentication information fields provide detailed information about this specific logon request.  - Logon GUID is a unique identifier that can be used to correlate this event with a KDC event.  - Transited services indicate which intermediate services have participated in this logon request.  - Package name indicates which sub-protocol was used among the NTLM protocols.  - Key length indicates the length of the generated session key. This will be 0 if no session key was requested."
"Device=WindowsLog	AgentLogFile=Security	PluginVersion=7.2.9.105	Source=Microsoft-Windows-Security-Auditing	Computer=DESKTOP-64-EDR	OriginatingComputer=192.168.153.166	User=	Domain=	EventID=4624	EventIDCode=4624	EventType=8	EventCategory=12544	RecordNumber=8486216	TimeGenerated=1754617372	TimeWritten=1754617372	Level=0	Keywords=0	Task=0	Opcode=0	Message=An account was successfully logged on.  Subject:  Security ID:  NT AUTHORITY\SYSTEM  Account Name:  DESKTOP-64-EDR$  Account Domain:  BOCHK.COM  Logon ID:  0x3e7  Logon Information:  Logon Type:  2  Restricted Admin Mode: -  Virtual Account:  No   Elevated Token:  No   Impersonation Level:  Impersonation   New Logon:  Security ID:  DESKTOP-64-EDR\siesvc  Account Name:  siesvc  Account Domain:  DESKTOP-64-EDR  Logon ID:  0xea52025  Linked Logon ID:  0xea51fe6  Network Account Name: -  Network Account Domain: -  Logon GUID:  {00000000-0000-0000-0000-000000000000}  Process Information:  Process ID:  0x1c6c  Process Name:  C:\Program Files\Picus Security\Picus Simulation Agent\Picus.Simulation.AgentService.exe  Network Information:  Workstation Name: DESKTOP-64-EDR  Source Network Address: -  Source Port:  -  Detailed Authentication Information:  Logon Process:  Advapi    Authentication Package: Negotiate  Transited Services: -  Package Name (NTLM only): -  Key Length:  0  This event is generated when a logon session is created. It is generated on the computer that was accessed.  The subject fields indicate the account on the local system which requested the logon. This is most commonly a service such as the Server service, or a local process such as Winlogon.exe or Services.exe.  The logon type field indicates the kind of logon that occurred. The most common types are 2 (interactive) and 3 (network).  The New Logon fields indicate the account for whom the new logon was created, i.e. the account that was logged on.  The network fields indicate where a remote logon request originated. Workstation name is not always available and may be left blank in some cases.  The impersonation level field indicates the extent to which a process in the logon session can impersonate.  The authentication information fields provide detailed information about this specific logon request.  - Logon GUID is a unique identifier that can be used to correlate this event with a KDC event.  - Transited services indicate which intermediate services have participated in this logon request.  - Package name indicates which sub-protocol was used among the NTLM protocols.  - Key length indicates the length of the generated session key. This will be 0 if no session key was requested."
"Device=WindowsLog	AgentLogFile=Security	PluginVersion=7.2.9.105	Source=Microsoft-Windows-Security-Auditing	Computer=DESKTOP-64-EDR	OriginatingComputer=192.168.153.166	User=	Domain=	EventID=4648	EventIDCode=4648	EventType=8	EventCategory=12544	RecordNumber=8486214	TimeGenerated=1754617372	TimeWritten=1754617372	Level=0	Keywords=0	Task=0	Opcode=0	Message=A logon was attempted using explicit credentials.  Subject:  Security ID:  NT AUTHORITY\SYSTEM  Account Name:  DESKTOP-64-EDR$  Account Domain:  BOCHK.COM  Logon ID:  0x3e7  Logon GUID:  {00000000-0000-0000-0000-000000000000}  Account Whose Credentials Were Used:  Account Name:  siesvc  Account Domain:  DESKTOP-64-EDR  Logon GUID:  {00000000-0000-0000-0000-000000000000}  Target Server:  Target Server Name: localhost  Additional Information: localhost  Process Information:  Process ID:  0x1c6c  Process Name:  C:\Program Files\Picus Security\Picus Simulation Agent\Picus.Simulation.AgentService.exe  Network Information:  Network Address: -  Port:   -  This event is generated when a process attempts to log on an account by explicitly specifying that account’s credentials.  This most commonly occurs in batch-type configurations such as scheduled tasks, or when using the RUNAS command."
"Device=WindowsLog	AgentLogFile=Security	PluginVersion=7.2.9.105	Source=Microsoft-Windows-Security-Auditing	Computer=DESKTOP-64-EDR	OriginatingComputer=192.168.153.166	User=	Domain=	EventID=4624	EventIDCode=4624	EventType=8	EventCategory=12544	RecordNumber=8486211	TimeGenerated=1754617364	TimeWritten=1754617364	Level=0	Keywords=0	Task=0	Opcode=0	Message=An account was successfully logged on.  Subject:  Security ID:  NT AUTHORITY\SYSTEM  Account Name:  DESKTOP-64-EDR$  Account Domain:  BOCHK.COM  Logon ID:  0x3e7  Logon Information:  Logon Type:  2  Restricted Admin Mode: -  Virtual Account:  No   Elevated Token:  No   Impersonation Level:  Impersonation   New Logon:  Security ID:  DESKTOP-64-EDR\siesvc  Account Name:  siesvc  Account Domain:  DESKTOP-64-EDR  Logon ID:  0xea51ba4  Linked Logon ID:  0xea51b65  Network Account Name: -  Network Account Domain: -  Logon GUID:  {00000000-0000-0000-0000-000000000000}  Process Information:  Process ID:  0x1c6c  Process Name:  C:\Program Files\Picus Security\Picus Simulation Agent\Picus.Simulation.AgentService.exe  Network Information:  Workstation Name: DESKTOP-64-EDR  Source Network Address: -  Source Port:  -  Detailed Authentication Information:  Logon Process:  Advapi    Authentication Package: Negotiate  Transited Services: -  Package Name (NTLM only): -  Key Length:  0  This event is generated when a logon session is created. It is generated on the computer that was accessed.  The subject fields indicate the account on the local system which requested the logon. This is most commonly a service such as the Server service, or a local process such as Winlogon.exe or Services.exe.  The logon type field indicates the kind of logon that occurred. The most common types are 2 (interactive) and 3 (network).  The New Logon fields indicate the account for whom the new logon was created, i.e. the account that was logged on.  The network fields indicate where a remote logon request originated. Workstation name is not always available and may be left blank in some cases.  The impersonation level field indicates the extent to which a process in the logon session can impersonate.  The authentication information fields provide detailed information about this specific logon request.  - Logon GUID is a unique identifier that can be used to correlate this event with a KDC event.  - Transited services indicate which intermediate services have participated in this logon request.  - Package name indicates which sub-protocol was used among the NTLM protocols.  - Key length indicates the length of the generated session key. This will be 0 if no session key was requested."
"Device=WindowsLog	AgentLogFile=Security	PluginVersion=7.2.9.105	Source=Microsoft-Windows-Security-Auditing	Computer=DESKTOP-64-EDR	OriginatingComputer=192.168.153.166	User=	Domain=	EventID=4624	EventIDCode=4624	EventType=8	EventCategory=12544	RecordNumber=8486210	TimeGenerated=1754617364	TimeWritten=1754617364	Level=0	Keywords=0	Task=0	Opcode=0	Message=An account was successfully logged on.  Subject:  Security ID:  NT AUTHORITY\SYSTEM  Account Name:  DESKTOP-64-EDR$  Account Domain:  BOCHK.COM  Logon ID:  0x3e7  Logon Information:  Logon Type:  2  Restricted Admin Mode: -  Virtual Account:  No   Elevated Token:  Yes   Impersonation Level:  Impersonation   New Logon:  Security ID:  DESKTOP-64-EDR\siesvc  Account Name:  siesvc  Account Domain:  DESKTOP-64-EDR  Logon ID:  0xea51b65  Linked Logon ID:  0xea51ba4  Network Account Name: -  Network Account Domain: -  Logon GUID:  {00000000-0000-0000-0000-000000000000}  Process Information:  Process ID:  0x1c6c  Process Name:  C:\Program Files\Picus Security\Picus Simulation Agent\Picus.Simulation.AgentService.exe  Network Information:  Workstation Name: DESKTOP-64-EDR  Source Network Address: -  Source Port:  -  Detailed Authentication Information:  Logon Process:  Advapi    Authentication Package: Negotiate  Transited Services: -  Package Name (NTLM only): -  Key Length:  0  This event is generated when a logon session is created. It is generated on the computer that was accessed.  The subject fields indicate the account on the local system which requested the logon. This is most commonly a service such as the Server service, or a local process such as Winlogon.exe or Services.exe.  The logon type field indicates the kind of logon that occurred. The most common types are 2 (interactive) and 3 (network).  The New Logon fields indicate the account for whom the new logon was created, i.e. the account that was logged on.  The network fields indicate where a remote logon request originated. Workstation name is not always available and may be left blank in some cases.  The impersonation level field indicates the extent to which a process in the logon session can impersonate.  The authentication information fields provide detailed information about this specific logon request.  - Logon GUID is a unique identifier that can be used to correlate this event with a KDC event.  - Transited services indicate which intermediate services have participated in this logon request.  - Package name indicates which sub-protocol was used among the NTLM protocols.  - Key length indicates the length of the generated session key. This will be 0 if no session key was requested."
"Device=WindowsLog	AgentLogFile=Security	PluginVersion=7.2.9.105	Source=Microsoft-Windows-Security-Auditing	Computer=DESKTOP-64-EDR	OriginatingComputer=192.168.153.166	User=	Domain=	EventID=4624	EventIDCode=4624	EventType=8	EventCategory=12544	RecordNumber=8486206	TimeGenerated=1754617364	TimeWritten=1754617364	Level=0	Keywords=0	Task=0	Opcode=0	Message=An account was successfully logged on.  Subject:  Security ID:  NT AUTHORITY\SYSTEM  Account Name:  DESKTOP-64-EDR$  Account Domain:  BOCHK.COM  Logon ID:  0x3e7  Logon Information:  Logon Type:  2  Restricted Admin Mode: -  Virtual Account:  No   Elevated Token:  No   Impersonation Level:  Impersonation   New Logon:  Security ID:  DESKTOP-64-EDR\siesvc  Account Name:  siesvc  Account Domain:  DESKTOP-64-EDR  Logon ID:  0xea51938  Linked Logon ID:  0xea518f9  Network Account Name: -  Network Account Domain: -  Logon GUID:  {00000000-0000-0000-0000-000000000000}  Process Information:  Process ID:  0x1c6c  Process Name:  C:\Program Files\Picus Security\Picus Simulation Agent\Picus.Simulation.AgentService.exe  Network Information:  Workstation Name: DESKTOP-64-EDR  Source Network Address: -  Source Port:  -  Detailed Authentication Information:  Logon Process:  Advapi    Authentication Package: Negotiate  Transited Services: -  Package Name (NTLM only): -  Key Length:  0  This event is generated when a logon session is created. It is generated on the computer that was accessed.  The subject fields indicate the account on the local system which requested the logon. This is most commonly a service such as the Server service, or a local process such as Winlogon.exe or Services.exe.  The logon type field indicates the kind of logon that occurred. The most common types are 2 (interactive) and 3 (network).  The New Logon fields indicate the account for whom the new logon was created, i.e. the account that was logged on.  The network fields indicate where a remote logon request originated. Workstation name is not always available and may be left blank in some cases.  The impersonation level field indicates the extent to which a process in the logon session can impersonate.  The authentication information fields provide detailed information about this specific logon request.  - Logon GUID is a unique identifier that can be used to correlate this event with a KDC event.  - Transited services indicate which intermediate services have participated in this logon request.  - Package name indicates which sub-protocol was used among the NTLM protocols.  - Key length indicates the length of the generated session key. This will be 0 if no session key was requested."
"Device=WindowsLog	AgentLogFile=Security	PluginVersion=7.2.9.105	Source=Microsoft-Windows-Security-Auditing	Computer=DESKTOP-64-EDR	OriginatingComputer=192.168.153.166	User=	Domain=	EventID=4648	EventIDCode=4648	EventType=8	EventCategory=12544	RecordNumber=8486209	TimeGenerated=1754617364	TimeWritten=1754617364	Level=0	Keywords=0	Task=0	Opcode=0	Message=A logon was attempted using explicit credentials.  Subject:  Security ID:  NT AUTHORITY\SYSTEM  Account Name:  DESKTOP-64-EDR$  Account Domain:  BOCHK.COM  Logon ID:  0x3e7  Logon GUID:  {00000000-0000-0000-0000-000000000000}  Account Whose Credentials Were Used:  Account Name:  siesvc  Account Domain:  DESKTOP-64-EDR  Logon GUID:  {00000000-0000-0000-0000-000000000000}  Target Server:  Target Server Name: localhost  Additional Information: localhost  Process Information:  Process ID:  0x1c6c  Process Name:  C:\Program Files\Picus Security\Picus Simulation Agent\Picus.Simulation.AgentService.exe  Network Information:  Network Address: -  Port:   -  This event is generated when a process attempts to log on an account by explicitly specifying that account’s credentials.  This most commonly occurs in batch-type configurations such as scheduled tasks, or when using the RUNAS command."
"Device=WindowsLog	AgentLogFile=Security	PluginVersion=7.2.9.105	Source=Microsoft-Windows-Security-Auditing	Computer=DESKTOP-64-EDR	OriginatingComputer=192.168.153.166	User=	Domain=	EventID=4624	EventIDCode=4624	EventType=8	EventCategory=12544	RecordNumber=8486205	TimeGenerated=1754617364	TimeWritten=1754617364	Level=0	Keywords=0	Task=0	Opcode=0	Message=An account was successfully logged on.  Subject:  Security ID:  NT AUTHORITY\SYSTEM  Account Name:  DESKTOP-64-EDR$  Account Domain:  BOCHK.COM  Logon ID:  0x3e7  Logon Information:  Logon Type:  2  Restricted Admin Mode: -  Virtual Account:  No   Elevated Token:  Yes   Impersonation Level:  Impersonation   New Logon:  Security ID:  DESKTOP-64-EDR\siesvc  Account Name:  siesvc  Account Domain:  DESKTOP-64-EDR  Logon ID:  0xea518f9  Linked Logon ID:  0xea51938  Network Account Name: -  Network Account Domain: -  Logon GUID:  {00000000-0000-0000-0000-000000000000}  Process Information:  Process ID:  0x1c6c  Process Name:  C:\Program Files\Picus Security\Picus Simulation Agent\Picus.Simulation.AgentService.exe  Network Information:  Workstation Name: DESKTOP-64-EDR  Source Network Address: -  Source Port:  -  Detailed Authentication Information:  Logon Process:  Advapi    Authentication Package: Negotiate  Transited Services: -  Package Name (NTLM only): -  Key Length:  0  This event is generated when a logon session is created. It is generated on the computer that was accessed.  The subject fields indicate the account on the local system which requested the logon. This is most commonly a service such as the Server service, or a local process such as Winlogon.exe or Services.exe.  The logon type field indicates the kind of logon that occurred. The most common types are 2 (interactive) and 3 (network).  The New Logon fields indicate the account for whom the new logon was created, i.e. the account that was logged on.  The network fields indicate where a remote logon request originated. Workstation name is not always available and may be left blank in some cases.  The impersonation level field indicates the extent to which a process in the logon session can impersonate.  The authentication information fields provide detailed information about this specific logon request.  - Logon GUID is a unique identifier that can be used to correlate this event with a KDC event.  - Transited services indicate which intermediate services have participated in this logon request.  - Package name indicates which sub-protocol was used among the NTLM protocols.  - Key length indicates the length of the generated session key. This will be 0 if no session key was requested."
"Device=WindowsLog	AgentLogFile=Security	PluginVersion=7.2.9.105	Source=Microsoft-Windows-Security-Auditing	Computer=DESKTOP-64-EDR	OriginatingComputer=192.168.153.166	User=	Domain=	EventID=4648	EventIDCode=4648	EventType=8	EventCategory=12544	RecordNumber=8486204	TimeGenerated=1754617364	TimeWritten=1754617364	Level=0	Keywords=0	Task=0	Opcode=0	Message=A logon was attempted using explicit credentials.  Subject:  Security ID:  NT AUTHORITY\SYSTEM  Account Name:  DESKTOP-64-EDR$  Account Domain:  BOCHK.COM  Logon ID:  0x3e7  Logon GUID:  {00000000-0000-0000-0000-000000000000}  Account Whose Credentials Were Used:  Account Name:  siesvc  Account Domain:  DESKTOP-64-EDR  Logon GUID:  {00000000-0000-0000-0000-000000000000}  Target Server:  Target Server Name: localhost  Additional Information: localhost  Process Information:  Process ID:  0x1c6c  Process Name:  C:\Program Files\Picus Security\Picus Simulation Agent\Picus.Simulation.AgentService.exe  Network Information:  Network Address: -  Port:   -  This event is generated when a process attempts to log on an account by explicitly specifying that account’s credentials.  This most commonly occurs in batch-type configurations such as scheduled tasks, or when using the RUNAS command."
"Device=WindowsLog	AgentLogFile=Security	PluginVersion=7.2.9.105	Source=Microsoft-Windows-Security-Auditing	Computer=DESKTOP-64-EDR	OriginatingComputer=192.168.153.166	User=	Domain=	EventID=4624	EventIDCode=4624	EventType=8	EventCategory=12544	RecordNumber=8486200	TimeGenerated=1754617363	TimeWritten=1754617363	Level=0	Keywords=0	Task=0	Opcode=0	Message=An account was successfully logged on.  Subject:  Security ID:  NT AUTHORITY\SYSTEM  Account Name:  DESKTOP-64-EDR$  Account Domain:  BOCHK.COM  Logon ID:  0x3e7  Logon Information:  Logon Type:  2  Restricted Admin Mode: -  Virtual Account:  No   Elevated Token:  Yes   Impersonation Level:  Impersonation   New Logon:  Security ID:  DESKTOP-64-EDR\siesvc  Account Name:  siesvc  Account Domain:  DESKTOP-64-EDR  Logon ID:  0xea50d1a  Linked Logon ID:  0xea50d59  Network Account Name: -  Network Account Domain: -  Logon GUID:  {00000000-0000-0000-0000-000000000000}  Process Information:  Process ID:  0x1c6c  Process Name:  C:\Program Files\Picus Security\Picus Simulation Agent\Picus.Simulation.AgentService.exe  Network Information:  Workstation Name: DESKTOP-64-EDR  Source Network Address: -  Source Port:  -  Detailed Authentication Information:  Logon Process:  Advapi    Authentication Package: Negotiate  Transited Services: -  Package Name (NTLM only): -  Key Length:  0  This event is generated when a logon session is created. It is generated on the computer that was accessed.  The subject fields indicate the account on the local system which requested the logon. This is most commonly a service such as the Server service, or a local process such as Winlogon.exe or Services.exe.  The logon type field indicates the kind of logon that occurred. The most common types are 2 (interactive) and 3 (network).  The New Logon fields indicate the account for whom the new logon was created, i.e. the account that was logged on.  The network fields indicate where a remote logon request originated. Workstation name is not always available and may be left blank in some cases.  The impersonation level field indicates the extent to which a process in the logon session can impersonate.  The authentication information fields provide detailed information about this specific logon request.  - Logon GUID is a unique identifier that can be used to correlate this event with a KDC event.  - Transited services indicate which intermediate services have participated in this logon request.  - Package name indicates which sub-protocol was used among the NTLM protocols.  - Key length indicates the length of the generated session key. This will be 0 if no session key was requested."
"Device=WindowsLog	AgentLogFile=Security	PluginVersion=7.2.9.105	Source=Microsoft-Windows-Security-Auditing	Computer=DESKTOP-64-EDR	OriginatingComputer=192.168.153.166	User=	Domain=	EventID=4624	EventIDCode=4624	EventType=8	EventCategory=12544	RecordNumber=8486201	TimeGenerated=1754617363	TimeWritten=1754617363	Level=0	Keywords=0	Task=0	Opcode=0	Message=An account was successfully logged on.  Subject:  Security ID:  NT AUTHORITY\SYSTEM  Account Name:  DESKTOP-64-EDR$  Account Domain:  BOCHK.COM  Logon ID:  0x3e7  Logon Information:  Logon Type:  2  Restricted Admin Mode: -  Virtual Account:  No   Elevated Token:  No   Impersonation Level:  Impersonation   New Logon:  Security ID:  DESKTOP-64-EDR\siesvc  Account Name:  siesvc  Account Domain:  DESKTOP-64-EDR  Logon ID:  0xea50d59  Linked Logon ID:  0xea50d1a  Network Account Name: -  Network Account Domain: -  Logon GUID:  {00000000-0000-0000-0000-000000000000}  Process Information:  Process ID:  0x1c6c  Process Name:  C:\Program Files\Picus Security\Picus Simulation Agent\Picus.Simulation.AgentService.exe  Network Information:  Workstation Name: DESKTOP-64-EDR  Source Network Address: -  Source Port:  -  Detailed Authentication Information:  Logon Process:  Advapi    Authentication Package: Negotiate  Transited Services: -  Package Name (NTLM only): -  Key Length:  0  This event is generated when a logon session is created. It is generated on the computer that was accessed.  The subject fields indicate the account on the local system which requested the logon. This is most commonly a service such as the Server service, or a local process such as Winlogon.exe or Services.exe.  The logon type field indicates the kind of logon that occurred. The most common types are 2 (interactive) and 3 (network).  The New Logon fields indicate the account for whom the new logon was created, i.e. the account that was logged on.  The network fields indicate where a remote logon request originated. Workstation name is not always available and may be left blank in some cases.  The impersonation level field indicates the extent to which a process in the logon session can impersonate.  The authentication information fields provide detailed information about this specific logon request.  - Logon GUID is a unique identifier that can be used to correlate this event with a KDC event.  - Transited services indicate which intermediate services have participated in this logon request.  - Package name indicates which sub-protocol was used among the NTLM protocols.  - Key length indicates the length of the generated session key. This will be 0 if no session key was requested."
"Device=WindowsLog	AgentLogFile=Security	PluginVersion=7.2.9.105	Source=Microsoft-Windows-Security-Auditing	Computer=DESKTOP-64-EDR	OriginatingComputer=192.168.153.166	User=	Domain=	EventID=4648	EventIDCode=4648	EventType=8	EventCategory=12544	RecordNumber=8486199	TimeGenerated=1754617363	TimeWritten=1754617363	Level=0	Keywords=0	Task=0	Opcode=0	Message=A logon was attempted using explicit credentials.  Subject:  Security ID:  NT AUTHORITY\SYSTEM  Account Name:  DESKTOP-64-EDR$  Account Domain:  BOCHK.COM  Logon ID:  0x3e7  Logon GUID:  {00000000-0000-0000-0000-000000000000}  Account Whose Credentials Were Used:  Account Name:  siesvc  Account Domain:  DESKTOP-64-EDR  Logon GUID:  {00000000-0000-0000-0000-000000000000}  Target Server:  Target Server Name: localhost  Additional Information: localhost  Process Information:  Process ID:  0x1c6c  Process Name:  C:\Program Files\Picus Security\Picus Simulation Agent\Picus.Simulation.AgentService.exe  Network Information:  Network Address: -  Port:   -  This event is generated when a process attempts to log on an account by explicitly specifying that account’s credentials.  This most commonly occurs in batch-type configurations such as scheduled tasks, or when using the RUNAS command."
"Device=WindowsLog	AgentLogFile=Security	PluginVersion=7.2.9.105	Source=Microsoft-Windows-Security-Auditing	Computer=DESKTOP-64-EDR	OriginatingComputer=192.168.153.166	User=	Domain=	EventID=4624	EventIDCode=4624	EventType=8	EventCategory=12544	RecordNumber=8486196	TimeGenerated=1754617356	TimeWritten=1754617356	Level=0	Keywords=0	Task=0	Opcode=0	Message=An account was successfully logged on.  Subject:  Security ID:  NT AUTHORITY\SYSTEM  Account Name:  DESKTOP-64-EDR$  Account Domain:  BOCHK.COM  Logon ID:  0x3e7  Logon Information:  Logon Type:  2  Restricted Admin Mode: -  Virtual Account:  No   Elevated Token:  No   Impersonation Level:  Impersonation   New Logon:  Security ID:  DESKTOP-64-EDR\siesvc  Account Name:  siesvc  Account Domain:  DESKTOP-64-EDR  Logon ID:  0xea50578  Linked Logon ID:  0xea50539  Network Account Name: -  Network Account Domain: -  Logon GUID:  {00000000-0000-0000-0000-000000000000}  Process Information:  Process ID:  0x1c6c  Process Name:  C:\Program Files\Picus Security\Picus Simulation Agent\Picus.Simulation.AgentService.exe  Network Information:  Workstation Name: DESKTOP-64-EDR  Source Network Address: -  Source Port:  -  Detailed Authentication Information:  Logon Process:  Advapi    Authentication Package: Negotiate  Transited Services: -  Package Name (NTLM only): -  Key Length:  0  This event is generated when a logon session is created. It is generated on the computer that was accessed.  The subject fields indicate the account on the local system which requested the logon. This is most commonly a service such as the Server service, or a local process such as Winlogon.exe or Services.exe.  The logon type field indicates the kind of logon that occurred. The most common types are 2 (interactive) and 3 (network).  The New Logon fields indicate the account for whom the new logon was created, i.e. the account that was logged on.  The network fields indicate where a remote logon request originated. Workstation name is not always available and may be left blank in some cases.  The impersonation level field indicates the extent to which a process in the logon session can impersonate.  The authentication information fields provide detailed information about this specific logon request.  - Logon GUID is a unique identifier that can be used to correlate this event with a KDC event.  - Transited services indicate which intermediate services have participated in this logon request.  - Package name indicates which sub-protocol was used among the NTLM protocols.  - Key length indicates the length of the generated session key. This will be 0 if no session key was requested."
"Device=WindowsLog	AgentLogFile=Security	PluginVersion=7.2.9.105	Source=Microsoft-Windows-Security-Auditing	Computer=DESKTOP-64-EDR	OriginatingComputer=192.168.153.166	User=	Domain=	EventID=4624	EventIDCode=4624	EventType=8	EventCategory=12544	RecordNumber=8486195	TimeGenerated=1754617356	TimeWritten=1754617356	Level=0	Keywords=0	Task=0	Opcode=0	Message=An account was successfully logged on.  Subject:  Security ID:  NT AUTHORITY\SYSTEM  Account Name:  DESKTOP-64-EDR$  Account Domain:  BOCHK.COM  Logon ID:  0x3e7  Logon Information:  Logon Type:  2  Restricted Admin Mode: -  Virtual Account:  No   Elevated Token:  Yes   Impersonation Level:  Impersonation   New Logon:  Security ID:  DESKTOP-64-EDR\siesvc  Account Name:  siesvc  Account Domain:  DESKTOP-64-EDR  Logon ID:  0xea50539  Linked Logon ID:  0xea50578  Network Account Name: -  Network Account Domain: -  Logon GUID:  {00000000-0000-0000-0000-000000000000}  Process Information:  Process ID:  0x1c6c  Process Name:  C:\Program Files\Picus Security\Picus Simulation Agent\Picus.Simulation.AgentService.exe  Network Information:  Workstation Name: DESKTOP-64-EDR  Source Network Address: -  Source Port:  -  Detailed Authentication Information:  Logon Process:  Advapi    Authentication Package: Negotiate  Transited Services: -  Package Name (NTLM only): -  Key Length:  0  This event is generated when a logon session is created. It is generated on the computer that was accessed.  The subject fields indicate the account on the local system which requested the logon. This is most commonly a service such as the Server service, or a local process such as Winlogon.exe or Services.exe.  The logon type field indicates the kind of logon that occurred. The most common types are 2 (interactive) and 3 (network).  The New Logon fields indicate the account for whom the new logon was created, i.e. the account that was logged on.  The network fields indicate where a remote logon request originated. Workstation name is not always available and may be left blank in some cases.  The impersonation level field indicates the extent to which a process in the logon session can impersonate.  The authentication information fields provide detailed information about this specific logon request.  - Logon GUID is a unique identifier that can be used to correlate this event with a KDC event.  - Transited services indicate which intermediate services have participated in this logon request.  - Package name indicates which sub-protocol was used among the NTLM protocols.  - Key length indicates the length of the generated session key. This will be 0 if no session key was requested."
"Device=WindowsLog	AgentLogFile=Security	PluginVersion=7.2.9.105	Source=Microsoft-Windows-Security-Auditing	Computer=DESKTOP-64-EDR	OriginatingComputer=192.168.153.166	User=	Domain=	EventID=4648	EventIDCode=4648	EventType=8	EventCategory=12544	RecordNumber=8486194	TimeGenerated=1754617356	TimeWritten=1754617356	Level=0	Keywords=0	Task=0	Opcode=0	Message=A logon was attempted using explicit credentials.  Subject:  Security ID:  NT AUTHORITY\SYSTEM  Account Name:  DESKTOP-64-EDR$  Account Domain:  BOCHK.COM  Logon ID:  0x3e7  Logon GUID:  {00000000-0000-0000-0000-000000000000}  Account Whose Credentials Were Used:  Account Name:  siesvc  Account Domain:  DESKTOP-64-EDR  Logon GUID:  {00000000-0000-0000-0000-000000000000}  Target Server:  Target Server Name: localhost  Additional Information: localhost  Process Information:  Process ID:  0x1c6c  Process Name:  C:\Program Files\Picus Security\Picus Simulation Agent\Picus.Simulation.AgentService.exe  Network Information:  Network Address: -  Port:   -  This event is generated when a process attempts to log on an account by explicitly specifying that account’s credentials.  This most commonly occurs in batch-type configurations such as scheduled tasks, or when using the RUNAS command."
"Device=WindowsLog	AgentLogFile=Security	PluginVersion=7.2.9.105	Source=Microsoft-Windows-Security-Auditing	Computer=DESKTOP-64-EDR	OriginatingComputer=192.168.153.166	User=	Domain=	EventID=4624	EventIDCode=4624	EventType=8	EventCategory=12544	RecordNumber=8486190	TimeGenerated=1754617347	TimeWritten=1754617347	Level=0	Keywords=0	Task=0	Opcode=0	Message=An account was successfully logged on.  Subject:  Security ID:  NT AUTHORITY\SYSTEM  Account Name:  DESKTOP-64-EDR$  Account Domain:  BOCHK.COM  Logon ID:  0x3e7  Logon Information:  Logon Type:  2  Restricted Admin Mode: -  Virtual Account:  No   Elevated Token:  Yes   Impersonation Level:  Impersonation   New Logon:  Security ID:  DESKTOP-64-EDR\siesvc  Account Name:  siesvc  Account Domain:  DESKTOP-64-EDR  Logon ID:  0xea4f27a  Linked Logon ID:  0xea4f2bb  Network Account Name: -  Network Account Domain: -  Logon GUID:  {00000000-0000-0000-0000-000000000000}  Process Information:  Process ID:  0x1c6c  Process Name:  C:\Program Files\Picus Security\Picus Simulation Agent\Picus.Simulation.AgentService.exe  Network Information:  Workstation Name: DESKTOP-64-EDR  Source Network Address: -  Source Port:  -  Detailed Authentication Information:  Logon Process:  Advapi    Authentication Package: Negotiate  Transited Services: -  Package Name (NTLM only): -  Key Length:  0  This event is generated when a logon session is created. It is generated on the computer that was accessed.  The subject fields indicate the account on the local system which requested the logon. This is most commonly a service such as the Server service, or a local process such as Winlogon.exe or Services.exe.  The logon type field indicates the kind of logon that occurred. The most common types are 2 (interactive) and 3 (network).  The New Logon fields indicate the account for whom the new logon was created, i.e. the account that was logged on.  The network fields indicate where a remote logon request originated. Workstation name is not always available and may be left blank in some cases.  The impersonation level field indicates the extent to which a process in the logon session can impersonate.  The authentication information fields provide detailed information about this specific logon request.  - Logon GUID is a unique identifier that can be used to correlate this event with a KDC event.  - Transited services indicate which intermediate services have participated in this logon request.  - Package name indicates which sub-protocol was used among the NTLM protocols.  - Key length indicates the length of the generated session key. This will be 0 if no session key was requested."
"Device=WindowsLog	AgentLogFile=Security	PluginVersion=7.2.9.105	Source=Microsoft-Windows-Security-Auditing	Computer=DESKTOP-64-EDR	OriginatingComputer=192.168.153.166	User=	Domain=	EventID=4624	EventIDCode=4624	EventType=8	EventCategory=12544	RecordNumber=8486191	TimeGenerated=1754617347	TimeWritten=1754617347	Level=0	Keywords=0	Task=0	Opcode=0	Message=An account was successfully logged on.  Subject:  Security ID:  NT AUTHORITY\SYSTEM  Account Name:  DESKTOP-64-EDR$  Account Domain:  BOCHK.COM  Logon ID:  0x3e7  Logon Information:  Logon Type:  2  Restricted Admin Mode: -  Virtual Account:  No   Elevated Token:  No   Impersonation Level:  Impersonation   New Logon:  Security ID:  DESKTOP-64-EDR\siesvc  Account Name:  siesvc  Account Domain:  DESKTOP-64-EDR  Logon ID:  0xea4f2bb  Linked Logon ID:  0xea4f27a  Network Account Name: -  Network Account Domain: -  Logon GUID:  {00000000-0000-0000-0000-000000000000}  Process Information:  Process ID:  0x1c6c  Process Name:  C:\Program Files\Picus Security\Picus Simulation Agent\Picus.Simulation.AgentService.exe  Network Information:  Workstation Name: DESKTOP-64-EDR  Source Network Address: -  Source Port:  -  Detailed Authentication Information:  Logon Process:  Advapi    Authentication Package: Negotiate  Transited Services: -  Package Name (NTLM only): -  Key Length:  0  This event is generated when a logon session is created. It is generated on the computer that was accessed.  The subject fields indicate the account on the local system which requested the logon. This is most commonly a service such as the Server service, or a local process such as Winlogon.exe or Services.exe.  The logon type field indicates the kind of logon that occurred. The most common types are 2 (interactive) and 3 (network).  The New Logon fields indicate the account for whom the new logon was created, i.e. the account that was logged on.  The network fields indicate where a remote logon request originated. Workstation name is not always available and may be left blank in some cases.  The impersonation level field indicates the extent to which a process in the logon session can impersonate.  The authentication information fields provide detailed information about this specific logon request.  - Logon GUID is a unique identifier that can be used to correlate this event with a KDC event.  - Transited services indicate which intermediate services have participated in this logon request.  - Package name indicates which sub-protocol was used among the NTLM protocols.  - Key length indicates the length of the generated session key. This will be 0 if no session key was requested."
"Device=WindowsLog	AgentLogFile=Microsoft-Windows-Sysmon/Operational	PluginVersion=7.2.9.105	Source=Microsoft-Windows-Sysmon	Computer=DESKTOP-64-EDR	OriginatingComputer=DESKTOP-64-EDR	User=SYSTEM	Domain=NT AUTHORITY	EventID=26	EventIDCode=26	EventType=4	EventCategory=26	RecordNumber=5968943	TimeGenerated=1754617344	TimeWritten=1754617344	Level=Informational	Keywords=0x8000000000000000	Task=SysmonTask-SYSMONEVENT_FILE_DELETE_DETECTED	Opcode=Info	Message=File Delete logged: RuleName: - UtcTime: 2025-08-08 01:42:24.664 ProcessGuid: {ca0127e9-b3f1-6892-d33d-000000008b00} ProcessId: 8248 User: NT AUTHORITY\SYSTEM Image: C:\Program Files\Picus Security\Picus Simulation Agent\Picus.Simulation.UpdateService.exe TargetFilename: C:\ProgramData\Picus Security\Picus Simulation Update\Temp\UpdateServiceStateModel Hashes: MD5=3EB962CFEDC35C1F28FE69EED2813D24,SHA256=7B2BDCB957C1137A246F81168071AC5949C55FA7754A86536A778E9138F48D62,IMPHASH=00000000000000000000000000000000 IsExecutable: false"
"Device=WindowsLog	AgentLogFile=Security	PluginVersion=7.2.9.105	Source=Microsoft-Windows-Security-Auditing	Computer=DESKTOP-64-EDR	OriginatingComputer=192.168.153.166	User=	Domain=	EventID=4648	EventIDCode=4648	EventType=8	EventCategory=12544	RecordNumber=8486189	TimeGenerated=1754617347	TimeWritten=1754617347	Level=0	Keywords=0	Task=0	Opcode=0	Message=A logon was attempted using explicit credentials.  Subject:  Security ID:  NT AUTHORITY\SYSTEM  Account Name:  DESKTOP-64-EDR$  Account Domain:  BOCHK.COM  Logon ID:  0x3e7  Logon GUID:  {00000000-0000-0000-0000-000000000000}  Account Whose Credentials Were Used:  Account Name:  siesvc  Account Domain:  DESKTOP-64-EDR  Logon GUID:  {00000000-0000-0000-0000-000000000000}  Target Server:  Target Server Name: localhost  Additional Information: localhost  Process Information:  Process ID:  0x1c6c  Process Name:  C:\Program Files\Picus Security\Picus Simulation Agent\Picus.Simulation.AgentService.exe  Network Information:  Network Address: -  Port:   -  This event is generated when a process attempts to log on an account by explicitly specifying that account’s credentials.  This most commonly occurs in batch-type configurations such as scheduled tasks, or when using the RUNAS command."
"Device=WindowsLog	AgentLogFile=Security	PluginVersion=7.2.9.105	Source=Microsoft-Windows-Security-Auditing	Computer=DESKTOP-64-EDR	OriginatingComputer=192.168.153.166	User=	Domain=	EventID=4624	EventIDCode=4624	EventType=8	EventCategory=12544	RecordNumber=8486183	TimeGenerated=1754617344	TimeWritten=1754617344	Level=0	Keywords=0	Task=0	Opcode=0	Message=An account was successfully logged on.  Subject:  Security ID:  NT AUTHORITY\SYSTEM  Account Name:  DESKTOP-64-EDR$  Account Domain:  BOCHK.COM  Logon ID:  0x3e7  Logon Information:  Logon Type:  2  Restricted Admin Mode: -  Virtual Account:  No   Elevated Token:  Yes   Impersonation Level:  Impersonation   New Logon:  Security ID:  DESKTOP-64-EDR\siesvc  Account Name:  siesvc  Account Domain:  DESKTOP-64-EDR  Logon ID:  0xea4dcb1  Linked Logon ID:  0xea4dcf0  Network Account Name: -  Network Account Domain: -  Logon GUID:  {00000000-0000-0000-0000-000000000000}  Process Information:  Process ID:  0x2038  Process Name:  C:\Program Files\Picus Security\Picus Simulation Agent\Picus.Simulation.UpdateService.exe  Network Information:  Workstation Name: DESKTOP-64-EDR  Source Network Address: -  Source Port:  -  Detailed Authentication Information:  Logon Process:  Advapi    Authentication Package: Negotiate  Transited Services: -  Package Name (NTLM only): -  Key Length:  0  This event is generated when a logon session is created. It is generated on the computer that was accessed.  The subject fields indicate the account on the local system which requested the logon. This is most commonly a service such as the Server service, or a local process such as Winlogon.exe or Services.exe.  The logon type field indicates the kind of logon that occurred. The most common types are 2 (interactive) and 3 (network).  The New Logon fields indicate the account for whom the new logon was created, i.e. the account that was logged on.  The network fields indicate where a remote logon request originated. Workstation name is not always available and may be left blank in some cases.  The impersonation level field indicates the extent to which a process in the logon session can impersonate.  The authentication information fields provide detailed information about this specific logon request.  - Logon GUID is a unique identifier that can be used to correlate this event with a KDC event.  - Transited services indicate which intermediate services have participated in this logon request.  - Package name indicates which sub-protocol was used among the NTLM protocols.  - Key length indicates the length of the generated session key. This will be 0 if no session key was requested."
"Device=WindowsLog	AgentLogFile=Security	PluginVersion=7.2.9.105	Source=Microsoft-Windows-Security-Auditing	Computer=DESKTOP-64-EDR	OriginatingComputer=192.168.153.166	User=	Domain=	EventID=4624	EventIDCode=4624	EventType=8	EventCategory=12544	RecordNumber=8486184	TimeGenerated=1754617344	TimeWritten=1754617344	Level=0	Keywords=0	Task=0	Opcode=0	Message=An account was successfully logged on.  Subject:  Security ID:  NT AUTHORITY\SYSTEM  Account Name:  DESKTOP-64-EDR$  Account Domain:  BOCHK.COM  Logon ID:  0x3e7  Logon Information:  Logon Type:  2  Restricted Admin Mode: -  Virtual Account:  No   Elevated Token:  No   Impersonation Level:  Impersonation   New Logon:  Security ID:  DESKTOP-64-EDR\siesvc  Account Name:  siesvc  Account Domain:  DESKTOP-64-EDR  Logon ID:  0xea4dcf0  Linked Logon ID:  0xea4dcb1  Network Account Name: -  Network Account Domain: -  Logon GUID:  {00000000-0000-0000-0000-000000000000}  Process Information:  Process ID:  0x2038  Process Name:  C:\Program Files\Picus Security\Picus Simulation Agent\Picus.Simulation.UpdateService.exe  Network Information:  Workstation Name: DESKTOP-64-EDR  Source Network Address: -  Source Port:  -  Detailed Authentication Information:  Logon Process:  Advapi    Authentication Package: Negotiate  Transited Services: -  Package Name (NTLM only): -  Key Length:  0  This event is generated when a logon session is created. It is generated on the computer that was accessed.  The subject fields indicate the account on the local system which requested the logon. This is most commonly a service such as the Server service, or a local process such as Winlogon.exe or Services.exe.  The logon type field indicates the kind of logon that occurred. The most common types are 2 (interactive) and 3 (network).  The New Logon fields indicate the account for whom the new logon was created, i.e. the account that was logged on.  The network fields indicate where a remote logon request originated. Workstation name is not always available and may be left blank in some cases.  The impersonation level field indicates the extent to which a process in the logon session can impersonate.  The authentication information fields provide detailed information about this specific logon request.  - Logon GUID is a unique identifier that can be used to correlate this event with a KDC event.  - Transited services indicate which intermediate services have participated in this logon request.  - Package name indicates which sub-protocol was used among the NTLM protocols.  - Key length indicates the length of the generated session key. This will be 0 if no session key was requested."
"Device=WindowsLog	AgentLogFile=Security	PluginVersion=7.2.9.105	Source=Microsoft-Windows-Security-Auditing	Computer=DESKTOP-64-EDR	OriginatingComputer=192.168.153.166	User=	Domain=	EventID=4648	EventIDCode=4648	EventType=8	EventCategory=12544	RecordNumber=8486182	TimeGenerated=1754617344	TimeWritten=1754617344	Level=0	Keywords=0	Task=0	Opcode=0	Message=A logon was attempted using explicit credentials.  Subject:  Security ID:  NT AUTHORITY\SYSTEM  Account Name:  DESKTOP-64-EDR$  Account Domain:  BOCHK.COM  Logon ID:  0x3e7  Logon GUID:  {00000000-0000-0000-0000-000000000000}  Account Whose Credentials Were Used:  Account Name:  siesvc  Account Domain:  DESKTOP-64-EDR  Logon GUID:  {00000000-0000-0000-0000-000000000000}  Target Server:  Target Server Name: localhost  Additional Information: localhost  Process Information:  Process ID:  0x2038  Process Name:  C:\Program Files\Picus Security\Picus Simulation Agent\Picus.Simulation.UpdateService.exe  Network Information:  Network Address: -  Port:   -  This event is generated when a process attempts to log on an account by explicitly specifying that account’s credentials.  This most commonly occurs in batch-type configurations such as scheduled tasks, or when using the RUNAS command."
"Device=WindowsLog	AgentLogFile=Security	PluginVersion=7.2.9.105	Source=Microsoft-Windows-Security-Auditing	Computer=DESKTOP-64-EDR	OriginatingComputer=192.168.153.166	User=	Domain=	EventID=4624	EventIDCode=4624	EventType=8	EventCategory=12544	RecordNumber=8486179	TimeGenerated=1754617339	TimeWritten=1754617339	Level=0	Keywords=0	Task=0	Opcode=0	Message=An account was successfully logged on.  Subject:  Security ID:  NT AUTHORITY\SYSTEM  Account Name:  DESKTOP-64-EDR$  Account Domain:  BOCHK.COM  Logon ID:  0x3e7  Logon Information:  Logon Type:  2  Restricted Admin Mode: -  Virtual Account:  No   Elevated Token:  No   Impersonation Level:  Impersonation   New Logon:  Security ID:  DESKTOP-64-EDR\siesvc  Account Name:  siesvc  Account Domain:  DESKTOP-64-EDR  Logon ID:  0xea4d606  Linked Logon ID:  0xea4d5c7  Network Account Name: -  Network Account Domain: -  Logon GUID:  {00000000-0000-0000-0000-000000000000}  Process Information:  Process ID:  0x1c6c  Process Name:  C:\Program Files\Picus Security\Picus Simulation Agent\Picus.Simulation.AgentService.exe  Network Information:  Workstation Name: DESKTOP-64-EDR  Source Network Address: -  Source Port:  -  Detailed Authentication Information:  Logon Process:  Advapi    Authentication Package: Negotiate  Transited Services: -  Package Name (NTLM only): -  Key Length:  0  This event is generated when a logon session is created. It is generated on the computer that was accessed.  The subject fields indicate the account on the local system which requested the logon. This is most commonly a service such as the Server service, or a local process such as Winlogon.exe or Services.exe.  The logon type field indicates the kind of logon that occurred. The most common types are 2 (interactive) and 3 (network).  The New Logon fields indicate the account for whom the new logon was created, i.e. the account that was logged on.  The network fields indicate where a remote logon request originated. Workstation name is not always available and may be left blank in some cases.  The impersonation level field indicates the extent to which a process in the logon session can impersonate.  The authentication information fields provide detailed information about this specific logon request.  - Logon GUID is a unique identifier that can be used to correlate this event with a KDC event.  - Transited services indicate which intermediate services have participated in this logon request.  - Package name indicates which sub-protocol was used among the NTLM protocols.  - Key length indicates the length of the generated session key. This will be 0 if no session key was requested."
