"Device=WindowsLog	AgentLogFile=Security	PluginVersion=7.2.9.105	Source=Microsoft-Windows-Security-Auditing	Computer=DESKTOP-64-EDR	OriginatingComputer=192.168.153.166	User=	Domain=	EventID=4624	EventIDCode=4624	EventType=8	EventCategory=12544	RecordNumber=8374217	TimeGenerated=1754469598	TimeWritten=1754469598	Level=0	Keywords=0	Task=0	Opcode=0	Message=An account was successfully logged on.  Subject:  Security ID:  NT AUTHORITY\SYSTEM  Account Name:  DESKTOP-64-EDR$  Account Domain:  BOCHK.COM  Logon ID:  0x3e7  Logon Information:  Logon Type:  2  Restricted Admin Mode: -  Virtual Account:  No   Elevated Token:  No   Impersonation Level:  Impersonation   New Logon:  Security ID:  DESKTOP-64-EDR\siesvc  Account Name:  siesvc  Account Domain:  DESKTOP-64-EDR  Logon ID:  0xc4a4c72  Linked Logon ID:  0xc4a4c32  Network Account Name: -  Network Account Domain: -  Logon GUID:  {00000000-0000-0000-0000-000000000000}  Process Information:  Process ID:  0x1c6c  Process Name:  C:\Program Files\Picus Security\Picus Simulation Agent\Picus.Simulation.AgentService.exe  Network Information:  Workstation Name: DESKTOP-64-EDR  Source Network Address: -  Source Port:  -  Detailed Authentication Information:  Logon Process:  Advapi    Authentication Package: Negotiate  Transited Services: -  Package Name (NTLM only): -  Key Length:  0  This event is generated when a logon session is created. It is generated on the computer that was accessed.  The subject fields indicate the account on the local system which requested the logon. This is most commonly a service such as the Server service, or a local process such as Winlogon.exe or Services.exe.  The logon type field indicates the kind of logon that occurred. The most common types are 2 (interactive) and 3 (network).  The New Logon fields indicate the account for whom the new logon was created, i.e. the account that was logged on.  The network fields indicate where a remote logon request originated. Workstation name is not always available and may be left blank in some cases.  The impersonation level field indicates the extent to which a process in the logon session can impersonate.  The authentication information fields provide detailed information about this specific logon request.  - Logon GUID is a unique identifier that can be used to correlate this event with a KDC event.  - Transited services indicate which intermediate services have participated in this logon request.  - Package name indicates which sub-protocol was used among the NTLM protocols.  - Key length indicates the length of the generated session key. This will be 0 if no session key was requested."
"Device=WindowsLog	AgentLogFile=Security	PluginVersion=7.2.9.105	Source=Microsoft-Windows-Security-Auditing	Computer=DESKTOP-64-EDR	OriginatingComputer=192.168.153.166	User=	Domain=	EventID=4648	EventIDCode=4648	EventType=8	EventCategory=12544	RecordNumber=8374206	TimeGenerated=1754469588	TimeWritten=1754469588	Level=0	Keywords=0	Task=0	Opcode=0	Message=A logon was attempted using explicit credentials.  Subject:  Security ID:  NT AUTHORITY\SYSTEM  Account Name:  DESKTOP-64-EDR$  Account Domain:  BOCHK.COM  Logon ID:  0x3e7  Logon GUID:  {00000000-0000-0000-0000-000000000000}  Account Whose Credentials Were Used:  Account Name:  siesvc  Account Domain:  DESKTOP-64-EDR  Logon GUID:  {00000000-0000-0000-0000-000000000000}  Target Server:  Target Server Name: localhost  Additional Information: localhost  Process Information:  Process ID:  0x1c6c  Process Name:  C:\Program Files\Picus Security\Picus Simulation Agent\Picus.Simulation.AgentService.exe  Network Information:  Network Address: -  Port:   -  This event is generated when a process attempts to log on an account by explicitly specifying that account’s credentials.  This most commonly occurs in batch-type configurations such as scheduled tasks, or when using the RUNAS command."
"Device=WindowsLog	AgentLogFile=Security	PluginVersion=7.2.9.105	Source=Microsoft-Windows-Security-Auditing	Computer=DESKTOP-64-EDR	OriginatingComputer=192.168.153.166	User=	Domain=	EventID=4624	EventIDCode=4624	EventType=8	EventCategory=12544	RecordNumber=8374208	TimeGenerated=1754469588	TimeWritten=1754469588	Level=0	Keywords=0	Task=0	Opcode=0	Message=An account was successfully logged on.  Subject:  Security ID:  NT AUTHORITY\SYSTEM  Account Name:  DESKTOP-64-EDR$  Account Domain:  BOCHK.COM  Logon ID:  0x3e7  Logon Information:  Logon Type:  2  Restricted Admin Mode: -  Virtual Account:  No   Elevated Token:  No   Impersonation Level:  Impersonation   New Logon:  Security ID:  DESKTOP-64-EDR\siesvc  Account Name:  siesvc  Account Domain:  DESKTOP-64-EDR  Logon ID:  0xc4a2b1c  Linked Logon ID:  0xc4a2add  Network Account Name: -  Network Account Domain: -  Logon GUID:  {00000000-0000-0000-0000-000000000000}  Process Information:  Process ID:  0x1c6c  Process Name:  C:\Program Files\Picus Security\Picus Simulation Agent\Picus.Simulation.AgentService.exe  Network Information:  Workstation Name: DESKTOP-64-EDR  Source Network Address: -  Source Port:  -  Detailed Authentication Information:  Logon Process:  Advapi    Authentication Package: Negotiate  Transited Services: -  Package Name (NTLM only): -  Key Length:  0  This event is generated when a logon session is created. It is generated on the computer that was accessed.  The subject fields indicate the account on the local system which requested the logon. This is most commonly a service such as the Server service, or a local process such as Winlogon.exe or Services.exe.  The logon type field indicates the kind of logon that occurred. The most common types are 2 (interactive) and 3 (network).  The New Logon fields indicate the account for whom the new logon was created, i.e. the account that was logged on.  The network fields indicate where a remote logon request originated. Workstation name is not always available and may be left blank in some cases.  The impersonation level field indicates the extent to which a process in the logon session can impersonate.  The authentication information fields provide detailed information about this specific logon request.  - Logon GUID is a unique identifier that can be used to correlate this event with a KDC event.  - Transited services indicate which intermediate services have participated in this logon request.  - Package name indicates which sub-protocol was used among the NTLM protocols.  - Key length indicates the length of the generated session key. This will be 0 if no session key was requested."
"Device=WindowsLog	AgentLogFile=Security	PluginVersion=7.2.9.105	Source=Microsoft-Windows-Security-Auditing	Computer=DESKTOP-64-EDR	OriginatingComputer=192.168.153.166	User=	Domain=	EventID=4624	EventIDCode=4624	EventType=8	EventCategory=12544	RecordNumber=8374207	TimeGenerated=1754469588	TimeWritten=1754469588	Level=0	Keywords=0	Task=0	Opcode=0	Message=An account was successfully logged on.  Subject:  Security ID:  NT AUTHORITY\SYSTEM  Account Name:  DESKTOP-64-EDR$  Account Domain:  BOCHK.COM  Logon ID:  0x3e7  Logon Information:  Logon Type:  2  Restricted Admin Mode: -  Virtual Account:  No   Elevated Token:  Yes   Impersonation Level:  Impersonation   New Logon:  Security ID:  DESKTOP-64-EDR\siesvc  Account Name:  siesvc  Account Domain:  DESKTOP-64-EDR  Logon ID:  0xc4a2add  Linked Logon ID:  0xc4a2b1c  Network Account Name: -  Network Account Domain: -  Logon GUID:  {00000000-0000-0000-0000-000000000000}  Process Information:  Process ID:  0x1c6c  Process Name:  C:\Program Files\Picus Security\Picus Simulation Agent\Picus.Simulation.AgentService.exe  Network Information:  Workstation Name: DESKTOP-64-EDR  Source Network Address: -  Source Port:  -  Detailed Authentication Information:  Logon Process:  Advapi    Authentication Package: Negotiate  Transited Services: -  Package Name (NTLM only): -  Key Length:  0  This event is generated when a logon session is created. It is generated on the computer that was accessed.  The subject fields indicate the account on the local system which requested the logon. This is most commonly a service such as the Server service, or a local process such as Winlogon.exe or Services.exe.  The logon type field indicates the kind of logon that occurred. The most common types are 2 (interactive) and 3 (network).  The New Logon fields indicate the account for whom the new logon was created, i.e. the account that was logged on.  The network fields indicate where a remote logon request originated. Workstation name is not always available and may be left blank in some cases.  The impersonation level field indicates the extent to which a process in the logon session can impersonate.  The authentication information fields provide detailed information about this specific logon request.  - Logon GUID is a unique identifier that can be used to correlate this event with a KDC event.  - Transited services indicate which intermediate services have participated in this logon request.  - Package name indicates which sub-protocol was used among the NTLM protocols.  - Key length indicates the length of the generated session key. This will be 0 if no session key was requested."
"Device=WindowsLog	AgentLogFile=Security	PluginVersion=7.2.9.105	Source=Microsoft-Windows-Security-Auditing	Computer=DESKTOP-64-EDR	OriginatingComputer=192.168.153.166	User=	Domain=	EventID=4624	EventIDCode=4624	EventType=8	EventCategory=12544	RecordNumber=8374202	TimeGenerated=1754469578	TimeWritten=1754469578	Level=0	Keywords=0	Task=0	Opcode=0	Message=An account was successfully logged on.  Subject:  Security ID:  NT AUTHORITY\SYSTEM  Account Name:  DESKTOP-64-EDR$  Account Domain:  BOCHK.COM  Logon ID:  0x3e7  Logon Information:  Logon Type:  2  Restricted Admin Mode: -  Virtual Account:  No   Elevated Token:  Yes   Impersonation Level:  Impersonation   New Logon:  Security ID:  DESKTOP-64-EDR\siesvc  Account Name:  siesvc  Account Domain:  DESKTOP-64-EDR  Logon ID:  0xc4a2355  Linked Logon ID:  0xc4a2394  Network Account Name: -  Network Account Domain: -  Logon GUID:  {00000000-0000-0000-0000-000000000000}  Process Information:  Process ID:  0x1c6c  Process Name:  C:\Program Files\Picus Security\Picus Simulation Agent\Picus.Simulation.AgentService.exe  Network Information:  Workstation Name: DESKTOP-64-EDR  Source Network Address: -  Source Port:  -  Detailed Authentication Information:  Logon Process:  Advapi    Authentication Package: Negotiate  Transited Services: -  Package Name (NTLM only): -  Key Length:  0  This event is generated when a logon session is created. It is generated on the computer that was accessed.  The subject fields indicate the account on the local system which requested the logon. This is most commonly a service such as the Server service, or a local process such as Winlogon.exe or Services.exe.  The logon type field indicates the kind of logon that occurred. The most common types are 2 (interactive) and 3 (network).  The New Logon fields indicate the account for whom the new logon was created, i.e. the account that was logged on.  The network fields indicate where a remote logon request originated. Workstation name is not always available and may be left blank in some cases.  The impersonation level field indicates the extent to which a process in the logon session can impersonate.  The authentication information fields provide detailed information about this specific logon request.  - Logon GUID is a unique identifier that can be used to correlate this event with a KDC event.  - Transited services indicate which intermediate services have participated in this logon request.  - Package name indicates which sub-protocol was used among the NTLM protocols.  - Key length indicates the length of the generated session key. This will be 0 if no session key was requested."
"Device=WindowsLog	AgentLogFile=Security	PluginVersion=7.2.9.105	Source=Microsoft-Windows-Security-Auditing	Computer=DESKTOP-64-EDR	OriginatingComputer=192.168.153.166	User=	Domain=	EventID=4624	EventIDCode=4624	EventType=8	EventCategory=12544	RecordNumber=8374203	TimeGenerated=1754469578	TimeWritten=1754469578	Level=0	Keywords=0	Task=0	Opcode=0	Message=An account was successfully logged on.  Subject:  Security ID:  NT AUTHORITY\SYSTEM  Account Name:  DESKTOP-64-EDR$  Account Domain:  BOCHK.COM  Logon ID:  0x3e7  Logon Information:  Logon Type:  2  Restricted Admin Mode: -  Virtual Account:  No   Elevated Token:  No   Impersonation Level:  Impersonation   New Logon:  Security ID:  DESKTOP-64-EDR\siesvc  Account Name:  siesvc  Account Domain:  DESKTOP-64-EDR  Logon ID:  0xc4a2394  Linked Logon ID:  0xc4a2355  Network Account Name: -  Network Account Domain: -  Logon GUID:  {00000000-0000-0000-0000-000000000000}  Process Information:  Process ID:  0x1c6c  Process Name:  C:\Program Files\Picus Security\Picus Simulation Agent\Picus.Simulation.AgentService.exe  Network Information:  Workstation Name: DESKTOP-64-EDR  Source Network Address: -  Source Port:  -  Detailed Authentication Information:  Logon Process:  Advapi    Authentication Package: Negotiate  Transited Services: -  Package Name (NTLM only): -  Key Length:  0  This event is generated when a logon session is created. It is generated on the computer that was accessed.  The subject fields indicate the account on the local system which requested the logon. This is most commonly a service such as the Server service, or a local process such as Winlogon.exe or Services.exe.  The logon type field indicates the kind of logon that occurred. The most common types are 2 (interactive) and 3 (network).  The New Logon fields indicate the account for whom the new logon was created, i.e. the account that was logged on.  The network fields indicate where a remote logon request originated. Workstation name is not always available and may be left blank in some cases.  The impersonation level field indicates the extent to which a process in the logon session can impersonate.  The authentication information fields provide detailed information about this specific logon request.  - Logon GUID is a unique identifier that can be used to correlate this event with a KDC event.  - Transited services indicate which intermediate services have participated in this logon request.  - Package name indicates which sub-protocol was used among the NTLM protocols.  - Key length indicates the length of the generated session key. This will be 0 if no session key was requested."
"Device=WindowsLog	AgentLogFile=Security	PluginVersion=7.2.9.105	Source=Microsoft-Windows-Security-Auditing	Computer=DESKTOP-64-EDR	OriginatingComputer=192.168.153.166	User=	Domain=	EventID=4648	EventIDCode=4648	EventType=8	EventCategory=12544	RecordNumber=8374201	TimeGenerated=1754469578	TimeWritten=1754469578	Level=0	Keywords=0	Task=0	Opcode=0	Message=A logon was attempted using explicit credentials.  Subject:  Security ID:  NT AUTHORITY\SYSTEM  Account Name:  DESKTOP-64-EDR$  Account Domain:  BOCHK.COM  Logon ID:  0x3e7  Logon GUID:  {00000000-0000-0000-0000-000000000000}  Account Whose Credentials Were Used:  Account Name:  siesvc  Account Domain:  DESKTOP-64-EDR  Logon GUID:  {00000000-0000-0000-0000-000000000000}  Target Server:  Target Server Name: localhost  Additional Information: localhost  Process Information:  Process ID:  0x1c6c  Process Name:  C:\Program Files\Picus Security\Picus Simulation Agent\Picus.Simulation.AgentService.exe  Network Information:  Network Address: -  Port:   -  This event is generated when a process attempts to log on an account by explicitly specifying that account’s credentials.  This most commonly occurs in batch-type configurations such as scheduled tasks, or when using the RUNAS command."
"Device=WindowsLog	AgentLogFile=Security	PluginVersion=7.2.9.105	Source=Microsoft-Windows-Security-Auditing	Computer=DESKTOP-64-EDR	OriginatingComputer=192.168.153.166	User=	Domain=	EventID=4624	EventIDCode=4624	EventType=8	EventCategory=12544	RecordNumber=8374197	TimeGenerated=1754469567	TimeWritten=1754469567	Level=0	Keywords=0	Task=0	Opcode=0	Message=An account was successfully logged on.  Subject:  Security ID:  NT AUTHORITY\SYSTEM  Account Name:  DESKTOP-64-EDR$  Account Domain:  BOCHK.COM  Logon ID:  0x3e7  Logon Information:  Logon Type:  2  Restricted Admin Mode: -  Virtual Account:  No   Elevated Token:  Yes   Impersonation Level:  Impersonation   New Logon:  Security ID:  DESKTOP-64-EDR\siesvc  Account Name:  siesvc  Account Domain:  DESKTOP-64-EDR  Logon ID:  0xc4a1a16  Linked Logon ID:  0xc4a1a56  Network Account Name: -  Network Account Domain: -  Logon GUID:  {00000000-0000-0000-0000-000000000000}  Process Information:  Process ID:  0x1c6c  Process Name:  C:\Program Files\Picus Security\Picus Simulation Agent\Picus.Simulation.AgentService.exe  Network Information:  Workstation Name: DESKTOP-64-EDR  Source Network Address: -  Source Port:  -  Detailed Authentication Information:  Logon Process:  Advapi    Authentication Package: Negotiate  Transited Services: -  Package Name (NTLM only): -  Key Length:  0  This event is generated when a logon session is created. It is generated on the computer that was accessed.  The subject fields indicate the account on the local system which requested the logon. This is most commonly a service such as the Server service, or a local process such as Winlogon.exe or Services.exe.  The logon type field indicates the kind of logon that occurred. The most common types are 2 (interactive) and 3 (network).  The New Logon fields indicate the account for whom the new logon was created, i.e. the account that was logged on.  The network fields indicate where a remote logon request originated. Workstation name is not always available and may be left blank in some cases.  The impersonation level field indicates the extent to which a process in the logon session can impersonate.  The authentication information fields provide detailed information about this specific logon request.  - Logon GUID is a unique identifier that can be used to correlate this event with a KDC event.  - Transited services indicate which intermediate services have participated in this logon request.  - Package name indicates which sub-protocol was used among the NTLM protocols.  - Key length indicates the length of the generated session key. This will be 0 if no session key was requested."
"Device=WindowsLog	AgentLogFile=Security	PluginVersion=7.2.9.105	Source=Microsoft-Windows-Security-Auditing	Computer=DESKTOP-64-EDR	OriginatingComputer=192.168.153.166	User=	Domain=	EventID=4624	EventIDCode=4624	EventType=8	EventCategory=12544	RecordNumber=8374198	TimeGenerated=1754469567	TimeWritten=1754469567	Level=0	Keywords=0	Task=0	Opcode=0	Message=An account was successfully logged on.  Subject:  Security ID:  NT AUTHORITY\SYSTEM  Account Name:  DESKTOP-64-EDR$  Account Domain:  BOCHK.COM  Logon ID:  0x3e7  Logon Information:  Logon Type:  2  Restricted Admin Mode: -  Virtual Account:  No   Elevated Token:  No   Impersonation Level:  Impersonation   New Logon:  Security ID:  DESKTOP-64-EDR\siesvc  Account Name:  siesvc  Account Domain:  DESKTOP-64-EDR  Logon ID:  0xc4a1a56  Linked Logon ID:  0xc4a1a16  Network Account Name: -  Network Account Domain: -  Logon GUID:  {00000000-0000-0000-0000-000000000000}  Process Information:  Process ID:  0x1c6c  Process Name:  C:\Program Files\Picus Security\Picus Simulation Agent\Picus.Simulation.AgentService.exe  Network Information:  Workstation Name: DESKTOP-64-EDR  Source Network Address: -  Source Port:  -  Detailed Authentication Information:  Logon Process:  Advapi    Authentication Package: Negotiate  Transited Services: -  Package Name (NTLM only): -  Key Length:  0  This event is generated when a logon session is created. It is generated on the computer that was accessed.  The subject fields indicate the account on the local system which requested the logon. This is most commonly a service such as the Server service, or a local process such as Winlogon.exe or Services.exe.  The logon type field indicates the kind of logon that occurred. The most common types are 2 (interactive) and 3 (network).  The New Logon fields indicate the account for whom the new logon was created, i.e. the account that was logged on.  The network fields indicate where a remote logon request originated. Workstation name is not always available and may be left blank in some cases.  The impersonation level field indicates the extent to which a process in the logon session can impersonate.  The authentication information fields provide detailed information about this specific logon request.  - Logon GUID is a unique identifier that can be used to correlate this event with a KDC event.  - Transited services indicate which intermediate services have participated in this logon request.  - Package name indicates which sub-protocol was used among the NTLM protocols.  - Key length indicates the length of the generated session key. This will be 0 if no session key was requested."
"Device=WindowsLog	AgentLogFile=Security	PluginVersion=7.2.9.105	Source=Microsoft-Windows-Security-Auditing	Computer=DESKTOP-64-EDR	OriginatingComputer=192.168.153.166	User=	Domain=	EventID=4648	EventIDCode=4648	EventType=8	EventCategory=12544	RecordNumber=8374196	TimeGenerated=1754469567	TimeWritten=1754469567	Level=0	Keywords=0	Task=0	Opcode=0	Message=A logon was attempted using explicit credentials.  Subject:  Security ID:  NT AUTHORITY\SYSTEM  Account Name:  DESKTOP-64-EDR$  Account Domain:  BOCHK.COM  Logon ID:  0x3e7  Logon GUID:  {00000000-0000-0000-0000-000000000000}  Account Whose Credentials Were Used:  Account Name:  siesvc  Account Domain:  DESKTOP-64-EDR  Logon GUID:  {00000000-0000-0000-0000-000000000000}  Target Server:  Target Server Name: localhost  Additional Information: localhost  Process Information:  Process ID:  0x1c6c  Process Name:  C:\Program Files\Picus Security\Picus Simulation Agent\Picus.Simulation.AgentService.exe  Network Information:  Network Address: -  Port:   -  This event is generated when a process attempts to log on an account by explicitly specifying that account’s credentials.  This most commonly occurs in batch-type configurations such as scheduled tasks, or when using the RUNAS command."
"Device=WindowsLog	AgentLogFile=Security	PluginVersion=7.2.9.105	Source=Microsoft-Windows-Security-Auditing	Computer=DESKTOP-64-EDR	OriginatingComputer=192.168.153.166	User=	Domain=	EventID=4624	EventIDCode=4624	EventType=8	EventCategory=12544	RecordNumber=8374193	TimeGenerated=1754469557	TimeWritten=1754469557	Level=0	Keywords=0	Task=0	Opcode=0	Message=An account was successfully logged on.  Subject:  Security ID:  NT AUTHORITY\SYSTEM  Account Name:  DESKTOP-64-EDR$  Account Domain:  BOCHK.COM  Logon ID:  0x3e7  Logon Information:  Logon Type:  2  Restricted Admin Mode: -  Virtual Account:  No   Elevated Token:  No   Impersonation Level:  Impersonation   New Logon:  Security ID:  DESKTOP-64-EDR\siesvc  Account Name:  siesvc  Account Domain:  DESKTOP-64-EDR  Logon ID:  0xc4a1491  Linked Logon ID:  0xc4a1452  Network Account Name: -  Network Account Domain: -  Logon GUID:  {00000000-0000-0000-0000-000000000000}  Process Information:  Process ID:  0x1c6c  Process Name:  C:\Program Files\Picus Security\Picus Simulation Agent\Picus.Simulation.AgentService.exe  Network Information:  Workstation Name: DESKTOP-64-EDR  Source Network Address: -  Source Port:  -  Detailed Authentication Information:  Logon Process:  Advapi    Authentication Package: Negotiate  Transited Services: -  Package Name (NTLM only): -  Key Length:  0  This event is generated when a logon session is created. It is generated on the computer that was accessed.  The subject fields indicate the account on the local system which requested the logon. This is most commonly a service such as the Server service, or a local process such as Winlogon.exe or Services.exe.  The logon type field indicates the kind of logon that occurred. The most common types are 2 (interactive) and 3 (network).  The New Logon fields indicate the account for whom the new logon was created, i.e. the account that was logged on.  The network fields indicate where a remote logon request originated. Workstation name is not always available and may be left blank in some cases.  The impersonation level field indicates the extent to which a process in the logon session can impersonate.  The authentication information fields provide detailed information about this specific logon request.  - Logon GUID is a unique identifier that can be used to correlate this event with a KDC event.  - Transited services indicate which intermediate services have participated in this logon request.  - Package name indicates which sub-protocol was used among the NTLM protocols.  - Key length indicates the length of the generated session key. This will be 0 if no session key was requested."
"Device=WindowsLog	AgentLogFile=Security	PluginVersion=7.2.9.105	Source=Microsoft-Windows-Security-Auditing	Computer=DESKTOP-64-EDR	OriginatingComputer=192.168.153.166	User=	Domain=	EventID=4624	EventIDCode=4624	EventType=8	EventCategory=12544	RecordNumber=8374192	TimeGenerated=1754469557	TimeWritten=1754469557	Level=0	Keywords=0	Task=0	Opcode=0	Message=An account was successfully logged on.  Subject:  Security ID:  NT AUTHORITY\SYSTEM  Account Name:  DESKTOP-64-EDR$  Account Domain:  BOCHK.COM  Logon ID:  0x3e7  Logon Information:  Logon Type:  2  Restricted Admin Mode: -  Virtual Account:  No   Elevated Token:  Yes   Impersonation Level:  Impersonation   New Logon:  Security ID:  DESKTOP-64-EDR\siesvc  Account Name:  siesvc  Account Domain:  DESKTOP-64-EDR  Logon ID:  0xc4a1452  Linked Logon ID:  0xc4a1491  Network Account Name: -  Network Account Domain: -  Logon GUID:  {00000000-0000-0000-0000-000000000000}  Process Information:  Process ID:  0x1c6c  Process Name:  C:\Program Files\Picus Security\Picus Simulation Agent\Picus.Simulation.AgentService.exe  Network Information:  Workstation Name: DESKTOP-64-EDR  Source Network Address: -  Source Port:  -  Detailed Authentication Information:  Logon Process:  Advapi    Authentication Package: Negotiate  Transited Services: -  Package Name (NTLM only): -  Key Length:  0  This event is generated when a logon session is created. It is generated on the computer that was accessed.  The subject fields indicate the account on the local system which requested the logon. This is most commonly a service such as the Server service, or a local process such as Winlogon.exe or Services.exe.  The logon type field indicates the kind of logon that occurred. The most common types are 2 (interactive) and 3 (network).  The New Logon fields indicate the account for whom the new logon was created, i.e. the account that was logged on.  The network fields indicate where a remote logon request originated. Workstation name is not always available and may be left blank in some cases.  The impersonation level field indicates the extent to which a process in the logon session can impersonate.  The authentication information fields provide detailed information about this specific logon request.  - Logon GUID is a unique identifier that can be used to correlate this event with a KDC event.  - Transited services indicate which intermediate services have participated in this logon request.  - Package name indicates which sub-protocol was used among the NTLM protocols.  - Key length indicates the length of the generated session key. This will be 0 if no session key was requested."
"Device=WindowsLog	AgentLogFile=Security	PluginVersion=7.2.9.105	Source=Microsoft-Windows-Security-Auditing	Computer=DESKTOP-64-EDR	OriginatingComputer=192.168.153.166	User=	Domain=	EventID=4648	EventIDCode=4648	EventType=8	EventCategory=12544	RecordNumber=8374191	TimeGenerated=1754469557	TimeWritten=1754469557	Level=0	Keywords=0	Task=0	Opcode=0	Message=A logon was attempted using explicit credentials.  Subject:  Security ID:  NT AUTHORITY\SYSTEM  Account Name:  DESKTOP-64-EDR$  Account Domain:  BOCHK.COM  Logon ID:  0x3e7  Logon GUID:  {00000000-0000-0000-0000-000000000000}  Account Whose Credentials Were Used:  Account Name:  siesvc  Account Domain:  DESKTOP-64-EDR  Logon GUID:  {00000000-0000-0000-0000-000000000000}  Target Server:  Target Server Name: localhost  Additional Information: localhost  Process Information:  Process ID:  0x1c6c  Process Name:  C:\Program Files\Picus Security\Picus Simulation Agent\Picus.Simulation.AgentService.exe  Network Information:  Network Address: -  Port:   -  This event is generated when a process attempts to log on an account by explicitly specifying that account’s credentials.  This most commonly occurs in batch-type configurations such as scheduled tasks, or when using the RUNAS command."
"Device=WindowsLog	AgentLogFile=Security	PluginVersion=7.2.9.105	Source=Microsoft-Windows-Security-Auditing	Computer=DESKTOP-64-EDR	OriginatingComputer=192.168.153.166	User=	Domain=	EventID=4624	EventIDCode=4624	EventType=8	EventCategory=12544	RecordNumber=8374188	TimeGenerated=1754469547	TimeWritten=1754469547	Level=0	Keywords=0	Task=0	Opcode=0	Message=An account was successfully logged on.  Subject:  Security ID:  NT AUTHORITY\SYSTEM  Account Name:  DESKTOP-64-EDR$  Account Domain:  BOCHK.COM  Logon ID:  0x3e7  Logon Information:  Logon Type:  2  Restricted Admin Mode: -  Virtual Account:  No   Elevated Token:  No   Impersonation Level:  Impersonation   New Logon:  Security ID:  DESKTOP-64-EDR\siesvc  Account Name:  siesvc  Account Domain:  DESKTOP-64-EDR  Logon ID:  0xc4a0a82  Linked Logon ID:  0xc4a0a43  Network Account Name: -  Network Account Domain: -  Logon GUID:  {00000000-0000-0000-0000-000000000000}  Process Information:  Process ID:  0x1c6c  Process Name:  C:\Program Files\Picus Security\Picus Simulation Agent\Picus.Simulation.AgentService.exe  Network Information:  Workstation Name: DESKTOP-64-EDR  Source Network Address: -  Source Port:  -  Detailed Authentication Information:  Logon Process:  Advapi    Authentication Package: Negotiate  Transited Services: -  Package Name (NTLM only): -  Key Length:  0  This event is generated when a logon session is created. It is generated on the computer that was accessed.  The subject fields indicate the account on the local system which requested the logon. This is most commonly a service such as the Server service, or a local process such as Winlogon.exe or Services.exe.  The logon type field indicates the kind of logon that occurred. The most common types are 2 (interactive) and 3 (network).  The New Logon fields indicate the account for whom the new logon was created, i.e. the account that was logged on.  The network fields indicate where a remote logon request originated. Workstation name is not always available and may be left blank in some cases.  The impersonation level field indicates the extent to which a process in the logon session can impersonate.  The authentication information fields provide detailed information about this specific logon request.  - Logon GUID is a unique identifier that can be used to correlate this event with a KDC event.  - Transited services indicate which intermediate services have participated in this logon request.  - Package name indicates which sub-protocol was used among the NTLM protocols.  - Key length indicates the length of the generated session key. This will be 0 if no session key was requested."
"Device=WindowsLog	AgentLogFile=Security	PluginVersion=7.2.9.105	Source=Microsoft-Windows-Security-Auditing	Computer=DESKTOP-64-EDR	OriginatingComputer=192.168.153.166	User=	Domain=	EventID=4624	EventIDCode=4624	EventType=8	EventCategory=12544	RecordNumber=8374187	TimeGenerated=1754469547	TimeWritten=1754469547	Level=0	Keywords=0	Task=0	Opcode=0	Message=An account was successfully logged on.  Subject:  Security ID:  NT AUTHORITY\SYSTEM  Account Name:  DESKTOP-64-EDR$  Account Domain:  BOCHK.COM  Logon ID:  0x3e7  Logon Information:  Logon Type:  2  Restricted Admin Mode: -  Virtual Account:  No   Elevated Token:  Yes   Impersonation Level:  Impersonation   New Logon:  Security ID:  DESKTOP-64-EDR\siesvc  Account Name:  siesvc  Account Domain:  DESKTOP-64-EDR  Logon ID:  0xc4a0a43  Linked Logon ID:  0xc4a0a82  Network Account Name: -  Network Account Domain: -  Logon GUID:  {00000000-0000-0000-0000-000000000000}  Process Information:  Process ID:  0x1c6c  Process Name:  C:\Program Files\Picus Security\Picus Simulation Agent\Picus.Simulation.AgentService.exe  Network Information:  Workstation Name: DESKTOP-64-EDR  Source Network Address: -  Source Port:  -  Detailed Authentication Information:  Logon Process:  Advapi    Authentication Package: Negotiate  Transited Services: -  Package Name (NTLM only): -  Key Length:  0  This event is generated when a logon session is created. It is generated on the computer that was accessed.  The subject fields indicate the account on the local system which requested the logon. This is most commonly a service such as the Server service, or a local process such as Winlogon.exe or Services.exe.  The logon type field indicates the kind of logon that occurred. The most common types are 2 (interactive) and 3 (network).  The New Logon fields indicate the account for whom the new logon was created, i.e. the account that was logged on.  The network fields indicate where a remote logon request originated. Workstation name is not always available and may be left blank in some cases.  The impersonation level field indicates the extent to which a process in the logon session can impersonate.  The authentication information fields provide detailed information about this specific logon request.  - Logon GUID is a unique identifier that can be used to correlate this event with a KDC event.  - Transited services indicate which intermediate services have participated in this logon request.  - Package name indicates which sub-protocol was used among the NTLM protocols.  - Key length indicates the length of the generated session key. This will be 0 if no session key was requested."
"Device=WindowsLog	AgentLogFile=Security	PluginVersion=7.2.9.105	Source=Microsoft-Windows-Security-Auditing	Computer=DESKTOP-64-EDR	OriginatingComputer=192.168.153.166	User=	Domain=	EventID=4648	EventIDCode=4648	EventType=8	EventCategory=12544	RecordNumber=8374186	TimeGenerated=1754469547	TimeWritten=1754469547	Level=0	Keywords=0	Task=0	Opcode=0	Message=A logon was attempted using explicit credentials.  Subject:  Security ID:  NT AUTHORITY\SYSTEM  Account Name:  DESKTOP-64-EDR$  Account Domain:  BOCHK.COM  Logon ID:  0x3e7  Logon GUID:  {00000000-0000-0000-0000-000000000000}  Account Whose Credentials Were Used:  Account Name:  siesvc  Account Domain:  DESKTOP-64-EDR  Logon GUID:  {00000000-0000-0000-0000-000000000000}  Target Server:  Target Server Name: localhost  Additional Information: localhost  Process Information:  Process ID:  0x1c6c  Process Name:  C:\Program Files\Picus Security\Picus Simulation Agent\Picus.Simulation.AgentService.exe  Network Information:  Network Address: -  Port:   -  This event is generated when a process attempts to log on an account by explicitly specifying that account’s credentials.  This most commonly occurs in batch-type configurations such as scheduled tasks, or when using the RUNAS command."
"Device=WindowsLog	AgentLogFile=Security	PluginVersion=7.2.9.105	Source=Microsoft-Windows-Security-Auditing	Computer=DESKTOP-64-EDR	OriginatingComputer=192.168.153.166	User=	Domain=	EventID=4624	EventIDCode=4624	EventType=8	EventCategory=12544	RecordNumber=8374183	TimeGenerated=1754469544	TimeWritten=1754469544	Level=0	Keywords=0	Task=0	Opcode=0	Message=An account was successfully logged on.  Subject:  Security ID:  NT AUTHORITY\SYSTEM  Account Name:  DESKTOP-64-EDR$  Account Domain:  BOCHK.COM  Logon ID:  0x3e7  Logon Information:  Logon Type:  2  Restricted Admin Mode: -  Virtual Account:  No   Elevated Token:  No   Impersonation Level:  Impersonation   New Logon:  Security ID:  DESKTOP-64-EDR\siesvc  Account Name:  siesvc  Account Domain:  DESKTOP-64-EDR  Logon ID:  0xc4a060b  Linked Logon ID:  0xc4a05cc  Network Account Name: -  Network Account Domain: -  Logon GUID:  {00000000-0000-0000-0000-000000000000}  Process Information:  Process ID:  0x1c6c  Process Name:  C:\Program Files\Picus Security\Picus Simulation Agent\Picus.Simulation.AgentService.exe  Network Information:  Workstation Name: DESKTOP-64-EDR  Source Network Address: -  Source Port:  -  Detailed Authentication Information:  Logon Process:  Advapi    Authentication Package: Negotiate  Transited Services: -  Package Name (NTLM only): -  Key Length:  0  This event is generated when a logon session is created. It is generated on the computer that was accessed.  The subject fields indicate the account on the local system which requested the logon. This is most commonly a service such as the Server service, or a local process such as Winlogon.exe or Services.exe.  The logon type field indicates the kind of logon that occurred. The most common types are 2 (interactive) and 3 (network).  The New Logon fields indicate the account for whom the new logon was created, i.e. the account that was logged on.  The network fields indicate where a remote logon request originated. Workstation name is not always available and may be left blank in some cases.  The impersonation level field indicates the extent to which a process in the logon session can impersonate.  The authentication information fields provide detailed information about this specific logon request.  - Logon GUID is a unique identifier that can be used to correlate this event with a KDC event.  - Transited services indicate which intermediate services have participated in this logon request.  - Package name indicates which sub-protocol was used among the NTLM protocols.  - Key length indicates the length of the generated session key. This will be 0 if no session key was requested."
"Device=WindowsLog	AgentLogFile=Security	PluginVersion=7.2.9.105	Source=Microsoft-Windows-Security-Auditing	Computer=DESKTOP-64-EDR	OriginatingComputer=192.168.153.166	User=	Domain=	EventID=4624	EventIDCode=4624	EventType=8	EventCategory=12544	RecordNumber=8374182	TimeGenerated=1754469544	TimeWritten=1754469544	Level=0	Keywords=0	Task=0	Opcode=0	Message=An account was successfully logged on.  Subject:  Security ID:  NT AUTHORITY\SYSTEM  Account Name:  DESKTOP-64-EDR$  Account Domain:  BOCHK.COM  Logon ID:  0x3e7  Logon Information:  Logon Type:  2  Restricted Admin Mode: -  Virtual Account:  No   Elevated Token:  Yes   Impersonation Level:  Impersonation   New Logon:  Security ID:  DESKTOP-64-EDR\siesvc  Account Name:  siesvc  Account Domain:  DESKTOP-64-EDR  Logon ID:  0xc4a05cc  Linked Logon ID:  0xc4a060b  Network Account Name: -  Network Account Domain: -  Logon GUID:  {00000000-0000-0000-0000-000000000000}  Process Information:  Process ID:  0x1c6c  Process Name:  C:\Program Files\Picus Security\Picus Simulation Agent\Picus.Simulation.AgentService.exe  Network Information:  Workstation Name: DESKTOP-64-EDR  Source Network Address: -  Source Port:  -  Detailed Authentication Information:  Logon Process:  Advapi    Authentication Package: Negotiate  Transited Services: -  Package Name (NTLM only): -  Key Length:  0  This event is generated when a logon session is created. It is generated on the computer that was accessed.  The subject fields indicate the account on the local system which requested the logon. This is most commonly a service such as the Server service, or a local process such as Winlogon.exe or Services.exe.  The logon type field indicates the kind of logon that occurred. The most common types are 2 (interactive) and 3 (network).  The New Logon fields indicate the account for whom the new logon was created, i.e. the account that was logged on.  The network fields indicate where a remote logon request originated. Workstation name is not always available and may be left blank in some cases.  The impersonation level field indicates the extent to which a process in the logon session can impersonate.  The authentication information fields provide detailed information about this specific logon request.  - Logon GUID is a unique identifier that can be used to correlate this event with a KDC event.  - Transited services indicate which intermediate services have participated in this logon request.  - Package name indicates which sub-protocol was used among the NTLM protocols.  - Key length indicates the length of the generated session key. This will be 0 if no session key was requested."
"Device=WindowsLog	AgentLogFile=Security	PluginVersion=7.2.9.105	Source=Microsoft-Windows-Security-Auditing	Computer=DESKTOP-64-EDR	OriginatingComputer=192.168.153.166	User=	Domain=	EventID=4648	EventIDCode=4648	EventType=8	EventCategory=12544	RecordNumber=8374181	TimeGenerated=1754469544	TimeWritten=1754469544	Level=0	Keywords=0	Task=0	Opcode=0	Message=A logon was attempted using explicit credentials.  Subject:  Security ID:  NT AUTHORITY\SYSTEM  Account Name:  DESKTOP-64-EDR$  Account Domain:  BOCHK.COM  Logon ID:  0x3e7  Logon GUID:  {00000000-0000-0000-0000-000000000000}  Account Whose Credentials Were Used:  Account Name:  siesvc  Account Domain:  DESKTOP-64-EDR  Logon GUID:  {00000000-0000-0000-0000-000000000000}  Target Server:  Target Server Name: localhost  Additional Information: localhost  Process Information:  Process ID:  0x1c6c  Process Name:  C:\Program Files\Picus Security\Picus Simulation Agent\Picus.Simulation.AgentService.exe  Network Information:  Network Address: -  Port:   -  This event is generated when a process attempts to log on an account by explicitly specifying that account’s credentials.  This most commonly occurs in batch-type configurations such as scheduled tasks, or when using the RUNAS command."
"Device=WindowsLog	AgentLogFile=Security	PluginVersion=7.2.9.105	Source=Microsoft-Windows-Security-Auditing	Computer=DESKTOP-64-EDR	OriginatingComputer=192.168.153.166	User=	Domain=	EventID=4624	EventIDCode=4624	EventType=8	EventCategory=12544	RecordNumber=8374143	TimeGenerated=1754469543	TimeWritten=1754469543	Level=0	Keywords=0	Task=0	Opcode=0	Message=An account was successfully logged on.  Subject:  Security ID:  NT AUTHORITY\SYSTEM  Account Name:  DESKTOP-64-EDR$  Account Domain:  BOCHK.COM  Logon ID:  0x3e7  Logon Information:  Logon Type:  2  Restricted Admin Mode: -  Virtual Account:  No   Elevated Token:  Yes   Impersonation Level:  Impersonation   New Logon:  Security ID:  DESKTOP-64-EDR\siesvc  Account Name:  siesvc  Account Domain:  DESKTOP-64-EDR  Logon ID:  0xc49fae8  Linked Logon ID:  0xc49fb27  Network Account Name: -  Network Account Domain: -  Logon GUID:  {00000000-0000-0000-0000-000000000000}  Process Information:  Process ID:  0x1c6c  Process Name:  C:\Program Files\Picus Security\Picus Simulation Agent\Picus.Simulation.AgentService.exe  Network Information:  Workstation Name: DESKTOP-64-EDR  Source Network Address: -  Source Port:  -  Detailed Authentication Information:  Logon Process:  Advapi    Authentication Package: Negotiate  Transited Services: -  Package Name (NTLM only): -  Key Length:  0  This event is generated when a logon session is created. It is generated on the computer that was accessed.  The subject fields indicate the account on the local system which requested the logon. This is most commonly a service such as the Server service, or a local process such as Winlogon.exe or Services.exe.  The logon type field indicates the kind of logon that occurred. The most common types are 2 (interactive) and 3 (network).  The New Logon fields indicate the account for whom the new logon was created, i.e. the account that was logged on.  The network fields indicate where a remote logon request originated. Workstation name is not always available and may be left blank in some cases.  The impersonation level field indicates the extent to which a process in the logon session can impersonate.  The authentication information fields provide detailed information about this specific logon request.  - Logon GUID is a unique identifier that can be used to correlate this event with a KDC event.  - Transited services indicate which intermediate services have participated in this logon request.  - Package name indicates which sub-protocol was used among the NTLM protocols.  - Key length indicates the length of the generated session key. This will be 0 if no session key was requested."
"Device=WindowsLog	AgentLogFile=Security	PluginVersion=7.2.9.105	Source=Microsoft-Windows-Security-Auditing	Computer=DESKTOP-64-EDR	OriginatingComputer=192.168.153.166	User=	Domain=	EventID=4624	EventIDCode=4624	EventType=8	EventCategory=12544	RecordNumber=8374144	TimeGenerated=1754469543	TimeWritten=1754469543	Level=0	Keywords=0	Task=0	Opcode=0	Message=An account was successfully logged on.  Subject:  Security ID:  NT AUTHORITY\SYSTEM  Account Name:  DESKTOP-64-EDR$  Account Domain:  BOCHK.COM  Logon ID:  0x3e7  Logon Information:  Logon Type:  2  Restricted Admin Mode: -  Virtual Account:  No   Elevated Token:  No   Impersonation Level:  Impersonation   New Logon:  Security ID:  DESKTOP-64-EDR\siesvc  Account Name:  siesvc  Account Domain:  DESKTOP-64-EDR  Logon ID:  0xc49fb27  Linked Logon ID:  0xc49fae8  Network Account Name: -  Network Account Domain: -  Logon GUID:  {00000000-0000-0000-0000-000000000000}  Process Information:  Process ID:  0x1c6c  Process Name:  C:\Program Files\Picus Security\Picus Simulation Agent\Picus.Simulation.AgentService.exe  Network Information:  Workstation Name: DESKTOP-64-EDR  Source Network Address: -  Source Port:  -  Detailed Authentication Information:  Logon Process:  Advapi    Authentication Package: Negotiate  Transited Services: -  Package Name (NTLM only): -  Key Length:  0  This event is generated when a logon session is created. It is generated on the computer that was accessed.  The subject fields indicate the account on the local system which requested the logon. This is most commonly a service such as the Server service, or a local process such as Winlogon.exe or Services.exe.  The logon type field indicates the kind of logon that occurred. The most common types are 2 (interactive) and 3 (network).  The New Logon fields indicate the account for whom the new logon was created, i.e. the account that was logged on.  The network fields indicate where a remote logon request originated. Workstation name is not always available and may be left blank in some cases.  The impersonation level field indicates the extent to which a process in the logon session can impersonate.  The authentication information fields provide detailed information about this specific logon request.  - Logon GUID is a unique identifier that can be used to correlate this event with a KDC event.  - Transited services indicate which intermediate services have participated in this logon request.  - Package name indicates which sub-protocol was used among the NTLM protocols.  - Key length indicates the length of the generated session key. This will be 0 if no session key was requested."
"Device=WindowsLog	AgentLogFile=Security	PluginVersion=7.2.9.105	Source=Microsoft-Windows-Security-Auditing	Computer=DESKTOP-64-EDR	OriginatingComputer=192.168.153.166	User=	Domain=	EventID=4648	EventIDCode=4648	EventType=8	EventCategory=12544	RecordNumber=8374142	TimeGenerated=1754469543	TimeWritten=1754469543	Level=0	Keywords=0	Task=0	Opcode=0	Message=A logon was attempted using explicit credentials.  Subject:  Security ID:  NT AUTHORITY\SYSTEM  Account Name:  DESKTOP-64-EDR$  Account Domain:  BOCHK.COM  Logon ID:  0x3e7  Logon GUID:  {00000000-0000-0000-0000-000000000000}  Account Whose Credentials Were Used:  Account Name:  siesvc  Account Domain:  DESKTOP-64-EDR  Logon GUID:  {00000000-0000-0000-0000-000000000000}  Target Server:  Target Server Name: localhost  Additional Information: localhost  Process Information:  Process ID:  0x1c6c  Process Name:  C:\Program Files\Picus Security\Picus Simulation Agent\Picus.Simulation.AgentService.exe  Network Information:  Network Address: -  Port:   -  This event is generated when a process attempts to log on an account by explicitly specifying that account’s credentials.  This most commonly occurs in batch-type configurations such as scheduled tasks, or when using the RUNAS command."
