"Device=WindowsLog	AgentLogFile=Security	PluginVersion=7.2.9.105	Source=Microsoft-Windows-Security-Auditing	Computer=DESKTOP-64-EDR	OriginatingComputer=192.168.153.166	User=	Domain=	EventID=4624	EventIDCode=4624	EventType=8	EventCategory=12544	RecordNumber=8438417	TimeGenerated=1754557973	TimeWritten=1754557973	Level=0	Keywords=0	Task=0	Opcode=0	Message=An account was successfully logged on.  Subject:  Security ID:  NT AUTHORITY\SYSTEM  Account Name:  DESKTOP-64-EDR$  Account Domain:  BOCHK.COM  Logon ID:  0x3e7  Logon Information:  Logon Type:  2  Restricted Admin Mode: -  Virtual Account:  No   Elevated Token:  Yes   Impersonation Level:  Impersonation   New Logon:  Security ID:  DESKTOP-64-EDR\siesvc  Account Name:  siesvc  Account Domain:  DESKTOP-64-EDR  Logon ID:  0xd98d914  Linked Logon ID:  0xd98d97a  Network Account Name: -  Network Account Domain: -  Logon GUID:  {00000000-0000-0000-0000-000000000000}  Process Information:  Process ID:  0x1c6c  Process Name:  C:\Program Files\Picus Security\Picus Simulation Agent\Picus.Simulation.AgentService.exe  Network Information:  Workstation Name: DESKTOP-64-EDR  Source Network Address: -  Source Port:  -  Detailed Authentication Information:  Logon Process:  Advapi    Authentication Package: Negotiate  Transited Services: -  Package Name (NTLM only): -  Key Length:  0  This event is generated when a logon session is created. It is generated on the computer that was accessed.  The subject fields indicate the account on the local system which requested the logon. This is most commonly a service such as the Server service, or a local process such as Winlogon.exe or Services.exe.  The logon type field indicates the kind of logon that occurred. The most common types are 2 (interactive) and 3 (network).  The New Logon fields indicate the account for whom the new logon was created, i.e. the account that was logged on.  The network fields indicate where a remote logon request originated. Workstation name is not always available and may be left blank in some cases.  The impersonation level field indicates the extent to which a process in the logon session can impersonate.  The authentication information fields provide detailed information about this specific logon request.  - Logon GUID is a unique identifier that can be used to correlate this event with a KDC event.  - Transited services indicate which intermediate services have participated in this logon request.  - Package name indicates which sub-protocol was used among the NTLM protocols.  - Key length indicates the length of the generated session key. This will be 0 if no session key was requested."
"Device=WindowsLog	AgentLogFile=Microsoft-Windows-PowerShell/Operational	PluginVersion=7.2.9.105	Source=Microsoft-Windows-PowerShell	Computer=DESKTOP-64-EDR	OriginatingComputer=DESKTOP-64-EDR	User=siesvc	Domain=DESKTOP-64-EDR	EventID=4103	EventIDCode=4103	EventType=4	EventCategory=106	RecordNumber=2004204	TimeGenerated=1754557975	TimeWritten=1754557975	Level=Informational	Keywords=0	Task=ExecutePipeline	Opcode=20	Message=CommandInvocation(Get-Date): ""Get-Date""""   Context:         Severity = Informational         Host Name = ConsoleHost         Host Version = 5.1.19041.2673         Host ID = 3b3cc973-6d33-434a-a220-78d5ae5365ab         Host Application = powershell.exe -c Get-ChildItem -Path """"C:\Users\siesvc\AppData\LocalLow\Microsoft\CryptnetUrlCache\Content"""" -Recurse | Where-Object {($_.LastWriteTime -gt (Get-Date).AddMinutes(-10))} | Remove-Item -Force <#PICUS_REWIND#>         Engine Version = 5.1.19041.2673         Runspace ID = 65dcb70f-17f2-48b8-8836-20007e038659         Pipeline ID = 1         Command Name = Get-Date         Command Type = Cmdlet         Script Name =          Command Path =          Sequence Number = 44         User = DESKTOP-64-EDR\siesvc         Connected User =          Shell ID = Microsoft.PowerShell   User Data:"""
"Device=WindowsLog	AgentLogFile=Microsoft-Windows-PowerShell/Operational	PluginVersion=7.2.9.105	Source=Microsoft-Windows-PowerShell	Computer=DESKTOP-64-EDR	OriginatingComputer=DESKTOP-64-EDR	User=siesvc	Domain=DESKTOP-64-EDR	EventID=4103	EventIDCode=4103	EventType=4	EventCategory=106	RecordNumber=2004206	TimeGenerated=1754557975	TimeWritten=1754557975	Level=Informational	Keywords=0	Task=ExecutePipeline	Opcode=20	Message=CommandInvocation(Out-Default): ""Out-Default""""   Context:         Severity = Informational         Host Name = ConsoleHost         Host Version = 5.1.19041.2673         Host ID = 3b3cc973-6d33-434a-a220-78d5ae5365ab         Host Application = powershell.exe -c Get-ChildItem -Path """"C:\Users\siesvc\AppData\LocalLow\Microsoft\CryptnetUrlCache\Content"""" -Recurse | Where-Object {($_.LastWriteTime -gt (Get-Date).AddMinutes(-10))} | Remove-Item -Force <#PICUS_REWIND#>         Engine Version = 5.1.19041.2673         Runspace ID = 65dcb70f-17f2-48b8-8836-20007e038659         Pipeline ID = 1         Command Name =          Command Type = Script         Script Name =          Command Path =          Sequence Number = 48         User = DESKTOP-64-EDR\siesvc         Connected User =          Shell ID = Microsoft.PowerShell   User Data:"""
"Device=WindowsLog	AgentLogFile=Microsoft-Windows-PowerShell/Operational	PluginVersion=7.2.9.105	Source=Microsoft-Windows-PowerShell	Computer=DESKTOP-64-EDR	OriginatingComputer=DESKTOP-64-EDR	User=siesvc	Domain=DESKTOP-64-EDR	EventID=4103	EventIDCode=4103	EventType=4	EventCategory=106	RecordNumber=2004205	TimeGenerated=1754557975	TimeWritten=1754557975	Level=Informational	Keywords=0	Task=ExecutePipeline	Opcode=20	Message=CommandInvocation(Get-ChildItem): ""Get-ChildItem"""" ParameterBinding(Get-ChildItem): name=""""Path""""; value=""""C:\Users\siesvc\AppData\LocalLow\Microsoft\CryptnetUrlCache\Content"""" ParameterBinding(Get-ChildItem): name=""""Recurse""""; value=""""True"""" CommandInvocation(Where-Object): """"Where-Object"""" ParameterBinding(Where-Object): name=""""FilterScript""""; value=""""($_.LastWriteTime -gt (Get-Date).AddMinutes(-10))"""" CommandInvocation(Remove-Item): """"Remove-Item"""" ParameterBinding(Remove-Item): name=""""Force""""; value=""""True"""" ParameterBinding(Where-Object): name=""""InputObject""""; value=""""05DDC6AA91765AACACDB0A5F96DF8199"""" ParameterBinding(Where-Object): name=""""InputObject""""; value=""""103621DE9CD5414CC2538780B4B75751"""" ParameterBinding(Where-Object): name=""""InputObject""""; value=""""26C212D9399727259664BDFCA073966E_0C4CF5196B6676C60436CD17DE56BD63"""" ParameterBinding(Where-Object): name=""""InputObject""""; value=""""26C212D9399727259664BDFCA073966E_D53C01423A36DBCEB0BB7256A7DA6D8C"""" ParameterBinding(Where-Object): name=""""InputObject""""; value=""""57C8EDB95DF3F0AD4EE2DC2B8CFD4157"""" ParameterBinding(Where-Object): name=""""InputObject""""; value=""""7423F88C7F265F0DEFC08EA88C3BDE45_AA1E8580D4EBC816148CE81268683776"""" ParameterBinding(Where-Object): name=""""InputObject""""; value=""""75CA58072B9926F763A91F0CC2798706_056B48C93C4964C2E64C0A8958238656"""" ParameterBinding(Remove-Item): name=""""LiteralPath""""; value=""""Microsoft.PowerShell.Core\FileSystem::C:\Users\siesvc\AppData\LocalLow\Microsoft\CryptnetUrlCache\Content\75CA58072B9926F763A91F0CC2798706_056B48C93C4964C2E64C0A8958238656"""" ParameterBinding(Where-Object): name=""""InputObject""""; value=""""77EC63BDA74BD0D0E0426DC8F8008506"""" ParameterBinding(Where-Object): name=""""InputObject""""; value=""""8B2B9A00839EED1DFDCCC3BFC2F5DF12"""" ParameterBinding(Where-Object): name=""""InputObject""""; value=""""B46811C17859FFB409CF0E904A4AA8F8"""" ParameterBinding(Where-Object): name=""""InputObject""""; value=""""BAD725C80F9E10846F35D039A996E4A8_88B6AE015495C1ECC395D19C1DD02894"""" ParameterBinding(Remove-Item): name=""""LiteralPath""""; value=""""Microsoft.PowerShell.Core\FileSystem::C:\Users\siesvc\AppData\LocalLow\Microsoft\CryptnetUrlCache\Content\BAD725C80F9E10846F35D039A996E4A8_88B6AE015495C1ECC395D19C1DD02894"""" ParameterBinding(Where-Object): name=""""InputObject""""; value=""""E2C6CBAF0AF08CF203BA74BF0D0AB6D5_6372E0472AFF76BB926C97818BC773B9"""" ParameterBinding(Where-Object): name=""""InputObject""""; value=""""E2C6CBAF0AF08CF203BA74BF0D0AB6D5_CBDCCBFE4F7A916411C1E69BDD97BB04"""" ParameterBinding(Where-Object): name=""""InputObject""""; value=""""F53EB4E574DE32C870452087D92DBEBB_9679287AD9FABBF6E75DBDA128D45E0F"""" ParameterBinding(Remove-Item): name=""""LiteralPath""""; value=""""Microsoft.PowerShell.Core\FileSystem::C:\Users\siesvc\AppData\LocalLow\Microsoft\CryptnetUrlCache\Content\F53EB4E574DE32C870452087D92DBEBB_9679287AD9FABBF6E75DBDA128D45E0F"""" ParameterBinding(Where-Object): name=""""InputObject""""; value=""""FB0D848F74F70BB2EAA93746D24D9749""""   Context:         Severity = Informational         Host Name = ConsoleHost         Host Version = 5.1.19041.2673         Host ID = 3b3cc973-6d33-434a-a220-78d5ae5365ab         Host Application = powershell.exe -c Get-ChildItem -Path """"C:\Users\siesvc\AppData\LocalLow\Microsoft\CryptnetUrlCache\Content"""" -Recurse | Where-Object {($_.LastWriteTime -gt (Get-Date).AddMinutes(-10))} | Remove-Item -Force <#PICUS_REWIND#>         Engine Version = 5.1.19041.2673         Runspace ID = 65dcb70f-17f2-48b8-8836-20007e038659         Pipeline ID = 1         Command Name = Get-ChildItem         Command Type = Cmdlet         Script Name =          Command Path =          Sequence Number = 46         User = DESKTOP-64-EDR\siesvc         Connected User =          Shell ID = Microsoft.PowerSh"""
"Device=WindowsLog	AgentLogFile=Microsoft-Windows-PowerShell/Operational	PluginVersion=7.2.9.105	Source=Microsoft-Windows-PowerShell	Computer=DESKTOP-64-EDR	OriginatingComputer=DESKTOP-64-EDR	User=siesvc	Domain=DESKTOP-64-EDR	EventID=4103	EventIDCode=4103	EventType=4	EventCategory=106	RecordNumber=2004203	TimeGenerated=1754557975	TimeWritten=1754557975	Level=Informational	Keywords=0	Task=ExecutePipeline	Opcode=20	Message=CommandInvocation(Get-Date): ""Get-Date""""   Context:         Severity = Informational         Host Name = ConsoleHost         Host Version = 5.1.19041.2673         Host ID = 3b3cc973-6d33-434a-a220-78d5ae5365ab         Host Application = powershell.exe -c Get-ChildItem -Path """"C:\Users\siesvc\AppData\LocalLow\Microsoft\CryptnetUrlCache\Content"""" -Recurse | Where-Object {($_.LastWriteTime -gt (Get-Date).AddMinutes(-10))} | Remove-Item -Force <#PICUS_REWIND#>         Engine Version = 5.1.19041.2673         Runspace ID = 65dcb70f-17f2-48b8-8836-20007e038659         Pipeline ID = 1         Command Name = Get-Date         Command Type = Cmdlet         Script Name =          Command Path =          Sequence Number = 42         User = DESKTOP-64-EDR\siesvc         Connected User =          Shell ID = Microsoft.PowerShell   User Data:"""
"Device=WindowsLog	AgentLogFile=Microsoft-Windows-PowerShell/Operational	PluginVersion=7.2.9.105	Source=Microsoft-Windows-PowerShell	Computer=DESKTOP-64-EDR	OriginatingComputer=DESKTOP-64-EDR	User=siesvc	Domain=DESKTOP-64-EDR	EventID=4103	EventIDCode=4103	EventType=4	EventCategory=106	RecordNumber=2004202	TimeGenerated=1754557975	TimeWritten=1754557975	Level=Informational	Keywords=0	Task=ExecutePipeline	Opcode=20	Message=CommandInvocation(Get-Date): ""Get-Date""""   Context:         Severity = Informational         Host Name = ConsoleHost         Host Version = 5.1.19041.2673         Host ID = 3b3cc973-6d33-434a-a220-78d5ae5365ab         Host Application = powershell.exe -c Get-ChildItem -Path """"C:\Users\siesvc\AppData\LocalLow\Microsoft\CryptnetUrlCache\Content"""" -Recurse | Where-Object {($_.LastWriteTime -gt (Get-Date).AddMinutes(-10))} | Remove-Item -Force <#PICUS_REWIND#>         Engine Version = 5.1.19041.2673         Runspace ID = 65dcb70f-17f2-48b8-8836-20007e038659         Pipeline ID = 1         Command Name = Get-Date         Command Type = Cmdlet         Script Name =          Command Path =          Sequence Number = 40         User = DESKTOP-64-EDR\siesvc         Connected User =          Shell ID = Microsoft.PowerShell   User Data:"""
"Device=WindowsLog	AgentLogFile=Microsoft-Windows-PowerShell/Operational	PluginVersion=7.2.9.105	Source=Microsoft-Windows-PowerShell	Computer=DESKTOP-64-EDR	OriginatingComputer=DESKTOP-64-EDR	User=siesvc	Domain=DESKTOP-64-EDR	EventID=4103	EventIDCode=4103	EventType=4	EventCategory=106	RecordNumber=2004201	TimeGenerated=1754557975	TimeWritten=1754557975	Level=Informational	Keywords=0	Task=ExecutePipeline	Opcode=20	Message=CommandInvocation(Get-Date): ""Get-Date""""   Context:         Severity = Informational         Host Name = ConsoleHost         Host Version = 5.1.19041.2673         Host ID = 3b3cc973-6d33-434a-a220-78d5ae5365ab         Host Application = powershell.exe -c Get-ChildItem -Path """"C:\Users\siesvc\AppData\LocalLow\Microsoft\CryptnetUrlCache\Content"""" -Recurse | Where-Object {($_.LastWriteTime -gt (Get-Date).AddMinutes(-10))} | Remove-Item -Force <#PICUS_REWIND#>         Engine Version = 5.1.19041.2673         Runspace ID = 65dcb70f-17f2-48b8-8836-20007e038659         Pipeline ID = 1         Command Name = Get-Date         Command Type = Cmdlet         Script Name =          Command Path =          Sequence Number = 38         User = DESKTOP-64-EDR\siesvc         Connected User =          Shell ID = Microsoft.PowerShell   User Data:"""
"Device=WindowsLog	AgentLogFile=Microsoft-Windows-PowerShell/Operational	PluginVersion=7.2.9.105	Source=Microsoft-Windows-PowerShell	Computer=DESKTOP-64-EDR	OriginatingComputer=DESKTOP-64-EDR	User=siesvc	Domain=DESKTOP-64-EDR	EventID=4103	EventIDCode=4103	EventType=4	EventCategory=106	RecordNumber=2004200	TimeGenerated=1754557975	TimeWritten=1754557975	Level=Informational	Keywords=0	Task=ExecutePipeline	Opcode=20	Message=CommandInvocation(Get-Date): ""Get-Date""""   Context:         Severity = Informational         Host Name = ConsoleHost         Host Version = 5.1.19041.2673         Host ID = 3b3cc973-6d33-434a-a220-78d5ae5365ab         Host Application = powershell.exe -c Get-ChildItem -Path """"C:\Users\siesvc\AppData\LocalLow\Microsoft\CryptnetUrlCache\Content"""" -Recurse | Where-Object {($_.LastWriteTime -gt (Get-Date).AddMinutes(-10))} | Remove-Item -Force <#PICUS_REWIND#>         Engine Version = 5.1.19041.2673         Runspace ID = 65dcb70f-17f2-48b8-8836-20007e038659         Pipeline ID = 1         Command Name = Get-Date         Command Type = Cmdlet         Script Name =          Command Path =          Sequence Number = 36         User = DESKTOP-64-EDR\siesvc         Connected User =          Shell ID = Microsoft.PowerShell   User Data:"""
"Device=WindowsLog	AgentLogFile=Microsoft-Windows-PowerShell/Operational	PluginVersion=7.2.9.105	Source=Microsoft-Windows-PowerShell	Computer=DESKTOP-64-EDR	OriginatingComputer=DESKTOP-64-EDR	User=siesvc	Domain=DESKTOP-64-EDR	EventID=4103	EventIDCode=4103	EventType=4	EventCategory=106	RecordNumber=2004199	TimeGenerated=1754557975	TimeWritten=1754557975	Level=Informational	Keywords=0	Task=ExecutePipeline	Opcode=20	Message=CommandInvocation(Get-Date): ""Get-Date""""   Context:         Severity = Informational         Host Name = ConsoleHost         Host Version = 5.1.19041.2673         Host ID = 3b3cc973-6d33-434a-a220-78d5ae5365ab         Host Application = powershell.exe -c Get-ChildItem -Path """"C:\Users\siesvc\AppData\LocalLow\Microsoft\CryptnetUrlCache\Content"""" -Recurse | Where-Object {($_.LastWriteTime -gt (Get-Date).AddMinutes(-10))} | Remove-Item -Force <#PICUS_REWIND#>         Engine Version = 5.1.19041.2673         Runspace ID = 65dcb70f-17f2-48b8-8836-20007e038659         Pipeline ID = 1         Command Name = Get-Date         Command Type = Cmdlet         Script Name =          Command Path =          Sequence Number = 34         User = DESKTOP-64-EDR\siesvc         Connected User =          Shell ID = Microsoft.PowerShell   User Data:"""
"Device=WindowsLog	AgentLogFile=Microsoft-Windows-PowerShell/Operational	PluginVersion=7.2.9.105	Source=Microsoft-Windows-PowerShell	Computer=DESKTOP-64-EDR	OriginatingComputer=DESKTOP-64-EDR	User=siesvc	Domain=DESKTOP-64-EDR	EventID=4103	EventIDCode=4103	EventType=4	EventCategory=106	RecordNumber=2004198	TimeGenerated=1754557975	TimeWritten=1754557975	Level=Informational	Keywords=0	Task=ExecutePipeline	Opcode=20	Message=CommandInvocation(Get-Date): ""Get-Date""""   Context:         Severity = Informational         Host Name = ConsoleHost         Host Version = 5.1.19041.2673         Host ID = 3b3cc973-6d33-434a-a220-78d5ae5365ab         Host Application = powershell.exe -c Get-ChildItem -Path """"C:\Users\siesvc\AppData\LocalLow\Microsoft\CryptnetUrlCache\Content"""" -Recurse | Where-Object {($_.LastWriteTime -gt (Get-Date).AddMinutes(-10))} | Remove-Item -Force <#PICUS_REWIND#>         Engine Version = 5.1.19041.2673         Runspace ID = 65dcb70f-17f2-48b8-8836-20007e038659         Pipeline ID = 1         Command Name = Get-Date         Command Type = Cmdlet         Script Name =          Command Path =          Sequence Number = 32         User = DESKTOP-64-EDR\siesvc         Connected User =          Shell ID = Microsoft.PowerShell   User Data:"""
"Device=WindowsLog	AgentLogFile=Microsoft-Windows-PowerShell/Operational	PluginVersion=7.2.9.105	Source=Microsoft-Windows-PowerShell	Computer=DESKTOP-64-EDR	OriginatingComputer=DESKTOP-64-EDR	User=siesvc	Domain=DESKTOP-64-EDR	EventID=4103	EventIDCode=4103	EventType=4	EventCategory=106	RecordNumber=2004197	TimeGenerated=1754557975	TimeWritten=1754557975	Level=Informational	Keywords=0	Task=ExecutePipeline	Opcode=20	Message=CommandInvocation(Get-Date): ""Get-Date""""   Context:         Severity = Informational         Host Name = ConsoleHost         Host Version = 5.1.19041.2673         Host ID = 3b3cc973-6d33-434a-a220-78d5ae5365ab         Host Application = powershell.exe -c Get-ChildItem -Path """"C:\Users\siesvc\AppData\LocalLow\Microsoft\CryptnetUrlCache\Content"""" -Recurse | Where-Object {($_.LastWriteTime -gt (Get-Date).AddMinutes(-10))} | Remove-Item -Force <#PICUS_REWIND#>         Engine Version = 5.1.19041.2673         Runspace ID = 65dcb70f-17f2-48b8-8836-20007e038659         Pipeline ID = 1         Command Name = Get-Date         Command Type = Cmdlet         Script Name =          Command Path =          Sequence Number = 30         User = DESKTOP-64-EDR\siesvc         Connected User =          Shell ID = Microsoft.PowerShell   User Data:"""
"Device=WindowsLog	AgentLogFile=Microsoft-Windows-PowerShell/Operational	PluginVersion=7.2.9.105	Source=Microsoft-Windows-PowerShell	Computer=DESKTOP-64-EDR	OriginatingComputer=DESKTOP-64-EDR	User=siesvc	Domain=DESKTOP-64-EDR	EventID=4103	EventIDCode=4103	EventType=4	EventCategory=106	RecordNumber=2004196	TimeGenerated=1754557975	TimeWritten=1754557975	Level=Informational	Keywords=0	Task=ExecutePipeline	Opcode=20	Message=CommandInvocation(Get-Date): ""Get-Date""""   Context:         Severity = Informational         Host Name = ConsoleHost         Host Version = 5.1.19041.2673         Host ID = 3b3cc973-6d33-434a-a220-78d5ae5365ab         Host Application = powershell.exe -c Get-ChildItem -Path """"C:\Users\siesvc\AppData\LocalLow\Microsoft\CryptnetUrlCache\Content"""" -Recurse | Where-Object {($_.LastWriteTime -gt (Get-Date).AddMinutes(-10))} | Remove-Item -Force <#PICUS_REWIND#>         Engine Version = 5.1.19041.2673         Runspace ID = 65dcb70f-17f2-48b8-8836-20007e038659         Pipeline ID = 1         Command Name = Get-Date         Command Type = Cmdlet         Script Name =          Command Path =          Sequence Number = 28         User = DESKTOP-64-EDR\siesvc         Connected User =          Shell ID = Microsoft.PowerShell   User Data:"""
"Device=WindowsLog	AgentLogFile=Microsoft-Windows-PowerShell/Operational	PluginVersion=7.2.9.105	Source=Microsoft-Windows-PowerShell	Computer=DESKTOP-64-EDR	OriginatingComputer=DESKTOP-64-EDR	User=siesvc	Domain=DESKTOP-64-EDR	EventID=4103	EventIDCode=4103	EventType=4	EventCategory=106	RecordNumber=2004195	TimeGenerated=1754557975	TimeWritten=1754557975	Level=Informational	Keywords=0	Task=ExecutePipeline	Opcode=20	Message=CommandInvocation(Get-Date): ""Get-Date""""   Context:         Severity = Informational         Host Name = ConsoleHost         Host Version = 5.1.19041.2673         Host ID = 3b3cc973-6d33-434a-a220-78d5ae5365ab         Host Application = powershell.exe -c Get-ChildItem -Path """"C:\Users\siesvc\AppData\LocalLow\Microsoft\CryptnetUrlCache\Content"""" -Recurse | Where-Object {($_.LastWriteTime -gt (Get-Date).AddMinutes(-10))} | Remove-Item -Force <#PICUS_REWIND#>         Engine Version = 5.1.19041.2673         Runspace ID = 65dcb70f-17f2-48b8-8836-20007e038659         Pipeline ID = 1         Command Name = Get-Date         Command Type = Cmdlet         Script Name =          Command Path =          Sequence Number = 26         User = DESKTOP-64-EDR\siesvc         Connected User =          Shell ID = Microsoft.PowerShell   User Data:"""
"Device=WindowsLog	AgentLogFile=Microsoft-Windows-PowerShell/Operational	PluginVersion=7.2.9.105	Source=Microsoft-Windows-PowerShell	Computer=DESKTOP-64-EDR	OriginatingComputer=DESKTOP-64-EDR	User=siesvc	Domain=DESKTOP-64-EDR	EventID=4103	EventIDCode=4103	EventType=4	EventCategory=106	RecordNumber=2004194	TimeGenerated=1754557975	TimeWritten=1754557975	Level=Informational	Keywords=0	Task=ExecutePipeline	Opcode=20	Message=CommandInvocation(Get-Date): ""Get-Date""""   Context:         Severity = Informational         Host Name = ConsoleHost         Host Version = 5.1.19041.2673         Host ID = 3b3cc973-6d33-434a-a220-78d5ae5365ab         Host Application = powershell.exe -c Get-ChildItem -Path """"C:\Users\siesvc\AppData\LocalLow\Microsoft\CryptnetUrlCache\Content"""" -Recurse | Where-Object {($_.LastWriteTime -gt (Get-Date).AddMinutes(-10))} | Remove-Item -Force <#PICUS_REWIND#>         Engine Version = 5.1.19041.2673         Runspace ID = 65dcb70f-17f2-48b8-8836-20007e038659         Pipeline ID = 1         Command Name = Get-Date         Command Type = Cmdlet         Script Name =          Command Path =          Sequence Number = 24         User = DESKTOP-64-EDR\siesvc         Connected User =          Shell ID = Microsoft.PowerShell   User Data:"""
"Device=WindowsLog	AgentLogFile=Microsoft-Windows-PowerShell/Operational	PluginVersion=7.2.9.105	Source=Microsoft-Windows-PowerShell	Computer=DESKTOP-64-EDR	OriginatingComputer=DESKTOP-64-EDR	User=siesvc	Domain=DESKTOP-64-EDR	EventID=4103	EventIDCode=4103	EventType=4	EventCategory=106	RecordNumber=2004193	TimeGenerated=1754557975	TimeWritten=1754557975	Level=Informational	Keywords=0	Task=ExecutePipeline	Opcode=20	Message=CommandInvocation(Get-Date): ""Get-Date""""   Context:         Severity = Informational         Host Name = ConsoleHost         Host Version = 5.1.19041.2673         Host ID = 3b3cc973-6d33-434a-a220-78d5ae5365ab         Host Application = powershell.exe -c Get-ChildItem -Path """"C:\Users\siesvc\AppData\LocalLow\Microsoft\CryptnetUrlCache\Content"""" -Recurse | Where-Object {($_.LastWriteTime -gt (Get-Date).AddMinutes(-10))} | Remove-Item -Force <#PICUS_REWIND#>         Engine Version = 5.1.19041.2673         Runspace ID = 65dcb70f-17f2-48b8-8836-20007e038659         Pipeline ID = 1         Command Name = Get-Date         Command Type = Cmdlet         Script Name =          Command Path =          Sequence Number = 22         User = DESKTOP-64-EDR\siesvc         Connected User =          Shell ID = Microsoft.PowerShell   User Data:"""
"Device=WindowsLog	AgentLogFile=Microsoft-Windows-PowerShell/Operational	PluginVersion=7.2.9.105	Source=Microsoft-Windows-PowerShell	Computer=DESKTOP-64-EDR	OriginatingComputer=DESKTOP-64-EDR	User=siesvc	Domain=DESKTOP-64-EDR	EventID=4103	EventIDCode=4103	EventType=4	EventCategory=106	RecordNumber=2004192	TimeGenerated=1754557975	TimeWritten=1754557975	Level=Informational	Keywords=0	Task=ExecutePipeline	Opcode=20	Message=CommandInvocation(Get-Date): ""Get-Date""""   Context:         Severity = Informational         Host Name = ConsoleHost         Host Version = 5.1.19041.2673         Host ID = 3b3cc973-6d33-434a-a220-78d5ae5365ab         Host Application = powershell.exe -c Get-ChildItem -Path """"C:\Users\siesvc\AppData\LocalLow\Microsoft\CryptnetUrlCache\Content"""" -Recurse | Where-Object {($_.LastWriteTime -gt (Get-Date).AddMinutes(-10))} | Remove-Item -Force <#PICUS_REWIND#>         Engine Version = 5.1.19041.2673         Runspace ID = 65dcb70f-17f2-48b8-8836-20007e038659         Pipeline ID = 1         Command Name = Get-Date         Command Type = Cmdlet         Script Name =          Command Path =          Sequence Number = 20         User = DESKTOP-64-EDR\siesvc         Connected User =          Shell ID = Microsoft.PowerShell   User Data:"""
"Device=WindowsLog	AgentLogFile=Microsoft-Windows-PowerShell/Operational	PluginVersion=7.2.9.105	Source=Microsoft-Windows-PowerShell	Computer=DESKTOP-64-EDR	OriginatingComputer=DESKTOP-64-EDR	User=siesvc	Domain=DESKTOP-64-EDR	EventID=4103	EventIDCode=4103	EventType=4	EventCategory=106	RecordNumber=2004191	TimeGenerated=1754557975	TimeWritten=1754557975	Level=Informational	Keywords=0	Task=ExecutePipeline	Opcode=20	Message=CommandInvocation(Get-Date): ""Get-Date""""   Context:         Severity = Informational         Host Name = ConsoleHost         Host Version = 5.1.19041.2673         Host ID = 3b3cc973-6d33-434a-a220-78d5ae5365ab         Host Application = powershell.exe -c Get-ChildItem -Path """"C:\Users\siesvc\AppData\LocalLow\Microsoft\CryptnetUrlCache\Content"""" -Recurse | Where-Object {($_.LastWriteTime -gt (Get-Date).AddMinutes(-10))} | Remove-Item -Force <#PICUS_REWIND#>         Engine Version = 5.1.19041.2673         Runspace ID = 65dcb70f-17f2-48b8-8836-20007e038659         Pipeline ID = 1         Command Name = Get-Date         Command Type = Cmdlet         Script Name =          Command Path =          Sequence Number = 18         User = DESKTOP-64-EDR\siesvc         Connected User =          Shell ID = Microsoft.PowerShell   User Data:"""
"Device=WindowsLog	AgentLogFile=Microsoft-Windows-PowerShell/Operational	PluginVersion=7.2.9.105	Source=Microsoft-Windows-PowerShell	Computer=DESKTOP-64-EDR	OriginatingComputer=DESKTOP-64-EDR	User=siesvc	Domain=DESKTOP-64-EDR	EventID=4103	EventIDCode=4103	EventType=4	EventCategory=106	RecordNumber=2004190	TimeGenerated=1754557975	TimeWritten=1754557975	Level=Informational	Keywords=0	Task=ExecutePipeline	Opcode=20	Message=CommandInvocation(Get-Date): ""Get-Date""""   Context:         Severity = Informational         Host Name = ConsoleHost         Host Version = 5.1.19041.2673         Host ID = 3b3cc973-6d33-434a-a220-78d5ae5365ab         Host Application = powershell.exe -c Get-ChildItem -Path """"C:\Users\siesvc\AppData\LocalLow\Microsoft\CryptnetUrlCache\Content"""" -Recurse | Where-Object {($_.LastWriteTime -gt (Get-Date).AddMinutes(-10))} | Remove-Item -Force <#PICUS_REWIND#>         Engine Version = 5.1.19041.2673         Runspace ID = 65dcb70f-17f2-48b8-8836-20007e038659         Pipeline ID = 1         Command Name = Get-Date         Command Type = Cmdlet         Script Name =          Command Path =          Sequence Number = 16         User = DESKTOP-64-EDR\siesvc         Connected User =          Shell ID = Microsoft.PowerShell   User Data:"""
"Device=WindowsLog	AgentLogFile=Microsoft-Windows-PowerShell/Operational	PluginVersion=7.2.9.105	Source=Microsoft-Windows-PowerShell	Computer=DESKTOP-64-EDR	OriginatingComputer=DESKTOP-64-EDR	User=siesvc	Domain=DESKTOP-64-EDR	EventID=4104	EventIDCode=4104	EventType=4	EventCategory=2	RecordNumber=2004188	TimeGenerated=1754557974	TimeWritten=1754557974	Level=Verbose	Keywords=0	Task=ExecuteCommand	Opcode=15	Message=Creating Scriptblock text (1 of 1): Get-ChildItem -Path ""C:\Users\siesvc\AppData\LocalLow\Microsoft\CryptnetUrlCache\Content"""" -Recurse | Where-Object {($_.LastWriteTime -gt (Get-Date).AddMinutes(-10))} | Remove-Item -Force <#PICUS_REWIND#>  ScriptBlock ID: fe2ddc41-99e6-4b36-a255-9d834e79cba5 Path:"""
"Device=WindowsLog	AgentLogFile=Microsoft-Windows-Sysmon/Operational	PluginVersion=7.2.9.105	Source=Microsoft-Windows-Sysmon	Computer=DESKTOP-64-EDR	OriginatingComputer=DESKTOP-64-EDR	User=SYSTEM	Domain=NT AUTHORITY	EventID=1	EventIDCode=1	EventType=4	EventCategory=1	RecordNumber=5939156	TimeGenerated=1754557974	TimeWritten=1754557974	Level=Informational	Keywords=0x8000000000000000	Task=SysmonTask-SYSMONEVENT_CREATE_PROCESS	Opcode=Info	Message=Process Create: RuleName: - UtcTime: 2025-08-07 09:12:54.630 ProcessGuid: {ca0127e9-6e16-6894-ec4b-000000008b00} ProcessId: 4952 Image: C:\Windows\System32\conhost.exe FileVersion: 10.0.19041.2546 (WinBuild.160101.0800) Description: Console Window Host Product: Microsoft® Windows® Operating System Company: Microsoft Corporation OriginalFileName: CONHOST.EXE CommandLine: \??\C:\Windows\system32\conhost.exe 0xffffffff -ForceV1 CurrentDirectory: C:\Windows User: DESKTOP-64-EDR\siesvc LogonGuid: {ca0127e9-6e16-6894-29dd-980d00000000} LogonId: 0xD98DD29 TerminalSessionId: 0 IntegrityLevel: High Hashes: MD5=17A7131DB3E37157C6D3C09A0BAE95D3,SHA256=A26A1FFB81A61281FFA55CB7778CC3FB0FF981704DE49F75F51F18B283FBA7A2,IMPHASH=C21B297AEB85CEF1BCCE8D72106BBDD0 ParentProcessGuid: {ca0127e9-6e16-6894-eb4b-000000008b00} ParentProcessId: 14232 ParentImage: C:\Windows\System32\WindowsPowerShell\v1.0\powershell.exe ParentCommandLine: powershell.exe -c ""Get-ChildItem -Path \""""C:\Users\siesvc\AppData\LocalLow\Microsoft\CryptnetUrlCache\Content\"""" -Recurse | Where-Object {($_.LastWriteTime -gt (Get-Date).AddMinutes(-10))} | Remove-Item -Force"""" <#PICUS_REWIND#> ParentUser: DESKTOP-64-EDR\siesvc"""
"Device=WindowsLog	AgentLogFile=Microsoft-Windows-Sysmon/Operational	PluginVersion=7.2.9.105	Source=Microsoft-Windows-Sysmon	Computer=DESKTOP-64-EDR	OriginatingComputer=DESKTOP-64-EDR	User=SYSTEM	Domain=NT AUTHORITY	EventID=1	EventIDCode=1	EventType=4	EventCategory=1	RecordNumber=5939155	TimeGenerated=1754557974	TimeWritten=1754557974	Level=Informational	Keywords=0x8000000000000000	Task=SysmonTask-SYSMONEVENT_CREATE_PROCESS	Opcode=Info	Message=Process Create: RuleName: - UtcTime: 2025-08-07 09:12:54.574 ProcessGuid: {ca0127e9-6e16-6894-eb4b-000000008b00} ProcessId: 14232 Image: C:\Windows\System32\WindowsPowerShell\v1.0\powershell.exe FileVersion: 10.0.19041.2913 (WinBuild.160101.0800) Description: Windows PowerShell Product: Microsoft® Windows® Operating System Company: Microsoft Corporation OriginalFileName: PowerShell.EXE CommandLine: powershell.exe -c ""Get-ChildItem -Path \""""C:\Users\siesvc\AppData\LocalLow\Microsoft\CryptnetUrlCache\Content\"""" -Recurse | Where-Object {($_.LastWriteTime -gt (Get-Date).AddMinutes(-10))} | Remove-Item -Force"""" <#PICUS_REWIND#> CurrentDirectory: C:\ProgramData\Picus Security\Picus Simulation Agent\Simulations\Simulation_523402_44701_689e75251fb4\ User: DESKTOP-64-EDR\siesvc LogonGuid: {ca0127e9-6e16-6894-29dd-980d00000000} LogonId: 0xD98DD29 TerminalSessionId: 0 IntegrityLevel: High Hashes: MD5=BCF01E61144D6D6325650134823198B8"
Device=WindowsLog	AgentLogFile=Microsoft-Windows-Sysmon/Operational	PluginVersion=7.2.9.105	Source=Microsoft-Windows-Sysmon	Computer=DESKTOP-64-EDR	OriginatingComputer=DESKTOP-64-EDR	User=SYSTEM	Domain=NT AUTHORITY	EventID=18	EventIDCode=18	EventType=4	EventCategory=18	RecordNumber=5939154	TimeGenerated=1754557974	TimeWritten=1754557974	Level=Informational	Keywords=0x8000000000000000	Task=SysmonTask-SYSMONEVENT_CONNECT_NAMEDPIPE	Opcode=Info	Message=Pipe Connected: RuleName: - EventType: ConnectPipe UtcTime: 2025-08-07 09:12:54.116 ProcessGuid: {ca0127e9-6de4-6894-d64b-000000008b00} ProcessId: 132 PipeName: <Anonymous Pipe> Image: C:\Program Files\Picus Security\Picus Simulation Agent\Picus.Simulator.exe User: NT AUTHORITY\SYSTEM
Device=WindowsLog	AgentLogFile=Microsoft-Windows-Sysmon/Operational	PluginVersion=7.2.9.105	Source=Microsoft-Windows-Sysmon	Computer=DESKTOP-64-EDR	OriginatingComputer=DESKTOP-64-EDR	User=SYSTEM	Domain=NT AUTHORITY	EventID=17	EventIDCode=17	EventType=4	EventCategory=17	RecordNumber=5939153	TimeGenerated=1754557974	TimeWritten=1754557974	Level=Informational	Keywords=0x8000000000000000	Task=SysmonTask-SYSMONEVENT_CREATE_NAMEDPIPE	Opcode=Info	Message=Pipe Created: RuleName: - EventType: CreatePipe UtcTime: 2025-08-07 09:12:54.116 ProcessGuid: {ca0127e9-6de4-6894-d64b-000000008b00} ProcessId: 132 PipeName: <Anonymous Pipe> Image: C:\Program Files\Picus Security\Picus Simulation Agent\Picus.Simulator.exe User: NT AUTHORITY\SYSTEM
"Device=WindowsLog	AgentLogFile=Security	PluginVersion=7.2.9.105	Source=Microsoft-Windows-Security-Auditing	Computer=DESKTOP-64-EDR	OriginatingComputer=192.168.153.166	User=	Domain=	EventID=4624	EventIDCode=4624	EventType=8	EventCategory=12544	RecordNumber=8438413	TimeGenerated=1754557973	TimeWritten=1754557973	Level=0	Keywords=0	Task=0	Opcode=0	Message=An account was successfully logged on.  Subject:  Security ID:  NT AUTHORITY\SYSTEM  Account Name:  DESKTOP-64-EDR$  Account Domain:  BOCHK.COM  Logon ID:  0x3e7  Logon Information:  Logon Type:  2  Restricted Admin Mode: -  Virtual Account:  No   Elevated Token:  No   Impersonation Level:  Impersonation   New Logon:  Security ID:  DESKTOP-64-EDR\siesvc  Account Name:  siesvc  Account Domain:  DESKTOP-64-EDR  Logon ID:  0xd98d69e  Linked Logon ID:  0xd98d65f  Network Account Name: -  Network Account Domain: -  Logon GUID:  {00000000-0000-0000-0000-000000000000}  Process Information:  Process ID:  0x1c6c  Process Name:  C:\Program Files\Picus Security\Picus Simulation Agent\Picus.Simulation.AgentService.exe  Network Information:  Workstation Name: DESKTOP-64-EDR  Source Network Address: -  Source Port:  -  Detailed Authentication Information:  Logon Process:  Advapi    Authentication Package: Negotiate  Transited Services: -  Package Name (NTLM only): -  Key Length:  0  This event is generated when a logon session is created. It is generated on the computer that was accessed.  The subject fields indicate the account on the local system which requested the logon. This is most commonly a service such as the Server service, or a local process such as Winlogon.exe or Services.exe.  The logon type field indicates the kind of logon that occurred. The most common types are 2 (interactive) and 3 (network).  The New Logon fields indicate the account for whom the new logon was created, i.e. the account that was logged on.  The network fields indicate where a remote logon request originated. Workstation name is not always available and may be left blank in some cases.  The impersonation level field indicates the extent to which a process in the logon session can impersonate.  The authentication information fields provide detailed information about this specific logon request.  - Logon GUID is a unique identifier that can be used to correlate this event with a KDC event.  - Transited services indicate which intermediate services have participated in this logon request.  - Package name indicates which sub-protocol was used among the NTLM protocols.  - Key length indicates the length of the generated session key. This will be 0 if no session key was requested."
"Device=WindowsLog	AgentLogFile=Security	PluginVersion=7.2.9.105	Source=Microsoft-Windows-Security-Auditing	Computer=DESKTOP-64-EDR	OriginatingComputer=192.168.153.166	User=	Domain=	EventID=4624	EventIDCode=4624	EventType=8	EventCategory=12544	RecordNumber=8438412	TimeGenerated=1754557973	TimeWritten=1754557973	Level=0	Keywords=0	Task=0	Opcode=0	Message=An account was successfully logged on.  Subject:  Security ID:  NT AUTHORITY\SYSTEM  Account Name:  DESKTOP-64-EDR$  Account Domain:  BOCHK.COM  Logon ID:  0x3e7  Logon Information:  Logon Type:  2  Restricted Admin Mode: -  Virtual Account:  No   Elevated Token:  Yes   Impersonation Level:  Impersonation   New Logon:  Security ID:  DESKTOP-64-EDR\siesvc  Account Name:  siesvc  Account Domain:  DESKTOP-64-EDR  Logon ID:  0xd98d65f  Linked Logon ID:  0xd98d69e  Network Account Name: -  Network Account Domain: -  Logon GUID:  {00000000-0000-0000-0000-000000000000}  Process Information:  Process ID:  0x1c6c  Process Name:  C:\Program Files\Picus Security\Picus Simulation Agent\Picus.Simulation.AgentService.exe  Network Information:  Workstation Name: DESKTOP-64-EDR  Source Network Address: -  Source Port:  -  Detailed Authentication Information:  Logon Process:  Advapi    Authentication Package: Negotiate  Transited Services: -  Package Name (NTLM only): -  Key Length:  0  This event is generated when a logon session is created. It is generated on the computer that was accessed.  The subject fields indicate the account on the local system which requested the logon. This is most commonly a service such as the Server service, or a local process such as Winlogon.exe or Services.exe.  The logon type field indicates the kind of logon that occurred. The most common types are 2 (interactive) and 3 (network).  The New Logon fields indicate the account for whom the new logon was created, i.e. the account that was logged on.  The network fields indicate where a remote logon request originated. Workstation name is not always available and may be left blank in some cases.  The impersonation level field indicates the extent to which a process in the logon session can impersonate.  The authentication information fields provide detailed information about this specific logon request.  - Logon GUID is a unique identifier that can be used to correlate this event with a KDC event.  - Transited services indicate which intermediate services have participated in this logon request.  - Package name indicates which sub-protocol was used among the NTLM protocols.  - Key length indicates the length of the generated session key. This will be 0 if no session key was requested."
"Device=WindowsLog	AgentLogFile=Security	PluginVersion=7.2.9.105	Source=Microsoft-Windows-Security-Auditing	Computer=DESKTOP-64-EDR	OriginatingComputer=192.168.153.166	User=	Domain=	EventID=4648	EventIDCode=4648	EventType=8	EventCategory=12544	RecordNumber=8438411	TimeGenerated=1754557973	TimeWritten=1754557973	Level=0	Keywords=0	Task=0	Opcode=0	Message=A logon was attempted using explicit credentials.  Subject:  Security ID:  NT AUTHORITY\SYSTEM  Account Name:  DESKTOP-64-EDR$  Account Domain:  BOCHK.COM  Logon ID:  0x3e7  Logon GUID:  {00000000-0000-0000-0000-000000000000}  Account Whose Credentials Were Used:  Account Name:  siesvc  Account Domain:  DESKTOP-64-EDR  Logon GUID:  {00000000-0000-0000-0000-000000000000}  Target Server:  Target Server Name: localhost  Additional Information: localhost  Process Information:  Process ID:  0x1c6c  Process Name:  C:\Program Files\Picus Security\Picus Simulation Agent\Picus.Simulation.AgentService.exe  Network Information:  Network Address: -  Port:   -  This event is generated when a process attempts to log on an account by explicitly specifying that account’s credentials.  This most commonly occurs in batch-type configurations such as scheduled tasks, or when using the RUNAS command."
"Device=WindowsLog	AgentLogFile=Security	PluginVersion=7.2.9.105	Source=Microsoft-Windows-Security-Auditing	Computer=DESKTOP-64-EDR	OriginatingComputer=192.168.153.166	User=	Domain=	EventID=4624	EventIDCode=4624	EventType=8	EventCategory=12544	RecordNumber=8438407	TimeGenerated=1754557973	TimeWritten=1754557973	Level=0	Keywords=0	Task=0	Opcode=0	Message=An account was successfully logged on.  Subject:  Security ID:  NT AUTHORITY\SYSTEM  Account Name:  DESKTOP-64-EDR$  Account Domain:  BOCHK.COM  Logon ID:  0x3e7  Logon Information:  Logon Type:  2  Restricted Admin Mode: -  Virtual Account:  No   Elevated Token:  Yes   Impersonation Level:  Impersonation   New Logon:  Security ID:  DESKTOP-64-EDR\siesvc  Account Name:  siesvc  Account Domain:  DESKTOP-64-EDR  Logon ID:  0xd98d4ed  Linked Logon ID:  0xd98d544  Network Account Name: -  Network Account Domain: -  Logon GUID:  {00000000-0000-0000-0000-000000000000}  Process Information:  Process ID:  0x84  Process Name:  C:\Program Files\Picus Security\Picus Simulation Agent\Picus.Simulator.exe  Network Information:  Workstation Name: DESKTOP-64-EDR  Source Network Address: -  Source Port:  -  Detailed Authentication Information:  Logon Process:  Advapi    Authentication Package: Negotiate  Transited Services: -  Package Name (NTLM only): -  Key Length:  0  This event is generated when a logon session is created. It is generated on the computer that was accessed.  The subject fields indicate the account on the local system which requested the logon. This is most commonly a service such as the Server service, or a local process such as Winlogon.exe or Services.exe.  The logon type field indicates the kind of logon that occurred. The most common types are 2 (interactive) and 3 (network).  The New Logon fields indicate the account for whom the new logon was created, i.e. the account that was logged on.  The network fields indicate where a remote logon request originated. Workstation name is not always available and may be left blank in some cases.  The impersonation level field indicates the extent to which a process in the logon session can impersonate.  The authentication information fields provide detailed information about this specific logon request.  - Logon GUID is a unique identifier that can be used to correlate this event with a KDC event.  - Transited services indicate which intermediate services have participated in this logon request.  - Package name indicates which sub-protocol was used among the NTLM protocols.  - Key length indicates the length of the generated session key. This will be 0 if no session key was requested."
"Device=WindowsLog	AgentLogFile=Security	PluginVersion=7.2.9.105	Source=Microsoft-Windows-Security-Auditing	Computer=DESKTOP-64-EDR	OriginatingComputer=192.168.153.166	User=	Domain=	EventID=4624	EventIDCode=4624	EventType=8	EventCategory=12544	RecordNumber=8438408	TimeGenerated=1754557973	TimeWritten=1754557973	Level=0	Keywords=0	Task=0	Opcode=0	Message=An account was successfully logged on.  Subject:  Security ID:  NT AUTHORITY\SYSTEM  Account Name:  DESKTOP-64-EDR$  Account Domain:  BOCHK.COM  Logon ID:  0x3e7  Logon Information:  Logon Type:  2  Restricted Admin Mode: -  Virtual Account:  No   Elevated Token:  No   Impersonation Level:  Impersonation   New Logon:  Security ID:  DESKTOP-64-EDR\siesvc  Account Name:  siesvc  Account Domain:  DESKTOP-64-EDR  Logon ID:  0xd98d544  Linked Logon ID:  0xd98d4ed  Network Account Name: -  Network Account Domain: -  Logon GUID:  {00000000-0000-0000-0000-000000000000}  Process Information:  Process ID:  0x84  Process Name:  C:\Program Files\Picus Security\Picus Simulation Agent\Picus.Simulator.exe  Network Information:  Workstation Name: DESKTOP-64-EDR  Source Network Address: -  Source Port:  -  Detailed Authentication Information:  Logon Process:  Advapi    Authentication Package: Negotiate  Transited Services: -  Package Name (NTLM only): -  Key Length:  0  This event is generated when a logon session is created. It is generated on the computer that was accessed.  The subject fields indicate the account on the local system which requested the logon. This is most commonly a service such as the Server service, or a local process such as Winlogon.exe or Services.exe.  The logon type field indicates the kind of logon that occurred. The most common types are 2 (interactive) and 3 (network).  The New Logon fields indicate the account for whom the new logon was created, i.e. the account that was logged on.  The network fields indicate where a remote logon request originated. Workstation name is not always available and may be left blank in some cases.  The impersonation level field indicates the extent to which a process in the logon session can impersonate.  The authentication information fields provide detailed information about this specific logon request.  - Logon GUID is a unique identifier that can be used to correlate this event with a KDC event.  - Transited services indicate which intermediate services have participated in this logon request.  - Package name indicates which sub-protocol was used among the NTLM protocols.  - Key length indicates the length of the generated session key. This will be 0 if no session key was requested."
"Device=WindowsLog	AgentLogFile=Security	PluginVersion=7.2.9.105	Source=Microsoft-Windows-Security-Auditing	Computer=DESKTOP-64-EDR	OriginatingComputer=192.168.153.166	User=	Domain=	EventID=4648	EventIDCode=4648	EventType=8	EventCategory=12544	RecordNumber=8438406	TimeGenerated=1754557973	TimeWritten=1754557973	Level=0	Keywords=0	Task=0	Opcode=0	Message=A logon was attempted using explicit credentials.  Subject:  Security ID:  NT AUTHORITY\SYSTEM  Account Name:  DESKTOP-64-EDR$  Account Domain:  BOCHK.COM  Logon ID:  0x3e7  Logon GUID:  {00000000-0000-0000-0000-000000000000}  Account Whose Credentials Were Used:  Account Name:  siesvc  Account Domain:  DESKTOP-64-EDR  Logon GUID:  {00000000-0000-0000-0000-000000000000}  Target Server:  Target Server Name: localhost  Additional Information: localhost  Process Information:  Process ID:  0x84  Process Name:  C:\Program Files\Picus Security\Picus Simulation Agent\Picus.Simulator.exe  Network Information:  Network Address: -  Port:   -  This event is generated when a process attempts to log on an account by explicitly specifying that account’s credentials.  This most commonly occurs in batch-type configurations such as scheduled tasks, or when using the RUNAS command."
"Device=WindowsLog	AgentLogFile=Security	PluginVersion=7.2.9.105	Source=Microsoft-Windows-Security-Auditing	Computer=DESKTOP-64-EDR	OriginatingComputer=192.168.153.166	User=	Domain=	EventID=4624	EventIDCode=4624	EventType=8	EventCategory=12544	RecordNumber=8438394	TimeGenerated=1754557972	TimeWritten=1754557972	Level=0	Keywords=0	Task=0	Opcode=0	Message=An account was successfully logged on.  Subject:  Security ID:  NT AUTHORITY\SYSTEM  Account Name:  DESKTOP-64-EDR$  Account Domain:  BOCHK.COM  Logon ID:  0x3e7  Logon Information:  Logon Type:  2  Restricted Admin Mode: -  Virtual Account:  No   Elevated Token:  Yes   Impersonation Level:  Impersonation   New Logon:  Security ID:  DESKTOP-64-EDR\siesvc  Account Name:  siesvc  Account Domain:  DESKTOP-64-EDR  Logon ID:  0xd98d211  Linked Logon ID:  0xd98d250  Network Account Name: -  Network Account Domain: -  Logon GUID:  {00000000-0000-0000-0000-000000000000}  Process Information:  Process ID:  0x1c6c  Process Name:  C:\Program Files\Picus Security\Picus Simulation Agent\Picus.Simulation.AgentService.exe  Network Information:  Workstation Name: DESKTOP-64-EDR  Source Network Address: -  Source Port:  -  Detailed Authentication Information:  Logon Process:  Advapi    Authentication Package: Negotiate  Transited Services: -  Package Name (NTLM only): -  Key Length:  0  This event is generated when a logon session is created. It is generated on the computer that was accessed.  The subject fields indicate the account on the local system which requested the logon. This is most commonly a service such as the Server service, or a local process such as Winlogon.exe or Services.exe.  The logon type field indicates the kind of logon that occurred. The most common types are 2 (interactive) and 3 (network).  The New Logon fields indicate the account for whom the new logon was created, i.e. the account that was logged on.  The network fields indicate where a remote logon request originated. Workstation name is not always available and may be left blank in some cases.  The impersonation level field indicates the extent to which a process in the logon session can impersonate.  The authentication information fields provide detailed information about this specific logon request.  - Logon GUID is a unique identifier that can be used to correlate this event with a KDC event.  - Transited services indicate which intermediate services have participated in this logon request.  - Package name indicates which sub-protocol was used among the NTLM protocols.  - Key length indicates the length of the generated session key. This will be 0 if no session key was requested."
