"Device=WindowsLog	AgentLogFile=Security	PluginVersion=7.2.9.105	Source=Microsoft-Windows-Security-Auditing	Computer=DESKTOP-64-EDR	OriginatingComputer=192.168.153.166	User=	Domain=	EventID=4624	EventIDCode=4624	EventType=8	EventCategory=12544	RecordNumber=8370215	TimeGenerated=1754467222	TimeWritten=1754467222	Level=0	Keywords=0	Task=0	Opcode=0	Message=An account was successfully logged on.  Subject:  Security ID:  NT AUTHORITY\SYSTEM  Account Name:  DESKTOP-64-EDR$  Account Domain:  BOCHK.COM  Logon ID:  0x3e7  Logon Information:  Logon Type:  2  Restricted Admin Mode: -  Virtual Account:  No   Elevated Token:  No   Impersonation Level:  Impersonation   New Logon:  Security ID:  DESKTOP-64-EDR\siesvc  Account Name:  siesvc  Account Domain:  DESKTOP-64-EDR  Logon ID:  0xc364132  Linked Logon ID:  0xc3640f3  Network Account Name: -  Network Account Domain: -  Logon GUID:  {00000000-0000-0000-0000-000000000000}  Process Information:  Process ID:  0x1c6c  Process Name:  C:\Program Files\Picus Security\Picus Simulation Agent\Picus.Simulation.AgentService.exe  Network Information:  Workstation Name: DESKTOP-64-EDR  Source Network Address: -  Source Port:  -  Detailed Authentication Information:  Logon Process:  Advapi    Authentication Package: Negotiate  Transited Services: -  Package Name (NTLM only): -  Key Length:  0  This event is generated when a logon session is created. It is generated on the computer that was accessed.  The subject fields indicate the account on the local system which requested the logon. This is most commonly a service such as the Server service, or a local process such as Winlogon.exe or Services.exe.  The logon type field indicates the kind of logon that occurred. The most common types are 2 (interactive) and 3 (network).  The New Logon fields indicate the account for whom the new logon was created, i.e. the account that was logged on.  The network fields indicate where a remote logon request originated. Workstation name is not always available and may be left blank in some cases.  The impersonation level field indicates the extent to which a process in the logon session can impersonate.  The authentication information fields provide detailed information about this specific logon request.  - Logon GUID is a unique identifier that can be used to correlate this event with a KDC event.  - Transited services indicate which intermediate services have participated in this logon request.  - Package name indicates which sub-protocol was used among the NTLM protocols.  - Key length indicates the length of the generated session key. This will be 0 if no session key was requested."
"Device=WindowsLog	AgentLogFile=Security	PluginVersion=7.2.9.105	Source=Microsoft-Windows-Security-Auditing	Computer=DESKTOP-64-EDR	OriginatingComputer=192.168.153.166	User=	Domain=	EventID=4648	EventIDCode=4648	EventType=8	EventCategory=12544	RecordNumber=8370213	TimeGenerated=1754467222	TimeWritten=1754467222	Level=0	Keywords=0	Task=0	Opcode=0	Message=A logon was attempted using explicit credentials.  Subject:  Security ID:  NT AUTHORITY\SYSTEM  Account Name:  DESKTOP-64-EDR$  Account Domain:  BOCHK.COM  Logon ID:  0x3e7  Logon GUID:  {00000000-0000-0000-0000-000000000000}  Account Whose Credentials Were Used:  Account Name:  siesvc  Account Domain:  DESKTOP-64-EDR  Logon GUID:  {00000000-0000-0000-0000-000000000000}  Target Server:  Target Server Name: localhost  Additional Information: localhost  Process Information:  Process ID:  0x1c6c  Process Name:  C:\Program Files\Picus Security\Picus Simulation Agent\Picus.Simulation.AgentService.exe  Network Information:  Network Address: -  Port:   -  This event is generated when a process attempts to log on an account by explicitly specifying that account’s credentials.  This most commonly occurs in batch-type configurations such as scheduled tasks, or when using the RUNAS command."
"Device=WindowsLog	AgentLogFile=Security	PluginVersion=7.2.9.105	Source=Microsoft-Windows-Security-Auditing	Computer=DESKTOP-64-EDR	OriginatingComputer=192.168.153.166	User=	Domain=	EventID=4648	EventIDCode=4648	EventType=8	EventCategory=12544	RecordNumber=8370208	TimeGenerated=1754467214	TimeWritten=1754467214	Level=0	Keywords=0	Task=0	Opcode=0	Message=A logon was attempted using explicit credentials.  Subject:  Security ID:  NT AUTHORITY\SYSTEM  Account Name:  DESKTOP-64-EDR$  Account Domain:  BOCHK.COM  Logon ID:  0x3e7  Logon GUID:  {00000000-0000-0000-0000-000000000000}  Account Whose Credentials Were Used:  Account Name:  siesvc  Account Domain:  DESKTOP-64-EDR  Logon GUID:  {00000000-0000-0000-0000-000000000000}  Target Server:  Target Server Name: localhost  Additional Information: localhost  Process Information:  Process ID:  0x1c6c  Process Name:  C:\Program Files\Picus Security\Picus Simulation Agent\Picus.Simulation.AgentService.exe  Network Information:  Network Address: -  Port:   -  This event is generated when a process attempts to log on an account by explicitly specifying that account’s credentials.  This most commonly occurs in batch-type configurations such as scheduled tasks, or when using the RUNAS command."
"Device=WindowsLog	AgentLogFile=Security	PluginVersion=7.2.9.105	Source=Microsoft-Windows-Security-Auditing	Computer=DESKTOP-64-EDR	OriginatingComputer=192.168.153.166	User=	Domain=	EventID=4624	EventIDCode=4624	EventType=8	EventCategory=12544	RecordNumber=8370210	TimeGenerated=1754467214	TimeWritten=1754467214	Level=0	Keywords=0	Task=0	Opcode=0	Message=An account was successfully logged on.  Subject:  Security ID:  NT AUTHORITY\SYSTEM  Account Name:  DESKTOP-64-EDR$  Account Domain:  BOCHK.COM  Logon ID:  0x3e7  Logon Information:  Logon Type:  2  Restricted Admin Mode: -  Virtual Account:  No   Elevated Token:  No   Impersonation Level:  Impersonation   New Logon:  Security ID:  DESKTOP-64-EDR\siesvc  Account Name:  siesvc  Account Domain:  DESKTOP-64-EDR  Logon ID:  0xc363c7a  Linked Logon ID:  0xc363c3b  Network Account Name: -  Network Account Domain: -  Logon GUID:  {00000000-0000-0000-0000-000000000000}  Process Information:  Process ID:  0x1c6c  Process Name:  C:\Program Files\Picus Security\Picus Simulation Agent\Picus.Simulation.AgentService.exe  Network Information:  Workstation Name: DESKTOP-64-EDR  Source Network Address: -  Source Port:  -  Detailed Authentication Information:  Logon Process:  Advapi    Authentication Package: Negotiate  Transited Services: -  Package Name (NTLM only): -  Key Length:  0  This event is generated when a logon session is created. It is generated on the computer that was accessed.  The subject fields indicate the account on the local system which requested the logon. This is most commonly a service such as the Server service, or a local process such as Winlogon.exe or Services.exe.  The logon type field indicates the kind of logon that occurred. The most common types are 2 (interactive) and 3 (network).  The New Logon fields indicate the account for whom the new logon was created, i.e. the account that was logged on.  The network fields indicate where a remote logon request originated. Workstation name is not always available and may be left blank in some cases.  The impersonation level field indicates the extent to which a process in the logon session can impersonate.  The authentication information fields provide detailed information about this specific logon request.  - Logon GUID is a unique identifier that can be used to correlate this event with a KDC event.  - Transited services indicate which intermediate services have participated in this logon request.  - Package name indicates which sub-protocol was used among the NTLM protocols.  - Key length indicates the length of the generated session key. This will be 0 if no session key was requested."
"Device=WindowsLog	AgentLogFile=Security	PluginVersion=7.2.9.105	Source=Microsoft-Windows-Security-Auditing	Computer=DESKTOP-64-EDR	OriginatingComputer=192.168.153.166	User=	Domain=	EventID=4624	EventIDCode=4624	EventType=8	EventCategory=12544	RecordNumber=8370209	TimeGenerated=1754467214	TimeWritten=1754467214	Level=0	Keywords=0	Task=0	Opcode=0	Message=An account was successfully logged on.  Subject:  Security ID:  NT AUTHORITY\SYSTEM  Account Name:  DESKTOP-64-EDR$  Account Domain:  BOCHK.COM  Logon ID:  0x3e7  Logon Information:  Logon Type:  2  Restricted Admin Mode: -  Virtual Account:  No   Elevated Token:  Yes   Impersonation Level:  Impersonation   New Logon:  Security ID:  DESKTOP-64-EDR\siesvc  Account Name:  siesvc  Account Domain:  DESKTOP-64-EDR  Logon ID:  0xc363c3b  Linked Logon ID:  0xc363c7a  Network Account Name: -  Network Account Domain: -  Logon GUID:  {00000000-0000-0000-0000-000000000000}  Process Information:  Process ID:  0x1c6c  Process Name:  C:\Program Files\Picus Security\Picus Simulation Agent\Picus.Simulation.AgentService.exe  Network Information:  Workstation Name: DESKTOP-64-EDR  Source Network Address: -  Source Port:  -  Detailed Authentication Information:  Logon Process:  Advapi    Authentication Package: Negotiate  Transited Services: -  Package Name (NTLM only): -  Key Length:  0  This event is generated when a logon session is created. It is generated on the computer that was accessed.  The subject fields indicate the account on the local system which requested the logon. This is most commonly a service such as the Server service, or a local process such as Winlogon.exe or Services.exe.  The logon type field indicates the kind of logon that occurred. The most common types are 2 (interactive) and 3 (network).  The New Logon fields indicate the account for whom the new logon was created, i.e. the account that was logged on.  The network fields indicate where a remote logon request originated. Workstation name is not always available and may be left blank in some cases.  The impersonation level field indicates the extent to which a process in the logon session can impersonate.  The authentication information fields provide detailed information about this specific logon request.  - Logon GUID is a unique identifier that can be used to correlate this event with a KDC event.  - Transited services indicate which intermediate services have participated in this logon request.  - Package name indicates which sub-protocol was used among the NTLM protocols.  - Key length indicates the length of the generated session key. This will be 0 if no session key was requested."
"Device=WindowsLog	AgentLogFile=Security	PluginVersion=7.2.9.105	Source=Microsoft-Windows-Security-Auditing	Computer=DESKTOP-64-EDR	OriginatingComputer=192.168.153.166	User=	Domain=	EventID=4624	EventIDCode=4624	EventType=8	EventCategory=12544	RecordNumber=8370205	TimeGenerated=1754467205	TimeWritten=1754467205	Level=0	Keywords=0	Task=0	Opcode=0	Message=An account was successfully logged on.  Subject:  Security ID:  NT AUTHORITY\SYSTEM  Account Name:  DESKTOP-64-EDR$  Account Domain:  BOCHK.COM  Logon ID:  0x3e7  Logon Information:  Logon Type:  2  Restricted Admin Mode: -  Virtual Account:  No   Elevated Token:  No   Impersonation Level:  Impersonation   New Logon:  Security ID:  DESKTOP-64-EDR\siesvc  Account Name:  siesvc  Account Domain:  DESKTOP-64-EDR  Logon ID:  0xc363175  Linked Logon ID:  0xc363136  Network Account Name: -  Network Account Domain: -  Logon GUID:  {00000000-0000-0000-0000-000000000000}  Process Information:  Process ID:  0x1c6c  Process Name:  C:\Program Files\Picus Security\Picus Simulation Agent\Picus.Simulation.AgentService.exe  Network Information:  Workstation Name: DESKTOP-64-EDR  Source Network Address: -  Source Port:  -  Detailed Authentication Information:  Logon Process:  Advapi    Authentication Package: Negotiate  Transited Services: -  Package Name (NTLM only): -  Key Length:  0  This event is generated when a logon session is created. It is generated on the computer that was accessed.  The subject fields indicate the account on the local system which requested the logon. This is most commonly a service such as the Server service, or a local process such as Winlogon.exe or Services.exe.  The logon type field indicates the kind of logon that occurred. The most common types are 2 (interactive) and 3 (network).  The New Logon fields indicate the account for whom the new logon was created, i.e. the account that was logged on.  The network fields indicate where a remote logon request originated. Workstation name is not always available and may be left blank in some cases.  The impersonation level field indicates the extent to which a process in the logon session can impersonate.  The authentication information fields provide detailed information about this specific logon request.  - Logon GUID is a unique identifier that can be used to correlate this event with a KDC event.  - Transited services indicate which intermediate services have participated in this logon request.  - Package name indicates which sub-protocol was used among the NTLM protocols.  - Key length indicates the length of the generated session key. This will be 0 if no session key was requested."
"Device=WindowsLog	AgentLogFile=Security	PluginVersion=7.2.9.105	Source=Microsoft-Windows-Security-Auditing	Computer=DESKTOP-64-EDR	OriginatingComputer=192.168.153.166	User=	Domain=	EventID=4624	EventIDCode=4624	EventType=8	EventCategory=12544	RecordNumber=8370204	TimeGenerated=1754467205	TimeWritten=1754467205	Level=0	Keywords=0	Task=0	Opcode=0	Message=An account was successfully logged on.  Subject:  Security ID:  NT AUTHORITY\SYSTEM  Account Name:  DESKTOP-64-EDR$  Account Domain:  BOCHK.COM  Logon ID:  0x3e7  Logon Information:  Logon Type:  2  Restricted Admin Mode: -  Virtual Account:  No   Elevated Token:  Yes   Impersonation Level:  Impersonation   New Logon:  Security ID:  DESKTOP-64-EDR\siesvc  Account Name:  siesvc  Account Domain:  DESKTOP-64-EDR  Logon ID:  0xc363136  Linked Logon ID:  0xc363175  Network Account Name: -  Network Account Domain: -  Logon GUID:  {00000000-0000-0000-0000-000000000000}  Process Information:  Process ID:  0x1c6c  Process Name:  C:\Program Files\Picus Security\Picus Simulation Agent\Picus.Simulation.AgentService.exe  Network Information:  Workstation Name: DESKTOP-64-EDR  Source Network Address: -  Source Port:  -  Detailed Authentication Information:  Logon Process:  Advapi    Authentication Package: Negotiate  Transited Services: -  Package Name (NTLM only): -  Key Length:  0  This event is generated when a logon session is created. It is generated on the computer that was accessed.  The subject fields indicate the account on the local system which requested the logon. This is most commonly a service such as the Server service, or a local process such as Winlogon.exe or Services.exe.  The logon type field indicates the kind of logon that occurred. The most common types are 2 (interactive) and 3 (network).  The New Logon fields indicate the account for whom the new logon was created, i.e. the account that was logged on.  The network fields indicate where a remote logon request originated. Workstation name is not always available and may be left blank in some cases.  The impersonation level field indicates the extent to which a process in the logon session can impersonate.  The authentication information fields provide detailed information about this specific logon request.  - Logon GUID is a unique identifier that can be used to correlate this event with a KDC event.  - Transited services indicate which intermediate services have participated in this logon request.  - Package name indicates which sub-protocol was used among the NTLM protocols.  - Key length indicates the length of the generated session key. This will be 0 if no session key was requested."
"Device=WindowsLog	AgentLogFile=Security	PluginVersion=7.2.9.105	Source=Microsoft-Windows-Security-Auditing	Computer=DESKTOP-64-EDR	OriginatingComputer=192.168.153.166	User=	Domain=	EventID=4648	EventIDCode=4648	EventType=8	EventCategory=12544	RecordNumber=8370203	TimeGenerated=1754467205	TimeWritten=1754467205	Level=0	Keywords=0	Task=0	Opcode=0	Message=A logon was attempted using explicit credentials.  Subject:  Security ID:  NT AUTHORITY\SYSTEM  Account Name:  DESKTOP-64-EDR$  Account Domain:  BOCHK.COM  Logon ID:  0x3e7  Logon GUID:  {00000000-0000-0000-0000-000000000000}  Account Whose Credentials Were Used:  Account Name:  siesvc  Account Domain:  DESKTOP-64-EDR  Logon GUID:  {00000000-0000-0000-0000-000000000000}  Target Server:  Target Server Name: localhost  Additional Information: localhost  Process Information:  Process ID:  0x1c6c  Process Name:  C:\Program Files\Picus Security\Picus Simulation Agent\Picus.Simulation.AgentService.exe  Network Information:  Network Address: -  Port:   -  This event is generated when a process attempts to log on an account by explicitly specifying that account’s credentials.  This most commonly occurs in batch-type configurations such as scheduled tasks, or when using the RUNAS command."
"Device=WindowsLog	AgentLogFile=Security	PluginVersion=7.2.9.105	Source=Microsoft-Windows-Security-Auditing	Computer=DESKTOP-64-EDR	OriginatingComputer=192.168.153.166	User=	Domain=	EventID=4624	EventIDCode=4624	EventType=8	EventCategory=12544	RecordNumber=8370200	TimeGenerated=1754467197	TimeWritten=1754467197	Level=0	Keywords=0	Task=0	Opcode=0	Message=An account was successfully logged on.  Subject:  Security ID:  NT AUTHORITY\SYSTEM  Account Name:  DESKTOP-64-EDR$  Account Domain:  BOCHK.COM  Logon ID:  0x3e7  Logon Information:  Logon Type:  2  Restricted Admin Mode: -  Virtual Account:  No   Elevated Token:  No   Impersonation Level:  Impersonation   New Logon:  Security ID:  DESKTOP-64-EDR\siesvc  Account Name:  siesvc  Account Domain:  DESKTOP-64-EDR  Logon ID:  0xc362b8f  Linked Logon ID:  0xc362b4f  Network Account Name: -  Network Account Domain: -  Logon GUID:  {00000000-0000-0000-0000-000000000000}  Process Information:  Process ID:  0x1c6c  Process Name:  C:\Program Files\Picus Security\Picus Simulation Agent\Picus.Simulation.AgentService.exe  Network Information:  Workstation Name: DESKTOP-64-EDR  Source Network Address: -  Source Port:  -  Detailed Authentication Information:  Logon Process:  Advapi    Authentication Package: Negotiate  Transited Services: -  Package Name (NTLM only): -  Key Length:  0  This event is generated when a logon session is created. It is generated on the computer that was accessed.  The subject fields indicate the account on the local system which requested the logon. This is most commonly a service such as the Server service, or a local process such as Winlogon.exe or Services.exe.  The logon type field indicates the kind of logon that occurred. The most common types are 2 (interactive) and 3 (network).  The New Logon fields indicate the account for whom the new logon was created, i.e. the account that was logged on.  The network fields indicate where a remote logon request originated. Workstation name is not always available and may be left blank in some cases.  The impersonation level field indicates the extent to which a process in the logon session can impersonate.  The authentication information fields provide detailed information about this specific logon request.  - Logon GUID is a unique identifier that can be used to correlate this event with a KDC event.  - Transited services indicate which intermediate services have participated in this logon request.  - Package name indicates which sub-protocol was used among the NTLM protocols.  - Key length indicates the length of the generated session key. This will be 0 if no session key was requested."
"Device=WindowsLog	AgentLogFile=Security	PluginVersion=7.2.9.105	Source=Microsoft-Windows-Security-Auditing	Computer=DESKTOP-64-EDR	OriginatingComputer=192.168.153.166	User=	Domain=	EventID=4624	EventIDCode=4624	EventType=8	EventCategory=12544	RecordNumber=8370199	TimeGenerated=1754467197	TimeWritten=1754467197	Level=0	Keywords=0	Task=0	Opcode=0	Message=An account was successfully logged on.  Subject:  Security ID:  NT AUTHORITY\SYSTEM  Account Name:  DESKTOP-64-EDR$  Account Domain:  BOCHK.COM  Logon ID:  0x3e7  Logon Information:  Logon Type:  2  Restricted Admin Mode: -  Virtual Account:  No   Elevated Token:  Yes   Impersonation Level:  Impersonation   New Logon:  Security ID:  DESKTOP-64-EDR\siesvc  Account Name:  siesvc  Account Domain:  DESKTOP-64-EDR  Logon ID:  0xc362b4f  Linked Logon ID:  0xc362b8f  Network Account Name: -  Network Account Domain: -  Logon GUID:  {00000000-0000-0000-0000-000000000000}  Process Information:  Process ID:  0x1c6c  Process Name:  C:\Program Files\Picus Security\Picus Simulation Agent\Picus.Simulation.AgentService.exe  Network Information:  Workstation Name: DESKTOP-64-EDR  Source Network Address: -  Source Port:  -  Detailed Authentication Information:  Logon Process:  Advapi    Authentication Package: Negotiate  Transited Services: -  Package Name (NTLM only): -  Key Length:  0  This event is generated when a logon session is created. It is generated on the computer that was accessed.  The subject fields indicate the account on the local system which requested the logon. This is most commonly a service such as the Server service, or a local process such as Winlogon.exe or Services.exe.  The logon type field indicates the kind of logon that occurred. The most common types are 2 (interactive) and 3 (network).  The New Logon fields indicate the account for whom the new logon was created, i.e. the account that was logged on.  The network fields indicate where a remote logon request originated. Workstation name is not always available and may be left blank in some cases.  The impersonation level field indicates the extent to which a process in the logon session can impersonate.  The authentication information fields provide detailed information about this specific logon request.  - Logon GUID is a unique identifier that can be used to correlate this event with a KDC event.  - Transited services indicate which intermediate services have participated in this logon request.  - Package name indicates which sub-protocol was used among the NTLM protocols.  - Key length indicates the length of the generated session key. This will be 0 if no session key was requested."
"Device=WindowsLog	AgentLogFile=Security	PluginVersion=7.2.9.105	Source=Microsoft-Windows-Security-Auditing	Computer=DESKTOP-64-EDR	OriginatingComputer=192.168.153.166	User=	Domain=	EventID=4648	EventIDCode=4648	EventType=8	EventCategory=12544	RecordNumber=8370198	TimeGenerated=1754467197	TimeWritten=1754467197	Level=0	Keywords=0	Task=0	Opcode=0	Message=A logon was attempted using explicit credentials.  Subject:  Security ID:  NT AUTHORITY\SYSTEM  Account Name:  DESKTOP-64-EDR$  Account Domain:  BOCHK.COM  Logon ID:  0x3e7  Logon GUID:  {00000000-0000-0000-0000-000000000000}  Account Whose Credentials Were Used:  Account Name:  siesvc  Account Domain:  DESKTOP-64-EDR  Logon GUID:  {00000000-0000-0000-0000-000000000000}  Target Server:  Target Server Name: localhost  Additional Information: localhost  Process Information:  Process ID:  0x1c6c  Process Name:  C:\Program Files\Picus Security\Picus Simulation Agent\Picus.Simulation.AgentService.exe  Network Information:  Network Address: -  Port:   -  This event is generated when a process attempts to log on an account by explicitly specifying that account’s credentials.  This most commonly occurs in batch-type configurations such as scheduled tasks, or when using the RUNAS command."
"Device=WindowsLog	AgentLogFile=Security	PluginVersion=7.2.9.105	Source=Microsoft-Windows-Security-Auditing	Computer=DESKTOP-64-EDR	OriginatingComputer=192.168.153.166	User=	Domain=	EventID=4624	EventIDCode=4624	EventType=8	EventCategory=12544	RecordNumber=8370194	TimeGenerated=1754467188	TimeWritten=1754467188	Level=0	Keywords=0	Task=0	Opcode=0	Message=An account was successfully logged on.  Subject:  Security ID:  NT AUTHORITY\SYSTEM  Account Name:  DESKTOP-64-EDR$  Account Domain:  BOCHK.COM  Logon ID:  0x3e7  Logon Information:  Logon Type:  2  Restricted Admin Mode: -  Virtual Account:  No   Elevated Token:  Yes   Impersonation Level:  Impersonation   New Logon:  Security ID:  DESKTOP-64-EDR\siesvc  Account Name:  siesvc  Account Domain:  DESKTOP-64-EDR  Logon ID:  0xc362010  Linked Logon ID:  0xc36204f  Network Account Name: -  Network Account Domain: -  Logon GUID:  {00000000-0000-0000-0000-000000000000}  Process Information:  Process ID:  0x1c6c  Process Name:  C:\Program Files\Picus Security\Picus Simulation Agent\Picus.Simulation.AgentService.exe  Network Information:  Workstation Name: DESKTOP-64-EDR  Source Network Address: -  Source Port:  -  Detailed Authentication Information:  Logon Process:  Advapi    Authentication Package: Negotiate  Transited Services: -  Package Name (NTLM only): -  Key Length:  0  This event is generated when a logon session is created. It is generated on the computer that was accessed.  The subject fields indicate the account on the local system which requested the logon. This is most commonly a service such as the Server service, or a local process such as Winlogon.exe or Services.exe.  The logon type field indicates the kind of logon that occurred. The most common types are 2 (interactive) and 3 (network).  The New Logon fields indicate the account for whom the new logon was created, i.e. the account that was logged on.  The network fields indicate where a remote logon request originated. Workstation name is not always available and may be left blank in some cases.  The impersonation level field indicates the extent to which a process in the logon session can impersonate.  The authentication information fields provide detailed information about this specific logon request.  - Logon GUID is a unique identifier that can be used to correlate this event with a KDC event.  - Transited services indicate which intermediate services have participated in this logon request.  - Package name indicates which sub-protocol was used among the NTLM protocols.  - Key length indicates the length of the generated session key. This will be 0 if no session key was requested."
"Device=WindowsLog	AgentLogFile=Security	PluginVersion=7.2.9.105	Source=Microsoft-Windows-Security-Auditing	Computer=DESKTOP-64-EDR	OriginatingComputer=192.168.153.166	User=	Domain=	EventID=4624	EventIDCode=4624	EventType=8	EventCategory=12544	RecordNumber=8370195	TimeGenerated=1754467188	TimeWritten=1754467188	Level=0	Keywords=0	Task=0	Opcode=0	Message=An account was successfully logged on.  Subject:  Security ID:  NT AUTHORITY\SYSTEM  Account Name:  DESKTOP-64-EDR$  Account Domain:  BOCHK.COM  Logon ID:  0x3e7  Logon Information:  Logon Type:  2  Restricted Admin Mode: -  Virtual Account:  No   Elevated Token:  No   Impersonation Level:  Impersonation   New Logon:  Security ID:  DESKTOP-64-EDR\siesvc  Account Name:  siesvc  Account Domain:  DESKTOP-64-EDR  Logon ID:  0xc36204f  Linked Logon ID:  0xc362010  Network Account Name: -  Network Account Domain: -  Logon GUID:  {00000000-0000-0000-0000-000000000000}  Process Information:  Process ID:  0x1c6c  Process Name:  C:\Program Files\Picus Security\Picus Simulation Agent\Picus.Simulation.AgentService.exe  Network Information:  Workstation Name: DESKTOP-64-EDR  Source Network Address: -  Source Port:  -  Detailed Authentication Information:  Logon Process:  Advapi    Authentication Package: Negotiate  Transited Services: -  Package Name (NTLM only): -  Key Length:  0  This event is generated when a logon session is created. It is generated on the computer that was accessed.  The subject fields indicate the account on the local system which requested the logon. This is most commonly a service such as the Server service, or a local process such as Winlogon.exe or Services.exe.  The logon type field indicates the kind of logon that occurred. The most common types are 2 (interactive) and 3 (network).  The New Logon fields indicate the account for whom the new logon was created, i.e. the account that was logged on.  The network fields indicate where a remote logon request originated. Workstation name is not always available and may be left blank in some cases.  The impersonation level field indicates the extent to which a process in the logon session can impersonate.  The authentication information fields provide detailed information about this specific logon request.  - Logon GUID is a unique identifier that can be used to correlate this event with a KDC event.  - Transited services indicate which intermediate services have participated in this logon request.  - Package name indicates which sub-protocol was used among the NTLM protocols.  - Key length indicates the length of the generated session key. This will be 0 if no session key was requested."
"Device=WindowsLog	AgentLogFile=Security	PluginVersion=7.2.9.105	Source=Microsoft-Windows-Security-Auditing	Computer=DESKTOP-64-EDR	OriginatingComputer=192.168.153.166	User=	Domain=	EventID=4648	EventIDCode=4648	EventType=8	EventCategory=12544	RecordNumber=8370193	TimeGenerated=1754467188	TimeWritten=1754467188	Level=0	Keywords=0	Task=0	Opcode=0	Message=A logon was attempted using explicit credentials.  Subject:  Security ID:  NT AUTHORITY\SYSTEM  Account Name:  DESKTOP-64-EDR$  Account Domain:  BOCHK.COM  Logon ID:  0x3e7  Logon GUID:  {00000000-0000-0000-0000-000000000000}  Account Whose Credentials Were Used:  Account Name:  siesvc  Account Domain:  DESKTOP-64-EDR  Logon GUID:  {00000000-0000-0000-0000-000000000000}  Target Server:  Target Server Name: localhost  Additional Information: localhost  Process Information:  Process ID:  0x1c6c  Process Name:  C:\Program Files\Picus Security\Picus Simulation Agent\Picus.Simulation.AgentService.exe  Network Information:  Network Address: -  Port:   -  This event is generated when a process attempts to log on an account by explicitly specifying that account’s credentials.  This most commonly occurs in batch-type configurations such as scheduled tasks, or when using the RUNAS command."
"Device=WindowsLog	AgentLogFile=Security	PluginVersion=7.2.9.105	Source=Microsoft-Windows-Security-Auditing	Computer=DESKTOP-64-EDR	OriginatingComputer=192.168.153.166	User=	Domain=	EventID=4624	EventIDCode=4624	EventType=8	EventCategory=12544	RecordNumber=8370153	TimeGenerated=1754467180	TimeWritten=1754467180	Level=0	Keywords=0	Task=0	Opcode=0	Message=An account was successfully logged on.  Subject:  Security ID:  NT AUTHORITY\SYSTEM  Account Name:  DESKTOP-64-EDR$  Account Domain:  BOCHK.COM  Logon ID:  0x3e7  Logon Information:  Logon Type:  2  Restricted Admin Mode: -  Virtual Account:  No   Elevated Token:  No   Impersonation Level:  Impersonation   New Logon:  Security ID:  DESKTOP-64-EDR\siesvc  Account Name:  siesvc  Account Domain:  DESKTOP-64-EDR  Logon ID:  0xc3617cd  Linked Logon ID:  0xc3616e9  Network Account Name: -  Network Account Domain: -  Logon GUID:  {00000000-0000-0000-0000-000000000000}  Process Information:  Process ID:  0x1c6c  Process Name:  C:\Program Files\Picus Security\Picus Simulation Agent\Picus.Simulation.AgentService.exe  Network Information:  Workstation Name: DESKTOP-64-EDR  Source Network Address: -  Source Port:  -  Detailed Authentication Information:  Logon Process:  Advapi    Authentication Package: Negotiate  Transited Services: -  Package Name (NTLM only): -  Key Length:  0  This event is generated when a logon session is created. It is generated on the computer that was accessed.  The subject fields indicate the account on the local system which requested the logon. This is most commonly a service such as the Server service, or a local process such as Winlogon.exe or Services.exe.  The logon type field indicates the kind of logon that occurred. The most common types are 2 (interactive) and 3 (network).  The New Logon fields indicate the account for whom the new logon was created, i.e. the account that was logged on.  The network fields indicate where a remote logon request originated. Workstation name is not always available and may be left blank in some cases.  The impersonation level field indicates the extent to which a process in the logon session can impersonate.  The authentication information fields provide detailed information about this specific logon request.  - Logon GUID is a unique identifier that can be used to correlate this event with a KDC event.  - Transited services indicate which intermediate services have participated in this logon request.  - Package name indicates which sub-protocol was used among the NTLM protocols.  - Key length indicates the length of the generated session key. This will be 0 if no session key was requested."
"Device=WindowsLog	AgentLogFile=Security	PluginVersion=7.2.9.105	Source=Microsoft-Windows-Security-Auditing	Computer=DESKTOP-64-EDR	OriginatingComputer=192.168.153.166	User=	Domain=	EventID=4624	EventIDCode=4624	EventType=8	EventCategory=12544	RecordNumber=8370157	TimeGenerated=1754467180	TimeWritten=1754467180	Level=0	Keywords=0	Task=0	Opcode=0	Message=An account was successfully logged on.  Subject:  Security ID:  NT AUTHORITY\SYSTEM  Account Name:  DESKTOP-64-EDR$  Account Domain:  BOCHK.COM  Logon ID:  0x3e7  Logon Information:  Logon Type:  2  Restricted Admin Mode: -  Virtual Account:  No   Elevated Token:  Yes   Impersonation Level:  Impersonation   New Logon:  Security ID:  DESKTOP-64-EDR\siesvc  Account Name:  siesvc  Account Domain:  DESKTOP-64-EDR  Logon ID:  0xc361a4a  Linked Logon ID:  0xc361a89  Network Account Name: -  Network Account Domain: -  Logon GUID:  {00000000-0000-0000-0000-000000000000}  Process Information:  Process ID:  0x1c6c  Process Name:  C:\Program Files\Picus Security\Picus Simulation Agent\Picus.Simulation.AgentService.exe  Network Information:  Workstation Name: DESKTOP-64-EDR  Source Network Address: -  Source Port:  -  Detailed Authentication Information:  Logon Process:  Advapi    Authentication Package: Negotiate  Transited Services: -  Package Name (NTLM only): -  Key Length:  0  This event is generated when a logon session is created. It is generated on the computer that was accessed.  The subject fields indicate the account on the local system which requested the logon. This is most commonly a service such as the Server service, or a local process such as Winlogon.exe or Services.exe.  The logon type field indicates the kind of logon that occurred. The most common types are 2 (interactive) and 3 (network).  The New Logon fields indicate the account for whom the new logon was created, i.e. the account that was logged on.  The network fields indicate where a remote logon request originated. Workstation name is not always available and may be left blank in some cases.  The impersonation level field indicates the extent to which a process in the logon session can impersonate.  The authentication information fields provide detailed information about this specific logon request.  - Logon GUID is a unique identifier that can be used to correlate this event with a KDC event.  - Transited services indicate which intermediate services have participated in this logon request.  - Package name indicates which sub-protocol was used among the NTLM protocols.  - Key length indicates the length of the generated session key. This will be 0 if no session key was requested."
"Device=WindowsLog	AgentLogFile=Security	PluginVersion=7.2.9.105	Source=Microsoft-Windows-Security-Auditing	Computer=DESKTOP-64-EDR	OriginatingComputer=192.168.153.166	User=	Domain=	EventID=4624	EventIDCode=4624	EventType=8	EventCategory=12544	RecordNumber=8370158	TimeGenerated=1754467180	TimeWritten=1754467180	Level=0	Keywords=0	Task=0	Opcode=0	Message=An account was successfully logged on.  Subject:  Security ID:  NT AUTHORITY\SYSTEM  Account Name:  DESKTOP-64-EDR$  Account Domain:  BOCHK.COM  Logon ID:  0x3e7  Logon Information:  Logon Type:  2  Restricted Admin Mode: -  Virtual Account:  No   Elevated Token:  No   Impersonation Level:  Impersonation   New Logon:  Security ID:  DESKTOP-64-EDR\siesvc  Account Name:  siesvc  Account Domain:  DESKTOP-64-EDR  Logon ID:  0xc361a89  Linked Logon ID:  0xc361a4a  Network Account Name: -  Network Account Domain: -  Logon GUID:  {00000000-0000-0000-0000-000000000000}  Process Information:  Process ID:  0x1c6c  Process Name:  C:\Program Files\Picus Security\Picus Simulation Agent\Picus.Simulation.AgentService.exe  Network Information:  Workstation Name: DESKTOP-64-EDR  Source Network Address: -  Source Port:  -  Detailed Authentication Information:  Logon Process:  Advapi    Authentication Package: Negotiate  Transited Services: -  Package Name (NTLM only): -  Key Length:  0  This event is generated when a logon session is created. It is generated on the computer that was accessed.  The subject fields indicate the account on the local system which requested the logon. This is most commonly a service such as the Server service, or a local process such as Winlogon.exe or Services.exe.  The logon type field indicates the kind of logon that occurred. The most common types are 2 (interactive) and 3 (network).  The New Logon fields indicate the account for whom the new logon was created, i.e. the account that was logged on.  The network fields indicate where a remote logon request originated. Workstation name is not always available and may be left blank in some cases.  The impersonation level field indicates the extent to which a process in the logon session can impersonate.  The authentication information fields provide detailed information about this specific logon request.  - Logon GUID is a unique identifier that can be used to correlate this event with a KDC event.  - Transited services indicate which intermediate services have participated in this logon request.  - Package name indicates which sub-protocol was used among the NTLM protocols.  - Key length indicates the length of the generated session key. This will be 0 if no session key was requested."
"Device=WindowsLog	AgentLogFile=Security	PluginVersion=7.2.9.105	Source=Microsoft-Windows-Security-Auditing	Computer=DESKTOP-64-EDR	OriginatingComputer=192.168.153.166	User=	Domain=	EventID=4648	EventIDCode=4648	EventType=8	EventCategory=12544	RecordNumber=8370156	TimeGenerated=1754467180	TimeWritten=1754467180	Level=0	Keywords=0	Task=0	Opcode=0	Message=A logon was attempted using explicit credentials.  Subject:  Security ID:  NT AUTHORITY\SYSTEM  Account Name:  DESKTOP-64-EDR$  Account Domain:  BOCHK.COM  Logon ID:  0x3e7  Logon GUID:  {00000000-0000-0000-0000-000000000000}  Account Whose Credentials Were Used:  Account Name:  siesvc  Account Domain:  DESKTOP-64-EDR  Logon GUID:  {00000000-0000-0000-0000-000000000000}  Target Server:  Target Server Name: localhost  Additional Information: localhost  Process Information:  Process ID:  0x1c6c  Process Name:  C:\Program Files\Picus Security\Picus Simulation Agent\Picus.Simulation.AgentService.exe  Network Information:  Network Address: -  Port:   -  This event is generated when a process attempts to log on an account by explicitly specifying that account’s credentials.  This most commonly occurs in batch-type configurations such as scheduled tasks, or when using the RUNAS command."
"Device=WindowsLog	AgentLogFile=Security	PluginVersion=7.2.9.105	Source=Microsoft-Windows-Security-Auditing	Computer=DESKTOP-64-EDR	OriginatingComputer=192.168.153.166	User=	Domain=	EventID=4624	EventIDCode=4624	EventType=8	EventCategory=12544	RecordNumber=8370152	TimeGenerated=1754467180	TimeWritten=1754467180	Level=0	Keywords=0	Task=0	Opcode=0	Message=An account was successfully logged on.  Subject:  Security ID:  NT AUTHORITY\SYSTEM  Account Name:  DESKTOP-64-EDR$  Account Domain:  BOCHK.COM  Logon ID:  0x3e7  Logon Information:  Logon Type:  2  Restricted Admin Mode: -  Virtual Account:  No   Elevated Token:  Yes   Impersonation Level:  Impersonation   New Logon:  Security ID:  DESKTOP-64-EDR\siesvc  Account Name:  siesvc  Account Domain:  DESKTOP-64-EDR  Logon ID:  0xc3616e9  Linked Logon ID:  0xc3617cd  Network Account Name: -  Network Account Domain: -  Logon GUID:  {00000000-0000-0000-0000-000000000000}  Process Information:  Process ID:  0x1c6c  Process Name:  C:\Program Files\Picus Security\Picus Simulation Agent\Picus.Simulation.AgentService.exe  Network Information:  Workstation Name: DESKTOP-64-EDR  Source Network Address: -  Source Port:  -  Detailed Authentication Information:  Logon Process:  Advapi    Authentication Package: Negotiate  Transited Services: -  Package Name (NTLM only): -  Key Length:  0  This event is generated when a logon session is created. It is generated on the computer that was accessed.  The subject fields indicate the account on the local system which requested the logon. This is most commonly a service such as the Server service, or a local process such as Winlogon.exe or Services.exe.  The logon type field indicates the kind of logon that occurred. The most common types are 2 (interactive) and 3 (network).  The New Logon fields indicate the account for whom the new logon was created, i.e. the account that was logged on.  The network fields indicate where a remote logon request originated. Workstation name is not always available and may be left blank in some cases.  The impersonation level field indicates the extent to which a process in the logon session can impersonate.  The authentication information fields provide detailed information about this specific logon request.  - Logon GUID is a unique identifier that can be used to correlate this event with a KDC event.  - Transited services indicate which intermediate services have participated in this logon request.  - Package name indicates which sub-protocol was used among the NTLM protocols.  - Key length indicates the length of the generated session key. This will be 0 if no session key was requested."
"Device=WindowsLog	AgentLogFile=Security	PluginVersion=7.2.9.105	Source=Microsoft-Windows-Security-Auditing	Computer=DESKTOP-64-EDR	OriginatingComputer=192.168.153.166	User=	Domain=	EventID=4648	EventIDCode=4648	EventType=8	EventCategory=12544	RecordNumber=8370151	TimeGenerated=1754467180	TimeWritten=1754467180	Level=0	Keywords=0	Task=0	Opcode=0	Message=A logon was attempted using explicit credentials.  Subject:  Security ID:  NT AUTHORITY\SYSTEM  Account Name:  DESKTOP-64-EDR$  Account Domain:  BOCHK.COM  Logon ID:  0x3e7  Logon GUID:  {00000000-0000-0000-0000-000000000000}  Account Whose Credentials Were Used:  Account Name:  siesvc  Account Domain:  DESKTOP-64-EDR  Logon GUID:  {00000000-0000-0000-0000-000000000000}  Target Server:  Target Server Name: localhost  Additional Information: localhost  Process Information:  Process ID:  0x1c6c  Process Name:  C:\Program Files\Picus Security\Picus Simulation Agent\Picus.Simulation.AgentService.exe  Network Information:  Network Address: -  Port:   -  This event is generated when a process attempts to log on an account by explicitly specifying that account’s credentials.  This most commonly occurs in batch-type configurations such as scheduled tasks, or when using the RUNAS command."
"Device=WindowsLog	AgentLogFile=Microsoft-Windows-Sysmon/Operational	PluginVersion=7.2.9.105	Source=Microsoft-Windows-Sysmon	Computer=DESKTOP-64-EDR	OriginatingComputer=DESKTOP-64-EDR	User=SYSTEM	Domain=NT AUTHORITY	EventID=26	EventIDCode=26	EventType=4	EventCategory=26	RecordNumber=5914470	TimeGenerated=1754467180	TimeWritten=1754467180	Level=Informational	Keywords=0x8000000000000000	Task=SysmonTask-SYSMONEVENT_FILE_DELETE_DETECTED	Opcode=Info	Message=File Delete logged: RuleName: - UtcTime: 2025-08-06 07:59:40.917 ProcessGuid: {ca0127e9-b3f5-6892-d43d-000000008b00} ProcessId: 7276 User: NT AUTHORITY\SYSTEM Image: C:\Program Files\Picus Security\Picus Simulation Agent\Picus.Simulation.AgentService.exe TargetFilename: C:\ProgramData\Picus Security\Picus Simulation Update\Temp\AgentStateModel Hashes: MD5=B30156B826DC7BE0422B0DB828F23179,SHA256=1C732A79EE7BC41ADE026C3F12725403BF238D47BC2E196A7A6CB63F910B7131,IMPHASH=00000000000000000000000000000000 IsExecutable: false"
"Device=WindowsLog	AgentLogFile=Security	PluginVersion=7.2.9.105	Source=Microsoft-Windows-Security-Auditing	Computer=DESKTOP-64-EDR	OriginatingComputer=192.168.153.166	User=	Domain=	EventID=4624	EventIDCode=4624	EventType=8	EventCategory=12544	RecordNumber=8370148	TimeGenerated=1754467179	TimeWritten=1754467179	Level=0	Keywords=0	Task=0	Opcode=0	Message=An account was successfully logged on.  Subject:  Security ID:  NT AUTHORITY\SYSTEM  Account Name:  DESKTOP-64-EDR$  Account Domain:  BOCHK.COM  Logon ID:  0x3e7  Logon Information:  Logon Type:  2  Restricted Admin Mode: -  Virtual Account:  No   Elevated Token:  No   Impersonation Level:  Impersonation   New Logon:  Security ID:  DESKTOP-64-EDR\siesvc  Account Name:  siesvc  Account Domain:  DESKTOP-64-EDR  Logon ID:  0xc361448  Linked Logon ID:  0xc361409  Network Account Name: -  Network Account Domain: -  Logon GUID:  {00000000-0000-0000-0000-000000000000}  Process Information:  Process ID:  0x1c6c  Process Name:  C:\Program Files\Picus Security\Picus Simulation Agent\Picus.Simulation.AgentService.exe  Network Information:  Workstation Name: DESKTOP-64-EDR  Source Network Address: -  Source Port:  -  Detailed Authentication Information:  Logon Process:  Advapi    Authentication Package: Negotiate  Transited Services: -  Package Name (NTLM only): -  Key Length:  0  This event is generated when a logon session is created. It is generated on the computer that was accessed.  The subject fields indicate the account on the local system which requested the logon. This is most commonly a service such as the Server service, or a local process such as Winlogon.exe or Services.exe.  The logon type field indicates the kind of logon that occurred. The most common types are 2 (interactive) and 3 (network).  The New Logon fields indicate the account for whom the new logon was created, i.e. the account that was logged on.  The network fields indicate where a remote logon request originated. Workstation name is not always available and may be left blank in some cases.  The impersonation level field indicates the extent to which a process in the logon session can impersonate.  The authentication information fields provide detailed information about this specific logon request.  - Logon GUID is a unique identifier that can be used to correlate this event with a KDC event.  - Transited services indicate which intermediate services have participated in this logon request.  - Package name indicates which sub-protocol was used among the NTLM protocols.  - Key length indicates the length of the generated session key. This will be 0 if no session key was requested."
"Device=WindowsLog	AgentLogFile=Security	PluginVersion=7.2.9.105	Source=Microsoft-Windows-Security-Auditing	Computer=DESKTOP-64-EDR	OriginatingComputer=192.168.153.166	User=	Domain=	EventID=4624	EventIDCode=4624	EventType=8	EventCategory=12544	RecordNumber=8370147	TimeGenerated=1754467179	TimeWritten=1754467179	Level=0	Keywords=0	Task=0	Opcode=0	Message=An account was successfully logged on.  Subject:  Security ID:  NT AUTHORITY\SYSTEM  Account Name:  DESKTOP-64-EDR$  Account Domain:  BOCHK.COM  Logon ID:  0x3e7  Logon Information:  Logon Type:  2  Restricted Admin Mode: -  Virtual Account:  No   Elevated Token:  Yes   Impersonation Level:  Impersonation   New Logon:  Security ID:  DESKTOP-64-EDR\siesvc  Account Name:  siesvc  Account Domain:  DESKTOP-64-EDR  Logon ID:  0xc361409  Linked Logon ID:  0xc361448  Network Account Name: -  Network Account Domain: -  Logon GUID:  {00000000-0000-0000-0000-000000000000}  Process Information:  Process ID:  0x1c6c  Process Name:  C:\Program Files\Picus Security\Picus Simulation Agent\Picus.Simulation.AgentService.exe  Network Information:  Workstation Name: DESKTOP-64-EDR  Source Network Address: -  Source Port:  -  Detailed Authentication Information:  Logon Process:  Advapi    Authentication Package: Negotiate  Transited Services: -  Package Name (NTLM only): -  Key Length:  0  This event is generated when a logon session is created. It is generated on the computer that was accessed.  The subject fields indicate the account on the local system which requested the logon. This is most commonly a service such as the Server service, or a local process such as Winlogon.exe or Services.exe.  The logon type field indicates the kind of logon that occurred. The most common types are 2 (interactive) and 3 (network).  The New Logon fields indicate the account for whom the new logon was created, i.e. the account that was logged on.  The network fields indicate where a remote logon request originated. Workstation name is not always available and may be left blank in some cases.  The impersonation level field indicates the extent to which a process in the logon session can impersonate.  The authentication information fields provide detailed information about this specific logon request.  - Logon GUID is a unique identifier that can be used to correlate this event with a KDC event.  - Transited services indicate which intermediate services have participated in this logon request.  - Package name indicates which sub-protocol was used among the NTLM protocols.  - Key length indicates the length of the generated session key. This will be 0 if no session key was requested."
