"Device=WindowsLog	AgentLogFile=Security	PluginVersion=7.2.9.105	Source=Microsoft-Windows-Security-Auditing	Computer=DESKTOP-64-EDR	OriginatingComputer=192.168.153.166	User=	Domain=	EventID=4624	EventIDCode=4624	EventType=8	EventCategory=12544	RecordNumber=8440619	TimeGenerated=1754558710	TimeWritten=1754558710	Level=0	Keywords=0	Task=0	Opcode=0	Message=An account was successfully logged on.  Subject:  Security ID:  NT AUTHORITY\SYSTEM  Account Name:  DESKTOP-64-EDR$  Account Domain:  BOCHK.COM  Logon ID:  0x3e7  Logon Information:  Logon Type:  2  Restricted Admin Mode: -  Virtual Account:  No   Elevated Token:  No   Impersonation Level:  Impersonation   New Logon:  Security ID:  DESKTOP-64-EDR\siesvc  Account Name:  siesvc  Account Domain:  DESKTOP-64-EDR  Logon ID:  0xdb06bb2  Linked Logon ID:  0xdb06b51  Network Account Name: -  Network Account Domain: -  Logon GUID:  {00000000-0000-0000-0000-000000000000}  Process Information:  Process ID:  0x224c  Process Name:  C:\Program Files\Picus Security\Picus Simulation Agent\Picus.Simulator.exe  Network Information:  Workstation Name: DESKTOP-64-EDR  Source Network Address: -  Source Port:  -  Detailed Authentication Information:  Logon Process:  Advapi    Authentication Package: Negotiate  Transited Services: -  Package Name (NTLM only): -  Key Length:  0  This event is generated when a logon session is created. It is generated on the computer that was accessed.  The subject fields indicate the account on the local system which requested the logon. This is most commonly a service such as the Server service, or a local process such as Winlogon.exe or Services.exe.  The logon type field indicates the kind of logon that occurred. The most common types are 2 (interactive) and 3 (network).  The New Logon fields indicate the account for whom the new logon was created, i.e. the account that was logged on.  The network fields indicate where a remote logon request originated. Workstation name is not always available and may be left blank in some cases.  The impersonation level field indicates the extent to which a process in the logon session can impersonate.  The authentication information fields provide detailed information about this specific logon request.  - Logon GUID is a unique identifier that can be used to correlate this event with a KDC event.  - Transited services indicate which intermediate services have participated in this logon request.  - Package name indicates which sub-protocol was used among the NTLM protocols.  - Key length indicates the length of the generated session key. This will be 0 if no session key was requested."
"Device=WindowsLog	AgentLogFile=Security	PluginVersion=7.2.9.105	Source=Microsoft-Windows-Security-Auditing	Computer=DESKTOP-64-EDR	OriginatingComputer=192.168.153.166	User=	Domain=	EventID=4624	EventIDCode=4624	EventType=8	EventCategory=12544	RecordNumber=8440618	TimeGenerated=1754558710	TimeWritten=1754558710	Level=0	Keywords=0	Task=0	Opcode=0	Message=An account was successfully logged on.  Subject:  Security ID:  NT AUTHORITY\SYSTEM  Account Name:  DESKTOP-64-EDR$  Account Domain:  BOCHK.COM  Logon ID:  0x3e7  Logon Information:  Logon Type:  2  Restricted Admin Mode: -  Virtual Account:  No   Elevated Token:  Yes   Impersonation Level:  Impersonation   New Logon:  Security ID:  DESKTOP-64-EDR\siesvc  Account Name:  siesvc  Account Domain:  DESKTOP-64-EDR  Logon ID:  0xdb06b51  Linked Logon ID:  0xdb06bb2  Network Account Name: -  Network Account Domain: -  Logon GUID:  {00000000-0000-0000-0000-000000000000}  Process Information:  Process ID:  0x224c  Process Name:  C:\Program Files\Picus Security\Picus Simulation Agent\Picus.Simulator.exe  Network Information:  Workstation Name: DESKTOP-64-EDR  Source Network Address: -  Source Port:  -  Detailed Authentication Information:  Logon Process:  Advapi    Authentication Package: Negotiate  Transited Services: -  Package Name (NTLM only): -  Key Length:  0  This event is generated when a logon session is created. It is generated on the computer that was accessed.  The subject fields indicate the account on the local system which requested the logon. This is most commonly a service such as the Server service, or a local process such as Winlogon.exe or Services.exe.  The logon type field indicates the kind of logon that occurred. The most common types are 2 (interactive) and 3 (network).  The New Logon fields indicate the account for whom the new logon was created, i.e. the account that was logged on.  The network fields indicate where a remote logon request originated. Workstation name is not always available and may be left blank in some cases.  The impersonation level field indicates the extent to which a process in the logon session can impersonate.  The authentication information fields provide detailed information about this specific logon request.  - Logon GUID is a unique identifier that can be used to correlate this event with a KDC event.  - Transited services indicate which intermediate services have participated in this logon request.  - Package name indicates which sub-protocol was used among the NTLM protocols.  - Key length indicates the length of the generated session key. This will be 0 if no session key was requested."
"Device=WindowsLog	AgentLogFile=Security	PluginVersion=7.2.9.105	Source=Microsoft-Windows-Security-Auditing	Computer=DESKTOP-64-EDR	OriginatingComputer=192.168.153.166	User=	Domain=	EventID=4648	EventIDCode=4648	EventType=8	EventCategory=12544	RecordNumber=8440617	TimeGenerated=1754558710	TimeWritten=1754558710	Level=0	Keywords=0	Task=0	Opcode=0	Message=A logon was attempted using explicit credentials.  Subject:  Security ID:  NT AUTHORITY\SYSTEM  Account Name:  DESKTOP-64-EDR$  Account Domain:  BOCHK.COM  Logon ID:  0x3e7  Logon GUID:  {00000000-0000-0000-0000-000000000000}  Account Whose Credentials Were Used:  Account Name:  siesvc  Account Domain:  DESKTOP-64-EDR  Logon GUID:  {00000000-0000-0000-0000-000000000000}  Target Server:  Target Server Name: localhost  Additional Information: localhost  Process Information:  Process ID:  0x224c  Process Name:  C:\Program Files\Picus Security\Picus Simulation Agent\Picus.Simulator.exe  Network Information:  Network Address: -  Port:   -  This event is generated when a process attempts to log on an account by explicitly specifying that account’s credentials.  This most commonly occurs in batch-type configurations such as scheduled tasks, or when using the RUNAS command."
"Device=WindowsLog	AgentLogFile=Security	PluginVersion=7.2.9.105	Source=Microsoft-Windows-Security-Auditing	Computer=DESKTOP-64-EDR	OriginatingComputer=192.168.153.166	User=	Domain=	EventID=4624	EventIDCode=4624	EventType=8	EventCategory=12544	RecordNumber=8440613	TimeGenerated=1754558710	TimeWritten=1754558710	Level=0	Keywords=0	Task=0	Opcode=0	Message=An account was successfully logged on.  Subject:  Security ID:  NT AUTHORITY\SYSTEM  Account Name:  DESKTOP-64-EDR$  Account Domain:  BOCHK.COM  Logon ID:  0x3e7  Logon Information:  Logon Type:  2  Restricted Admin Mode: -  Virtual Account:  No   Elevated Token:  Yes   Impersonation Level:  Impersonation   New Logon:  Security ID:  DESKTOP-64-EDR\siesvc  Account Name:  siesvc  Account Domain:  DESKTOP-64-EDR  Logon ID:  0xdb066ff  Linked Logon ID:  0xdb0677b  Network Account Name: -  Network Account Domain: -  Logon GUID:  {00000000-0000-0000-0000-000000000000}  Process Information:  Process ID:  0x224c  Process Name:  C:\Program Files\Picus Security\Picus Simulation Agent\Picus.Simulator.exe  Network Information:  Workstation Name: DESKTOP-64-EDR  Source Network Address: -  Source Port:  -  Detailed Authentication Information:  Logon Process:  Advapi    Authentication Package: Negotiate  Transited Services: -  Package Name (NTLM only): -  Key Length:  0  This event is generated when a logon session is created. It is generated on the computer that was accessed.  The subject fields indicate the account on the local system which requested the logon. This is most commonly a service such as the Server service, or a local process such as Winlogon.exe or Services.exe.  The logon type field indicates the kind of logon that occurred. The most common types are 2 (interactive) and 3 (network).  The New Logon fields indicate the account for whom the new logon was created, i.e. the account that was logged on.  The network fields indicate where a remote logon request originated. Workstation name is not always available and may be left blank in some cases.  The impersonation level field indicates the extent to which a process in the logon session can impersonate.  The authentication information fields provide detailed information about this specific logon request.  - Logon GUID is a unique identifier that can be used to correlate this event with a KDC event.  - Transited services indicate which intermediate services have participated in this logon request.  - Package name indicates which sub-protocol was used among the NTLM protocols.  - Key length indicates the length of the generated session key. This will be 0 if no session key was requested."
"Device=WindowsLog	AgentLogFile=Security	PluginVersion=7.2.9.105	Source=Microsoft-Windows-Security-Auditing	Computer=DESKTOP-64-EDR	OriginatingComputer=192.168.153.166	User=	Domain=	EventID=4624	EventIDCode=4624	EventType=8	EventCategory=12544	RecordNumber=8440614	TimeGenerated=1754558710	TimeWritten=1754558710	Level=0	Keywords=0	Task=0	Opcode=0	Message=An account was successfully logged on.  Subject:  Security ID:  NT AUTHORITY\SYSTEM  Account Name:  DESKTOP-64-EDR$  Account Domain:  BOCHK.COM  Logon ID:  0x3e7  Logon Information:  Logon Type:  2  Restricted Admin Mode: -  Virtual Account:  No   Elevated Token:  No   Impersonation Level:  Impersonation   New Logon:  Security ID:  DESKTOP-64-EDR\siesvc  Account Name:  siesvc  Account Domain:  DESKTOP-64-EDR  Logon ID:  0xdb0677b  Linked Logon ID:  0xdb066ff  Network Account Name: -  Network Account Domain: -  Logon GUID:  {00000000-0000-0000-0000-000000000000}  Process Information:  Process ID:  0x224c  Process Name:  C:\Program Files\Picus Security\Picus Simulation Agent\Picus.Simulator.exe  Network Information:  Workstation Name: DESKTOP-64-EDR  Source Network Address: -  Source Port:  -  Detailed Authentication Information:  Logon Process:  Advapi    Authentication Package: Negotiate  Transited Services: -  Package Name (NTLM only): -  Key Length:  0  This event is generated when a logon session is created. It is generated on the computer that was accessed.  The subject fields indicate the account on the local system which requested the logon. This is most commonly a service such as the Server service, or a local process such as Winlogon.exe or Services.exe.  The logon type field indicates the kind of logon that occurred. The most common types are 2 (interactive) and 3 (network).  The New Logon fields indicate the account for whom the new logon was created, i.e. the account that was logged on.  The network fields indicate where a remote logon request originated. Workstation name is not always available and may be left blank in some cases.  The impersonation level field indicates the extent to which a process in the logon session can impersonate.  The authentication information fields provide detailed information about this specific logon request.  - Logon GUID is a unique identifier that can be used to correlate this event with a KDC event.  - Transited services indicate which intermediate services have participated in this logon request.  - Package name indicates which sub-protocol was used among the NTLM protocols.  - Key length indicates the length of the generated session key. This will be 0 if no session key was requested."
"Device=WindowsLog	AgentLogFile=Security	PluginVersion=7.2.9.105	Source=Microsoft-Windows-Security-Auditing	Computer=DESKTOP-64-EDR	OriginatingComputer=192.168.153.166	User=	Domain=	EventID=4624	EventIDCode=4624	EventType=8	EventCategory=12544	RecordNumber=8440609	TimeGenerated=1754558710	TimeWritten=1754558710	Level=0	Keywords=0	Task=0	Opcode=0	Message=An account was successfully logged on.  Subject:  Security ID:  NT AUTHORITY\SYSTEM  Account Name:  DESKTOP-64-EDR$  Account Domain:  BOCHK.COM  Logon ID:  0x3e7  Logon Information:  Logon Type:  2  Restricted Admin Mode: -  Virtual Account:  No   Elevated Token:  No   Impersonation Level:  Impersonation   New Logon:  Security ID:  DESKTOP-64-EDR\siesvc  Account Name:  siesvc  Account Domain:  DESKTOP-64-EDR  Logon ID:  0xdb06281  Linked Logon ID:  0xdb06206  Network Account Name: -  Network Account Domain: -  Logon GUID:  {00000000-0000-0000-0000-000000000000}  Process Information:  Process ID:  0x1c6c  Process Name:  C:\Program Files\Picus Security\Picus Simulation Agent\Picus.Simulation.AgentService.exe  Network Information:  Workstation Name: DESKTOP-64-EDR  Source Network Address: -  Source Port:  -  Detailed Authentication Information:  Logon Process:  Advapi    Authentication Package: Negotiate  Transited Services: -  Package Name (NTLM only): -  Key Length:  0  This event is generated when a logon session is created. It is generated on the computer that was accessed.  The subject fields indicate the account on the local system which requested the logon. This is most commonly a service such as the Server service, or a local process such as Winlogon.exe or Services.exe.  The logon type field indicates the kind of logon that occurred. The most common types are 2 (interactive) and 3 (network).  The New Logon fields indicate the account for whom the new logon was created, i.e. the account that was logged on.  The network fields indicate where a remote logon request originated. Workstation name is not always available and may be left blank in some cases.  The impersonation level field indicates the extent to which a process in the logon session can impersonate.  The authentication information fields provide detailed information about this specific logon request.  - Logon GUID is a unique identifier that can be used to correlate this event with a KDC event.  - Transited services indicate which intermediate services have participated in this logon request.  - Package name indicates which sub-protocol was used among the NTLM protocols.  - Key length indicates the length of the generated session key. This will be 0 if no session key was requested."
"Device=WindowsLog	AgentLogFile=Security	PluginVersion=7.2.9.105	Source=Microsoft-Windows-Security-Auditing	Computer=DESKTOP-64-EDR	OriginatingComputer=192.168.153.166	User=	Domain=	EventID=4648	EventIDCode=4648	EventType=8	EventCategory=12544	RecordNumber=8440612	TimeGenerated=1754558710	TimeWritten=1754558710	Level=0	Keywords=0	Task=0	Opcode=0	Message=A logon was attempted using explicit credentials.  Subject:  Security ID:  NT AUTHORITY\SYSTEM  Account Name:  DESKTOP-64-EDR$  Account Domain:  BOCHK.COM  Logon ID:  0x3e7  Logon GUID:  {00000000-0000-0000-0000-000000000000}  Account Whose Credentials Were Used:  Account Name:  siesvc  Account Domain:  DESKTOP-64-EDR  Logon GUID:  {00000000-0000-0000-0000-000000000000}  Target Server:  Target Server Name: localhost  Additional Information: localhost  Process Information:  Process ID:  0x224c  Process Name:  C:\Program Files\Picus Security\Picus Simulation Agent\Picus.Simulator.exe  Network Information:  Network Address: -  Port:   -  This event is generated when a process attempts to log on an account by explicitly specifying that account’s credentials.  This most commonly occurs in batch-type configurations such as scheduled tasks, or when using the RUNAS command."
"Device=WindowsLog	AgentLogFile=Security	PluginVersion=7.2.9.105	Source=Microsoft-Windows-Security-Auditing	Computer=DESKTOP-64-EDR	OriginatingComputer=192.168.153.166	User=	Domain=	EventID=4624	EventIDCode=4624	EventType=8	EventCategory=12544	RecordNumber=8440608	TimeGenerated=1754558710	TimeWritten=1754558710	Level=0	Keywords=0	Task=0	Opcode=0	Message=An account was successfully logged on.  Subject:  Security ID:  NT AUTHORITY\SYSTEM  Account Name:  DESKTOP-64-EDR$  Account Domain:  BOCHK.COM  Logon ID:  0x3e7  Logon Information:  Logon Type:  2  Restricted Admin Mode: -  Virtual Account:  No   Elevated Token:  Yes   Impersonation Level:  Impersonation   New Logon:  Security ID:  DESKTOP-64-EDR\siesvc  Account Name:  siesvc  Account Domain:  DESKTOP-64-EDR  Logon ID:  0xdb06206  Linked Logon ID:  0xdb06281  Network Account Name: -  Network Account Domain: -  Logon GUID:  {00000000-0000-0000-0000-000000000000}  Process Information:  Process ID:  0x1c6c  Process Name:  C:\Program Files\Picus Security\Picus Simulation Agent\Picus.Simulation.AgentService.exe  Network Information:  Workstation Name: DESKTOP-64-EDR  Source Network Address: -  Source Port:  -  Detailed Authentication Information:  Logon Process:  Advapi    Authentication Package: Negotiate  Transited Services: -  Package Name (NTLM only): -  Key Length:  0  This event is generated when a logon session is created. It is generated on the computer that was accessed.  The subject fields indicate the account on the local system which requested the logon. This is most commonly a service such as the Server service, or a local process such as Winlogon.exe or Services.exe.  The logon type field indicates the kind of logon that occurred. The most common types are 2 (interactive) and 3 (network).  The New Logon fields indicate the account for whom the new logon was created, i.e. the account that was logged on.  The network fields indicate where a remote logon request originated. Workstation name is not always available and may be left blank in some cases.  The impersonation level field indicates the extent to which a process in the logon session can impersonate.  The authentication information fields provide detailed information about this specific logon request.  - Logon GUID is a unique identifier that can be used to correlate this event with a KDC event.  - Transited services indicate which intermediate services have participated in this logon request.  - Package name indicates which sub-protocol was used among the NTLM protocols.  - Key length indicates the length of the generated session key. This will be 0 if no session key was requested."
"Device=WindowsLog	AgentLogFile=Security	PluginVersion=7.2.9.105	Source=Microsoft-Windows-Security-Auditing	Computer=DESKTOP-64-EDR	OriginatingComputer=192.168.153.166	User=	Domain=	EventID=4648	EventIDCode=4648	EventType=8	EventCategory=12544	RecordNumber=8440607	TimeGenerated=1754558710	TimeWritten=1754558710	Level=0	Keywords=0	Task=0	Opcode=0	Message=A logon was attempted using explicit credentials.  Subject:  Security ID:  NT AUTHORITY\SYSTEM  Account Name:  DESKTOP-64-EDR$  Account Domain:  BOCHK.COM  Logon ID:  0x3e7  Logon GUID:  {00000000-0000-0000-0000-000000000000}  Account Whose Credentials Were Used:  Account Name:  siesvc  Account Domain:  DESKTOP-64-EDR  Logon GUID:  {00000000-0000-0000-0000-000000000000}  Target Server:  Target Server Name: localhost  Additional Information: localhost  Process Information:  Process ID:  0x1c6c  Process Name:  C:\Program Files\Picus Security\Picus Simulation Agent\Picus.Simulation.AgentService.exe  Network Information:  Network Address: -  Port:   -  This event is generated when a process attempts to log on an account by explicitly specifying that account’s credentials.  This most commonly occurs in batch-type configurations such as scheduled tasks, or when using the RUNAS command."
"Device=WindowsLog	AgentLogFile=Security	PluginVersion=7.2.9.105	Source=Microsoft-Windows-Security-Auditing	Computer=DESKTOP-64-EDR	OriginatingComputer=192.168.153.166	User=	Domain=	EventID=4624	EventIDCode=4624	EventType=8	EventCategory=12544	RecordNumber=8440602	TimeGenerated=1754558708	TimeWritten=1754558708	Level=0	Keywords=0	Task=0	Opcode=0	Message=An account was successfully logged on.  Subject:  Security ID:  NT AUTHORITY\SYSTEM  Account Name:  DESKTOP-64-EDR$  Account Domain:  BOCHK.COM  Logon ID:  0x3e7  Logon Information:  Logon Type:  2  Restricted Admin Mode: -  Virtual Account:  No   Elevated Token:  No   Impersonation Level:  Impersonation   New Logon:  Security ID:  DESKTOP-64-EDR\siesvc  Account Name:  siesvc  Account Domain:  DESKTOP-64-EDR  Logon ID:  0xdb011cf  Linked Logon ID:  0xdb01190  Network Account Name: -  Network Account Domain: -  Logon GUID:  {00000000-0000-0000-0000-000000000000}  Process Information:  Process ID:  0x224c  Process Name:  C:\Program Files\Picus Security\Picus Simulation Agent\Picus.Simulator.exe  Network Information:  Workstation Name: DESKTOP-64-EDR  Source Network Address: -  Source Port:  -  Detailed Authentication Information:  Logon Process:  Advapi    Authentication Package: Negotiate  Transited Services: -  Package Name (NTLM only): -  Key Length:  0  This event is generated when a logon session is created. It is generated on the computer that was accessed.  The subject fields indicate the account on the local system which requested the logon. This is most commonly a service such as the Server service, or a local process such as Winlogon.exe or Services.exe.  The logon type field indicates the kind of logon that occurred. The most common types are 2 (interactive) and 3 (network).  The New Logon fields indicate the account for whom the new logon was created, i.e. the account that was logged on.  The network fields indicate where a remote logon request originated. Workstation name is not always available and may be left blank in some cases.  The impersonation level field indicates the extent to which a process in the logon session can impersonate.  The authentication information fields provide detailed information about this specific logon request.  - Logon GUID is a unique identifier that can be used to correlate this event with a KDC event.  - Transited services indicate which intermediate services have participated in this logon request.  - Package name indicates which sub-protocol was used among the NTLM protocols.  - Key length indicates the length of the generated session key. This will be 0 if no session key was requested."
"Device=WindowsLog	AgentLogFile=Security	PluginVersion=7.2.9.105	Source=Microsoft-Windows-Security-Auditing	Computer=DESKTOP-64-EDR	OriginatingComputer=192.168.153.166	User=	Domain=	EventID=4648	EventIDCode=4648	EventType=8	EventCategory=12544	RecordNumber=8440600	TimeGenerated=1754558708	TimeWritten=1754558708	Level=0	Keywords=0	Task=0	Opcode=0	Message=A logon was attempted using explicit credentials.  Subject:  Security ID:  NT AUTHORITY\SYSTEM  Account Name:  DESKTOP-64-EDR$  Account Domain:  BOCHK.COM  Logon ID:  0x3e7  Logon GUID:  {00000000-0000-0000-0000-000000000000}  Account Whose Credentials Were Used:  Account Name:  siesvc  Account Domain:  DESKTOP-64-EDR  Logon GUID:  {00000000-0000-0000-0000-000000000000}  Target Server:  Target Server Name: localhost  Additional Information: localhost  Process Information:  Process ID:  0x224c  Process Name:  C:\Program Files\Picus Security\Picus Simulation Agent\Picus.Simulator.exe  Network Information:  Network Address: -  Port:   -  This event is generated when a process attempts to log on an account by explicitly specifying that account’s credentials.  This most commonly occurs in batch-type configurations such as scheduled tasks, or when using the RUNAS command."
Device=WindowsLog	AgentLogFile=Microsoft-Windows-Sysmon/Operational	PluginVersion=7.2.9.105	Source=Microsoft-Windows-Sysmon	Computer=DESKTOP-64-EDR	OriginatingComputer=DESKTOP-64-EDR	User=SYSTEM	Domain=NT AUTHORITY	EventID=18	EventIDCode=18	EventType=4	EventCategory=18	RecordNumber=5940552	TimeGenerated=1754558710	TimeWritten=1754558710	Level=Informational	Keywords=0x8000000000000000	Task=SysmonTask-SYSMONEVENT_CONNECT_NAMEDPIPE	Opcode=Info	Message=Pipe Connected: RuleName: - EventType: ConnectPipe UtcTime: 2025-08-07 09:25:10.937 ProcessGuid: {ca0127e9-709c-6894-474c-000000008b00} ProcessId: 8780 PipeName: <Anonymous Pipe> Image: C:\Program Files\Picus Security\Picus Simulation Agent\Picus.Simulator.exe User: NT AUTHORITY\SYSTEM
Device=WindowsLog	AgentLogFile=Microsoft-Windows-Sysmon/Operational	PluginVersion=7.2.9.105	Source=Microsoft-Windows-Sysmon	Computer=DESKTOP-64-EDR	OriginatingComputer=DESKTOP-64-EDR	User=SYSTEM	Domain=NT AUTHORITY	EventID=17	EventIDCode=17	EventType=4	EventCategory=17	RecordNumber=5940551	TimeGenerated=1754558710	TimeWritten=1754558710	Level=Informational	Keywords=0x8000000000000000	Task=SysmonTask-SYSMONEVENT_CREATE_NAMEDPIPE	Opcode=Info	Message=Pipe Created: RuleName: - EventType: CreatePipe UtcTime: 2025-08-07 09:25:10.937 ProcessGuid: {ca0127e9-709c-6894-474c-000000008b00} ProcessId: 8780 PipeName: <Anonymous Pipe> Image: C:\Program Files\Picus Security\Picus Simulation Agent\Picus.Simulator.exe User: NT AUTHORITY\SYSTEM
"Device=WindowsLog	AgentLogFile=Microsoft-Windows-PowerShell/Operational	PluginVersion=7.2.9.105	Source=Microsoft-Windows-PowerShell	Computer=DESKTOP-64-EDR	OriginatingComputer=DESKTOP-64-EDR	User=siesvc	Domain=DESKTOP-64-EDR	EventID=4103	EventIDCode=4103	EventType=4	EventCategory=106	RecordNumber=2004413	TimeGenerated=1754558710	TimeWritten=1754558710	Level=Informational	Keywords=0	Task=ExecutePipeline	Opcode=20	Message=CommandInvocation(Out-Default): ""Out-Default""""   Context:         Severity = Informational         Host Name = ConsoleHost         Host Version = 5.1.19041.2673         Host ID = e26040ab-c1ed-4488-b635-73e79cf74253         Host Application = powershell.exe -c Unblock-File 'C:\Users\siesvc\AppData\Local\Temp\EDF.ps1'; Import-Module 'C:\Users\siesvc\AppData\Local\Temp\EDF.ps1' <#PICUS_REWIND#>         Engine Version = 5.1.19041.2673         Runspace ID = 406b99d2-0e92-4d15-b2d6-5a9d02c4b5d6         Pipeline ID = 1         Command Name =          Command Type = Script         Script Name =          Command Path =          Sequence Number = 94         User = DESKTOP-64-EDR\siesvc         Connected User =          Shell ID = Microsoft.PowerShell   User Data:"""
"Device=WindowsLog	AgentLogFile=Microsoft-Windows-PowerShell/Operational	PluginVersion=7.2.9.105	Source=Microsoft-Windows-PowerShell	Computer=DESKTOP-64-EDR	OriginatingComputer=DESKTOP-64-EDR	User=siesvc	Domain=DESKTOP-64-EDR	EventID=4103	EventIDCode=4103	EventType=4	EventCategory=106	RecordNumber=2004412	TimeGenerated=1754558710	TimeWritten=1754558710	Level=Informational	Keywords=0	Task=ExecutePipeline	Opcode=20	Message=CommandInvocation(Import-Module): ""Import-Module"""" ParameterBinding(Import-Module): name=""""Name""""; value=""""C:\Users\siesvc\AppData\Local\Temp\EDF.ps1""""   Context:         Severity = Informational         Host Name = ConsoleHost         Host Version = 5.1.19041.2673         Host ID = e26040ab-c1ed-4488-b635-73e79cf74253         Host Application = powershell.exe -c Unblock-File 'C:\Users\siesvc\AppData\Local\Temp\EDF.ps1'; Import-Module 'C:\Users\siesvc\AppData\Local\Temp\EDF.ps1' <#PICUS_REWIND#>         Engine Version = 5.1.19041.2673         Runspace ID = 406b99d2-0e92-4d15-b2d6-5a9d02c4b5d6         Pipeline ID = 1         Command Name = Import-Module         Command Type = Cmdlet         Script Name =          Command Path =          Sequence Number = 92         User = DESKTOP-64-EDR\siesvc         Connected User =          Shell ID = Microsoft.PowerShell   User Data:"""
"Device=WindowsLog	AgentLogFile=Microsoft-Windows-PowerShell/Operational	PluginVersion=7.2.9.105	Source=Microsoft-Windows-PowerShell	Computer=DESKTOP-64-EDR	OriginatingComputer=DESKTOP-64-EDR	User=siesvc	Domain=DESKTOP-64-EDR	EventID=4103	EventIDCode=4103	EventType=4	EventCategory=106	RecordNumber=2004409	TimeGenerated=1754558709	TimeWritten=1754558709	Level=Informational	Keywords=0	Task=ExecutePipeline	Opcode=20	Message=CommandInvocation(Export-ModuleMember): ""Export-ModuleMember"""" ParameterBinding(Export-ModuleMember): name=""""Function""""; value=""""Get-MpBehavioralNetworkBlockingRules"""" ParameterBinding(Export-ModuleMember): name=""""Alias""""; value=""""*""""   Context:         Severity = Informational         Host Name = ConsoleHost         Host Version = 5.1.19041.2673         Host ID = e26040ab-c1ed-4488-b635-73e79cf74253         Host Application = powershell.exe -c Unblock-File 'C:\Users\siesvc\AppData\Local\Temp\EDF.ps1'; Import-Module 'C:\Users\siesvc\AppData\Local\Temp\EDF.ps1' <#PICUS_REWIND#>         Engine Version = 5.1.19041.2673         Runspace ID = 406b99d2-0e92-4d15-b2d6-5a9d02c4b5d6         Pipeline ID = 4         Command Name = Export-ModuleMember         Command Type = Cmdlet         Script Name =          Command Path =          Sequence Number = 88         User = DESKTOP-64-EDR\siesvc         Connected User =          Shell ID = Microsoft.PowerShell   User Data:"""
"Device=WindowsLog	AgentLogFile=Microsoft-Windows-PowerShell/Operational	PluginVersion=7.2.9.105	Source=Microsoft-Windows-PowerShell	Computer=DESKTOP-64-EDR	OriginatingComputer=DESKTOP-64-EDR	User=siesvc	Domain=DESKTOP-64-EDR	EventID=4103	EventIDCode=4103	EventType=4	EventCategory=106	RecordNumber=2004408	TimeGenerated=1754558709	TimeWritten=1754558709	Level=Informational	Keywords=0	Task=ExecutePipeline	Opcode=20	Message=CommandInvocation(Export-ModuleMember): ""Export-ModuleMember"""" ParameterBinding(Export-ModuleMember): name=""""Function""""; value=""""Remove-MpBehavioralNetworkBlockingRules"""" ParameterBinding(Export-ModuleMember): name=""""Alias""""; value=""""*""""   Context:         Severity = Informational         Host Name = ConsoleHost         Host Version = 5.1.19041.2673         Host ID = e26040ab-c1ed-4488-b635-73e79cf74253         Host Application = powershell.exe -c Unblock-File 'C:\Users\siesvc\AppData\Local\Temp\EDF.ps1'; Import-Module 'C:\Users\siesvc\AppData\Local\Temp\EDF.ps1' <#PICUS_REWIND#>         Engine Version = 5.1.19041.2673         Runspace ID = 406b99d2-0e92-4d15-b2d6-5a9d02c4b5d6         Pipeline ID = 4         Command Name = Export-ModuleMember         Command Type = Cmdlet         Script Name =          Command Path =          Sequence Number = 86         User = DESKTOP-64-EDR\siesvc         Connected User =          Shell ID = Microsoft.PowerShell   User Data:"""
"Device=WindowsLog	AgentLogFile=Microsoft-Windows-PowerShell/Operational	PluginVersion=7.2.9.105	Source=Microsoft-Windows-PowerShell	Computer=DESKTOP-64-EDR	OriginatingComputer=DESKTOP-64-EDR	User=siesvc	Domain=DESKTOP-64-EDR	EventID=4103	EventIDCode=4103	EventType=4	EventCategory=106	RecordNumber=2004407	TimeGenerated=1754558709	TimeWritten=1754558709	Level=Informational	Keywords=0	Task=ExecutePipeline	Opcode=20	Message=CommandInvocation(Export-ModuleMember): ""Export-ModuleMember"""" ParameterBinding(Export-ModuleMember): name=""""Function""""; value=""""""""   Context:         Severity = Informational         Host Name = ConsoleHost         Host Version = 5.1.19041.2673         Host ID = e26040ab-c1ed-4488-b635-73e79cf74253         Host Application = powershell.exe -c Unblock-File 'C:\Users\siesvc\AppData\Local\Temp\EDF.ps1'; Import-Module 'C:\Users\siesvc\AppData\Local\Temp\EDF.ps1' <#PICUS_REWIND#>         Engine Version = 5.1.19041.2673         Runspace ID = 406b99d2-0e92-4d15-b2d6-5a9d02c4b5d6         Pipeline ID = 4         Command Name = Export-ModuleMember         Command Type = Cmdlet         Script Name =          Command Path =          Sequence Number = 84         User = DESKTOP-64-EDR\siesvc         Connected User =          Shell ID = Microsoft.PowerShell   User Data:"""
"Device=WindowsLog	AgentLogFile=Microsoft-Windows-PowerShell/Operational	PluginVersion=7.2.9.105	Source=Microsoft-Windows-PowerShell	Computer=DESKTOP-64-EDR	OriginatingComputer=DESKTOP-64-EDR	User=siesvc	Domain=DESKTOP-64-EDR	EventID=4103	EventIDCode=4103	EventType=4	EventCategory=106	RecordNumber=2004406	TimeGenerated=1754558709	TimeWritten=1754558709	Level=Informational	Keywords=0	Task=ExecutePipeline	Opcode=20	Message=CommandInvocation(Set-StrictMode): ""Set-StrictMode"""" ParameterBinding(Set-StrictMode): name=""""Off""""; value=""""True""""   Context:         Severity = Informational         Host Name = ConsoleHost         Host Version = 5.1.19041.2673         Host ID = e26040ab-c1ed-4488-b635-73e79cf74253         Host Application = powershell.exe -c Unblock-File 'C:\Users\siesvc\AppData\Local\Temp\EDF.ps1'; Import-Module 'C:\Users\siesvc\AppData\Local\Temp\EDF.ps1' <#PICUS_REWIND#>         Engine Version = 5.1.19041.2673         Runspace ID = 406b99d2-0e92-4d15-b2d6-5a9d02c4b5d6         Pipeline ID = 4         Command Name = Set-StrictMode         Command Type = Cmdlet         Script Name =          Command Path =          Sequence Number = 82         User = DESKTOP-64-EDR\siesvc         Connected User =          Shell ID = Microsoft.PowerShell   User Data:"""
"Device=WindowsLog	AgentLogFile=Microsoft-Windows-PowerShell/Operational	PluginVersion=7.2.9.105	Source=Microsoft-Windows-PowerShell	Computer=DESKTOP-64-EDR	OriginatingComputer=DESKTOP-64-EDR	User=siesvc	Domain=DESKTOP-64-EDR	EventID=4103	EventIDCode=4103	EventType=4	EventCategory=106	RecordNumber=2004404	TimeGenerated=1754558709	TimeWritten=1754558709	Level=Informational	Keywords=0	Task=ExecutePipeline	Opcode=20	Message=CommandInvocation(Export-ModuleMember): ""Export-ModuleMember"""" ParameterBinding(Export-ModuleMember): name=""""Function""""; value=""""Start-MpRollback"""" ParameterBinding(Export-ModuleMember): name=""""Alias""""; value=""""*""""   Context:         Severity = Informational         Host Name = ConsoleHost         Host Version = 5.1.19041.2673         Host ID = e26040ab-c1ed-4488-b635-73e79cf74253         Host Application = powershell.exe -c Unblock-File 'C:\Users\siesvc\AppData\Local\Temp\EDF.ps1'; Import-Module 'C:\Users\siesvc\AppData\Local\Temp\EDF.ps1' <#PICUS_REWIND#>         Engine Version = 5.1.19041.2673         Runspace ID = 406b99d2-0e92-4d15-b2d6-5a9d02c4b5d6         Pipeline ID = 4         Command Name = Export-ModuleMember         Command Type = Cmdlet         Script Name =          Command Path =          Sequence Number = 80         User = DESKTOP-64-EDR\siesvc         Connected User =          Shell ID = Microsoft.PowerShell   User Data:"""
"Device=WindowsLog	AgentLogFile=Microsoft-Windows-PowerShell/Operational	PluginVersion=7.2.9.105	Source=Microsoft-Windows-PowerShell	Computer=DESKTOP-64-EDR	OriginatingComputer=DESKTOP-64-EDR	User=siesvc	Domain=DESKTOP-64-EDR	EventID=4103	EventIDCode=4103	EventType=4	EventCategory=106	RecordNumber=2004403	TimeGenerated=1754558709	TimeWritten=1754558709	Level=Informational	Keywords=0	Task=ExecutePipeline	Opcode=20	Message=CommandInvocation(Export-ModuleMember): ""Export-ModuleMember"""" ParameterBinding(Export-ModuleMember): name=""""Function""""; value=""""""""   Context:         Severity = Informational         Host Name = ConsoleHost         Host Version = 5.1.19041.2673         Host ID = e26040ab-c1ed-4488-b635-73e79cf74253         Host Application = powershell.exe -c Unblock-File 'C:\Users\siesvc\AppData\Local\Temp\EDF.ps1'; Import-Module 'C:\Users\siesvc\AppData\Local\Temp\EDF.ps1' <#PICUS_REWIND#>         Engine Version = 5.1.19041.2673         Runspace ID = 406b99d2-0e92-4d15-b2d6-5a9d02c4b5d6         Pipeline ID = 4         Command Name = Export-ModuleMember         Command Type = Cmdlet         Script Name =          Command Path =          Sequence Number = 78         User = DESKTOP-64-EDR\siesvc         Connected User =          Shell ID = Microsoft.PowerShell   User Data:"""
"Device=WindowsLog	AgentLogFile=Microsoft-Windows-PowerShell/Operational	PluginVersion=7.2.9.105	Source=Microsoft-Windows-PowerShell	Computer=DESKTOP-64-EDR	OriginatingComputer=DESKTOP-64-EDR	User=siesvc	Domain=DESKTOP-64-EDR	EventID=4103	EventIDCode=4103	EventType=4	EventCategory=106	RecordNumber=2004400	TimeGenerated=1754558709	TimeWritten=1754558709	Level=Informational	Keywords=0	Task=ExecutePipeline	Opcode=20	Message=CommandInvocation(Export-ModuleMember): ""Export-ModuleMember"""" ParameterBinding(Export-ModuleMember): name=""""Function""""; value=""""Start-MpWDOScan"""" ParameterBinding(Export-ModuleMember): name=""""Alias""""; value=""""*""""   Context:         Severity = Informational         Host Name = ConsoleHost         Host Version = 5.1.19041.2673         Host ID = e26040ab-c1ed-4488-b635-73e79cf74253         Host Application = powershell.exe -c Unblock-File 'C:\Users\siesvc\AppData\Local\Temp\EDF.ps1'; Import-Module 'C:\Users\siesvc\AppData\Local\Temp\EDF.ps1' <#PICUS_REWIND#>         Engine Version = 5.1.19041.2673         Runspace ID = 406b99d2-0e92-4d15-b2d6-5a9d02c4b5d6         Pipeline ID = 4         Command Name = Export-ModuleMember         Command Type = Cmdlet         Script Name =          Command Path =          Sequence Number = 74         User = DESKTOP-64-EDR\siesvc         Connected User =          Shell ID = Microsoft.PowerShell   User Data:"""
"Device=WindowsLog	AgentLogFile=Microsoft-Windows-PowerShell/Operational	PluginVersion=7.2.9.105	Source=Microsoft-Windows-PowerShell	Computer=DESKTOP-64-EDR	OriginatingComputer=DESKTOP-64-EDR	User=siesvc	Domain=DESKTOP-64-EDR	EventID=4103	EventIDCode=4103	EventType=4	EventCategory=106	RecordNumber=2004402	TimeGenerated=1754558709	TimeWritten=1754558709	Level=Informational	Keywords=0	Task=ExecutePipeline	Opcode=20	Message=CommandInvocation(Set-StrictMode): ""Set-StrictMode"""" ParameterBinding(Set-StrictMode): name=""""Off""""; value=""""True""""   Context:         Severity = Informational         Host Name = ConsoleHost         Host Version = 5.1.19041.2673         Host ID = e26040ab-c1ed-4488-b635-73e79cf74253         Host Application = powershell.exe -c Unblock-File 'C:\Users\siesvc\AppData\Local\Temp\EDF.ps1'; Import-Module 'C:\Users\siesvc\AppData\Local\Temp\EDF.ps1' <#PICUS_REWIND#>         Engine Version = 5.1.19041.2673         Runspace ID = 406b99d2-0e92-4d15-b2d6-5a9d02c4b5d6         Pipeline ID = 4         Command Name = Set-StrictMode         Command Type = Cmdlet         Script Name =          Command Path =          Sequence Number = 76         User = DESKTOP-64-EDR\siesvc         Connected User =          Shell ID = Microsoft.PowerShell   User Data:"""
"Device=WindowsLog	AgentLogFile=Microsoft-Windows-PowerShell/Operational	PluginVersion=7.2.9.105	Source=Microsoft-Windows-PowerShell	Computer=DESKTOP-64-EDR	OriginatingComputer=DESKTOP-64-EDR	User=siesvc	Domain=DESKTOP-64-EDR	EventID=4103	EventIDCode=4103	EventType=4	EventCategory=106	RecordNumber=2004399	TimeGenerated=1754558709	TimeWritten=1754558709	Level=Informational	Keywords=0	Task=ExecutePipeline	Opcode=20	Message=CommandInvocation(Export-ModuleMember): ""Export-ModuleMember"""" ParameterBinding(Export-ModuleMember): name=""""Function""""; value=""""""""   Context:         Severity = Informational         Host Name = ConsoleHost         Host Version = 5.1.19041.2673         Host ID = e26040ab-c1ed-4488-b635-73e79cf74253         Host Application = powershell.exe -c Unblock-File 'C:\Users\siesvc\AppData\Local\Temp\EDF.ps1'; Import-Module 'C:\Users\siesvc\AppData\Local\Temp\EDF.ps1' <#PICUS_REWIND#>         Engine Version = 5.1.19041.2673         Runspace ID = 406b99d2-0e92-4d15-b2d6-5a9d02c4b5d6         Pipeline ID = 4         Command Name = Export-ModuleMember         Command Type = Cmdlet         Script Name =          Command Path =          Sequence Number = 72         User = DESKTOP-64-EDR\siesvc         Connected User =          Shell ID = Microsoft.PowerShell   User Data:"""
"Device=WindowsLog	AgentLogFile=Microsoft-Windows-PowerShell/Operational	PluginVersion=7.2.9.105	Source=Microsoft-Windows-PowerShell	Computer=DESKTOP-64-EDR	OriginatingComputer=DESKTOP-64-EDR	User=siesvc	Domain=DESKTOP-64-EDR	EventID=4103	EventIDCode=4103	EventType=4	EventCategory=106	RecordNumber=2004396	TimeGenerated=1754558709	TimeWritten=1754558709	Level=Informational	Keywords=0	Task=ExecutePipeline	Opcode=20	Message=CommandInvocation(Export-ModuleMember): ""Export-ModuleMember"""" ParameterBinding(Export-ModuleMember): name=""""Function""""; value=""""Update-MpSignature"""" ParameterBinding(Export-ModuleMember): name=""""Alias""""; value=""""*""""   Context:         Severity = Informational         Host Name = ConsoleHost         Host Version = 5.1.19041.2673         Host ID = e26040ab-c1ed-4488-b635-73e79cf74253         Host Application = powershell.exe -c Unblock-File 'C:\Users\siesvc\AppData\Local\Temp\EDF.ps1'; Import-Module 'C:\Users\siesvc\AppData\Local\Temp\EDF.ps1' <#PICUS_REWIND#>         Engine Version = 5.1.19041.2673         Runspace ID = 406b99d2-0e92-4d15-b2d6-5a9d02c4b5d6         Pipeline ID = 4         Command Name = Export-ModuleMember         Command Type = Cmdlet         Script Name =          Command Path =          Sequence Number = 68         User = DESKTOP-64-EDR\siesvc         Connected User =          Shell ID = Microsoft.PowerShell   User Data:"""
"Device=WindowsLog	AgentLogFile=Microsoft-Windows-PowerShell/Operational	PluginVersion=7.2.9.105	Source=Microsoft-Windows-PowerShell	Computer=DESKTOP-64-EDR	OriginatingComputer=DESKTOP-64-EDR	User=siesvc	Domain=DESKTOP-64-EDR	EventID=4103	EventIDCode=4103	EventType=4	EventCategory=106	RecordNumber=2004398	TimeGenerated=1754558709	TimeWritten=1754558709	Level=Informational	Keywords=0	Task=ExecutePipeline	Opcode=20	Message=CommandInvocation(Set-StrictMode): ""Set-StrictMode"""" ParameterBinding(Set-StrictMode): name=""""Off""""; value=""""True""""   Context:         Severity = Informational         Host Name = ConsoleHost         Host Version = 5.1.19041.2673         Host ID = e26040ab-c1ed-4488-b635-73e79cf74253         Host Application = powershell.exe -c Unblock-File 'C:\Users\siesvc\AppData\Local\Temp\EDF.ps1'; Import-Module 'C:\Users\siesvc\AppData\Local\Temp\EDF.ps1' <#PICUS_REWIND#>         Engine Version = 5.1.19041.2673         Runspace ID = 406b99d2-0e92-4d15-b2d6-5a9d02c4b5d6         Pipeline ID = 4         Command Name = Set-StrictMode         Command Type = Cmdlet         Script Name =          Command Path =          Sequence Number = 70         User = DESKTOP-64-EDR\siesvc         Connected User =          Shell ID = Microsoft.PowerShell   User Data:"""
"Device=WindowsLog	AgentLogFile=Microsoft-Windows-PowerShell/Operational	PluginVersion=7.2.9.105	Source=Microsoft-Windows-PowerShell	Computer=DESKTOP-64-EDR	OriginatingComputer=DESKTOP-64-EDR	User=siesvc	Domain=DESKTOP-64-EDR	EventID=4103	EventIDCode=4103	EventType=4	EventCategory=106	RecordNumber=2004395	TimeGenerated=1754558709	TimeWritten=1754558709	Level=Informational	Keywords=0	Task=ExecutePipeline	Opcode=20	Message=CommandInvocation(Export-ModuleMember): ""Export-ModuleMember"""" ParameterBinding(Export-ModuleMember): name=""""Function""""; value=""""""""   Context:         Severity = Informational         Host Name = ConsoleHost         Host Version = 5.1.19041.2673         Host ID = e26040ab-c1ed-4488-b635-73e79cf74253         Host Application = powershell.exe -c Unblock-File 'C:\Users\siesvc\AppData\Local\Temp\EDF.ps1'; Import-Module 'C:\Users\siesvc\AppData\Local\Temp\EDF.ps1' <#PICUS_REWIND#>         Engine Version = 5.1.19041.2673         Runspace ID = 406b99d2-0e92-4d15-b2d6-5a9d02c4b5d6         Pipeline ID = 4         Command Name = Export-ModuleMember         Command Type = Cmdlet         Script Name =          Command Path =          Sequence Number = 66         User = DESKTOP-64-EDR\siesvc         Connected User =          Shell ID = Microsoft.PowerShell   User Data:"""
"Device=WindowsLog	AgentLogFile=Microsoft-Windows-PowerShell/Operational	PluginVersion=7.2.9.105	Source=Microsoft-Windows-PowerShell	Computer=DESKTOP-64-EDR	OriginatingComputer=DESKTOP-64-EDR	User=siesvc	Domain=DESKTOP-64-EDR	EventID=4103	EventIDCode=4103	EventType=4	EventCategory=106	RecordNumber=2004394	TimeGenerated=1754558709	TimeWritten=1754558709	Level=Informational	Keywords=0	Task=ExecutePipeline	Opcode=20	Message=CommandInvocation(Set-StrictMode): ""Set-StrictMode"""" ParameterBinding(Set-StrictMode): name=""""Off""""; value=""""True""""   Context:         Severity = Informational         Host Name = ConsoleHost         Host Version = 5.1.19041.2673         Host ID = e26040ab-c1ed-4488-b635-73e79cf74253         Host Application = powershell.exe -c Unblock-File 'C:\Users\siesvc\AppData\Local\Temp\EDF.ps1'; Import-Module 'C:\Users\siesvc\AppData\Local\Temp\EDF.ps1' <#PICUS_REWIND#>         Engine Version = 5.1.19041.2673         Runspace ID = 406b99d2-0e92-4d15-b2d6-5a9d02c4b5d6         Pipeline ID = 4         Command Name = Set-StrictMode         Command Type = Cmdlet         Script Name =          Command Path =          Sequence Number = 64         User = DESKTOP-64-EDR\siesvc         Connected User =          Shell ID = Microsoft.PowerShell   User Data:"""
"Device=WindowsLog	AgentLogFile=Microsoft-Windows-PowerShell/Operational	PluginVersion=7.2.9.105	Source=Microsoft-Windows-PowerShell	Computer=DESKTOP-64-EDR	OriginatingComputer=DESKTOP-64-EDR	User=siesvc	Domain=DESKTOP-64-EDR	EventID=4103	EventIDCode=4103	EventType=4	EventCategory=106	RecordNumber=2004392	TimeGenerated=1754558709	TimeWritten=1754558709	Level=Informational	Keywords=0	Task=ExecutePipeline	Opcode=20	Message=CommandInvocation(Export-ModuleMember): ""Export-ModuleMember"""" ParameterBinding(Export-ModuleMember): name=""""Function""""; value=""""Start-MpScan"""" ParameterBinding(Export-ModuleMember): name=""""Alias""""; value=""""*""""   Context:         Severity = Informational         Host Name = ConsoleHost         Host Version = 5.1.19041.2673         Host ID = e26040ab-c1ed-4488-b635-73e79cf74253         Host Application = powershell.exe -c Unblock-File 'C:\Users\siesvc\AppData\Local\Temp\EDF.ps1'; Import-Module 'C:\Users\siesvc\AppData\Local\Temp\EDF.ps1' <#PICUS_REWIND#>         Engine Version = 5.1.19041.2673         Runspace ID = 406b99d2-0e92-4d15-b2d6-5a9d02c4b5d6         Pipeline ID = 4         Command Name = Export-ModuleMember         Command Type = Cmdlet         Script Name =          Command Path =          Sequence Number = 62         User = DESKTOP-64-EDR\siesvc         Connected User =          Shell ID = Microsoft.PowerShell   User Data:"""
"Device=WindowsLog	AgentLogFile=Microsoft-Windows-PowerShell/Operational	PluginVersion=7.2.9.105	Source=Microsoft-Windows-PowerShell	Computer=DESKTOP-64-EDR	OriginatingComputer=DESKTOP-64-EDR	User=siesvc	Domain=DESKTOP-64-EDR	EventID=4103	EventIDCode=4103	EventType=4	EventCategory=106	RecordNumber=2004391	TimeGenerated=1754558709	TimeWritten=1754558709	Level=Informational	Keywords=0	Task=ExecutePipeline	Opcode=20	Message=CommandInvocation(Export-ModuleMember): ""Export-ModuleMember"""" ParameterBinding(Export-ModuleMember): name=""""Function""""; value=""""""""   Context:         Severity = Informational         Host Name = ConsoleHost         Host Version = 5.1.19041.2673         Host ID = e26040ab-c1ed-4488-b635-73e79cf74253         Host Application = powershell.exe -c Unblock-File 'C:\Users\siesvc\AppData\Local\Temp\EDF.ps1'; Import-Module 'C:\Users\siesvc\AppData\Local\Temp\EDF.ps1' <#PICUS_REWIND#>         Engine Version = 5.1.19041.2673         Runspace ID = 406b99d2-0e92-4d15-b2d6-5a9d02c4b5d6         Pipeline ID = 4         Command Name = Export-ModuleMember         Command Type = Cmdlet         Script Name =          Command Path =          Sequence Number = 60         User = DESKTOP-64-EDR\siesvc         Connected User =          Shell ID = Microsoft.PowerShell   User Data:"""
"Device=WindowsLog	AgentLogFile=Microsoft-Windows-PowerShell/Operational	PluginVersion=7.2.9.105	Source=Microsoft-Windows-PowerShell	Computer=DESKTOP-64-EDR	OriginatingComputer=DESKTOP-64-EDR	User=siesvc	Domain=DESKTOP-64-EDR	EventID=4103	EventIDCode=4103	EventType=4	EventCategory=106	RecordNumber=2004390	TimeGenerated=1754558709	TimeWritten=1754558709	Level=Informational	Keywords=0	Task=ExecutePipeline	Opcode=20	Message=CommandInvocation(Set-StrictMode): ""Set-StrictMode"""" ParameterBinding(Set-StrictMode): name=""""Off""""; value=""""True""""   Context:         Severity = Informational         Host Name = ConsoleHost         Host Version = 5.1.19041.2673         Host ID = e26040ab-c1ed-4488-b635-73e79cf74253         Host Application = powershell.exe -c Unblock-File 'C:\Users\siesvc\AppData\Local\Temp\EDF.ps1'; Import-Module 'C:\Users\siesvc\AppData\Local\Temp\EDF.ps1' <#PICUS_REWIND#>         Engine Version = 5.1.19041.2673         Runspace ID = 406b99d2-0e92-4d15-b2d6-5a9d02c4b5d6         Pipeline ID = 4         Command Name = Set-StrictMode         Command Type = Cmdlet         Script Name =          Command Path =          Sequence Number = 58         User = DESKTOP-64-EDR\siesvc         Connected User =          Shell ID = Microsoft.PowerShell   User Data:"""
